ARM GAS  C:\Users\rsef899\AppData\Local\Temp\ccuE8oXs.s 			page 1


   1              		.syntax unified
   2              		.cpu cortex-m3
   3              		.fpu softvfp
   4              		.eabi_attribute 20, 1
   5              		.eabi_attribute 21, 1
   6              		.eabi_attribute 23, 3
   7              		.eabi_attribute 24, 1
   8              		.eabi_attribute 25, 1
   9              		.eabi_attribute 26, 1
  10              		.eabi_attribute 30, 6
  11              		.eabi_attribute 34, 1
  12              		.eabi_attribute 18, 4
  13              		.thumb
  14              		.syntax unified
  15              		.file	"main.c"
  16              		.text
  17              	.Ltext0:
  18              		.cfi_sections	.debug_frame
  19              		.global	ts
  20              		.bss
  21              		.type	ts, %object
  22              		.size	ts, 1
  23              	ts:
  24 0000 00       		.space	1
  25              		.global	ts_enc
  26 0001 00       		.align	1
  27              		.type	ts_enc, %object
  28              		.size	ts_enc, 2
  29              	ts_enc:
  30 0002 0000     		.space	2
  31              		.global	ts_update
  32              		.align	1
  33              		.type	ts_update, %object
  34              		.size	ts_update, 2
  35              	ts_update:
  36 0004 0000     		.space	2
  37              		.global	ts_speed
  38              		.align	1
  39              		.type	ts_speed, %object
  40              		.size	ts_speed, 2
  41              	ts_speed:
  42 0006 0000     		.space	2
  43              		.global	ts_display
  44              		.align	1
  45              		.type	ts_display, %object
  46              		.size	ts_display, 2
  47              	ts_display:
  48 0008 0000     		.space	2
  49              		.global	flag_ts_enc
  50              		.type	flag_ts_enc, %object
  51              		.size	flag_ts_enc, 1
  52              	flag_ts_enc:
  53 000a 00       		.space	1
  54              		.global	flag_ts_update
  55              		.type	flag_ts_update, %object
  56              		.size	flag_ts_update, 1
  57              	flag_ts_update:
ARM GAS  C:\Users\rsef899\AppData\Local\Temp\ccuE8oXs.s 			page 2


  58 000b 00       		.space	1
  59              		.global	flag_ts_speed
  60              		.type	flag_ts_speed, %object
  61              		.size	flag_ts_speed, 1
  62              	flag_ts_speed:
  63 000c 00       		.space	1
  64              		.global	flag_ts_display
  65              		.type	flag_ts_display, %object
  66              		.size	flag_ts_display, 1
  67              	flag_ts_display:
  68 000d 00       		.space	1
  69              		.global	flag_rx
  70              		.type	flag_rx, %object
  71              		.size	flag_rx, 1
  72              	flag_rx:
  73 000e 00       		.space	1
  74              		.global	flag_packet
  75              		.type	flag_packet, %object
  76              		.size	flag_packet, 1
  77              	flag_packet:
  78 000f 00       		.space	1
  79              		.global	flag_KB_string
  80              		.type	flag_KB_string, %object
  81              		.size	flag_KB_string, 1
  82              	flag_KB_string:
  83 0010 00       		.space	1
  84              		.global	dataready_flag
  85              		.type	dataready_flag, %object
  86              		.size	dataready_flag, 1
  87              	dataready_flag:
  88 0011 00       		.space	1
  89              		.global	flag_rf_transmission_active
  90              		.data
  91              		.type	flag_rf_transmission_active, %object
  92              		.size	flag_rf_transmission_active, 1
  93              	flag_rf_transmission_active:
  94 0000 0A       		.byte	10
  95              		.global	displaystring
  96 0001 000000   		.align	2
  97              		.type	displaystring, %object
  98              		.size	displaystring, 64
  99              	displaystring:
 100 0004 43533330 		.ascii	"CS301 2016\012\000"
 100      31203230 
 100      31360A00 
 101 0010 00000000 		.space	52
 101      00000000 
 101      00000000 
 101      00000000 
 101      00000000 
 102              		.comm	line,64,4
 103              		.comm	entry,64,4
 104              		.comm	usbBuffer,64,4
 105              		.comm	system_state,32,4
 106              		.global	printFlag
 107              		.bss
 108              		.type	printFlag, %object
ARM GAS  C:\Users\rsef899\AppData\Local\Temp\ccuE8oXs.s 			page 3


 109              		.size	printFlag, 1
 110              	printFlag:
 111 0012 00       		.space	1
 112              		.comm	buffer,2048,4
 113              		.global	bufferIndex
 114 0013 00       		.align	1
 115              		.type	bufferIndex, %object
 116              		.size	bufferIndex, 2
 117              	bufferIndex:
 118 0014 0000     		.space	2
 119              		.section	.text.ADCInterupt,"ax",%progbits
 120              		.align	2
 121              		.global	ADCInterupt
 122              		.thumb
 123              		.thumb_func
 124              		.type	ADCInterupt, %function
 125              	ADCInterupt:
 126              	.LFB64:
 127              		.file 1 "main.c"
   1:main.c        **** /* ========================================
   2:main.c        ****  * Fully working code: 
   3:main.c        ****  * PWM      : 
   4:main.c        ****  * Encoder  : 
   5:main.c        ****  * ADC      :
   6:main.c        ****  * USB      : port displays speed and position.
   7:main.c        ****  * CMD: "PW xx"
   8:main.c        ****  * Copyright Univ of Auckland, 2016
   9:main.c        ****  * All Rights Reserved
  10:main.c        ****  * UNPUBLISHED, LICENSED SOFTWARE.
  11:main.c        ****  *
  12:main.c        ****  * CONFIDENTIAL AND PROPRIETARY INFORMATION
  13:main.c        ****  * WHICH IS THE PROPERTY OF Univ of Auckland.
  14:main.c        ****  *
  15:main.c        ****  * ========================================
  16:main.c        **** */
  17:main.c        **** #include <stdio.h>
  18:main.c        **** #include <string.h>
  19:main.c        **** #include <stdlib.h>
  20:main.c        **** #include <project.h>
  21:main.c        **** //* ========================================
  22:main.c        **** #include "defines.h"
  23:main.c        **** #include "vars.h"
  24:main.c        **** //* ========================================
  25:main.c        **** void usbPutString(char *s);
  26:main.c        **** void usbPutChar(char c);
  27:main.c        **** void handle_usb();
  28:main.c        **** //* ========================================
  29:main.c        **** void changeDutyCycle(char* dutyValue);
  30:main.c        **** 
  31:main.c        **** volatile uint8_t printFlag = 0;
  32:main.c        **** volatile uint16_t buffer[1024];
  33:main.c        **** volatile uint16_t bufferIndex = 0;
  34:main.c        **** 
  35:main.c        **** //define teh TImer Interuprt
  36:main.c        **** CY_ISR(ADCInterupt){
 128              		.loc 1 36 0
 129              		.cfi_startproc
ARM GAS  C:\Users\rsef899\AppData\Local\Temp\ccuE8oXs.s 			page 4


 130              		@ args = 0, pretend = 0, frame = 8
 131              		@ frame_needed = 1, uses_anonymous_args = 0
 132 0000 90B5     		push	{r4, r7, lr}
 133              		.cfi_def_cfa_offset 12
 134              		.cfi_offset 4, -12
 135              		.cfi_offset 7, -8
 136              		.cfi_offset 14, -4
 137 0002 83B0     		sub	sp, sp, #12
 138              		.cfi_def_cfa_offset 24
 139 0004 00AF     		add	r7, sp, #0
 140              		.cfi_def_cfa_register 7
  37:main.c        ****     if(printFlag == 1) return;
 141              		.loc 1 37 0
 142 0006 164B     		ldr	r3, .L5
 143 0008 1B78     		ldrb	r3, [r3]
 144 000a DBB2     		uxtb	r3, r3
 145 000c 012B     		cmp	r3, #1
 146 000e 23D0     		beq	.L4
  38:main.c        ****     uint16_t ADCReturn = ADC_GetResult16((uint16_t)0);  
 147              		.loc 1 38 0
 148 0010 0020     		movs	r0, #0
 149 0012 FFF7FEFF 		bl	ADC_GetResult16
 150 0016 0346     		mov	r3, r0
 151 0018 FB80     		strh	r3, [r7, #6]	@ movhi
  39:main.c        ****     buffer[bufferIndex++] = ADC_CountsTo_mVolts(ADCReturn);
 152              		.loc 1 39 0
 153 001a 124B     		ldr	r3, .L5+4
 154 001c 1B88     		ldrh	r3, [r3]	@ movhi
 155 001e 9BB2     		uxth	r3, r3
 156 0020 5A1C     		adds	r2, r3, #1
 157 0022 91B2     		uxth	r1, r2
 158 0024 0F4A     		ldr	r2, .L5+4
 159 0026 1180     		strh	r1, [r2]	@ movhi
 160 0028 1C46     		mov	r4, r3
 161 002a B7F90630 		ldrsh	r3, [r7, #6]
 162 002e 1846     		mov	r0, r3
 163 0030 FFF7FEFF 		bl	ADC_CountsTo_mVolts
 164 0034 0346     		mov	r3, r0
 165 0036 9AB2     		uxth	r2, r3
 166 0038 0B4B     		ldr	r3, .L5+8
 167 003a 23F81420 		strh	r2, [r3, r4, lsl #1]	@ movhi
  40:main.c        ****     if(bufferIndex == 1024) {
 168              		.loc 1 40 0
 169 003e 094B     		ldr	r3, .L5+4
 170 0040 1B88     		ldrh	r3, [r3]	@ movhi
 171 0042 9BB2     		uxth	r3, r3
 172 0044 B3F5806F 		cmp	r3, #1024
 173 0048 07D1     		bne	.L1
  41:main.c        ****         printFlag = 1;
 174              		.loc 1 41 0
 175 004a 054B     		ldr	r3, .L5
 176 004c 0122     		movs	r2, #1
 177 004e 1A70     		strb	r2, [r3]
  42:main.c        ****         bufferIndex = 0;
 178              		.loc 1 42 0
 179 0050 044B     		ldr	r3, .L5+4
 180 0052 0022     		movs	r2, #0
ARM GAS  C:\Users\rsef899\AppData\Local\Temp\ccuE8oXs.s 			page 5


 181 0054 1A80     		strh	r2, [r3]	@ movhi
 182 0056 00E0     		b	.L1
 183              	.L4:
  37:main.c        ****     uint16_t ADCReturn = ADC_GetResult16((uint16_t)0);  
 184              		.loc 1 37 0
 185 0058 00BF     		nop
 186              	.L1:
  43:main.c        ****     }
  44:main.c        **** }
 187              		.loc 1 44 0
 188 005a 0C37     		adds	r7, r7, #12
 189              		.cfi_def_cfa_offset 12
 190 005c BD46     		mov	sp, r7
 191              		.cfi_def_cfa_register 13
 192              		@ sp needed
 193 005e 90BD     		pop	{r4, r7, pc}
 194              	.L6:
 195              		.align	2
 196              	.L5:
 197 0060 00000000 		.word	printFlag
 198 0064 00000000 		.word	bufferIndex
 199 0068 00000000 		.word	buffer
 200              		.cfi_endproc
 201              	.LFE64:
 202              		.size	ADCInterupt, .-ADCInterupt
 203              		.section	.rodata
 204              		.align	2
 205              	.LC0:
 206 0000 2A2D2D2D 		.ascii	"*--- ROBERT IS GAY ----*\000"
 206      20524F42 
 206      45525420 
 206      49532047 
 206      4159202D 
 207 0019 000000   		.align	2
 208              	.LC1:
 209 001c 2C2000   		.ascii	", \000"
 210 001f 00       		.align	2
 211              	.LC2:
 212 0020 0D0A00   		.ascii	"\015\012\000"
 213              		.section	.text.main,"ax",%progbits
 214              		.align	2
 215              		.global	main
 216              		.thumb
 217              		.thumb_func
 218              		.type	main, %function
 219              	main:
 220              	.LFB65:
  45:main.c        **** 
  46:main.c        **** 
  47:main.c        **** int main(){
 221              		.loc 1 47 0
 222              		.cfi_startproc
 223              		@ args = 0, pretend = 0, frame = 8
 224              		@ frame_needed = 1, uses_anonymous_args = 0
 225 0000 80B5     		push	{r7, lr}
 226              		.cfi_def_cfa_offset 8
 227              		.cfi_offset 7, -8
ARM GAS  C:\Users\rsef899\AppData\Local\Temp\ccuE8oXs.s 			page 6


 228              		.cfi_offset 14, -4
 229 0002 82B0     		sub	sp, sp, #8
 230              		.cfi_def_cfa_offset 16
 231 0004 00AF     		add	r7, sp, #0
 232              		.cfi_def_cfa_register 7
  48:main.c        ****     
  49:main.c        **** 
  50:main.c        **** // --------------------------------    
  51:main.c        **** // ----- INITIALIZATIONS ----------
  52:main.c        ****     CYGlobalIntEnable;
 233              		.loc 1 52 0
 234              		.syntax unified
 235              	@ 52 "main.c" 1
 236 0006 62B6     		CPSIE   i
 237              	@ 0 "" 2
  53:main.c        **** 
  54:main.c        ****     USBUART_Start(0,USBUART_5V_OPERATION);
 238              		.loc 1 54 0
 239              		.thumb
 240              		.syntax unified
 241 0008 0121     		movs	r1, #1
 242 000a 0020     		movs	r0, #0
 243 000c FFF7FEFF 		bl	USBUART_Start
  55:main.c        ****     //Default message to see if terminal connection is working
  56:main.c        ****     usbPutString("*--- ROBERT IS GAY ----*");
 244              		.loc 1 56 0
 245 0010 1948     		ldr	r0, .L12
 246 0012 FFF7FEFF 		bl	usbPutString
  57:main.c        ****     
  58:main.c        ****     //Start the timer and initialise its interupt
  59:main.c        ****     Timer_TS_Start();
 247              		.loc 1 59 0
 248 0016 FFF7FEFF 		bl	Timer_TS_Start
  60:main.c        ****     //initialise the ADC timer
  61:main.c        ****     isr_eoc_StartEx(ADCInterupt);
 249              		.loc 1 61 0
 250 001a 1848     		ldr	r0, .L12+4
 251 001c FFF7FEFF 		bl	isr_eoc_StartEx
  62:main.c        ****     
  63:main.c        ****     ADC_Start();
 252              		.loc 1 63 0
 253 0020 FFF7FEFF 		bl	ADC_Start
 254              	.L11:
  64:main.c        ****     
  65:main.c        ****     for(;;)
  66:main.c        ****     {
  67:main.c        ****         
  68:main.c        ****         if (printFlag == 1){
 255              		.loc 1 68 0
 256 0024 164B     		ldr	r3, .L12+8
 257 0026 1B78     		ldrb	r3, [r3]
 258 0028 DBB2     		uxtb	r3, r3
 259 002a 012B     		cmp	r3, #1
 260 002c FAD1     		bne	.L11
 261              	.LBB2:
  69:main.c        ****             for(uint16_t i = 0; i < 1024; i++) {
 262              		.loc 1 69 0
ARM GAS  C:\Users\rsef899\AppData\Local\Temp\ccuE8oXs.s 			page 7


 263 002e 0023     		movs	r3, #0
 264 0030 FB80     		strh	r3, [r7, #6]	@ movhi
 265 0032 16E0     		b	.L9
 266              	.L10:
 267              	.LBB3:
  70:main.c        ****                 char numBuffer[6];
  71:main.c        ****                 itoa(buffer[i], numBuffer, 10);
 268              		.loc 1 71 0 discriminator 3
 269 0034 FB88     		ldrh	r3, [r7, #6]
 270 0036 134A     		ldr	r2, .L12+12
 271 0038 32F81330 		ldrh	r3, [r2, r3, lsl #1]	@ movhi
 272 003c 9BB2     		uxth	r3, r3
 273 003e 1846     		mov	r0, r3
 274 0040 3B46     		mov	r3, r7
 275 0042 0A22     		movs	r2, #10
 276 0044 1946     		mov	r1, r3
 277 0046 FFF7FEFF 		bl	itoa
  72:main.c        ****                 numBuffer[5] = '\0';
 278              		.loc 1 72 0 discriminator 3
 279 004a 0023     		movs	r3, #0
 280 004c 7B71     		strb	r3, [r7, #5]
  73:main.c        ****                 usbPutString(numBuffer);
 281              		.loc 1 73 0 discriminator 3
 282 004e 3B46     		mov	r3, r7
 283 0050 1846     		mov	r0, r3
 284 0052 FFF7FEFF 		bl	usbPutString
  74:main.c        ****                 usbPutString(", ");
 285              		.loc 1 74 0 discriminator 3
 286 0056 0C48     		ldr	r0, .L12+16
 287 0058 FFF7FEFF 		bl	usbPutString
 288              	.LBE3:
  69:main.c        ****                 char numBuffer[6];
 289              		.loc 1 69 0 discriminator 3
 290 005c FB88     		ldrh	r3, [r7, #6]
 291 005e 0133     		adds	r3, r3, #1
 292 0060 FB80     		strh	r3, [r7, #6]	@ movhi
 293              	.L9:
  69:main.c        ****                 char numBuffer[6];
 294              		.loc 1 69 0 is_stmt 0 discriminator 1
 295 0062 FB88     		ldrh	r3, [r7, #6]
 296 0064 B3F5806F 		cmp	r3, #1024
 297 0068 E4D3     		bcc	.L10
 298              	.LBE2:
  75:main.c        ****             }
  76:main.c        ****             usbPutString("\r\n");
 299              		.loc 1 76 0 is_stmt 1
 300 006a 0848     		ldr	r0, .L12+20
 301 006c FFF7FEFF 		bl	usbPutString
  77:main.c        ****             printFlag = 0;
 302              		.loc 1 77 0
 303 0070 034B     		ldr	r3, .L12+8
 304 0072 0022     		movs	r2, #0
 305 0074 1A70     		strb	r2, [r3]
  78:main.c        ****         }
  79:main.c        ****         
  80:main.c        ****         
  81:main.c        ****          
ARM GAS  C:\Users\rsef899\AppData\Local\Temp\ccuE8oXs.s 			page 8


  82:main.c        ****     }  
 306              		.loc 1 82 0
 307 0076 D5E7     		b	.L11
 308              	.L13:
 309              		.align	2
 310              	.L12:
 311 0078 00000000 		.word	.LC0
 312 007c 00000000 		.word	ADCInterupt
 313 0080 00000000 		.word	printFlag
 314 0084 00000000 		.word	buffer
 315 0088 1C000000 		.word	.LC1
 316 008c 20000000 		.word	.LC2
 317              		.cfi_endproc
 318              	.LFE65:
 319              		.size	main, .-main
 320              		.section	.text.usbPutString,"ax",%progbits
 321              		.align	2
 322              		.global	usbPutString
 323              		.thumb
 324              		.thumb_func
 325              		.type	usbPutString, %function
 326              	usbPutString:
 327              	.LFB66:
  83:main.c        **** }//End main
  84:main.c        **** 
  85:main.c        **** //* ========================================
  86:main.c        **** void usbPutString(char *s)
  87:main.c        **** {
 328              		.loc 1 87 0
 329              		.cfi_startproc
 330              		@ args = 0, pretend = 0, frame = 8
 331              		@ frame_needed = 1, uses_anonymous_args = 0
 332 0000 80B5     		push	{r7, lr}
 333              		.cfi_def_cfa_offset 8
 334              		.cfi_offset 7, -8
 335              		.cfi_offset 14, -4
 336 0002 82B0     		sub	sp, sp, #8
 337              		.cfi_def_cfa_offset 16
 338 0004 00AF     		add	r7, sp, #0
 339              		.cfi_def_cfa_register 7
 340 0006 7860     		str	r0, [r7, #4]
  88:main.c        **** // !! Assumes that *s is a string with allocated space >=64 chars     
  89:main.c        **** //  Since USB implementation retricts data packets to 64 chars, this function truncates the
  90:main.c        **** //  length to 62 char (63rd char is a '!')
  91:main.c        **** 
  92:main.c        **** #ifdef USE_USB     
  93:main.c        ****     while (USBUART_CDCIsReady() == 0);
 341              		.loc 1 93 0
 342 0008 00BF     		nop
 343              	.L15:
 344              		.loc 1 93 0 is_stmt 0 discriminator 1
 345 000a FFF7FEFF 		bl	USBUART_CDCIsReady
 346 000e 0346     		mov	r3, r0
 347 0010 002B     		cmp	r3, #0
 348 0012 FAD0     		beq	.L15
  94:main.c        ****     s[63]='\0';
 349              		.loc 1 94 0 is_stmt 1
ARM GAS  C:\Users\rsef899\AppData\Local\Temp\ccuE8oXs.s 			page 9


 350 0014 7B68     		ldr	r3, [r7, #4]
 351 0016 3F33     		adds	r3, r3, #63
 352 0018 0022     		movs	r2, #0
 353 001a 1A70     		strb	r2, [r3]
  95:main.c        ****     s[62]='!';
 354              		.loc 1 95 0
 355 001c 7B68     		ldr	r3, [r7, #4]
 356 001e 3E33     		adds	r3, r3, #62
 357 0020 2122     		movs	r2, #33
 358 0022 1A70     		strb	r2, [r3]
  96:main.c        ****     USBUART_PutData((uint8*)s,strlen(s));
 359              		.loc 1 96 0
 360 0024 7868     		ldr	r0, [r7, #4]
 361 0026 FFF7FEFF 		bl	strlen
 362 002a 0346     		mov	r3, r0
 363 002c 9BB2     		uxth	r3, r3
 364 002e 1946     		mov	r1, r3
 365 0030 7868     		ldr	r0, [r7, #4]
 366 0032 FFF7FEFF 		bl	USBUART_PutData
  97:main.c        **** #endif
  98:main.c        **** }
 367              		.loc 1 98 0
 368 0036 00BF     		nop
 369 0038 0837     		adds	r7, r7, #8
 370              		.cfi_def_cfa_offset 8
 371 003a BD46     		mov	sp, r7
 372              		.cfi_def_cfa_register 13
 373              		@ sp needed
 374 003c 80BD     		pop	{r7, pc}
 375              		.cfi_endproc
 376              	.LFE66:
 377              		.size	usbPutString, .-usbPutString
 378 003e 00BF     		.section	.text.usbPutChar,"ax",%progbits
 379              		.align	2
 380              		.global	usbPutChar
 381              		.thumb
 382              		.thumb_func
 383              		.type	usbPutChar, %function
 384              	usbPutChar:
 385              	.LFB67:
  99:main.c        **** //* ========================================
 100:main.c        **** void usbPutChar(char c)
 101:main.c        **** {
 386              		.loc 1 101 0
 387              		.cfi_startproc
 388              		@ args = 0, pretend = 0, frame = 8
 389              		@ frame_needed = 1, uses_anonymous_args = 0
 390 0000 80B5     		push	{r7, lr}
 391              		.cfi_def_cfa_offset 8
 392              		.cfi_offset 7, -8
 393              		.cfi_offset 14, -4
 394 0002 82B0     		sub	sp, sp, #8
 395              		.cfi_def_cfa_offset 16
 396 0004 00AF     		add	r7, sp, #0
 397              		.cfi_def_cfa_register 7
 398 0006 0346     		mov	r3, r0
 399 0008 FB71     		strb	r3, [r7, #7]
ARM GAS  C:\Users\rsef899\AppData\Local\Temp\ccuE8oXs.s 			page 10


 102:main.c        **** #ifdef USE_USB     
 103:main.c        ****     while (USBUART_CDCIsReady() == 0);
 400              		.loc 1 103 0
 401 000a 00BF     		nop
 402              	.L17:
 403              		.loc 1 103 0 is_stmt 0 discriminator 1
 404 000c FFF7FEFF 		bl	USBUART_CDCIsReady
 405 0010 0346     		mov	r3, r0
 406 0012 002B     		cmp	r3, #0
 407 0014 FAD0     		beq	.L17
 104:main.c        ****     USBUART_PutChar(c);
 408              		.loc 1 104 0 is_stmt 1
 409 0016 FB79     		ldrb	r3, [r7, #7]	@ zero_extendqisi2
 410 0018 1846     		mov	r0, r3
 411 001a FFF7FEFF 		bl	USBUART_PutChar
 105:main.c        **** #endif    
 106:main.c        **** }
 412              		.loc 1 106 0
 413 001e 00BF     		nop
 414 0020 0837     		adds	r7, r7, #8
 415              		.cfi_def_cfa_offset 8
 416 0022 BD46     		mov	sp, r7
 417              		.cfi_def_cfa_register 13
 418              		@ sp needed
 419 0024 80BD     		pop	{r7, pc}
 420              		.cfi_endproc
 421              	.LFE67:
 422              		.size	usbPutChar, .-usbPutChar
 423 0026 00BF     		.text
 424              	.Letext0:
 425              		.file 2 "c:\\program files (x86)\\cypress\\psoc creator\\4.2\\psoc creator\\import\\gnu\\arm\\5.4.
 426              		.file 3 "c:\\program files (x86)\\cypress\\psoc creator\\4.2\\psoc creator\\import\\gnu\\arm\\5.4.
 427              		.file 4 "Generated_Source\\PSoC5/cytypes.h"
 428              		.file 5 "vars.h"
 429              		.file 6 "Generated_Source\\PSoC5/core_cm3.h"
 430              		.section	.debug_info,"",%progbits
 431              	.Ldebug_info0:
 432 0000 62040000 		.4byte	0x462
 433 0004 0400     		.2byte	0x4
 434 0006 00000000 		.4byte	.Ldebug_abbrev0
 435 000a 04       		.byte	0x4
 436 000b 01       		.uleb128 0x1
 437 000c 6D000000 		.4byte	.LASF69
 438 0010 0C       		.byte	0xc
 439 0011 10030000 		.4byte	.LASF70
 440 0015 DD010000 		.4byte	.LASF71
 441 0019 00000000 		.4byte	.Ldebug_ranges0+0
 442 001d 00000000 		.4byte	0
 443 0021 00000000 		.4byte	.Ldebug_line0
 444 0025 02       		.uleb128 0x2
 445 0026 01       		.byte	0x1
 446 0027 06       		.byte	0x6
 447 0028 45020000 		.4byte	.LASF0
 448 002c 03       		.uleb128 0x3
 449 002d 9B010000 		.4byte	.LASF3
 450 0031 02       		.byte	0x2
 451 0032 1D       		.byte	0x1d
ARM GAS  C:\Users\rsef899\AppData\Local\Temp\ccuE8oXs.s 			page 11


 452 0033 37000000 		.4byte	0x37
 453 0037 02       		.uleb128 0x2
 454 0038 01       		.byte	0x1
 455 0039 08       		.byte	0x8
 456 003a CF010000 		.4byte	.LASF1
 457 003e 02       		.uleb128 0x2
 458 003f 02       		.byte	0x2
 459 0040 05       		.byte	0x5
 460 0041 37000000 		.4byte	.LASF2
 461 0045 03       		.uleb128 0x3
 462 0046 00010000 		.4byte	.LASF4
 463 004a 02       		.byte	0x2
 464 004b 2B       		.byte	0x2b
 465 004c 50000000 		.4byte	0x50
 466 0050 02       		.uleb128 0x2
 467 0051 02       		.byte	0x2
 468 0052 07       		.byte	0x7
 469 0053 A8020000 		.4byte	.LASF5
 470 0057 03       		.uleb128 0x3
 471 0058 52030000 		.4byte	.LASF6
 472 005c 02       		.byte	0x2
 473 005d 3F       		.byte	0x3f
 474 005e 62000000 		.4byte	0x62
 475 0062 02       		.uleb128 0x2
 476 0063 04       		.byte	0x4
 477 0064 05       		.byte	0x5
 478 0065 92010000 		.4byte	.LASF7
 479 0069 02       		.uleb128 0x2
 480 006a 04       		.byte	0x4
 481 006b 07       		.byte	0x7
 482 006c 17030000 		.4byte	.LASF8
 483 0070 02       		.uleb128 0x2
 484 0071 08       		.byte	0x8
 485 0072 05       		.byte	0x5
 486 0073 46010000 		.4byte	.LASF9
 487 0077 02       		.uleb128 0x2
 488 0078 08       		.byte	0x8
 489 0079 07       		.byte	0x7
 490 007a 51020000 		.4byte	.LASF10
 491 007e 04       		.uleb128 0x4
 492 007f 04       		.byte	0x4
 493 0080 05       		.byte	0x5
 494 0081 696E7400 		.ascii	"int\000"
 495 0085 02       		.uleb128 0x2
 496 0086 04       		.byte	0x4
 497 0087 07       		.byte	0x7
 498 0088 68020000 		.4byte	.LASF11
 499 008c 02       		.uleb128 0x2
 500 008d 08       		.byte	0x8
 501 008e 04       		.byte	0x4
 502 008f BD010000 		.4byte	.LASF12
 503 0093 02       		.uleb128 0x2
 504 0094 04       		.byte	0x4
 505 0095 07       		.byte	0x7
 506 0096 4E000000 		.4byte	.LASF13
 507 009a 05       		.uleb128 0x5
 508 009b 04       		.byte	0x4
ARM GAS  C:\Users\rsef899\AppData\Local\Temp\ccuE8oXs.s 			page 12


 509 009c A0000000 		.4byte	0xa0
 510 00a0 02       		.uleb128 0x2
 511 00a1 01       		.byte	0x1
 512 00a2 08       		.byte	0x8
 513 00a3 C5020000 		.4byte	.LASF14
 514 00a7 03       		.uleb128 0x3
 515 00a8 5C030000 		.4byte	.LASF15
 516 00ac 03       		.byte	0x3
 517 00ad 18       		.byte	0x18
 518 00ae 2C000000 		.4byte	0x2c
 519 00b2 03       		.uleb128 0x3
 520 00b3 7F020000 		.4byte	.LASF16
 521 00b7 03       		.byte	0x3
 522 00b8 24       		.byte	0x24
 523 00b9 45000000 		.4byte	0x45
 524 00bd 03       		.uleb128 0x3
 525 00be D5020000 		.4byte	.LASF17
 526 00c2 03       		.byte	0x3
 527 00c3 2C       		.byte	0x2c
 528 00c4 57000000 		.4byte	0x57
 529 00c8 06       		.uleb128 0x6
 530 00c9 28010000 		.4byte	.LASF18
 531 00cd 04       		.byte	0x4
 532 00ce E701     		.2byte	0x1e7
 533 00d0 37000000 		.4byte	0x37
 534 00d4 06       		.uleb128 0x6
 535 00d5 0B010000 		.4byte	.LASF19
 536 00d9 04       		.byte	0x4
 537 00da E801     		.2byte	0x1e8
 538 00dc 50000000 		.4byte	0x50
 539 00e0 06       		.uleb128 0x6
 540 00e1 61010000 		.4byte	.LASF20
 541 00e5 04       		.byte	0x4
 542 00e6 EA01     		.2byte	0x1ea
 543 00e8 25000000 		.4byte	0x25
 544 00ec 06       		.uleb128 0x6
 545 00ed 22010000 		.4byte	.LASF21
 546 00f1 04       		.byte	0x4
 547 00f2 EB01     		.2byte	0x1eb
 548 00f4 3E000000 		.4byte	0x3e
 549 00f8 02       		.uleb128 0x2
 550 00f9 04       		.byte	0x4
 551 00fa 04       		.byte	0x4
 552 00fb 40010000 		.4byte	.LASF22
 553 00ff 02       		.uleb128 0x2
 554 0100 08       		.byte	0x8
 555 0101 04       		.byte	0x4
 556 0102 29030000 		.4byte	.LASF23
 557 0106 07       		.uleb128 0x7
 558 0107 A7000000 		.4byte	0xa7
 559 010b 07       		.uleb128 0x7
 560 010c B2000000 		.4byte	0xb2
 561 0110 08       		.uleb128 0x8
 562 0111 BB020000 		.4byte	.LASF72
 563 0115 20       		.byte	0x20
 564 0116 05       		.byte	0x5
 565 0117 29       		.byte	0x29
ARM GAS  C:\Users\rsef899\AppData\Local\Temp\ccuE8oXs.s 			page 13


 566 0118 E9010000 		.4byte	0x1e9
 567 011c 09       		.uleb128 0x9
 568 011d BB030000 		.4byte	.LASF24
 569 0121 05       		.byte	0x5
 570 0122 2A       		.byte	0x2a
 571 0123 E0000000 		.4byte	0xe0
 572 0127 00       		.byte	0
 573 0128 09       		.uleb128 0x9
 574 0129 1C010000 		.4byte	.LASF25
 575 012d 05       		.byte	0x5
 576 012e 2B       		.byte	0x2b
 577 012f C8000000 		.4byte	0xc8
 578 0133 01       		.byte	0x1
 579 0134 09       		.uleb128 0x9
 580 0135 CA020000 		.4byte	.LASF26
 581 0139 05       		.byte	0x5
 582 013a 2C       		.byte	0x2c
 583 013b EC000000 		.4byte	0xec
 584 013f 02       		.byte	0x2
 585 0140 09       		.uleb128 0x9
 586 0141 A6030000 		.4byte	.LASF27
 587 0145 05       		.byte	0x5
 588 0146 2D       		.byte	0x2d
 589 0147 EC000000 		.4byte	0xec
 590 014b 04       		.byte	0x4
 591 014c 09       		.uleb128 0x9
 592 014d C0030000 		.4byte	.LASF28
 593 0151 05       		.byte	0x5
 594 0152 2E       		.byte	0x2e
 595 0153 EC000000 		.4byte	0xec
 596 0157 06       		.byte	0x6
 597 0158 09       		.uleb128 0x9
 598 0159 8A010000 		.4byte	.LASF29
 599 015d 05       		.byte	0x5
 600 015e 2F       		.byte	0x2f
 601 015f EC000000 		.4byte	0xec
 602 0163 08       		.byte	0x8
 603 0164 09       		.uleb128 0x9
 604 0165 64030000 		.4byte	.LASF30
 605 0169 05       		.byte	0x5
 606 016a 30       		.byte	0x30
 607 016b EC000000 		.4byte	0xec
 608 016f 0A       		.byte	0xa
 609 0170 09       		.uleb128 0x9
 610 0171 2D020000 		.4byte	.LASF31
 611 0175 05       		.byte	0x5
 612 0176 31       		.byte	0x31
 613 0177 EC000000 		.4byte	0xec
 614 017b 0C       		.byte	0xc
 615 017c 09       		.uleb128 0x9
 616 017d 7D010000 		.4byte	.LASF32
 617 0181 05       		.byte	0x5
 618 0182 32       		.byte	0x32
 619 0183 EC000000 		.4byte	0xec
 620 0187 0E       		.byte	0xe
 621 0188 09       		.uleb128 0x9
 622 0189 A0020000 		.4byte	.LASF33
ARM GAS  C:\Users\rsef899\AppData\Local\Temp\ccuE8oXs.s 			page 14


 623 018d 05       		.byte	0x5
 624 018e 33       		.byte	0x33
 625 018f EC000000 		.4byte	0xec
 626 0193 10       		.byte	0x10
 627 0194 09       		.uleb128 0x9
 628 0195 DD020000 		.4byte	.LASF34
 629 0199 05       		.byte	0x5
 630 019a 34       		.byte	0x34
 631 019b EC000000 		.4byte	0xec
 632 019f 12       		.byte	0x12
 633 01a0 09       		.uleb128 0x9
 634 01a1 F2020000 		.4byte	.LASF35
 635 01a5 05       		.byte	0x5
 636 01a6 35       		.byte	0x35
 637 01a7 EC000000 		.4byte	0xec
 638 01ab 14       		.byte	0x14
 639 01ac 09       		.uleb128 0x9
 640 01ad 2E010000 		.4byte	.LASF36
 641 01b1 05       		.byte	0x5
 642 01b2 36       		.byte	0x36
 643 01b3 EC000000 		.4byte	0xec
 644 01b7 16       		.byte	0x16
 645 01b8 09       		.uleb128 0x9
 646 01b9 2F000000 		.4byte	.LASF37
 647 01bd 05       		.byte	0x5
 648 01be 37       		.byte	0x37
 649 01bf EC000000 		.4byte	0xec
 650 01c3 18       		.byte	0x18
 651 01c4 09       		.uleb128 0x9
 652 01c5 75010000 		.4byte	.LASF38
 653 01c9 05       		.byte	0x5
 654 01ca 38       		.byte	0x38
 655 01cb EC000000 		.4byte	0xec
 656 01cf 1A       		.byte	0x1a
 657 01d0 09       		.uleb128 0x9
 658 01d1 88020000 		.4byte	.LASF39
 659 01d5 05       		.byte	0x5
 660 01d6 39       		.byte	0x39
 661 01d7 EC000000 		.4byte	0xec
 662 01db 1C       		.byte	0x1c
 663 01dc 09       		.uleb128 0x9
 664 01dd E5020000 		.4byte	.LASF40
 665 01e1 05       		.byte	0x5
 666 01e2 3A       		.byte	0x3a
 667 01e3 EC000000 		.4byte	0xec
 668 01e7 1E       		.byte	0x1e
 669 01e8 00       		.byte	0
 670 01e9 0A       		.uleb128 0xa
 671 01ea 57000000 		.4byte	.LASF41
 672 01ee 01       		.byte	0x1
 673 01ef 24       		.byte	0x24
 674 01f0 00000000 		.4byte	.LFB64
 675 01f4 6C000000 		.4byte	.LFE64-.LFB64
 676 01f8 01       		.uleb128 0x1
 677 01f9 9C       		.byte	0x9c
 678 01fa 0D020000 		.4byte	0x20d
 679 01fe 0B       		.uleb128 0xb
ARM GAS  C:\Users\rsef899\AppData\Local\Temp\ccuE8oXs.s 			page 15


 680 01ff B1030000 		.4byte	.LASF43
 681 0203 01       		.byte	0x1
 682 0204 26       		.byte	0x26
 683 0205 B2000000 		.4byte	0xb2
 684 0209 02       		.uleb128 0x2
 685 020a 91       		.byte	0x91
 686 020b 6E       		.sleb128 -18
 687 020c 00       		.byte	0
 688 020d 0C       		.uleb128 0xc
 689 020e FB000000 		.4byte	.LASF42
 690 0212 01       		.byte	0x1
 691 0213 2F       		.byte	0x2f
 692 0214 7E000000 		.4byte	0x7e
 693 0218 00000000 		.4byte	.LFB65
 694 021c 90000000 		.4byte	.LFE65-.LFB65
 695 0220 01       		.uleb128 0x1
 696 0221 9C       		.byte	0x9c
 697 0222 55020000 		.4byte	0x255
 698 0226 0D       		.uleb128 0xd
 699 0227 2E000000 		.4byte	.LBB2
 700 022b 3C000000 		.4byte	.LBE2-.LBB2
 701 022f 0E       		.uleb128 0xe
 702 0230 6900     		.ascii	"i\000"
 703 0232 01       		.byte	0x1
 704 0233 45       		.byte	0x45
 705 0234 B2000000 		.4byte	0xb2
 706 0238 02       		.uleb128 0x2
 707 0239 91       		.byte	0x91
 708 023a 76       		.sleb128 -10
 709 023b 0D       		.uleb128 0xd
 710 023c 34000000 		.4byte	.LBB3
 711 0240 28000000 		.4byte	.LBE3-.LBB3
 712 0244 0B       		.uleb128 0xb
 713 0245 0B000000 		.4byte	.LASF44
 714 0249 01       		.byte	0x1
 715 024a 46       		.byte	0x46
 716 024b 55020000 		.4byte	0x255
 717 024f 02       		.uleb128 0x2
 718 0250 91       		.byte	0x91
 719 0251 70       		.sleb128 -16
 720 0252 00       		.byte	0
 721 0253 00       		.byte	0
 722 0254 00       		.byte	0
 723 0255 0F       		.uleb128 0xf
 724 0256 A0000000 		.4byte	0xa0
 725 025a 65020000 		.4byte	0x265
 726 025e 10       		.uleb128 0x10
 727 025f 93000000 		.4byte	0x93
 728 0263 05       		.byte	0x5
 729 0264 00       		.byte	0
 730 0265 0A       		.uleb128 0xa
 731 0266 54010000 		.4byte	.LASF45
 732 026a 01       		.byte	0x1
 733 026b 56       		.byte	0x56
 734 026c 00000000 		.4byte	.LFB66
 735 0270 3E000000 		.4byte	.LFE66-.LFB66
 736 0274 01       		.uleb128 0x1
ARM GAS  C:\Users\rsef899\AppData\Local\Temp\ccuE8oXs.s 			page 16


 737 0275 9C       		.byte	0x9c
 738 0276 87020000 		.4byte	0x287
 739 027a 11       		.uleb128 0x11
 740 027b 7300     		.ascii	"s\000"
 741 027d 01       		.byte	0x1
 742 027e 56       		.byte	0x56
 743 027f 9A000000 		.4byte	0x9a
 744 0283 02       		.uleb128 0x2
 745 0284 91       		.byte	0x91
 746 0285 74       		.sleb128 -12
 747 0286 00       		.byte	0
 748 0287 0A       		.uleb128 0xa
 749 0288 00000000 		.4byte	.LASF46
 750 028c 01       		.byte	0x1
 751 028d 64       		.byte	0x64
 752 028e 00000000 		.4byte	.LFB67
 753 0292 26000000 		.4byte	.LFE67-.LFB67
 754 0296 01       		.uleb128 0x1
 755 0297 9C       		.byte	0x9c
 756 0298 A9020000 		.4byte	0x2a9
 757 029c 11       		.uleb128 0x11
 758 029d 6300     		.ascii	"c\000"
 759 029f 01       		.byte	0x1
 760 02a0 64       		.byte	0x64
 761 02a1 A0000000 		.4byte	0xa0
 762 02a5 02       		.uleb128 0x2
 763 02a6 91       		.byte	0x91
 764 02a7 77       		.sleb128 -9
 765 02a8 00       		.byte	0
 766 02a9 12       		.uleb128 0x12
 767 02aa 30030000 		.4byte	.LASF47
 768 02ae 06       		.byte	0x6
 769 02af 1207     		.2byte	0x712
 770 02b1 B5020000 		.4byte	0x2b5
 771 02b5 07       		.uleb128 0x7
 772 02b6 BD000000 		.4byte	0xbd
 773 02ba 13       		.uleb128 0x13
 774 02bb 747300   		.ascii	"ts\000"
 775 02be 05       		.byte	0x5
 776 02bf 10       		.byte	0x10
 777 02c0 C8000000 		.4byte	0xc8
 778 02c4 05       		.uleb128 0x5
 779 02c5 03       		.byte	0x3
 780 02c6 00000000 		.4byte	ts
 781 02ca 14       		.uleb128 0x14
 782 02cb 77030000 		.4byte	.LASF48
 783 02cf 05       		.byte	0x5
 784 02d0 11       		.byte	0x11
 785 02d1 D4000000 		.4byte	0xd4
 786 02d5 05       		.uleb128 0x5
 787 02d6 03       		.byte	0x3
 788 02d7 00000000 		.4byte	ts_enc
 789 02db 14       		.uleb128 0x14
 790 02dc 75020000 		.4byte	.LASF49
 791 02e0 05       		.byte	0x5
 792 02e1 12       		.byte	0x12
 793 02e2 D4000000 		.4byte	0xd4
ARM GAS  C:\Users\rsef899\AppData\Local\Temp\ccuE8oXs.s 			page 17


 794 02e6 05       		.uleb128 0x5
 795 02e7 03       		.byte	0x3
 796 02e8 00000000 		.4byte	ts_update
 797 02ec 14       		.uleb128 0x14
 798 02ed 3D030000 		.4byte	.LASF50
 799 02f1 05       		.byte	0x5
 800 02f2 13       		.byte	0x13
 801 02f3 D4000000 		.4byte	0xd4
 802 02f7 05       		.uleb128 0x5
 803 02f8 03       		.byte	0x3
 804 02f9 00000000 		.4byte	ts_speed
 805 02fd 14       		.uleb128 0x14
 806 02fe 6C030000 		.4byte	.LASF51
 807 0302 05       		.byte	0x5
 808 0303 14       		.byte	0x14
 809 0304 D4000000 		.4byte	0xd4
 810 0308 05       		.uleb128 0x5
 811 0309 03       		.byte	0x3
 812 030a 00000000 		.4byte	ts_display
 813 030e 14       		.uleb128 0x14
 814 030f 46030000 		.4byte	.LASF52
 815 0313 05       		.byte	0x5
 816 0314 16       		.byte	0x16
 817 0315 C8000000 		.4byte	0xc8
 818 0319 05       		.uleb128 0x5
 819 031a 03       		.byte	0x3
 820 031b 00000000 		.4byte	flag_ts_enc
 821 031f 14       		.uleb128 0x14
 822 0320 66010000 		.4byte	.LASF53
 823 0324 05       		.byte	0x5
 824 0325 17       		.byte	0x17
 825 0326 C8000000 		.4byte	0xc8
 826 032a 05       		.uleb128 0x5
 827 032b 03       		.byte	0x3
 828 032c 00000000 		.4byte	flag_ts_update
 829 0330 14       		.uleb128 0x14
 830 0331 21000000 		.4byte	.LASF54
 831 0335 05       		.byte	0x5
 832 0336 18       		.byte	0x18
 833 0337 C8000000 		.4byte	0xc8
 834 033b 05       		.uleb128 0x5
 835 033c 03       		.byte	0x3
 836 033d 00000000 		.4byte	flag_ts_speed
 837 0341 14       		.uleb128 0x14
 838 0342 A5010000 		.4byte	.LASF55
 839 0346 05       		.byte	0x5
 840 0347 19       		.byte	0x19
 841 0348 C8000000 		.4byte	0xc8
 842 034c 05       		.uleb128 0x5
 843 034d 03       		.byte	0x3
 844 034e 00000000 		.4byte	flag_ts_display
 845 0352 14       		.uleb128 0x14
 846 0353 B5010000 		.4byte	.LASF56
 847 0357 05       		.byte	0x5
 848 0358 1C       		.byte	0x1c
 849 0359 C8000000 		.4byte	0xc8
 850 035d 05       		.uleb128 0x5
ARM GAS  C:\Users\rsef899\AppData\Local\Temp\ccuE8oXs.s 			page 18


 851 035e 03       		.byte	0x3
 852 035f 00000000 		.4byte	flag_rx
 853 0363 14       		.uleb128 0x14
 854 0364 15000000 		.4byte	.LASF57
 855 0368 05       		.byte	0x5
 856 0369 1D       		.byte	0x1d
 857 036a C8000000 		.4byte	0xc8
 858 036e 05       		.uleb128 0x5
 859 036f 03       		.byte	0x3
 860 0370 00000000 		.4byte	flag_packet
 861 0374 14       		.uleb128 0x14
 862 0375 91020000 		.4byte	.LASF58
 863 0379 05       		.byte	0x5
 864 037a 1E       		.byte	0x1e
 865 037b C8000000 		.4byte	0xc8
 866 037f 05       		.uleb128 0x5
 867 0380 03       		.byte	0x3
 868 0381 00000000 		.4byte	flag_KB_string
 869 0385 14       		.uleb128 0x14
 870 0386 36020000 		.4byte	.LASF59
 871 038a 05       		.byte	0x5
 872 038b 20       		.byte	0x20
 873 038c C8000000 		.4byte	0xc8
 874 0390 05       		.uleb128 0x5
 875 0391 03       		.byte	0x3
 876 0392 00000000 		.4byte	dataready_flag
 877 0396 14       		.uleb128 0x14
 878 0397 8A030000 		.4byte	.LASF60
 879 039b 05       		.byte	0x5
 880 039c 22       		.byte	0x22
 881 039d C8000000 		.4byte	0xc8
 882 03a1 05       		.uleb128 0x5
 883 03a2 03       		.byte	0x3
 884 03a3 00000000 		.4byte	flag_rf_transmission_active
 885 03a7 0F       		.uleb128 0xf
 886 03a8 A0000000 		.4byte	0xa0
 887 03ac B7030000 		.4byte	0x3b7
 888 03b0 10       		.uleb128 0x10
 889 03b1 93000000 		.4byte	0x93
 890 03b5 3F       		.byte	0x3f
 891 03b6 00       		.byte	0
 892 03b7 14       		.uleb128 0x14
 893 03b8 FB020000 		.4byte	.LASF61
 894 03bc 05       		.byte	0x5
 895 03bd 25       		.byte	0x25
 896 03be A7030000 		.4byte	0x3a7
 897 03c2 05       		.uleb128 0x5
 898 03c3 03       		.byte	0x3
 899 03c4 00000000 		.4byte	displaystring
 900 03c8 14       		.uleb128 0x14
 901 03c9 3B010000 		.4byte	.LASF62
 902 03cd 05       		.byte	0x5
 903 03ce 26       		.byte	0x26
 904 03cf A7030000 		.4byte	0x3a7
 905 03d3 05       		.uleb128 0x5
 906 03d4 03       		.byte	0x3
 907 03d5 00000000 		.4byte	line
ARM GAS  C:\Users\rsef899\AppData\Local\Temp\ccuE8oXs.s 			page 19


 908 03d9 14       		.uleb128 0x14
 909 03da C9010000 		.4byte	.LASF63
 910 03de 05       		.byte	0x5
 911 03df 26       		.byte	0x26
 912 03e0 A7030000 		.4byte	0x3a7
 913 03e4 05       		.uleb128 0x5
 914 03e5 03       		.byte	0x3
 915 03e6 00000000 		.4byte	entry
 916 03ea 0F       		.uleb128 0xf
 917 03eb C8000000 		.4byte	0xc8
 918 03ef FA030000 		.4byte	0x3fa
 919 03f3 10       		.uleb128 0x10
 920 03f4 93000000 		.4byte	0x93
 921 03f8 3F       		.byte	0x3f
 922 03f9 00       		.byte	0
 923 03fa 14       		.uleb128 0x14
 924 03fb 63000000 		.4byte	.LASF64
 925 03ff 05       		.byte	0x5
 926 0400 27       		.byte	0x27
 927 0401 EA030000 		.4byte	0x3ea
 928 0405 05       		.uleb128 0x5
 929 0406 03       		.byte	0x3
 930 0407 00000000 		.4byte	usbBuffer
 931 040b 14       		.uleb128 0x14
 932 040c 41000000 		.4byte	.LASF65
 933 0410 05       		.byte	0x5
 934 0411 3C       		.byte	0x3c
 935 0412 10010000 		.4byte	0x110
 936 0416 05       		.uleb128 0x5
 937 0417 03       		.byte	0x3
 938 0418 00000000 		.4byte	system_state
 939 041c 14       		.uleb128 0x14
 940 041d 12010000 		.4byte	.LASF66
 941 0421 01       		.byte	0x1
 942 0422 1F       		.byte	0x1f
 943 0423 06010000 		.4byte	0x106
 944 0427 05       		.uleb128 0x5
 945 0428 03       		.byte	0x3
 946 0429 00000000 		.4byte	printFlag
 947 042d 0F       		.uleb128 0xf
 948 042e 0B010000 		.4byte	0x10b
 949 0432 3E040000 		.4byte	0x43e
 950 0436 15       		.uleb128 0x15
 951 0437 93000000 		.4byte	0x93
 952 043b FF03     		.2byte	0x3ff
 953 043d 00       		.byte	0
 954 043e 14       		.uleb128 0x14
 955 043f 09030000 		.4byte	.LASF67
 956 0443 01       		.byte	0x1
 957 0444 20       		.byte	0x20
 958 0445 4F040000 		.4byte	0x44f
 959 0449 05       		.uleb128 0x5
 960 044a 03       		.byte	0x3
 961 044b 00000000 		.4byte	buffer
 962 044f 07       		.uleb128 0x7
 963 0450 2D040000 		.4byte	0x42d
 964 0454 14       		.uleb128 0x14
ARM GAS  C:\Users\rsef899\AppData\Local\Temp\ccuE8oXs.s 			page 20


 965 0455 7E030000 		.4byte	.LASF68
 966 0459 01       		.byte	0x1
 967 045a 21       		.byte	0x21
 968 045b 0B010000 		.4byte	0x10b
 969 045f 05       		.uleb128 0x5
 970 0460 03       		.byte	0x3
 971 0461 00000000 		.4byte	bufferIndex
 972 0465 00       		.byte	0
 973              		.section	.debug_abbrev,"",%progbits
 974              	.Ldebug_abbrev0:
 975 0000 01       		.uleb128 0x1
 976 0001 11       		.uleb128 0x11
 977 0002 01       		.byte	0x1
 978 0003 25       		.uleb128 0x25
 979 0004 0E       		.uleb128 0xe
 980 0005 13       		.uleb128 0x13
 981 0006 0B       		.uleb128 0xb
 982 0007 03       		.uleb128 0x3
 983 0008 0E       		.uleb128 0xe
 984 0009 1B       		.uleb128 0x1b
 985 000a 0E       		.uleb128 0xe
 986 000b 55       		.uleb128 0x55
 987 000c 17       		.uleb128 0x17
 988 000d 11       		.uleb128 0x11
 989 000e 01       		.uleb128 0x1
 990 000f 10       		.uleb128 0x10
 991 0010 17       		.uleb128 0x17
 992 0011 00       		.byte	0
 993 0012 00       		.byte	0
 994 0013 02       		.uleb128 0x2
 995 0014 24       		.uleb128 0x24
 996 0015 00       		.byte	0
 997 0016 0B       		.uleb128 0xb
 998 0017 0B       		.uleb128 0xb
 999 0018 3E       		.uleb128 0x3e
 1000 0019 0B       		.uleb128 0xb
 1001 001a 03       		.uleb128 0x3
 1002 001b 0E       		.uleb128 0xe
 1003 001c 00       		.byte	0
 1004 001d 00       		.byte	0
 1005 001e 03       		.uleb128 0x3
 1006 001f 16       		.uleb128 0x16
 1007 0020 00       		.byte	0
 1008 0021 03       		.uleb128 0x3
 1009 0022 0E       		.uleb128 0xe
 1010 0023 3A       		.uleb128 0x3a
 1011 0024 0B       		.uleb128 0xb
 1012 0025 3B       		.uleb128 0x3b
 1013 0026 0B       		.uleb128 0xb
 1014 0027 49       		.uleb128 0x49
 1015 0028 13       		.uleb128 0x13
 1016 0029 00       		.byte	0
 1017 002a 00       		.byte	0
 1018 002b 04       		.uleb128 0x4
 1019 002c 24       		.uleb128 0x24
 1020 002d 00       		.byte	0
 1021 002e 0B       		.uleb128 0xb
ARM GAS  C:\Users\rsef899\AppData\Local\Temp\ccuE8oXs.s 			page 21


 1022 002f 0B       		.uleb128 0xb
 1023 0030 3E       		.uleb128 0x3e
 1024 0031 0B       		.uleb128 0xb
 1025 0032 03       		.uleb128 0x3
 1026 0033 08       		.uleb128 0x8
 1027 0034 00       		.byte	0
 1028 0035 00       		.byte	0
 1029 0036 05       		.uleb128 0x5
 1030 0037 0F       		.uleb128 0xf
 1031 0038 00       		.byte	0
 1032 0039 0B       		.uleb128 0xb
 1033 003a 0B       		.uleb128 0xb
 1034 003b 49       		.uleb128 0x49
 1035 003c 13       		.uleb128 0x13
 1036 003d 00       		.byte	0
 1037 003e 00       		.byte	0
 1038 003f 06       		.uleb128 0x6
 1039 0040 16       		.uleb128 0x16
 1040 0041 00       		.byte	0
 1041 0042 03       		.uleb128 0x3
 1042 0043 0E       		.uleb128 0xe
 1043 0044 3A       		.uleb128 0x3a
 1044 0045 0B       		.uleb128 0xb
 1045 0046 3B       		.uleb128 0x3b
 1046 0047 05       		.uleb128 0x5
 1047 0048 49       		.uleb128 0x49
 1048 0049 13       		.uleb128 0x13
 1049 004a 00       		.byte	0
 1050 004b 00       		.byte	0
 1051 004c 07       		.uleb128 0x7
 1052 004d 35       		.uleb128 0x35
 1053 004e 00       		.byte	0
 1054 004f 49       		.uleb128 0x49
 1055 0050 13       		.uleb128 0x13
 1056 0051 00       		.byte	0
 1057 0052 00       		.byte	0
 1058 0053 08       		.uleb128 0x8
 1059 0054 13       		.uleb128 0x13
 1060 0055 01       		.byte	0x1
 1061 0056 03       		.uleb128 0x3
 1062 0057 0E       		.uleb128 0xe
 1063 0058 0B       		.uleb128 0xb
 1064 0059 0B       		.uleb128 0xb
 1065 005a 3A       		.uleb128 0x3a
 1066 005b 0B       		.uleb128 0xb
 1067 005c 3B       		.uleb128 0x3b
 1068 005d 0B       		.uleb128 0xb
 1069 005e 01       		.uleb128 0x1
 1070 005f 13       		.uleb128 0x13
 1071 0060 00       		.byte	0
 1072 0061 00       		.byte	0
 1073 0062 09       		.uleb128 0x9
 1074 0063 0D       		.uleb128 0xd
 1075 0064 00       		.byte	0
 1076 0065 03       		.uleb128 0x3
 1077 0066 0E       		.uleb128 0xe
 1078 0067 3A       		.uleb128 0x3a
ARM GAS  C:\Users\rsef899\AppData\Local\Temp\ccuE8oXs.s 			page 22


 1079 0068 0B       		.uleb128 0xb
 1080 0069 3B       		.uleb128 0x3b
 1081 006a 0B       		.uleb128 0xb
 1082 006b 49       		.uleb128 0x49
 1083 006c 13       		.uleb128 0x13
 1084 006d 38       		.uleb128 0x38
 1085 006e 0B       		.uleb128 0xb
 1086 006f 00       		.byte	0
 1087 0070 00       		.byte	0
 1088 0071 0A       		.uleb128 0xa
 1089 0072 2E       		.uleb128 0x2e
 1090 0073 01       		.byte	0x1
 1091 0074 3F       		.uleb128 0x3f
 1092 0075 19       		.uleb128 0x19
 1093 0076 03       		.uleb128 0x3
 1094 0077 0E       		.uleb128 0xe
 1095 0078 3A       		.uleb128 0x3a
 1096 0079 0B       		.uleb128 0xb
 1097 007a 3B       		.uleb128 0x3b
 1098 007b 0B       		.uleb128 0xb
 1099 007c 27       		.uleb128 0x27
 1100 007d 19       		.uleb128 0x19
 1101 007e 11       		.uleb128 0x11
 1102 007f 01       		.uleb128 0x1
 1103 0080 12       		.uleb128 0x12
 1104 0081 06       		.uleb128 0x6
 1105 0082 40       		.uleb128 0x40
 1106 0083 18       		.uleb128 0x18
 1107 0084 9642     		.uleb128 0x2116
 1108 0086 19       		.uleb128 0x19
 1109 0087 01       		.uleb128 0x1
 1110 0088 13       		.uleb128 0x13
 1111 0089 00       		.byte	0
 1112 008a 00       		.byte	0
 1113 008b 0B       		.uleb128 0xb
 1114 008c 34       		.uleb128 0x34
 1115 008d 00       		.byte	0
 1116 008e 03       		.uleb128 0x3
 1117 008f 0E       		.uleb128 0xe
 1118 0090 3A       		.uleb128 0x3a
 1119 0091 0B       		.uleb128 0xb
 1120 0092 3B       		.uleb128 0x3b
 1121 0093 0B       		.uleb128 0xb
 1122 0094 49       		.uleb128 0x49
 1123 0095 13       		.uleb128 0x13
 1124 0096 02       		.uleb128 0x2
 1125 0097 18       		.uleb128 0x18
 1126 0098 00       		.byte	0
 1127 0099 00       		.byte	0
 1128 009a 0C       		.uleb128 0xc
 1129 009b 2E       		.uleb128 0x2e
 1130 009c 01       		.byte	0x1
 1131 009d 3F       		.uleb128 0x3f
 1132 009e 19       		.uleb128 0x19
 1133 009f 03       		.uleb128 0x3
 1134 00a0 0E       		.uleb128 0xe
 1135 00a1 3A       		.uleb128 0x3a
ARM GAS  C:\Users\rsef899\AppData\Local\Temp\ccuE8oXs.s 			page 23


 1136 00a2 0B       		.uleb128 0xb
 1137 00a3 3B       		.uleb128 0x3b
 1138 00a4 0B       		.uleb128 0xb
 1139 00a5 49       		.uleb128 0x49
 1140 00a6 13       		.uleb128 0x13
 1141 00a7 11       		.uleb128 0x11
 1142 00a8 01       		.uleb128 0x1
 1143 00a9 12       		.uleb128 0x12
 1144 00aa 06       		.uleb128 0x6
 1145 00ab 40       		.uleb128 0x40
 1146 00ac 18       		.uleb128 0x18
 1147 00ad 9642     		.uleb128 0x2116
 1148 00af 19       		.uleb128 0x19
 1149 00b0 01       		.uleb128 0x1
 1150 00b1 13       		.uleb128 0x13
 1151 00b2 00       		.byte	0
 1152 00b3 00       		.byte	0
 1153 00b4 0D       		.uleb128 0xd
 1154 00b5 0B       		.uleb128 0xb
 1155 00b6 01       		.byte	0x1
 1156 00b7 11       		.uleb128 0x11
 1157 00b8 01       		.uleb128 0x1
 1158 00b9 12       		.uleb128 0x12
 1159 00ba 06       		.uleb128 0x6
 1160 00bb 00       		.byte	0
 1161 00bc 00       		.byte	0
 1162 00bd 0E       		.uleb128 0xe
 1163 00be 34       		.uleb128 0x34
 1164 00bf 00       		.byte	0
 1165 00c0 03       		.uleb128 0x3
 1166 00c1 08       		.uleb128 0x8
 1167 00c2 3A       		.uleb128 0x3a
 1168 00c3 0B       		.uleb128 0xb
 1169 00c4 3B       		.uleb128 0x3b
 1170 00c5 0B       		.uleb128 0xb
 1171 00c6 49       		.uleb128 0x49
 1172 00c7 13       		.uleb128 0x13
 1173 00c8 02       		.uleb128 0x2
 1174 00c9 18       		.uleb128 0x18
 1175 00ca 00       		.byte	0
 1176 00cb 00       		.byte	0
 1177 00cc 0F       		.uleb128 0xf
 1178 00cd 01       		.uleb128 0x1
 1179 00ce 01       		.byte	0x1
 1180 00cf 49       		.uleb128 0x49
 1181 00d0 13       		.uleb128 0x13
 1182 00d1 01       		.uleb128 0x1
 1183 00d2 13       		.uleb128 0x13
 1184 00d3 00       		.byte	0
 1185 00d4 00       		.byte	0
 1186 00d5 10       		.uleb128 0x10
 1187 00d6 21       		.uleb128 0x21
 1188 00d7 00       		.byte	0
 1189 00d8 49       		.uleb128 0x49
 1190 00d9 13       		.uleb128 0x13
 1191 00da 2F       		.uleb128 0x2f
 1192 00db 0B       		.uleb128 0xb
ARM GAS  C:\Users\rsef899\AppData\Local\Temp\ccuE8oXs.s 			page 24


 1193 00dc 00       		.byte	0
 1194 00dd 00       		.byte	0
 1195 00de 11       		.uleb128 0x11
 1196 00df 05       		.uleb128 0x5
 1197 00e0 00       		.byte	0
 1198 00e1 03       		.uleb128 0x3
 1199 00e2 08       		.uleb128 0x8
 1200 00e3 3A       		.uleb128 0x3a
 1201 00e4 0B       		.uleb128 0xb
 1202 00e5 3B       		.uleb128 0x3b
 1203 00e6 0B       		.uleb128 0xb
 1204 00e7 49       		.uleb128 0x49
 1205 00e8 13       		.uleb128 0x13
 1206 00e9 02       		.uleb128 0x2
 1207 00ea 18       		.uleb128 0x18
 1208 00eb 00       		.byte	0
 1209 00ec 00       		.byte	0
 1210 00ed 12       		.uleb128 0x12
 1211 00ee 34       		.uleb128 0x34
 1212 00ef 00       		.byte	0
 1213 00f0 03       		.uleb128 0x3
 1214 00f1 0E       		.uleb128 0xe
 1215 00f2 3A       		.uleb128 0x3a
 1216 00f3 0B       		.uleb128 0xb
 1217 00f4 3B       		.uleb128 0x3b
 1218 00f5 05       		.uleb128 0x5
 1219 00f6 49       		.uleb128 0x49
 1220 00f7 13       		.uleb128 0x13
 1221 00f8 3F       		.uleb128 0x3f
 1222 00f9 19       		.uleb128 0x19
 1223 00fa 3C       		.uleb128 0x3c
 1224 00fb 19       		.uleb128 0x19
 1225 00fc 00       		.byte	0
 1226 00fd 00       		.byte	0
 1227 00fe 13       		.uleb128 0x13
 1228 00ff 34       		.uleb128 0x34
 1229 0100 00       		.byte	0
 1230 0101 03       		.uleb128 0x3
 1231 0102 08       		.uleb128 0x8
 1232 0103 3A       		.uleb128 0x3a
 1233 0104 0B       		.uleb128 0xb
 1234 0105 3B       		.uleb128 0x3b
 1235 0106 0B       		.uleb128 0xb
 1236 0107 49       		.uleb128 0x49
 1237 0108 13       		.uleb128 0x13
 1238 0109 3F       		.uleb128 0x3f
 1239 010a 19       		.uleb128 0x19
 1240 010b 02       		.uleb128 0x2
 1241 010c 18       		.uleb128 0x18
 1242 010d 00       		.byte	0
 1243 010e 00       		.byte	0
 1244 010f 14       		.uleb128 0x14
 1245 0110 34       		.uleb128 0x34
 1246 0111 00       		.byte	0
 1247 0112 03       		.uleb128 0x3
 1248 0113 0E       		.uleb128 0xe
 1249 0114 3A       		.uleb128 0x3a
ARM GAS  C:\Users\rsef899\AppData\Local\Temp\ccuE8oXs.s 			page 25


 1250 0115 0B       		.uleb128 0xb
 1251 0116 3B       		.uleb128 0x3b
 1252 0117 0B       		.uleb128 0xb
 1253 0118 49       		.uleb128 0x49
 1254 0119 13       		.uleb128 0x13
 1255 011a 3F       		.uleb128 0x3f
 1256 011b 19       		.uleb128 0x19
 1257 011c 02       		.uleb128 0x2
 1258 011d 18       		.uleb128 0x18
 1259 011e 00       		.byte	0
 1260 011f 00       		.byte	0
 1261 0120 15       		.uleb128 0x15
 1262 0121 21       		.uleb128 0x21
 1263 0122 00       		.byte	0
 1264 0123 49       		.uleb128 0x49
 1265 0124 13       		.uleb128 0x13
 1266 0125 2F       		.uleb128 0x2f
 1267 0126 05       		.uleb128 0x5
 1268 0127 00       		.byte	0
 1269 0128 00       		.byte	0
 1270 0129 00       		.byte	0
 1271              		.section	.debug_aranges,"",%progbits
 1272 0000 34000000 		.4byte	0x34
 1273 0004 0200     		.2byte	0x2
 1274 0006 00000000 		.4byte	.Ldebug_info0
 1275 000a 04       		.byte	0x4
 1276 000b 00       		.byte	0
 1277 000c 0000     		.2byte	0
 1278 000e 0000     		.2byte	0
 1279 0010 00000000 		.4byte	.LFB64
 1280 0014 6C000000 		.4byte	.LFE64-.LFB64
 1281 0018 00000000 		.4byte	.LFB65
 1282 001c 90000000 		.4byte	.LFE65-.LFB65
 1283 0020 00000000 		.4byte	.LFB66
 1284 0024 3E000000 		.4byte	.LFE66-.LFB66
 1285 0028 00000000 		.4byte	.LFB67
 1286 002c 26000000 		.4byte	.LFE67-.LFB67
 1287 0030 00000000 		.4byte	0
 1288 0034 00000000 		.4byte	0
 1289              		.section	.debug_ranges,"",%progbits
 1290              	.Ldebug_ranges0:
 1291 0000 00000000 		.4byte	.LFB64
 1292 0004 6C000000 		.4byte	.LFE64
 1293 0008 00000000 		.4byte	.LFB65
 1294 000c 90000000 		.4byte	.LFE65
 1295 0010 00000000 		.4byte	.LFB66
 1296 0014 3E000000 		.4byte	.LFE66
 1297 0018 00000000 		.4byte	.LFB67
 1298 001c 26000000 		.4byte	.LFE67
 1299 0020 00000000 		.4byte	0
 1300 0024 00000000 		.4byte	0
 1301              		.section	.debug_line,"",%progbits
 1302              	.Ldebug_line0:
 1303 0000 E4010000 		.section	.debug_str,"MS",%progbits,1
 1303      02005601 
 1303      00000201 
 1303      FB0E0D00 
ARM GAS  C:\Users\rsef899\AppData\Local\Temp\ccuE8oXs.s 			page 26


 1303      01010101 
 1304              	.LASF46:
 1305 0000 75736250 		.ascii	"usbPutChar\000"
 1305      75744368 
 1305      617200
 1306              	.LASF44:
 1307 000b 6E756D42 		.ascii	"numBuffer\000"
 1307      75666665 
 1307      7200
 1308              	.LASF57:
 1309 0015 666C6167 		.ascii	"flag_packet\000"
 1309      5F706163 
 1309      6B657400 
 1310              	.LASF54:
 1311 0021 666C6167 		.ascii	"flag_ts_speed\000"
 1311      5F74735F 
 1311      73706565 
 1311      6400
 1312              	.LASF37:
 1313 002f 67325F78 		.ascii	"g2_xpos\000"
 1313      706F7300 
 1314              	.LASF2:
 1315 0037 73686F72 		.ascii	"short int\000"
 1315      7420696E 
 1315      7400
 1316              	.LASF65:
 1317 0041 73797374 		.ascii	"system_state\000"
 1317      656D5F73 
 1317      74617465 
 1317      00
 1318              	.LASF13:
 1319 004e 73697A65 		.ascii	"sizetype\000"
 1319      74797065 
 1319      00
 1320              	.LASF41:
 1321 0057 41444349 		.ascii	"ADCInterupt\000"
 1321      6E746572 
 1321      75707400 
 1322              	.LASF64:
 1323 0063 75736242 		.ascii	"usbBuffer\000"
 1323      75666665 
 1323      7200
 1324              	.LASF69:
 1325 006d 474E5520 		.ascii	"GNU C11 5.4.1 20160609 (release) [ARM/embedded-5-br"
 1325      43313120 
 1325      352E342E 
 1325      31203230 
 1325      31363036 
 1326 00a0 616E6368 		.ascii	"anch revision 237715] -mcpu=cortex-m3 -mthumb -g -O"
 1326      20726576 
 1326      6973696F 
 1326      6E203233 
 1326      37373135 
 1327 00d3 30202D66 		.ascii	"0 -ffunction-sections -ffat-lto-objects\000"
 1327      66756E63 
 1327      74696F6E 
 1327      2D736563 
ARM GAS  C:\Users\rsef899\AppData\Local\Temp\ccuE8oXs.s 			page 27


 1327      74696F6E 
 1328              	.LASF42:
 1329 00fb 6D61696E 		.ascii	"main\000"
 1329      00
 1330              	.LASF4:
 1331 0100 5F5F7569 		.ascii	"__uint16_t\000"
 1331      6E743136 
 1331      5F7400
 1332              	.LASF19:
 1333 010b 75696E74 		.ascii	"uint16\000"
 1333      313600
 1334              	.LASF66:
 1335 0112 7072696E 		.ascii	"printFlag\000"
 1335      74466C61 
 1335      6700
 1336              	.LASF25:
 1337 011c 696E6465 		.ascii	"index\000"
 1337      7800
 1338              	.LASF21:
 1339 0122 696E7431 		.ascii	"int16\000"
 1339      3600
 1340              	.LASF18:
 1341 0128 75696E74 		.ascii	"uint8\000"
 1341      3800
 1342              	.LASF36:
 1343 012e 67315F64 		.ascii	"g1_direction\000"
 1343      69726563 
 1343      74696F6E 
 1343      00
 1344              	.LASF62:
 1345 013b 6C696E65 		.ascii	"line\000"
 1345      00
 1346              	.LASF22:
 1347 0140 666C6F61 		.ascii	"float\000"
 1347      7400
 1348              	.LASF9:
 1349 0146 6C6F6E67 		.ascii	"long long int\000"
 1349      206C6F6E 
 1349      6720696E 
 1349      7400
 1350              	.LASF45:
 1351 0154 75736250 		.ascii	"usbPutString\000"
 1351      75745374 
 1351      72696E67 
 1351      00
 1352              	.LASF20:
 1353 0161 696E7438 		.ascii	"int8\000"
 1353      00
 1354              	.LASF53:
 1355 0166 666C6167 		.ascii	"flag_ts_update\000"
 1355      5F74735F 
 1355      75706461 
 1355      746500
 1356              	.LASF38:
 1357 0175 67325F79 		.ascii	"g2_ypos\000"
 1357      706F7300 
 1358              	.LASF32:
ARM GAS  C:\Users\rsef899\AppData\Local\Temp\ccuE8oXs.s 			page 28


 1359 017d 67305F64 		.ascii	"g0_direction\000"
 1359      69726563 
 1359      74696F6E 
 1359      00
 1360              	.LASF29:
 1361 018a 67305F78 		.ascii	"g0_xpos\000"
 1361      706F7300 
 1362              	.LASF7:
 1363 0192 6C6F6E67 		.ascii	"long int\000"
 1363      20696E74 
 1363      00
 1364              	.LASF3:
 1365 019b 5F5F7569 		.ascii	"__uint8_t\000"
 1365      6E74385F 
 1365      7400
 1366              	.LASF55:
 1367 01a5 666C6167 		.ascii	"flag_ts_display\000"
 1367      5F74735F 
 1367      64697370 
 1367      6C617900 
 1368              	.LASF56:
 1369 01b5 666C6167 		.ascii	"flag_rx\000"
 1369      5F727800 
 1370              	.LASF12:
 1371 01bd 6C6F6E67 		.ascii	"long double\000"
 1371      20646F75 
 1371      626C6500 
 1372              	.LASF63:
 1373 01c9 656E7472 		.ascii	"entry\000"
 1373      7900
 1374              	.LASF1:
 1375 01cf 756E7369 		.ascii	"unsigned char\000"
 1375      676E6564 
 1375      20636861 
 1375      7200
 1376              	.LASF71:
 1377 01dd 483A5C44 		.ascii	"H:\\Documents\\301\\12_Cypress_LineFollowingRobot\\"
 1377      6F63756D 
 1377      656E7473 
 1377      5C333031 
 1377      5C31325F 
 1378 020c 526F6265 		.ascii	"Robert\\CS301_Class_Copy_01.cydsn\000"
 1378      72745C43 
 1378      53333031 
 1378      5F436C61 
 1378      73735F43 
 1379              	.LASF31:
 1380 022d 67305F73 		.ascii	"g0_speed\000"
 1380      70656564 
 1380      00
 1381              	.LASF59:
 1382 0236 64617461 		.ascii	"dataready_flag\000"
 1382      72656164 
 1382      795F666C 
 1382      616700
 1383              	.LASF0:
 1384 0245 7369676E 		.ascii	"signed char\000"
ARM GAS  C:\Users\rsef899\AppData\Local\Temp\ccuE8oXs.s 			page 29


 1384      65642063 
 1384      68617200 
 1385              	.LASF10:
 1386 0251 6C6F6E67 		.ascii	"long long unsigned int\000"
 1386      206C6F6E 
 1386      6720756E 
 1386      7369676E 
 1386      65642069 
 1387              	.LASF11:
 1388 0268 756E7369 		.ascii	"unsigned int\000"
 1388      676E6564 
 1388      20696E74 
 1388      00
 1389              	.LASF49:
 1390 0275 74735F75 		.ascii	"ts_update\000"
 1390      70646174 
 1390      6500
 1391              	.LASF16:
 1392 027f 75696E74 		.ascii	"uint16_t\000"
 1392      31365F74 
 1392      00
 1393              	.LASF39:
 1394 0288 67325F73 		.ascii	"g2_speed\000"
 1394      70656564 
 1394      00
 1395              	.LASF58:
 1396 0291 666C6167 		.ascii	"flag_KB_string\000"
 1396      5F4B425F 
 1396      73747269 
 1396      6E6700
 1397              	.LASF33:
 1398 02a0 67315F78 		.ascii	"g1_xpos\000"
 1398      706F7300 
 1399              	.LASF5:
 1400 02a8 73686F72 		.ascii	"short unsigned int\000"
 1400      7420756E 
 1400      7369676E 
 1400      65642069 
 1400      6E7400
 1401              	.LASF72:
 1402 02bb 64617461 		.ascii	"data_main\000"
 1402      5F6D6169 
 1402      6E00
 1403              	.LASF14:
 1404 02c5 63686172 		.ascii	"char\000"
 1404      00
 1405              	.LASF26:
 1406 02ca 726F626F 		.ascii	"robot_xpos\000"
 1406      745F7870 
 1406      6F7300
 1407              	.LASF17:
 1408 02d5 696E7433 		.ascii	"int32_t\000"
 1408      325F7400 
 1409              	.LASF34:
 1410 02dd 67315F79 		.ascii	"g1_ypos\000"
 1410      706F7300 
 1411              	.LASF40:
ARM GAS  C:\Users\rsef899\AppData\Local\Temp\ccuE8oXs.s 			page 30


 1412 02e5 67325F64 		.ascii	"g2_direction\000"
 1412      69726563 
 1412      74696F6E 
 1412      00
 1413              	.LASF35:
 1414 02f2 67315F73 		.ascii	"g1_speed\000"
 1414      70656564 
 1414      00
 1415              	.LASF61:
 1416 02fb 64697370 		.ascii	"displaystring\000"
 1416      6C617973 
 1416      7472696E 
 1416      6700
 1417              	.LASF67:
 1418 0309 62756666 		.ascii	"buffer\000"
 1418      657200
 1419              	.LASF70:
 1420 0310 6D61696E 		.ascii	"main.c\000"
 1420      2E6300
 1421              	.LASF8:
 1422 0317 6C6F6E67 		.ascii	"long unsigned int\000"
 1422      20756E73 
 1422      69676E65 
 1422      6420696E 
 1422      7400
 1423              	.LASF23:
 1424 0329 646F7562 		.ascii	"double\000"
 1424      6C6500
 1425              	.LASF47:
 1426 0330 49544D5F 		.ascii	"ITM_RxBuffer\000"
 1426      52784275 
 1426      66666572 
 1426      00
 1427              	.LASF50:
 1428 033d 74735F73 		.ascii	"ts_speed\000"
 1428      70656564 
 1428      00
 1429              	.LASF52:
 1430 0346 666C6167 		.ascii	"flag_ts_enc\000"
 1430      5F74735F 
 1430      656E6300 
 1431              	.LASF6:
 1432 0352 5F5F696E 		.ascii	"__int32_t\000"
 1432      7433325F 
 1432      7400
 1433              	.LASF15:
 1434 035c 75696E74 		.ascii	"uint8_t\000"
 1434      385F7400 
 1435              	.LASF30:
 1436 0364 67305F79 		.ascii	"g0_ypos\000"
 1436      706F7300 
 1437              	.LASF51:
 1438 036c 74735F64 		.ascii	"ts_display\000"
 1438      6973706C 
 1438      617900
 1439              	.LASF48:
 1440 0377 74735F65 		.ascii	"ts_enc\000"
ARM GAS  C:\Users\rsef899\AppData\Local\Temp\ccuE8oXs.s 			page 31


 1440      6E6300
 1441              	.LASF68:
 1442 037e 62756666 		.ascii	"bufferIndex\000"
 1442      6572496E 
 1442      64657800 
 1443              	.LASF60:
 1444 038a 666C6167 		.ascii	"flag_rf_transmission_active\000"
 1444      5F72665F 
 1444      7472616E 
 1444      736D6973 
 1444      73696F6E 
 1445              	.LASF27:
 1446 03a6 726F626F 		.ascii	"robot_ypos\000"
 1446      745F7970 
 1446      6F7300
 1447              	.LASF43:
 1448 03b1 41444352 		.ascii	"ADCReturn\000"
 1448      65747572 
 1448      6E00
 1449              	.LASF24:
 1450 03bb 72737369 		.ascii	"rssi\000"
 1450      00
 1451              	.LASF28:
 1452 03c0 726F626F 		.ascii	"robot_orientation\000"
 1452      745F6F72 
 1452      69656E74 
 1452      6174696F 
 1452      6E00
 1453              		.ident	"GCC: (GNU Tools for ARM Embedded Processors) 5.4.1 20160609 (release) [ARM/embedded-5-bran
