ARM GAS  C:\Users\schoo\AppData\Local\Temp\ccJGZj5g.s 			page 1


   1              		.syntax unified
   2              		.cpu cortex-m3
   3              		.fpu softvfp
   4              		.eabi_attribute 20, 1
   5              		.eabi_attribute 21, 1
   6              		.eabi_attribute 23, 3
   7              		.eabi_attribute 24, 1
   8              		.eabi_attribute 25, 1
   9              		.eabi_attribute 26, 1
  10              		.eabi_attribute 30, 6
  11              		.eabi_attribute 34, 1
  12              		.eabi_attribute 18, 4
  13              		.thumb
  14              		.syntax unified
  15              		.file	"main.c"
  16              		.text
  17              	.Ltext0:
  18              		.cfi_sections	.debug_frame
  19              		.global	ts
  20              		.bss
  21              		.type	ts, %object
  22              		.size	ts, 1
  23              	ts:
  24 0000 00       		.space	1
  25              		.global	ts_enc
  26 0001 00       		.align	1
  27              		.type	ts_enc, %object
  28              		.size	ts_enc, 2
  29              	ts_enc:
  30 0002 0000     		.space	2
  31              		.global	ts_update
  32              		.align	1
  33              		.type	ts_update, %object
  34              		.size	ts_update, 2
  35              	ts_update:
  36 0004 0000     		.space	2
  37              		.global	ts_speed
  38              		.align	1
  39              		.type	ts_speed, %object
  40              		.size	ts_speed, 2
  41              	ts_speed:
  42 0006 0000     		.space	2
  43              		.global	ts_display
  44              		.align	1
  45              		.type	ts_display, %object
  46              		.size	ts_display, 2
  47              	ts_display:
  48 0008 0000     		.space	2
  49              		.global	flag_ts_enc
  50              		.type	flag_ts_enc, %object
  51              		.size	flag_ts_enc, 1
  52              	flag_ts_enc:
  53 000a 00       		.space	1
  54              		.global	flag_ts_update
  55              		.type	flag_ts_update, %object
  56              		.size	flag_ts_update, 1
  57              	flag_ts_update:
ARM GAS  C:\Users\schoo\AppData\Local\Temp\ccJGZj5g.s 			page 2


  58 000b 00       		.space	1
  59              		.global	flag_ts_speed
  60              		.type	flag_ts_speed, %object
  61              		.size	flag_ts_speed, 1
  62              	flag_ts_speed:
  63 000c 00       		.space	1
  64              		.global	flag_ts_display
  65              		.type	flag_ts_display, %object
  66              		.size	flag_ts_display, 1
  67              	flag_ts_display:
  68 000d 00       		.space	1
  69              		.global	flag_rx
  70              		.type	flag_rx, %object
  71              		.size	flag_rx, 1
  72              	flag_rx:
  73 000e 00       		.space	1
  74              		.global	flag_packet
  75              		.type	flag_packet, %object
  76              		.size	flag_packet, 1
  77              	flag_packet:
  78 000f 00       		.space	1
  79              		.global	flag_KB_string
  80              		.type	flag_KB_string, %object
  81              		.size	flag_KB_string, 1
  82              	flag_KB_string:
  83 0010 00       		.space	1
  84              		.global	dataready_flag
  85              		.type	dataready_flag, %object
  86              		.size	dataready_flag, 1
  87              	dataready_flag:
  88 0011 00       		.space	1
  89              		.global	flag_rf_transmission_active
  90              		.data
  91              		.type	flag_rf_transmission_active, %object
  92              		.size	flag_rf_transmission_active, 1
  93              	flag_rf_transmission_active:
  94 0000 0A       		.byte	10
  95              		.global	displaystring
  96 0001 000000   		.align	2
  97              		.type	displaystring, %object
  98              		.size	displaystring, 64
  99              	displaystring:
 100 0004 43533330 		.ascii	"CS301 2016\012\000"
 100      31203230 
 100      31360A00 
 101 0010 00000000 		.space	52
 101      00000000 
 101      00000000 
 101      00000000 
 101      00000000 
 102              		.comm	line,64,4
 103              		.comm	entry,64,4
 104              		.comm	usbBuffer,64,4
 105              		.comm	system_state,32,4
 106              		.global	timeIndex
 107              		.bss
 108              		.type	timeIndex, %object
ARM GAS  C:\Users\schoo\AppData\Local\Temp\ccJGZj5g.s 			page 3


 109              		.size	timeIndex, 1
 110              	timeIndex:
 111 0012 00       		.space	1
 112              		.comm	timeArray,2,4
 113              		.global	printSpeed
 114              		.type	printSpeed, %object
 115              		.size	printSpeed, 1
 116              	printSpeed:
 117 0013 00       		.space	1
 118              		.section	.text.QuadDecoderIsr,"ax",%progbits
 119              		.align	2
 120              		.global	QuadDecoderIsr
 121              		.thumb
 122              		.thumb_func
 123              		.type	QuadDecoderIsr, %function
 124              	QuadDecoderIsr:
 125              	.LFB64:
 126              		.file 1 "main.c"
   1:main.c        **** /* ========================================
   2:main.c        ****  * Fully working code: 
   3:main.c        ****  * PWM      : 
   4:main.c        ****  * Encoder  : 
   5:main.c        ****  * ADC      :
   6:main.c        ****  * USB      : port displays speed and position.
   7:main.c        ****  * CMD: "PW xx"
   8:main.c        ****  * Copyright Univ of Auckland, 2016
   9:main.c        ****  * All Rights Reserved
  10:main.c        ****  * UNPUBLISHED, LICENSED SOFTWARE.
  11:main.c        ****  *
  12:main.c        ****  * CONFIDENTIAL AND PROPRIETARY INFORMATION
  13:main.c        ****  * WHICH IS THE PROPERTY OF Univ of Auckland.
  14:main.c        ****  *
  15:main.c        ****  * ========================================
  16:main.c        **** */
  17:main.c        **** #include <stdio.h>
  18:main.c        **** #include <string.h>
  19:main.c        **** #include <stdlib.h>
  20:main.c        **** #include <project.h>
  21:main.c        **** //* ========================================
  22:main.c        **** #include "defines.h"
  23:main.c        **** #include "vars.h"
  24:main.c        **** //* ========================================
  25:main.c        **** //* ==== Our functionsality Includes =======
  26:main.c        **** #include "movement.h"
  27:main.c        **** #include "states.h"
  28:main.c        **** 
  29:main.c        **** //*=========================================
  30:main.c        **** void usbPutString(char *s);
  31:main.c        **** void usbPutChar(char c);
  32:main.c        **** void handle_usb();
  33:main.c        **** //* ========================================
  34:main.c        **** 
  35:main.c        **** 
  36:main.c        **** uint8_t timeIndex = 0;
  37:main.c        **** uint8_t timeArray[2];
  38:main.c        **** uint8_t printSpeed = 0;
  39:main.c        **** 
ARM GAS  C:\Users\schoo\AppData\Local\Temp\ccJGZj5g.s 			page 4


  40:main.c        **** 
  41:main.c        **** //Interupts
  42:main.c        **** CY_ISR(QuadDecoderIsr){
 127              		.loc 1 42 0
 128              		.cfi_startproc
 129              		@ args = 0, pretend = 0, frame = 0
 130              		@ frame_needed = 1, uses_anonymous_args = 0
 131 0000 80B5     		push	{r7, lr}
 132              		.cfi_def_cfa_offset 8
 133              		.cfi_offset 7, -8
 134              		.cfi_offset 14, -4
 135 0002 00AF     		add	r7, sp, #0
 136              		.cfi_def_cfa_register 7
  43:main.c        ****     if (timeIndex == 0){
 137              		.loc 1 43 0
 138 0004 0D4B     		ldr	r3, .L5
 139 0006 1B78     		ldrb	r3, [r3]	@ zero_extendqisi2
 140 0008 002B     		cmp	r3, #0
 141 000a 09D1     		bne	.L2
  44:main.c        ****         timeArray[0] = QuadDec_M2_GetCounter();
 142              		.loc 1 44 0
 143 000c FFF7FEFF 		bl	QuadDec_M2_GetCounter
 144 0010 0346     		mov	r3, r0
 145 0012 DAB2     		uxtb	r2, r3
 146 0014 0A4B     		ldr	r3, .L5+4
 147 0016 1A70     		strb	r2, [r3]
  45:main.c        ****         timeIndex = 1;
 148              		.loc 1 45 0
 149 0018 084B     		ldr	r3, .L5
 150 001a 0122     		movs	r2, #1
 151 001c 1A70     		strb	r2, [r3]
  46:main.c        ****     } else {
  47:main.c        ****         timeArray[1] = QuadDec_M2_GetCounter();
  48:main.c        ****         timeIndex = 0;
  49:main.c        ****         printSpeed = 1;      
  50:main.c        ****     }
  51:main.c        **** }
 152              		.loc 1 51 0
 153 001e 0BE0     		b	.L4
 154              	.L2:
  47:main.c        ****         timeIndex = 0;
 155              		.loc 1 47 0
 156 0020 FFF7FEFF 		bl	QuadDec_M2_GetCounter
 157 0024 0346     		mov	r3, r0
 158 0026 DAB2     		uxtb	r2, r3
 159 0028 054B     		ldr	r3, .L5+4
 160 002a 5A70     		strb	r2, [r3, #1]
  48:main.c        ****         printSpeed = 1;      
 161              		.loc 1 48 0
 162 002c 034B     		ldr	r3, .L5
 163 002e 0022     		movs	r2, #0
 164 0030 1A70     		strb	r2, [r3]
  49:main.c        ****     }
 165              		.loc 1 49 0
 166 0032 044B     		ldr	r3, .L5+8
 167 0034 0122     		movs	r2, #1
 168 0036 1A70     		strb	r2, [r3]
ARM GAS  C:\Users\schoo\AppData\Local\Temp\ccJGZj5g.s 			page 5


 169              	.L4:
 170              		.loc 1 51 0
 171 0038 00BF     		nop
 172 003a 80BD     		pop	{r7, pc}
 173              	.L6:
 174              		.align	2
 175              	.L5:
 176 003c 00000000 		.word	timeIndex
 177 0040 00000000 		.word	timeArray
 178 0044 00000000 		.word	printSpeed
 179              		.cfi_endproc
 180              	.LFE64:
 181              		.size	QuadDecoderIsr, .-QuadDecoderIsr
 182              		.global	__aeabi_ui2f
 183              		.global	__aeabi_f2d
 184              		.global	__aeabi_ddiv
 185              		.global	__aeabi_d2uiz
 186              		.section	.text.main,"ax",%progbits
 187              		.align	2
 188              		.global	main
 189              		.thumb
 190              		.thumb_func
 191              		.type	main, %function
 192              	main:
 193              	.LFB65:
  52:main.c        **** 
  53:main.c        **** 
  54:main.c        **** 
  55:main.c        **** int main(){
 194              		.loc 1 55 0
 195              		.cfi_startproc
 196              		@ args = 0, pretend = 0, frame = 8
 197              		@ frame_needed = 1, uses_anonymous_args = 0
 198 0000 90B5     		push	{r4, r7, lr}
 199              		.cfi_def_cfa_offset 12
 200              		.cfi_offset 4, -12
 201              		.cfi_offset 7, -8
 202              		.cfi_offset 14, -4
 203 0002 83B0     		sub	sp, sp, #12
 204              		.cfi_def_cfa_offset 24
 205 0004 00AF     		add	r7, sp, #0
 206              		.cfi_def_cfa_register 7
  56:main.c        ****     
  57:main.c        **** // --------------------------------    
  58:main.c        **** // ----- INITIALIZATIONS ----------
  59:main.c        ****     CYGlobalIntEnable;    
 207              		.loc 1 59 0
 208              		.syntax unified
 209              	@ 59 "main.c" 1
 210 0006 62B6     		CPSIE   i
 211              	@ 0 "" 2
  60:main.c        ****     
  61:main.c        ****     //PWM1
  62:main.c        ****     PWM_1_Start();
 212              		.loc 1 62 0
 213              		.thumb
 214              		.syntax unified
ARM GAS  C:\Users\schoo\AppData\Local\Temp\ccJGZj5g.s 			page 6


 215 0008 FFF7FEFF 		bl	PWM_1_Start
  63:main.c        ****     //PWM2
  64:main.c        ****     PWM_2_Start();   
 216              		.loc 1 64 0
 217 000c FFF7FEFF 		bl	PWM_2_Start
  65:main.c        ****     
  66:main.c        ****     //QuadEncoder initialisation
  67:main.c        ****     isr_quad_timer_StartEx(QuadDecoderIsr);
 218              		.loc 1 67 0
 219 0010 4148     		ldr	r0, .L23+8
 220 0012 FFF7FEFF 		bl	isr_quad_timer_StartEx
  68:main.c        ****     Quad_TImer_Start();
 221              		.loc 1 68 0
 222 0016 FFF7FEFF 		bl	Quad_TImer_Start
  69:main.c        ****     
  70:main.c        ****     
  71:main.c        ****     // control signals
  72:main.c        ****     uint8_t currentState = 0;
 223              		.loc 1 72 0
 224 001a 0023     		movs	r3, #0
 225 001c FB71     		strb	r3, [r7, #7]
  73:main.c        ****     volatile uint8_t mode = 0;
 226              		.loc 1 73 0
 227 001e 0023     		movs	r3, #0
 228 0020 FB70     		strb	r3, [r7, #3]
  74:main.c        ****     volatile uint8_t cal = 0;
 229              		.loc 1 74 0
 230 0022 0023     		movs	r3, #0
 231 0024 BB70     		strb	r3, [r7, #2]
 232              	.L21:
  75:main.c        ****     
  76:main.c        ****     
  77:main.c        ****     
  78:main.c        ****     
  79:main.c        ****     
  80:main.c        ****     for(;;)
  81:main.c        ****     {
  82:main.c        ****         //StateMachine
  83:main.c        ****         
  84:main.c        ****         switch (currentState){
 233              		.loc 1 84 0
 234 0026 FB79     		ldrb	r3, [r7, #7]	@ zero_extendqisi2
 235 0028 012B     		cmp	r3, #1
 236 002a 10D0     		beq	.L9
 237 002c 042B     		cmp	r3, #4
 238 002e 1AD0     		beq	.L10
 239 0030 002B     		cmp	r3, #0
 240 0032 46D1     		bne	.L8
  85:main.c        ****             case (MODESELECT):
  86:main.c        ****                 switch (mode){
 241              		.loc 1 86 0
 242 0034 FB78     		ldrb	r3, [r7, #3]
 243 0036 DBB2     		uxtb	r3, r3
 244 0038 002B     		cmp	r3, #0
 245 003a 02D0     		beq	.L12
 246 003c 012B     		cmp	r3, #1
 247 003e 03D0     		beq	.L13
ARM GAS  C:\Users\schoo\AppData\Local\Temp\ccJGZj5g.s 			page 7


 248 0040 05E0     		b	.L9
 249              	.L12:
  87:main.c        ****                     case (0):
  88:main.c        ****                        currentState = FREERUNNING;
 250              		.loc 1 88 0
 251 0042 0123     		movs	r3, #1
 252 0044 FB71     		strb	r3, [r7, #7]
  89:main.c        ****                     break;
 253              		.loc 1 89 0
 254 0046 02E0     		b	.L9
 255              	.L13:
  90:main.c        ****                     case (1):
  91:main.c        ****                         currentState = SHORTESTMODE;
 256              		.loc 1 91 0
 257 0048 0223     		movs	r3, #2
 258 004a FB71     		strb	r3, [r7, #7]
  92:main.c        ****                     break;
 259              		.loc 1 92 0
 260 004c 00BF     		nop
 261              	.L9:
  93:main.c        ****                 }
  94:main.c        ****             case (FREERUNNING):
  95:main.c        ****                 switch (cal){
 262              		.loc 1 95 0
 263 004e BB78     		ldrb	r3, [r7, #2]
 264 0050 DBB2     		uxtb	r3, r3
 265 0052 002B     		cmp	r3, #0
 266 0054 04D0     		beq	.L14
 267 0056 012B     		cmp	r3, #1
 268 0058 05D1     		bne	.L10
  96:main.c        ****                     case (1):
  97:main.c        ****                         currentState = CALIBRATING;
 269              		.loc 1 97 0
 270 005a 0323     		movs	r3, #3
 271 005c FB71     		strb	r3, [r7, #7]
  98:main.c        ****                     break;
 272              		.loc 1 98 0
 273 005e 02E0     		b	.L10
 274              	.L14:
  99:main.c        ****                     case(0):
 100:main.c        ****                         currentState = DRIVING;
 275              		.loc 1 100 0
 276 0060 0423     		movs	r3, #4
 277 0062 FB71     		strb	r3, [r7, #7]
 101:main.c        ****                     break;   
 278              		.loc 1 101 0
 279 0064 00BF     		nop
 280              	.L10:
 102:main.c        ****                 }
 103:main.c        ****             case (DRIVING):
 104:main.c        ****                 //state Actions
 105:main.c        ****                 //drive
 106:main.c        ****                 controlWheels(MEDIUM_FORWARD, MEDIUM_FORWARD);
 281              		.loc 1 106 0
 282 0066 4B21     		movs	r1, #75
 283 0068 4B20     		movs	r0, #75
 284 006a FFF7FEFF 		bl	controlWheels
ARM GAS  C:\Users\schoo\AppData\Local\Temp\ccJGZj5g.s 			page 8


 107:main.c        ****                 
 108:main.c        ****             
 109:main.c        ****                 if (!Q5_Read() || !Q4_Read()){
 285              		.loc 1 109 0
 286 006e FFF7FEFF 		bl	Q5_Read
 287 0072 0346     		mov	r3, r0
 288 0074 002B     		cmp	r3, #0
 289 0076 04D0     		beq	.L16
 290              		.loc 1 109 0 is_stmt 0 discriminator 1
 291 0078 FFF7FEFF 		bl	Q4_Read
 292 007c 0346     		mov	r3, r0
 293 007e 002B     		cmp	r3, #0
 294 0080 01D1     		bne	.L17
 295              	.L16:
 110:main.c        ****                     currentState = TURNING;
 296              		.loc 1 110 0 is_stmt 1
 297 0082 0523     		movs	r3, #5
 298 0084 FB71     		strb	r3, [r7, #7]
 299              	.L17:
 111:main.c        ****                 }
 112:main.c        ****                 if (Q2_Read() && !Q6_Read()){
 300              		.loc 1 112 0
 301 0086 FFF7FEFF 		bl	Q2_Read
 302 008a 0346     		mov	r3, r0
 303 008c 002B     		cmp	r3, #0
 304 008e 06D0     		beq	.L18
 305              		.loc 1 112 0 is_stmt 0 discriminator 1
 306 0090 FFF7FEFF 		bl	Q6_Read
 307 0094 0346     		mov	r3, r0
 308 0096 002B     		cmp	r3, #0
 309 0098 01D1     		bne	.L18
 113:main.c        ****                     currentState = CALIBRATING;
 310              		.loc 1 113 0 is_stmt 1
 311 009a 0323     		movs	r3, #3
 312 009c FB71     		strb	r3, [r7, #7]
 313              	.L18:
 114:main.c        ****                 }
 115:main.c        ****                 if (Q1_Read() && Q2_Read() && Q3_Read()){
 314              		.loc 1 115 0
 315 009e FFF7FEFF 		bl	Q1_Read
 316 00a2 0346     		mov	r3, r0
 317 00a4 002B     		cmp	r3, #0
 318 00a6 0BD0     		beq	.L22
 319              		.loc 1 115 0 is_stmt 0 discriminator 1
 320 00a8 FFF7FEFF 		bl	Q2_Read
 321 00ac 0346     		mov	r3, r0
 322 00ae 002B     		cmp	r3, #0
 323 00b0 06D0     		beq	.L22
 324              		.loc 1 115 0 discriminator 2
 325 00b2 FFF7FEFF 		bl	Q3_Read
 326 00b6 0346     		mov	r3, r0
 327 00b8 002B     		cmp	r3, #0
 328 00ba 01D0     		beq	.L22
 116:main.c        ****                     currentState = STOPCAR;
 329              		.loc 1 116 0 is_stmt 1
 330 00bc 0A23     		movs	r3, #10
 331 00be FB71     		strb	r3, [r7, #7]
ARM GAS  C:\Users\schoo\AppData\Local\Temp\ccJGZj5g.s 			page 9


 332              	.L22:
 117:main.c        ****                 }
 118:main.c        ****                     
 119:main.c        ****             break;
 333              		.loc 1 119 0
 334 00c0 00BF     		nop
 335              	.L8:
 120:main.c        ****         }
 121:main.c        ****         
 122:main.c        ****         
 123:main.c        ****         //QuadEncoder icode
 124:main.c        ****         if (printSpeed == 1){
 336              		.loc 1 124 0
 337 00c2 164B     		ldr	r3, .L23+12
 338 00c4 1B78     		ldrb	r3, [r3]	@ zero_extendqisi2
 339 00c6 012B     		cmp	r3, #1
 340 00c8 ADD1     		bne	.L21
 341              	.LBB2:
 125:main.c        ****             uint16_t speed = timeArray[0] - timeArray[1];
 342              		.loc 1 125 0
 343 00ca 154B     		ldr	r3, .L23+16
 344 00cc 1B78     		ldrb	r3, [r3]	@ zero_extendqisi2
 345 00ce 9AB2     		uxth	r2, r3
 346 00d0 134B     		ldr	r3, .L23+16
 347 00d2 5B78     		ldrb	r3, [r3, #1]	@ zero_extendqisi2
 348 00d4 9BB2     		uxth	r3, r3
 349 00d6 D31A     		subs	r3, r2, r3
 350 00d8 BB80     		strh	r3, [r7, #4]	@ movhi
 126:main.c        ****             speed =  (float)speed / 1.31;
 351              		.loc 1 126 0
 352 00da BB88     		ldrh	r3, [r7, #4]
 353 00dc 1846     		mov	r0, r3
 354 00de FFF7FEFF 		bl	__aeabi_ui2f
 355 00e2 0346     		mov	r3, r0
 356 00e4 1846     		mov	r0, r3
 357 00e6 FFF7FEFF 		bl	__aeabi_f2d
 358 00ea 09A3     		adr	r3, .L23
 359 00ec D3E90023 		ldrd	r2, [r3]
 360 00f0 FFF7FEFF 		bl	__aeabi_ddiv
 361 00f4 0346     		mov	r3, r0
 362 00f6 0C46     		mov	r4, r1
 363 00f8 1846     		mov	r0, r3
 364 00fa 2146     		mov	r1, r4
 365 00fc FFF7FEFF 		bl	__aeabi_d2uiz
 366 0100 0346     		mov	r3, r0
 367 0102 BB80     		strh	r3, [r7, #4]	@ movhi
 127:main.c        ****             
 128:main.c        ****             //char buffer [64];
 129:main.c        ****             //itoa(speed, buffer, 10);
 130:main.c        ****            // USBUART_PutString(buffer);
 131:main.c        ****             printSpeed = 0; 
 368              		.loc 1 131 0
 369 0104 054B     		ldr	r3, .L23+12
 370 0106 0022     		movs	r2, #0
 371 0108 1A70     		strb	r2, [r3]
 372              	.LBE2:
 132:main.c        ****         }
ARM GAS  C:\Users\schoo\AppData\Local\Temp\ccJGZj5g.s 			page 10


 133:main.c        ****     }  
 373              		.loc 1 133 0
 374 010a 8CE7     		b	.L21
 375              	.L24:
 376 010c AFF30080 		.align	3
 377              	.L23:
 378 0110 F6285C8F 		.word	-1889785610
 379 0114 C2F5F43F 		.word	1073018306
 380 0118 00000000 		.word	QuadDecoderIsr
 381 011c 00000000 		.word	printSpeed
 382 0120 00000000 		.word	timeArray
 383              		.cfi_endproc
 384              	.LFE65:
 385              		.size	main, .-main
 386              		.section	.text.usbPutString,"ax",%progbits
 387              		.align	2
 388              		.global	usbPutString
 389              		.thumb
 390              		.thumb_func
 391              		.type	usbPutString, %function
 392              	usbPutString:
 393              	.LFB66:
 134:main.c        **** }//End main
 135:main.c        **** 
 136:main.c        **** 
 137:main.c        **** 
 138:main.c        **** //* ========================================
 139:main.c        **** void usbPutString(char *s)
 140:main.c        **** {
 394              		.loc 1 140 0
 395              		.cfi_startproc
 396              		@ args = 0, pretend = 0, frame = 8
 397              		@ frame_needed = 1, uses_anonymous_args = 0
 398 0000 80B5     		push	{r7, lr}
 399              		.cfi_def_cfa_offset 8
 400              		.cfi_offset 7, -8
 401              		.cfi_offset 14, -4
 402 0002 82B0     		sub	sp, sp, #8
 403              		.cfi_def_cfa_offset 16
 404 0004 00AF     		add	r7, sp, #0
 405              		.cfi_def_cfa_register 7
 406 0006 7860     		str	r0, [r7, #4]
 141:main.c        **** // !! Assumes that *s is a string with allocated space >=64 chars     
 142:main.c        **** //  Since USB implementation retricts data packets to 64 chars, this function truncates the
 143:main.c        **** //  length to 62 char (63rd char is a '!')
 144:main.c        **** 
 145:main.c        **** #ifdef USE_USB     
 146:main.c        ****     while (USBUART_CDCIsReady() == 0);
 407              		.loc 1 146 0
 408 0008 00BF     		nop
 409              	.L26:
 410              		.loc 1 146 0 is_stmt 0 discriminator 1
 411 000a FFF7FEFF 		bl	USBUART_CDCIsReady
 412 000e 0346     		mov	r3, r0
 413 0010 002B     		cmp	r3, #0
 414 0012 FAD0     		beq	.L26
 147:main.c        ****     s[63]='\0';
ARM GAS  C:\Users\schoo\AppData\Local\Temp\ccJGZj5g.s 			page 11


 415              		.loc 1 147 0 is_stmt 1
 416 0014 7B68     		ldr	r3, [r7, #4]
 417 0016 3F33     		adds	r3, r3, #63
 418 0018 0022     		movs	r2, #0
 419 001a 1A70     		strb	r2, [r3]
 148:main.c        ****     s[62]='!';
 420              		.loc 1 148 0
 421 001c 7B68     		ldr	r3, [r7, #4]
 422 001e 3E33     		adds	r3, r3, #62
 423 0020 2122     		movs	r2, #33
 424 0022 1A70     		strb	r2, [r3]
 149:main.c        ****     USBUART_PutData((uint8*)s,strlen(s));
 425              		.loc 1 149 0
 426 0024 7868     		ldr	r0, [r7, #4]
 427 0026 FFF7FEFF 		bl	strlen
 428 002a 0346     		mov	r3, r0
 429 002c 9BB2     		uxth	r3, r3
 430 002e 1946     		mov	r1, r3
 431 0030 7868     		ldr	r0, [r7, #4]
 432 0032 FFF7FEFF 		bl	USBUART_PutData
 150:main.c        **** #endif
 151:main.c        **** }
 433              		.loc 1 151 0
 434 0036 00BF     		nop
 435 0038 0837     		adds	r7, r7, #8
 436              		.cfi_def_cfa_offset 8
 437 003a BD46     		mov	sp, r7
 438              		.cfi_def_cfa_register 13
 439              		@ sp needed
 440 003c 80BD     		pop	{r7, pc}
 441              		.cfi_endproc
 442              	.LFE66:
 443              		.size	usbPutString, .-usbPutString
 444 003e 00BF     		.section	.text.usbPutChar,"ax",%progbits
 445              		.align	2
 446              		.global	usbPutChar
 447              		.thumb
 448              		.thumb_func
 449              		.type	usbPutChar, %function
 450              	usbPutChar:
 451              	.LFB67:
 152:main.c        **** //* ========================================
 153:main.c        **** void usbPutChar(char c)
 154:main.c        **** {
 452              		.loc 1 154 0
 453              		.cfi_startproc
 454              		@ args = 0, pretend = 0, frame = 8
 455              		@ frame_needed = 1, uses_anonymous_args = 0
 456 0000 80B5     		push	{r7, lr}
 457              		.cfi_def_cfa_offset 8
 458              		.cfi_offset 7, -8
 459              		.cfi_offset 14, -4
 460 0002 82B0     		sub	sp, sp, #8
 461              		.cfi_def_cfa_offset 16
 462 0004 00AF     		add	r7, sp, #0
 463              		.cfi_def_cfa_register 7
 464 0006 0346     		mov	r3, r0
ARM GAS  C:\Users\schoo\AppData\Local\Temp\ccJGZj5g.s 			page 12


 465 0008 FB71     		strb	r3, [r7, #7]
 155:main.c        **** #ifdef USE_USB     
 156:main.c        ****     while (USBUART_CDCIsReady() == 0);
 466              		.loc 1 156 0
 467 000a 00BF     		nop
 468              	.L28:
 469              		.loc 1 156 0 is_stmt 0 discriminator 1
 470 000c FFF7FEFF 		bl	USBUART_CDCIsReady
 471 0010 0346     		mov	r3, r0
 472 0012 002B     		cmp	r3, #0
 473 0014 FAD0     		beq	.L28
 157:main.c        ****     USBUART_PutChar(c);
 474              		.loc 1 157 0 is_stmt 1
 475 0016 FB79     		ldrb	r3, [r7, #7]	@ zero_extendqisi2
 476 0018 1846     		mov	r0, r3
 477 001a FFF7FEFF 		bl	USBUART_PutChar
 158:main.c        **** #endif    
 159:main.c        **** }
 478              		.loc 1 159 0
 479 001e 00BF     		nop
 480 0020 0837     		adds	r7, r7, #8
 481              		.cfi_def_cfa_offset 8
 482 0022 BD46     		mov	sp, r7
 483              		.cfi_def_cfa_register 13
 484              		@ sp needed
 485 0024 80BD     		pop	{r7, pc}
 486              		.cfi_endproc
 487              	.LFE67:
 488              		.size	usbPutChar, .-usbPutChar
 489 0026 00BF     		.text
 490              	.Letext0:
 491              		.file 2 "c:\\program files (x86)\\cypress\\psoc creator\\4.2\\psoc creator\\import\\gnu\\arm\\5.4.
 492              		.file 3 "c:\\program files (x86)\\cypress\\psoc creator\\4.2\\psoc creator\\import\\gnu\\arm\\5.4.
 493              		.file 4 "Generated_Source\\PSoC5/cytypes.h"
 494              		.file 5 "vars.h"
 495              		.file 6 "Generated_Source\\PSoC5/core_cm3.h"
 496              		.section	.debug_info,"",%progbits
 497              	.Ldebug_info0:
 498 0000 48040000 		.4byte	0x448
 499 0004 0400     		.2byte	0x4
 500 0006 00000000 		.4byte	.Ldebug_abbrev0
 501 000a 04       		.byte	0x4
 502 000b 01       		.uleb128 0x1
 503 000c 68000000 		.4byte	.LASF69
 504 0010 0C       		.byte	0xc
 505 0011 47030000 		.4byte	.LASF70
 506 0015 F8010000 		.4byte	.LASF71
 507 0019 00000000 		.4byte	.Ldebug_ranges0+0
 508 001d 00000000 		.4byte	0
 509 0021 00000000 		.4byte	.Ldebug_line0
 510 0025 02       		.uleb128 0x2
 511 0026 01       		.byte	0x1
 512 0027 06       		.byte	0x6
 513 0028 7C020000 		.4byte	.LASF0
 514 002c 03       		.uleb128 0x3
 515 002d A8010000 		.4byte	.LASF3
 516 0031 02       		.byte	0x2
ARM GAS  C:\Users\schoo\AppData\Local\Temp\ccJGZj5g.s 			page 13


 517 0032 1D       		.byte	0x1d
 518 0033 37000000 		.4byte	0x37
 519 0037 02       		.uleb128 0x2
 520 0038 01       		.byte	0x1
 521 0039 08       		.byte	0x8
 522 003a E1010000 		.4byte	.LASF1
 523 003e 02       		.uleb128 0x2
 524 003f 02       		.byte	0x2
 525 0040 05       		.byte	0x5
 526 0041 34000000 		.4byte	.LASF2
 527 0045 03       		.uleb128 0x3
 528 0046 00010000 		.4byte	.LASF4
 529 004a 02       		.byte	0x2
 530 004b 2B       		.byte	0x2b
 531 004c 50000000 		.4byte	0x50
 532 0050 02       		.uleb128 0x2
 533 0051 02       		.byte	0x2
 534 0052 07       		.byte	0x7
 535 0053 E6020000 		.4byte	.LASF5
 536 0057 03       		.uleb128 0x3
 537 0058 86030000 		.4byte	.LASF6
 538 005c 02       		.byte	0x2
 539 005d 3F       		.byte	0x3f
 540 005e 62000000 		.4byte	0x62
 541 0062 02       		.uleb128 0x2
 542 0063 04       		.byte	0x4
 543 0064 05       		.byte	0x5
 544 0065 9F010000 		.4byte	.LASF7
 545 0069 02       		.uleb128 0x2
 546 006a 04       		.byte	0x4
 547 006b 07       		.byte	0x7
 548 006c 4E030000 		.4byte	.LASF8
 549 0070 02       		.uleb128 0x2
 550 0071 08       		.byte	0x8
 551 0072 05       		.byte	0x5
 552 0073 51010000 		.4byte	.LASF9
 553 0077 02       		.uleb128 0x2
 554 0078 08       		.byte	0x8
 555 0079 07       		.byte	0x7
 556 007a 88020000 		.4byte	.LASF10
 557 007e 04       		.uleb128 0x4
 558 007f 04       		.byte	0x4
 559 0080 05       		.byte	0x5
 560 0081 696E7400 		.ascii	"int\000"
 561 0085 02       		.uleb128 0x2
 562 0086 04       		.byte	0x4
 563 0087 07       		.byte	0x7
 564 0088 9F020000 		.4byte	.LASF11
 565 008c 02       		.uleb128 0x2
 566 008d 08       		.byte	0x8
 567 008e 04       		.byte	0x4
 568 008f D5010000 		.4byte	.LASF12
 569 0093 02       		.uleb128 0x2
 570 0094 04       		.byte	0x4
 571 0095 07       		.byte	0x7
 572 0096 4B000000 		.4byte	.LASF13
 573 009a 05       		.uleb128 0x5
ARM GAS  C:\Users\schoo\AppData\Local\Temp\ccJGZj5g.s 			page 14


 574 009b 04       		.byte	0x4
 575 009c A0000000 		.4byte	0xa0
 576 00a0 02       		.uleb128 0x2
 577 00a1 01       		.byte	0x1
 578 00a2 08       		.byte	0x8
 579 00a3 03030000 		.4byte	.LASF14
 580 00a7 03       		.uleb128 0x3
 581 00a8 90030000 		.4byte	.LASF15
 582 00ac 03       		.byte	0x3
 583 00ad 18       		.byte	0x18
 584 00ae 2C000000 		.4byte	0x2c
 585 00b2 03       		.uleb128 0x3
 586 00b3 AC020000 		.4byte	.LASF16
 587 00b7 03       		.byte	0x3
 588 00b8 24       		.byte	0x24
 589 00b9 45000000 		.4byte	0x45
 590 00bd 03       		.uleb128 0x3
 591 00be 13030000 		.4byte	.LASF17
 592 00c2 03       		.byte	0x3
 593 00c3 2C       		.byte	0x2c
 594 00c4 57000000 		.4byte	0x57
 595 00c8 06       		.uleb128 0x6
 596 00c9 2B010000 		.4byte	.LASF18
 597 00cd 04       		.byte	0x4
 598 00ce E701     		.2byte	0x1e7
 599 00d0 37000000 		.4byte	0x37
 600 00d4 06       		.uleb128 0x6
 601 00d5 18010000 		.4byte	.LASF19
 602 00d9 04       		.byte	0x4
 603 00da E801     		.2byte	0x1e8
 604 00dc 50000000 		.4byte	0x50
 605 00e0 06       		.uleb128 0x6
 606 00e1 6E010000 		.4byte	.LASF20
 607 00e5 04       		.byte	0x4
 608 00e6 EA01     		.2byte	0x1ea
 609 00e8 25000000 		.4byte	0x25
 610 00ec 06       		.uleb128 0x6
 611 00ed 25010000 		.4byte	.LASF21
 612 00f1 04       		.byte	0x4
 613 00f2 EB01     		.2byte	0x1eb
 614 00f4 3E000000 		.4byte	0x3e
 615 00f8 02       		.uleb128 0x2
 616 00f9 04       		.byte	0x4
 617 00fa 04       		.byte	0x4
 618 00fb 4B010000 		.4byte	.LASF22
 619 00ff 02       		.uleb128 0x2
 620 0100 08       		.byte	0x8
 621 0101 04       		.byte	0x4
 622 0102 60030000 		.4byte	.LASF23
 623 0106 07       		.uleb128 0x7
 624 0107 A7000000 		.4byte	0xa7
 625 010b 08       		.uleb128 0x8
 626 010c F9020000 		.4byte	.LASF72
 627 0110 20       		.byte	0x20
 628 0111 05       		.byte	0x5
 629 0112 29       		.byte	0x29
 630 0113 E4010000 		.4byte	0x1e4
ARM GAS  C:\Users\schoo\AppData\Local\Temp\ccJGZj5g.s 			page 15


 631 0117 09       		.uleb128 0x9
 632 0118 E9030000 		.4byte	.LASF24
 633 011c 05       		.byte	0x5
 634 011d 2A       		.byte	0x2a
 635 011e E0000000 		.4byte	0xe0
 636 0122 00       		.byte	0
 637 0123 09       		.uleb128 0x9
 638 0124 1F010000 		.4byte	.LASF25
 639 0128 05       		.byte	0x5
 640 0129 2B       		.byte	0x2b
 641 012a C8000000 		.4byte	0xc8
 642 012e 01       		.byte	0x1
 643 012f 09       		.uleb128 0x9
 644 0130 08030000 		.4byte	.LASF26
 645 0134 05       		.byte	0x5
 646 0135 2C       		.byte	0x2c
 647 0136 EC000000 		.4byte	0xec
 648 013a 02       		.byte	0x2
 649 013b 09       		.uleb128 0x9
 650 013c D1030000 		.4byte	.LASF27
 651 0140 05       		.byte	0x5
 652 0141 2D       		.byte	0x2d
 653 0142 EC000000 		.4byte	0xec
 654 0146 04       		.byte	0x4
 655 0147 09       		.uleb128 0x9
 656 0148 EE030000 		.4byte	.LASF28
 657 014c 05       		.byte	0x5
 658 014d 2E       		.byte	0x2e
 659 014e EC000000 		.4byte	0xec
 660 0152 06       		.byte	0x6
 661 0153 09       		.uleb128 0x9
 662 0154 97010000 		.4byte	.LASF29
 663 0158 05       		.byte	0x5
 664 0159 2F       		.byte	0x2f
 665 015a EC000000 		.4byte	0xec
 666 015e 08       		.byte	0x8
 667 015f 09       		.uleb128 0x9
 668 0160 98030000 		.4byte	.LASF30
 669 0164 05       		.byte	0x5
 670 0165 30       		.byte	0x30
 671 0166 EC000000 		.4byte	0xec
 672 016a 0A       		.byte	0xa
 673 016b 09       		.uleb128 0x9
 674 016c EF010000 		.4byte	.LASF31
 675 0170 05       		.byte	0x5
 676 0171 31       		.byte	0x31
 677 0172 EC000000 		.4byte	0xec
 678 0176 0C       		.byte	0xc
 679 0177 09       		.uleb128 0x9
 680 0178 8A010000 		.4byte	.LASF32
 681 017c 05       		.byte	0x5
 682 017d 32       		.byte	0x32
 683 017e EC000000 		.4byte	0xec
 684 0182 0E       		.byte	0xe
 685 0183 09       		.uleb128 0x9
 686 0184 DE020000 		.4byte	.LASF33
 687 0188 05       		.byte	0x5
ARM GAS  C:\Users\schoo\AppData\Local\Temp\ccJGZj5g.s 			page 16


 688 0189 33       		.byte	0x33
 689 018a EC000000 		.4byte	0xec
 690 018e 10       		.byte	0x10
 691 018f 09       		.uleb128 0x9
 692 0190 1B030000 		.4byte	.LASF34
 693 0194 05       		.byte	0x5
 694 0195 34       		.byte	0x34
 695 0196 EC000000 		.4byte	0xec
 696 019a 12       		.byte	0x12
 697 019b 09       		.uleb128 0x9
 698 019c 30030000 		.4byte	.LASF35
 699 01a0 05       		.byte	0x5
 700 01a1 35       		.byte	0x35
 701 01a2 EC000000 		.4byte	0xec
 702 01a6 14       		.byte	0x14
 703 01a7 09       		.uleb128 0x9
 704 01a8 31010000 		.4byte	.LASF36
 705 01ac 05       		.byte	0x5
 706 01ad 36       		.byte	0x36
 707 01ae EC000000 		.4byte	0xec
 708 01b2 16       		.byte	0x16
 709 01b3 09       		.uleb128 0x9
 710 01b4 2C000000 		.4byte	.LASF37
 711 01b8 05       		.byte	0x5
 712 01b9 37       		.byte	0x37
 713 01ba EC000000 		.4byte	0xec
 714 01be 18       		.byte	0x18
 715 01bf 09       		.uleb128 0x9
 716 01c0 82010000 		.4byte	.LASF38
 717 01c4 05       		.byte	0x5
 718 01c5 38       		.byte	0x38
 719 01c6 EC000000 		.4byte	0xec
 720 01ca 1A       		.byte	0x1a
 721 01cb 09       		.uleb128 0x9
 722 01cc C6020000 		.4byte	.LASF39
 723 01d0 05       		.byte	0x5
 724 01d1 39       		.byte	0x39
 725 01d2 EC000000 		.4byte	0xec
 726 01d6 1C       		.byte	0x1c
 727 01d7 09       		.uleb128 0x9
 728 01d8 23030000 		.4byte	.LASF40
 729 01dc 05       		.byte	0x5
 730 01dd 3A       		.byte	0x3a
 731 01de EC000000 		.4byte	0xec
 732 01e2 1E       		.byte	0x1e
 733 01e3 00       		.byte	0
 734 01e4 0A       		.uleb128 0xa
 735 01e5 5F010000 		.4byte	.LASF73
 736 01e9 01       		.byte	0x1
 737 01ea 2A       		.byte	0x2a
 738 01eb 00000000 		.4byte	.LFB64
 739 01ef 48000000 		.4byte	.LFE64-.LFB64
 740 01f3 01       		.uleb128 0x1
 741 01f4 9C       		.byte	0x9c
 742 01f5 0B       		.uleb128 0xb
 743 01f6 F6000000 		.4byte	.LASF44
 744 01fa 01       		.byte	0x1
ARM GAS  C:\Users\schoo\AppData\Local\Temp\ccJGZj5g.s 			page 17


 745 01fb 37       		.byte	0x37
 746 01fc 7E000000 		.4byte	0x7e
 747 0200 00000000 		.4byte	.LFB65
 748 0204 24010000 		.4byte	.LFE65-.LFB65
 749 0208 01       		.uleb128 0x1
 750 0209 9C       		.byte	0x9c
 751 020a 51020000 		.4byte	0x251
 752 020e 0C       		.uleb128 0xc
 753 020f 3E010000 		.4byte	.LASF41
 754 0213 01       		.byte	0x1
 755 0214 48       		.byte	0x48
 756 0215 A7000000 		.4byte	0xa7
 757 0219 02       		.uleb128 0x2
 758 021a 91       		.byte	0x91
 759 021b 6F       		.sleb128 -17
 760 021c 0C       		.uleb128 0xc
 761 021d FB000000 		.4byte	.LASF42
 762 0221 01       		.byte	0x1
 763 0222 49       		.byte	0x49
 764 0223 06010000 		.4byte	0x106
 765 0227 02       		.uleb128 0x2
 766 0228 91       		.byte	0x91
 767 0229 6B       		.sleb128 -21
 768 022a 0D       		.uleb128 0xd
 769 022b 63616C00 		.ascii	"cal\000"
 770 022f 01       		.byte	0x1
 771 0230 4A       		.byte	0x4a
 772 0231 06010000 		.4byte	0x106
 773 0235 02       		.uleb128 0x2
 774 0236 91       		.byte	0x91
 775 0237 6A       		.sleb128 -22
 776 0238 0E       		.uleb128 0xe
 777 0239 CA000000 		.4byte	.LBB2
 778 023d 40000000 		.4byte	.LBE2-.LBB2
 779 0241 0C       		.uleb128 0xc
 780 0242 C0020000 		.4byte	.LASF43
 781 0246 01       		.byte	0x1
 782 0247 7D       		.byte	0x7d
 783 0248 B2000000 		.4byte	0xb2
 784 024c 02       		.uleb128 0x2
 785 024d 91       		.byte	0x91
 786 024e 6C       		.sleb128 -20
 787 024f 00       		.byte	0
 788 0250 00       		.byte	0
 789 0251 0F       		.uleb128 0xf
 790 0252 0B010000 		.4byte	.LASF45
 791 0256 01       		.byte	0x1
 792 0257 8B       		.byte	0x8b
 793 0258 00000000 		.4byte	.LFB66
 794 025c 3E000000 		.4byte	.LFE66-.LFB66
 795 0260 01       		.uleb128 0x1
 796 0261 9C       		.byte	0x9c
 797 0262 73020000 		.4byte	0x273
 798 0266 10       		.uleb128 0x10
 799 0267 7300     		.ascii	"s\000"
 800 0269 01       		.byte	0x1
 801 026a 8B       		.byte	0x8b
ARM GAS  C:\Users\schoo\AppData\Local\Temp\ccJGZj5g.s 			page 18


 802 026b 9A000000 		.4byte	0x9a
 803 026f 02       		.uleb128 0x2
 804 0270 91       		.byte	0x91
 805 0271 74       		.sleb128 -12
 806 0272 00       		.byte	0
 807 0273 0F       		.uleb128 0xf
 808 0274 00000000 		.4byte	.LASF46
 809 0278 01       		.byte	0x1
 810 0279 99       		.byte	0x99
 811 027a 00000000 		.4byte	.LFB67
 812 027e 26000000 		.4byte	.LFE67-.LFB67
 813 0282 01       		.uleb128 0x1
 814 0283 9C       		.byte	0x9c
 815 0284 95020000 		.4byte	0x295
 816 0288 10       		.uleb128 0x10
 817 0289 6300     		.ascii	"c\000"
 818 028b 01       		.byte	0x1
 819 028c 99       		.byte	0x99
 820 028d A0000000 		.4byte	0xa0
 821 0291 02       		.uleb128 0x2
 822 0292 91       		.byte	0x91
 823 0293 77       		.sleb128 -9
 824 0294 00       		.byte	0
 825 0295 11       		.uleb128 0x11
 826 0296 DC030000 		.4byte	.LASF47
 827 029a 06       		.byte	0x6
 828 029b 1207     		.2byte	0x712
 829 029d A1020000 		.4byte	0x2a1
 830 02a1 07       		.uleb128 0x7
 831 02a2 BD000000 		.4byte	0xbd
 832 02a6 12       		.uleb128 0x12
 833 02a7 747300   		.ascii	"ts\000"
 834 02aa 05       		.byte	0x5
 835 02ab 10       		.byte	0x10
 836 02ac C8000000 		.4byte	0xc8
 837 02b0 05       		.uleb128 0x5
 838 02b1 03       		.byte	0x3
 839 02b2 00000000 		.4byte	ts
 840 02b6 13       		.uleb128 0x13
 841 02b7 0B000000 		.4byte	.LASF48
 842 02bb 05       		.byte	0x5
 843 02bc 11       		.byte	0x11
 844 02bd D4000000 		.4byte	0xd4
 845 02c1 05       		.uleb128 0x5
 846 02c2 03       		.byte	0x3
 847 02c3 00000000 		.4byte	ts_enc
 848 02c7 13       		.uleb128 0x13
 849 02c8 AB030000 		.4byte	.LASF49
 850 02cc 05       		.byte	0x5
 851 02cd 12       		.byte	0x12
 852 02ce D4000000 		.4byte	0xd4
 853 02d2 05       		.uleb128 0x5
 854 02d3 03       		.byte	0x3
 855 02d4 00000000 		.4byte	ts_update
 856 02d8 13       		.uleb128 0x13
 857 02d9 71030000 		.4byte	.LASF50
 858 02dd 05       		.byte	0x5
ARM GAS  C:\Users\schoo\AppData\Local\Temp\ccJGZj5g.s 			page 19


 859 02de 13       		.byte	0x13
 860 02df D4000000 		.4byte	0xd4
 861 02e3 05       		.uleb128 0x5
 862 02e4 03       		.byte	0x3
 863 02e5 00000000 		.4byte	ts_speed
 864 02e9 13       		.uleb128 0x13
 865 02ea A0030000 		.4byte	.LASF51
 866 02ee 05       		.byte	0x5
 867 02ef 14       		.byte	0x14
 868 02f0 D4000000 		.4byte	0xd4
 869 02f4 05       		.uleb128 0x5
 870 02f5 03       		.byte	0x3
 871 02f6 00000000 		.4byte	ts_display
 872 02fa 13       		.uleb128 0x13
 873 02fb 7A030000 		.4byte	.LASF52
 874 02ff 05       		.byte	0x5
 875 0300 16       		.byte	0x16
 876 0301 C8000000 		.4byte	0xc8
 877 0305 05       		.uleb128 0x5
 878 0306 03       		.byte	0x3
 879 0307 00000000 		.4byte	flag_ts_enc
 880 030b 13       		.uleb128 0x13
 881 030c 73010000 		.4byte	.LASF53
 882 0310 05       		.byte	0x5
 883 0311 17       		.byte	0x17
 884 0312 C8000000 		.4byte	0xc8
 885 0316 05       		.uleb128 0x5
 886 0317 03       		.byte	0x3
 887 0318 00000000 		.4byte	flag_ts_update
 888 031c 13       		.uleb128 0x13
 889 031d 1E000000 		.4byte	.LASF54
 890 0321 05       		.byte	0x5
 891 0322 18       		.byte	0x18
 892 0323 C8000000 		.4byte	0xc8
 893 0327 05       		.uleb128 0x5
 894 0328 03       		.byte	0x3
 895 0329 00000000 		.4byte	flag_ts_speed
 896 032d 13       		.uleb128 0x13
 897 032e B7010000 		.4byte	.LASF55
 898 0332 05       		.byte	0x5
 899 0333 19       		.byte	0x19
 900 0334 C8000000 		.4byte	0xc8
 901 0338 05       		.uleb128 0x5
 902 0339 03       		.byte	0x3
 903 033a 00000000 		.4byte	flag_ts_display
 904 033e 13       		.uleb128 0x13
 905 033f C7010000 		.4byte	.LASF56
 906 0343 05       		.byte	0x5
 907 0344 1C       		.byte	0x1c
 908 0345 C8000000 		.4byte	0xc8
 909 0349 05       		.uleb128 0x5
 910 034a 03       		.byte	0x3
 911 034b 00000000 		.4byte	flag_rx
 912 034f 13       		.uleb128 0x13
 913 0350 12000000 		.4byte	.LASF57
 914 0354 05       		.byte	0x5
 915 0355 1D       		.byte	0x1d
ARM GAS  C:\Users\schoo\AppData\Local\Temp\ccJGZj5g.s 			page 20


 916 0356 C8000000 		.4byte	0xc8
 917 035a 05       		.uleb128 0x5
 918 035b 03       		.byte	0x3
 919 035c 00000000 		.4byte	flag_packet
 920 0360 13       		.uleb128 0x13
 921 0361 CF020000 		.4byte	.LASF58
 922 0365 05       		.byte	0x5
 923 0366 1E       		.byte	0x1e
 924 0367 C8000000 		.4byte	0xc8
 925 036b 05       		.uleb128 0x5
 926 036c 03       		.byte	0x3
 927 036d 00000000 		.4byte	flag_KB_string
 928 0371 13       		.uleb128 0x13
 929 0372 6D020000 		.4byte	.LASF59
 930 0376 05       		.byte	0x5
 931 0377 20       		.byte	0x20
 932 0378 C8000000 		.4byte	0xc8
 933 037c 05       		.uleb128 0x5
 934 037d 03       		.byte	0x3
 935 037e 00000000 		.4byte	dataready_flag
 936 0382 13       		.uleb128 0x13
 937 0383 B5030000 		.4byte	.LASF60
 938 0387 05       		.byte	0x5
 939 0388 22       		.byte	0x22
 940 0389 C8000000 		.4byte	0xc8
 941 038d 05       		.uleb128 0x5
 942 038e 03       		.byte	0x3
 943 038f 00000000 		.4byte	flag_rf_transmission_active
 944 0393 14       		.uleb128 0x14
 945 0394 A0000000 		.4byte	0xa0
 946 0398 A3030000 		.4byte	0x3a3
 947 039c 15       		.uleb128 0x15
 948 039d 93000000 		.4byte	0x93
 949 03a1 3F       		.byte	0x3f
 950 03a2 00       		.byte	0
 951 03a3 13       		.uleb128 0x13
 952 03a4 39030000 		.4byte	.LASF61
 953 03a8 05       		.byte	0x5
 954 03a9 25       		.byte	0x25
 955 03aa 93030000 		.4byte	0x393
 956 03ae 05       		.uleb128 0x5
 957 03af 03       		.byte	0x3
 958 03b0 00000000 		.4byte	displaystring
 959 03b4 13       		.uleb128 0x13
 960 03b5 B2010000 		.4byte	.LASF62
 961 03b9 05       		.byte	0x5
 962 03ba 26       		.byte	0x26
 963 03bb 93030000 		.4byte	0x393
 964 03bf 05       		.uleb128 0x5
 965 03c0 03       		.byte	0x3
 966 03c1 00000000 		.4byte	line
 967 03c5 13       		.uleb128 0x13
 968 03c6 CF010000 		.4byte	.LASF63
 969 03ca 05       		.byte	0x5
 970 03cb 26       		.byte	0x26
 971 03cc 93030000 		.4byte	0x393
 972 03d0 05       		.uleb128 0x5
ARM GAS  C:\Users\schoo\AppData\Local\Temp\ccJGZj5g.s 			page 21


 973 03d1 03       		.byte	0x3
 974 03d2 00000000 		.4byte	entry
 975 03d6 14       		.uleb128 0x14
 976 03d7 C8000000 		.4byte	0xc8
 977 03db E6030000 		.4byte	0x3e6
 978 03df 15       		.uleb128 0x15
 979 03e0 93000000 		.4byte	0x93
 980 03e4 3F       		.byte	0x3f
 981 03e5 00       		.byte	0
 982 03e6 13       		.uleb128 0x13
 983 03e7 5E000000 		.4byte	.LASF64
 984 03eb 05       		.byte	0x5
 985 03ec 27       		.byte	0x27
 986 03ed D6030000 		.4byte	0x3d6
 987 03f1 05       		.uleb128 0x5
 988 03f2 03       		.byte	0x3
 989 03f3 00000000 		.4byte	usbBuffer
 990 03f7 13       		.uleb128 0x13
 991 03f8 3E000000 		.4byte	.LASF65
 992 03fc 05       		.byte	0x5
 993 03fd 3C       		.byte	0x3c
 994 03fe 0B010000 		.4byte	0x10b
 995 0402 05       		.uleb128 0x5
 996 0403 03       		.byte	0x3
 997 0404 00000000 		.4byte	system_state
 998 0408 13       		.uleb128 0x13
 999 0409 67030000 		.4byte	.LASF66
 1000 040d 01       		.byte	0x1
 1001 040e 24       		.byte	0x24
 1002 040f A7000000 		.4byte	0xa7
 1003 0413 05       		.uleb128 0x5
 1004 0414 03       		.byte	0x3
 1005 0415 00000000 		.4byte	timeIndex
 1006 0419 14       		.uleb128 0x14
 1007 041a A7000000 		.4byte	0xa7
 1008 041e 29040000 		.4byte	0x429
 1009 0422 15       		.uleb128 0x15
 1010 0423 93000000 		.4byte	0x93
 1011 0427 01       		.byte	0x1
 1012 0428 00       		.byte	0
 1013 0429 13       		.uleb128 0x13
 1014 042a 54000000 		.4byte	.LASF67
 1015 042e 01       		.byte	0x1
 1016 042f 25       		.byte	0x25
 1017 0430 19040000 		.4byte	0x419
 1018 0434 05       		.uleb128 0x5
 1019 0435 03       		.byte	0x3
 1020 0436 00000000 		.4byte	timeArray
 1021 043a 13       		.uleb128 0x13
 1022 043b B5020000 		.4byte	.LASF68
 1023 043f 01       		.byte	0x1
 1024 0440 26       		.byte	0x26
 1025 0441 A7000000 		.4byte	0xa7
 1026 0445 05       		.uleb128 0x5
 1027 0446 03       		.byte	0x3
 1028 0447 00000000 		.4byte	printSpeed
 1029 044b 00       		.byte	0
ARM GAS  C:\Users\schoo\AppData\Local\Temp\ccJGZj5g.s 			page 22


 1030              		.section	.debug_abbrev,"",%progbits
 1031              	.Ldebug_abbrev0:
 1032 0000 01       		.uleb128 0x1
 1033 0001 11       		.uleb128 0x11
 1034 0002 01       		.byte	0x1
 1035 0003 25       		.uleb128 0x25
 1036 0004 0E       		.uleb128 0xe
 1037 0005 13       		.uleb128 0x13
 1038 0006 0B       		.uleb128 0xb
 1039 0007 03       		.uleb128 0x3
 1040 0008 0E       		.uleb128 0xe
 1041 0009 1B       		.uleb128 0x1b
 1042 000a 0E       		.uleb128 0xe
 1043 000b 55       		.uleb128 0x55
 1044 000c 17       		.uleb128 0x17
 1045 000d 11       		.uleb128 0x11
 1046 000e 01       		.uleb128 0x1
 1047 000f 10       		.uleb128 0x10
 1048 0010 17       		.uleb128 0x17
 1049 0011 00       		.byte	0
 1050 0012 00       		.byte	0
 1051 0013 02       		.uleb128 0x2
 1052 0014 24       		.uleb128 0x24
 1053 0015 00       		.byte	0
 1054 0016 0B       		.uleb128 0xb
 1055 0017 0B       		.uleb128 0xb
 1056 0018 3E       		.uleb128 0x3e
 1057 0019 0B       		.uleb128 0xb
 1058 001a 03       		.uleb128 0x3
 1059 001b 0E       		.uleb128 0xe
 1060 001c 00       		.byte	0
 1061 001d 00       		.byte	0
 1062 001e 03       		.uleb128 0x3
 1063 001f 16       		.uleb128 0x16
 1064 0020 00       		.byte	0
 1065 0021 03       		.uleb128 0x3
 1066 0022 0E       		.uleb128 0xe
 1067 0023 3A       		.uleb128 0x3a
 1068 0024 0B       		.uleb128 0xb
 1069 0025 3B       		.uleb128 0x3b
 1070 0026 0B       		.uleb128 0xb
 1071 0027 49       		.uleb128 0x49
 1072 0028 13       		.uleb128 0x13
 1073 0029 00       		.byte	0
 1074 002a 00       		.byte	0
 1075 002b 04       		.uleb128 0x4
 1076 002c 24       		.uleb128 0x24
 1077 002d 00       		.byte	0
 1078 002e 0B       		.uleb128 0xb
 1079 002f 0B       		.uleb128 0xb
 1080 0030 3E       		.uleb128 0x3e
 1081 0031 0B       		.uleb128 0xb
 1082 0032 03       		.uleb128 0x3
 1083 0033 08       		.uleb128 0x8
 1084 0034 00       		.byte	0
 1085 0035 00       		.byte	0
 1086 0036 05       		.uleb128 0x5
ARM GAS  C:\Users\schoo\AppData\Local\Temp\ccJGZj5g.s 			page 23


 1087 0037 0F       		.uleb128 0xf
 1088 0038 00       		.byte	0
 1089 0039 0B       		.uleb128 0xb
 1090 003a 0B       		.uleb128 0xb
 1091 003b 49       		.uleb128 0x49
 1092 003c 13       		.uleb128 0x13
 1093 003d 00       		.byte	0
 1094 003e 00       		.byte	0
 1095 003f 06       		.uleb128 0x6
 1096 0040 16       		.uleb128 0x16
 1097 0041 00       		.byte	0
 1098 0042 03       		.uleb128 0x3
 1099 0043 0E       		.uleb128 0xe
 1100 0044 3A       		.uleb128 0x3a
 1101 0045 0B       		.uleb128 0xb
 1102 0046 3B       		.uleb128 0x3b
 1103 0047 05       		.uleb128 0x5
 1104 0048 49       		.uleb128 0x49
 1105 0049 13       		.uleb128 0x13
 1106 004a 00       		.byte	0
 1107 004b 00       		.byte	0
 1108 004c 07       		.uleb128 0x7
 1109 004d 35       		.uleb128 0x35
 1110 004e 00       		.byte	0
 1111 004f 49       		.uleb128 0x49
 1112 0050 13       		.uleb128 0x13
 1113 0051 00       		.byte	0
 1114 0052 00       		.byte	0
 1115 0053 08       		.uleb128 0x8
 1116 0054 13       		.uleb128 0x13
 1117 0055 01       		.byte	0x1
 1118 0056 03       		.uleb128 0x3
 1119 0057 0E       		.uleb128 0xe
 1120 0058 0B       		.uleb128 0xb
 1121 0059 0B       		.uleb128 0xb
 1122 005a 3A       		.uleb128 0x3a
 1123 005b 0B       		.uleb128 0xb
 1124 005c 3B       		.uleb128 0x3b
 1125 005d 0B       		.uleb128 0xb
 1126 005e 01       		.uleb128 0x1
 1127 005f 13       		.uleb128 0x13
 1128 0060 00       		.byte	0
 1129 0061 00       		.byte	0
 1130 0062 09       		.uleb128 0x9
 1131 0063 0D       		.uleb128 0xd
 1132 0064 00       		.byte	0
 1133 0065 03       		.uleb128 0x3
 1134 0066 0E       		.uleb128 0xe
 1135 0067 3A       		.uleb128 0x3a
 1136 0068 0B       		.uleb128 0xb
 1137 0069 3B       		.uleb128 0x3b
 1138 006a 0B       		.uleb128 0xb
 1139 006b 49       		.uleb128 0x49
 1140 006c 13       		.uleb128 0x13
 1141 006d 38       		.uleb128 0x38
 1142 006e 0B       		.uleb128 0xb
 1143 006f 00       		.byte	0
ARM GAS  C:\Users\schoo\AppData\Local\Temp\ccJGZj5g.s 			page 24


 1144 0070 00       		.byte	0
 1145 0071 0A       		.uleb128 0xa
 1146 0072 2E       		.uleb128 0x2e
 1147 0073 00       		.byte	0
 1148 0074 3F       		.uleb128 0x3f
 1149 0075 19       		.uleb128 0x19
 1150 0076 03       		.uleb128 0x3
 1151 0077 0E       		.uleb128 0xe
 1152 0078 3A       		.uleb128 0x3a
 1153 0079 0B       		.uleb128 0xb
 1154 007a 3B       		.uleb128 0x3b
 1155 007b 0B       		.uleb128 0xb
 1156 007c 27       		.uleb128 0x27
 1157 007d 19       		.uleb128 0x19
 1158 007e 11       		.uleb128 0x11
 1159 007f 01       		.uleb128 0x1
 1160 0080 12       		.uleb128 0x12
 1161 0081 06       		.uleb128 0x6
 1162 0082 40       		.uleb128 0x40
 1163 0083 18       		.uleb128 0x18
 1164 0084 9642     		.uleb128 0x2116
 1165 0086 19       		.uleb128 0x19
 1166 0087 00       		.byte	0
 1167 0088 00       		.byte	0
 1168 0089 0B       		.uleb128 0xb
 1169 008a 2E       		.uleb128 0x2e
 1170 008b 01       		.byte	0x1
 1171 008c 3F       		.uleb128 0x3f
 1172 008d 19       		.uleb128 0x19
 1173 008e 03       		.uleb128 0x3
 1174 008f 0E       		.uleb128 0xe
 1175 0090 3A       		.uleb128 0x3a
 1176 0091 0B       		.uleb128 0xb
 1177 0092 3B       		.uleb128 0x3b
 1178 0093 0B       		.uleb128 0xb
 1179 0094 49       		.uleb128 0x49
 1180 0095 13       		.uleb128 0x13
 1181 0096 11       		.uleb128 0x11
 1182 0097 01       		.uleb128 0x1
 1183 0098 12       		.uleb128 0x12
 1184 0099 06       		.uleb128 0x6
 1185 009a 40       		.uleb128 0x40
 1186 009b 18       		.uleb128 0x18
 1187 009c 9642     		.uleb128 0x2116
 1188 009e 19       		.uleb128 0x19
 1189 009f 01       		.uleb128 0x1
 1190 00a0 13       		.uleb128 0x13
 1191 00a1 00       		.byte	0
 1192 00a2 00       		.byte	0
 1193 00a3 0C       		.uleb128 0xc
 1194 00a4 34       		.uleb128 0x34
 1195 00a5 00       		.byte	0
 1196 00a6 03       		.uleb128 0x3
 1197 00a7 0E       		.uleb128 0xe
 1198 00a8 3A       		.uleb128 0x3a
 1199 00a9 0B       		.uleb128 0xb
 1200 00aa 3B       		.uleb128 0x3b
ARM GAS  C:\Users\schoo\AppData\Local\Temp\ccJGZj5g.s 			page 25


 1201 00ab 0B       		.uleb128 0xb
 1202 00ac 49       		.uleb128 0x49
 1203 00ad 13       		.uleb128 0x13
 1204 00ae 02       		.uleb128 0x2
 1205 00af 18       		.uleb128 0x18
 1206 00b0 00       		.byte	0
 1207 00b1 00       		.byte	0
 1208 00b2 0D       		.uleb128 0xd
 1209 00b3 34       		.uleb128 0x34
 1210 00b4 00       		.byte	0
 1211 00b5 03       		.uleb128 0x3
 1212 00b6 08       		.uleb128 0x8
 1213 00b7 3A       		.uleb128 0x3a
 1214 00b8 0B       		.uleb128 0xb
 1215 00b9 3B       		.uleb128 0x3b
 1216 00ba 0B       		.uleb128 0xb
 1217 00bb 49       		.uleb128 0x49
 1218 00bc 13       		.uleb128 0x13
 1219 00bd 02       		.uleb128 0x2
 1220 00be 18       		.uleb128 0x18
 1221 00bf 00       		.byte	0
 1222 00c0 00       		.byte	0
 1223 00c1 0E       		.uleb128 0xe
 1224 00c2 0B       		.uleb128 0xb
 1225 00c3 01       		.byte	0x1
 1226 00c4 11       		.uleb128 0x11
 1227 00c5 01       		.uleb128 0x1
 1228 00c6 12       		.uleb128 0x12
 1229 00c7 06       		.uleb128 0x6
 1230 00c8 00       		.byte	0
 1231 00c9 00       		.byte	0
 1232 00ca 0F       		.uleb128 0xf
 1233 00cb 2E       		.uleb128 0x2e
 1234 00cc 01       		.byte	0x1
 1235 00cd 3F       		.uleb128 0x3f
 1236 00ce 19       		.uleb128 0x19
 1237 00cf 03       		.uleb128 0x3
 1238 00d0 0E       		.uleb128 0xe
 1239 00d1 3A       		.uleb128 0x3a
 1240 00d2 0B       		.uleb128 0xb
 1241 00d3 3B       		.uleb128 0x3b
 1242 00d4 0B       		.uleb128 0xb
 1243 00d5 27       		.uleb128 0x27
 1244 00d6 19       		.uleb128 0x19
 1245 00d7 11       		.uleb128 0x11
 1246 00d8 01       		.uleb128 0x1
 1247 00d9 12       		.uleb128 0x12
 1248 00da 06       		.uleb128 0x6
 1249 00db 40       		.uleb128 0x40
 1250 00dc 18       		.uleb128 0x18
 1251 00dd 9642     		.uleb128 0x2116
 1252 00df 19       		.uleb128 0x19
 1253 00e0 01       		.uleb128 0x1
 1254 00e1 13       		.uleb128 0x13
 1255 00e2 00       		.byte	0
 1256 00e3 00       		.byte	0
 1257 00e4 10       		.uleb128 0x10
ARM GAS  C:\Users\schoo\AppData\Local\Temp\ccJGZj5g.s 			page 26


 1258 00e5 05       		.uleb128 0x5
 1259 00e6 00       		.byte	0
 1260 00e7 03       		.uleb128 0x3
 1261 00e8 08       		.uleb128 0x8
 1262 00e9 3A       		.uleb128 0x3a
 1263 00ea 0B       		.uleb128 0xb
 1264 00eb 3B       		.uleb128 0x3b
 1265 00ec 0B       		.uleb128 0xb
 1266 00ed 49       		.uleb128 0x49
 1267 00ee 13       		.uleb128 0x13
 1268 00ef 02       		.uleb128 0x2
 1269 00f0 18       		.uleb128 0x18
 1270 00f1 00       		.byte	0
 1271 00f2 00       		.byte	0
 1272 00f3 11       		.uleb128 0x11
 1273 00f4 34       		.uleb128 0x34
 1274 00f5 00       		.byte	0
 1275 00f6 03       		.uleb128 0x3
 1276 00f7 0E       		.uleb128 0xe
 1277 00f8 3A       		.uleb128 0x3a
 1278 00f9 0B       		.uleb128 0xb
 1279 00fa 3B       		.uleb128 0x3b
 1280 00fb 05       		.uleb128 0x5
 1281 00fc 49       		.uleb128 0x49
 1282 00fd 13       		.uleb128 0x13
 1283 00fe 3F       		.uleb128 0x3f
 1284 00ff 19       		.uleb128 0x19
 1285 0100 3C       		.uleb128 0x3c
 1286 0101 19       		.uleb128 0x19
 1287 0102 00       		.byte	0
 1288 0103 00       		.byte	0
 1289 0104 12       		.uleb128 0x12
 1290 0105 34       		.uleb128 0x34
 1291 0106 00       		.byte	0
 1292 0107 03       		.uleb128 0x3
 1293 0108 08       		.uleb128 0x8
 1294 0109 3A       		.uleb128 0x3a
 1295 010a 0B       		.uleb128 0xb
 1296 010b 3B       		.uleb128 0x3b
 1297 010c 0B       		.uleb128 0xb
 1298 010d 49       		.uleb128 0x49
 1299 010e 13       		.uleb128 0x13
 1300 010f 3F       		.uleb128 0x3f
 1301 0110 19       		.uleb128 0x19
 1302 0111 02       		.uleb128 0x2
 1303 0112 18       		.uleb128 0x18
 1304 0113 00       		.byte	0
 1305 0114 00       		.byte	0
 1306 0115 13       		.uleb128 0x13
 1307 0116 34       		.uleb128 0x34
 1308 0117 00       		.byte	0
 1309 0118 03       		.uleb128 0x3
 1310 0119 0E       		.uleb128 0xe
 1311 011a 3A       		.uleb128 0x3a
 1312 011b 0B       		.uleb128 0xb
 1313 011c 3B       		.uleb128 0x3b
 1314 011d 0B       		.uleb128 0xb
ARM GAS  C:\Users\schoo\AppData\Local\Temp\ccJGZj5g.s 			page 27


 1315 011e 49       		.uleb128 0x49
 1316 011f 13       		.uleb128 0x13
 1317 0120 3F       		.uleb128 0x3f
 1318 0121 19       		.uleb128 0x19
 1319 0122 02       		.uleb128 0x2
 1320 0123 18       		.uleb128 0x18
 1321 0124 00       		.byte	0
 1322 0125 00       		.byte	0
 1323 0126 14       		.uleb128 0x14
 1324 0127 01       		.uleb128 0x1
 1325 0128 01       		.byte	0x1
 1326 0129 49       		.uleb128 0x49
 1327 012a 13       		.uleb128 0x13
 1328 012b 01       		.uleb128 0x1
 1329 012c 13       		.uleb128 0x13
 1330 012d 00       		.byte	0
 1331 012e 00       		.byte	0
 1332 012f 15       		.uleb128 0x15
 1333 0130 21       		.uleb128 0x21
 1334 0131 00       		.byte	0
 1335 0132 49       		.uleb128 0x49
 1336 0133 13       		.uleb128 0x13
 1337 0134 2F       		.uleb128 0x2f
 1338 0135 0B       		.uleb128 0xb
 1339 0136 00       		.byte	0
 1340 0137 00       		.byte	0
 1341 0138 00       		.byte	0
 1342              		.section	.debug_aranges,"",%progbits
 1343 0000 34000000 		.4byte	0x34
 1344 0004 0200     		.2byte	0x2
 1345 0006 00000000 		.4byte	.Ldebug_info0
 1346 000a 04       		.byte	0x4
 1347 000b 00       		.byte	0
 1348 000c 0000     		.2byte	0
 1349 000e 0000     		.2byte	0
 1350 0010 00000000 		.4byte	.LFB64
 1351 0014 48000000 		.4byte	.LFE64-.LFB64
 1352 0018 00000000 		.4byte	.LFB65
 1353 001c 24010000 		.4byte	.LFE65-.LFB65
 1354 0020 00000000 		.4byte	.LFB66
 1355 0024 3E000000 		.4byte	.LFE66-.LFB66
 1356 0028 00000000 		.4byte	.LFB67
 1357 002c 26000000 		.4byte	.LFE67-.LFB67
 1358 0030 00000000 		.4byte	0
 1359 0034 00000000 		.4byte	0
 1360              		.section	.debug_ranges,"",%progbits
 1361              	.Ldebug_ranges0:
 1362 0000 00000000 		.4byte	.LFB64
 1363 0004 48000000 		.4byte	.LFE64
 1364 0008 00000000 		.4byte	.LFB65
 1365 000c 24010000 		.4byte	.LFE65
 1366 0010 00000000 		.4byte	.LFB66
 1367 0014 3E000000 		.4byte	.LFE66
 1368 0018 00000000 		.4byte	.LFB67
 1369 001c 26000000 		.4byte	.LFE67
 1370 0020 00000000 		.4byte	0
 1371 0024 00000000 		.4byte	0
ARM GAS  C:\Users\schoo\AppData\Local\Temp\ccJGZj5g.s 			page 28


 1372              		.section	.debug_line,"",%progbits
 1373              	.Ldebug_line0:
 1374 0000 F5010000 		.section	.debug_str,"MS",%progbits,1
 1374      02005601 
 1374      00000201 
 1374      FB0E0D00 
 1374      01010101 
 1375              	.LASF46:
 1376 0000 75736250 		.ascii	"usbPutChar\000"
 1376      75744368 
 1376      617200
 1377              	.LASF48:
 1378 000b 74735F65 		.ascii	"ts_enc\000"
 1378      6E6300
 1379              	.LASF57:
 1380 0012 666C6167 		.ascii	"flag_packet\000"
 1380      5F706163 
 1380      6B657400 
 1381              	.LASF54:
 1382 001e 666C6167 		.ascii	"flag_ts_speed\000"
 1382      5F74735F 
 1382      73706565 
 1382      6400
 1383              	.LASF37:
 1384 002c 67325F78 		.ascii	"g2_xpos\000"
 1384      706F7300 
 1385              	.LASF2:
 1386 0034 73686F72 		.ascii	"short int\000"
 1386      7420696E 
 1386      7400
 1387              	.LASF65:
 1388 003e 73797374 		.ascii	"system_state\000"
 1388      656D5F73 
 1388      74617465 
 1388      00
 1389              	.LASF13:
 1390 004b 73697A65 		.ascii	"sizetype\000"
 1390      74797065 
 1390      00
 1391              	.LASF67:
 1392 0054 74696D65 		.ascii	"timeArray\000"
 1392      41727261 
 1392      7900
 1393              	.LASF64:
 1394 005e 75736242 		.ascii	"usbBuffer\000"
 1394      75666665 
 1394      7200
 1395              	.LASF69:
 1396 0068 474E5520 		.ascii	"GNU C11 5.4.1 20160609 (release) [ARM/embedded-5-br"
 1396      43313120 
 1396      352E342E 
 1396      31203230 
 1396      31363036 
 1397 009b 616E6368 		.ascii	"anch revision 237715] -mcpu=cortex-m3 -mthumb -g -O"
 1397      20726576 
 1397      6973696F 
 1397      6E203233 
ARM GAS  C:\Users\schoo\AppData\Local\Temp\ccJGZj5g.s 			page 29


 1397      37373135 
 1398 00ce 30202D66 		.ascii	"0 -ffunction-sections -ffat-lto-objects\000"
 1398      66756E63 
 1398      74696F6E 
 1398      2D736563 
 1398      74696F6E 
 1399              	.LASF44:
 1400 00f6 6D61696E 		.ascii	"main\000"
 1400      00
 1401              	.LASF42:
 1402 00fb 6D6F6465 		.ascii	"mode\000"
 1402      00
 1403              	.LASF4:
 1404 0100 5F5F7569 		.ascii	"__uint16_t\000"
 1404      6E743136 
 1404      5F7400
 1405              	.LASF45:
 1406 010b 75736250 		.ascii	"usbPutString\000"
 1406      75745374 
 1406      72696E67 
 1406      00
 1407              	.LASF19:
 1408 0118 75696E74 		.ascii	"uint16\000"
 1408      313600
 1409              	.LASF25:
 1410 011f 696E6465 		.ascii	"index\000"
 1410      7800
 1411              	.LASF21:
 1412 0125 696E7431 		.ascii	"int16\000"
 1412      3600
 1413              	.LASF18:
 1414 012b 75696E74 		.ascii	"uint8\000"
 1414      3800
 1415              	.LASF36:
 1416 0131 67315F64 		.ascii	"g1_direction\000"
 1416      69726563 
 1416      74696F6E 
 1416      00
 1417              	.LASF41:
 1418 013e 63757272 		.ascii	"currentState\000"
 1418      656E7453 
 1418      74617465 
 1418      00
 1419              	.LASF22:
 1420 014b 666C6F61 		.ascii	"float\000"
 1420      7400
 1421              	.LASF9:
 1422 0151 6C6F6E67 		.ascii	"long long int\000"
 1422      206C6F6E 
 1422      6720696E 
 1422      7400
 1423              	.LASF73:
 1424 015f 51756164 		.ascii	"QuadDecoderIsr\000"
 1424      4465636F 
 1424      64657249 
 1424      737200
 1425              	.LASF20:
ARM GAS  C:\Users\schoo\AppData\Local\Temp\ccJGZj5g.s 			page 30


 1426 016e 696E7438 		.ascii	"int8\000"
 1426      00
 1427              	.LASF53:
 1428 0173 666C6167 		.ascii	"flag_ts_update\000"
 1428      5F74735F 
 1428      75706461 
 1428      746500
 1429              	.LASF38:
 1430 0182 67325F79 		.ascii	"g2_ypos\000"
 1430      706F7300 
 1431              	.LASF32:
 1432 018a 67305F64 		.ascii	"g0_direction\000"
 1432      69726563 
 1432      74696F6E 
 1432      00
 1433              	.LASF29:
 1434 0197 67305F78 		.ascii	"g0_xpos\000"
 1434      706F7300 
 1435              	.LASF7:
 1436 019f 6C6F6E67 		.ascii	"long int\000"
 1436      20696E74 
 1436      00
 1437              	.LASF3:
 1438 01a8 5F5F7569 		.ascii	"__uint8_t\000"
 1438      6E74385F 
 1438      7400
 1439              	.LASF62:
 1440 01b2 6C696E65 		.ascii	"line\000"
 1440      00
 1441              	.LASF55:
 1442 01b7 666C6167 		.ascii	"flag_ts_display\000"
 1442      5F74735F 
 1442      64697370 
 1442      6C617900 
 1443              	.LASF56:
 1444 01c7 666C6167 		.ascii	"flag_rx\000"
 1444      5F727800 
 1445              	.LASF63:
 1446 01cf 656E7472 		.ascii	"entry\000"
 1446      7900
 1447              	.LASF12:
 1448 01d5 6C6F6E67 		.ascii	"long double\000"
 1448      20646F75 
 1448      626C6500 
 1449              	.LASF1:
 1450 01e1 756E7369 		.ascii	"unsigned char\000"
 1450      676E6564 
 1450      20636861 
 1450      7200
 1451              	.LASF31:
 1452 01ef 67305F73 		.ascii	"g0_speed\000"
 1452      70656564 
 1452      00
 1453              	.LASF71:
 1454 01f8 433A5C55 		.ascii	"C:\\Users\\schoo\\302OffOnedrive\\301 Project\\12_C"
 1454      73657273 
 1454      5C736368 
ARM GAS  C:\Users\schoo\AppData\Local\Temp\ccJGZj5g.s 			page 31


 1454      6F6F5C33 
 1454      30324F66 
 1455 0226 79707265 		.ascii	"ypress_LineFollowingRobot\\Final_implementation\\Te"
 1455      73735F4C 
 1455      696E6546 
 1455      6F6C6C6F 
 1455      77696E67 
 1456 0257 616D3132 		.ascii	"am12_PsoC_final.cydsn\000"
 1456      5F50736F 
 1456      435F6669 
 1456      6E616C2E 
 1456      63796473 
 1457              	.LASF59:
 1458 026d 64617461 		.ascii	"dataready_flag\000"
 1458      72656164 
 1458      795F666C 
 1458      616700
 1459              	.LASF0:
 1460 027c 7369676E 		.ascii	"signed char\000"
 1460      65642063 
 1460      68617200 
 1461              	.LASF10:
 1462 0288 6C6F6E67 		.ascii	"long long unsigned int\000"
 1462      206C6F6E 
 1462      6720756E 
 1462      7369676E 
 1462      65642069 
 1463              	.LASF11:
 1464 029f 756E7369 		.ascii	"unsigned int\000"
 1464      676E6564 
 1464      20696E74 
 1464      00
 1465              	.LASF16:
 1466 02ac 75696E74 		.ascii	"uint16_t\000"
 1466      31365F74 
 1466      00
 1467              	.LASF68:
 1468 02b5 7072696E 		.ascii	"printSpeed\000"
 1468      74537065 
 1468      656400
 1469              	.LASF43:
 1470 02c0 73706565 		.ascii	"speed\000"
 1470      6400
 1471              	.LASF39:
 1472 02c6 67325F73 		.ascii	"g2_speed\000"
 1472      70656564 
 1472      00
 1473              	.LASF58:
 1474 02cf 666C6167 		.ascii	"flag_KB_string\000"
 1474      5F4B425F 
 1474      73747269 
 1474      6E6700
 1475              	.LASF33:
 1476 02de 67315F78 		.ascii	"g1_xpos\000"
 1476      706F7300 
 1477              	.LASF5:
 1478 02e6 73686F72 		.ascii	"short unsigned int\000"
ARM GAS  C:\Users\schoo\AppData\Local\Temp\ccJGZj5g.s 			page 32


 1478      7420756E 
 1478      7369676E 
 1478      65642069 
 1478      6E7400
 1479              	.LASF72:
 1480 02f9 64617461 		.ascii	"data_main\000"
 1480      5F6D6169 
 1480      6E00
 1481              	.LASF14:
 1482 0303 63686172 		.ascii	"char\000"
 1482      00
 1483              	.LASF26:
 1484 0308 726F626F 		.ascii	"robot_xpos\000"
 1484      745F7870 
 1484      6F7300
 1485              	.LASF17:
 1486 0313 696E7433 		.ascii	"int32_t\000"
 1486      325F7400 
 1487              	.LASF34:
 1488 031b 67315F79 		.ascii	"g1_ypos\000"
 1488      706F7300 
 1489              	.LASF40:
 1490 0323 67325F64 		.ascii	"g2_direction\000"
 1490      69726563 
 1490      74696F6E 
 1490      00
 1491              	.LASF35:
 1492 0330 67315F73 		.ascii	"g1_speed\000"
 1492      70656564 
 1492      00
 1493              	.LASF61:
 1494 0339 64697370 		.ascii	"displaystring\000"
 1494      6C617973 
 1494      7472696E 
 1494      6700
 1495              	.LASF70:
 1496 0347 6D61696E 		.ascii	"main.c\000"
 1496      2E6300
 1497              	.LASF8:
 1498 034e 6C6F6E67 		.ascii	"long unsigned int\000"
 1498      20756E73 
 1498      69676E65 
 1498      6420696E 
 1498      7400
 1499              	.LASF23:
 1500 0360 646F7562 		.ascii	"double\000"
 1500      6C6500
 1501              	.LASF66:
 1502 0367 74696D65 		.ascii	"timeIndex\000"
 1502      496E6465 
 1502      7800
 1503              	.LASF50:
 1504 0371 74735F73 		.ascii	"ts_speed\000"
 1504      70656564 
 1504      00
 1505              	.LASF52:
 1506 037a 666C6167 		.ascii	"flag_ts_enc\000"
ARM GAS  C:\Users\schoo\AppData\Local\Temp\ccJGZj5g.s 			page 33


 1506      5F74735F 
 1506      656E6300 
 1507              	.LASF6:
 1508 0386 5F5F696E 		.ascii	"__int32_t\000"
 1508      7433325F 
 1508      7400
 1509              	.LASF15:
 1510 0390 75696E74 		.ascii	"uint8_t\000"
 1510      385F7400 
 1511              	.LASF30:
 1512 0398 67305F79 		.ascii	"g0_ypos\000"
 1512      706F7300 
 1513              	.LASF51:
 1514 03a0 74735F64 		.ascii	"ts_display\000"
 1514      6973706C 
 1514      617900
 1515              	.LASF49:
 1516 03ab 74735F75 		.ascii	"ts_update\000"
 1516      70646174 
 1516      6500
 1517              	.LASF60:
 1518 03b5 666C6167 		.ascii	"flag_rf_transmission_active\000"
 1518      5F72665F 
 1518      7472616E 
 1518      736D6973 
 1518      73696F6E 
 1519              	.LASF27:
 1520 03d1 726F626F 		.ascii	"robot_ypos\000"
 1520      745F7970 
 1520      6F7300
 1521              	.LASF47:
 1522 03dc 49544D5F 		.ascii	"ITM_RxBuffer\000"
 1522      52784275 
 1522      66666572 
 1522      00
 1523              	.LASF24:
 1524 03e9 72737369 		.ascii	"rssi\000"
 1524      00
 1525              	.LASF28:
 1526 03ee 726F626F 		.ascii	"robot_orientation\000"
 1526      745F6F72 
 1526      69656E74 
 1526      6174696F 
 1526      6E00
 1527              		.ident	"GCC: (GNU Tools for ARM Embedded Processors) 5.4.1 20160609 (release) [ARM/embedded-5-bran
