ARM GAS  C:\Users\schoo\AppData\Local\Temp\ccMYmloP.s 			page 1


   1              		.syntax unified
   2              		.cpu cortex-m3
   3              		.fpu softvfp
   4              		.eabi_attribute 20, 1
   5              		.eabi_attribute 21, 1
   6              		.eabi_attribute 23, 3
   7              		.eabi_attribute 24, 1
   8              		.eabi_attribute 25, 1
   9              		.eabi_attribute 26, 1
  10              		.eabi_attribute 30, 6
  11              		.eabi_attribute 34, 1
  12              		.eabi_attribute 18, 4
  13              		.thumb
  14              		.syntax unified
  15              		.file	"movement.c"
  16              		.text
  17              	.Ltext0:
  18              		.cfi_sections	.debug_frame
  19              		.global	__aeabi_ui2f
  20              		.global	__aeabi_f2d
  21              		.global	__aeabi_i2d
  22              		.global	__aeabi_ddiv
  23              		.global	__aeabi_dmul
  24              		.global	__aeabi_d2uiz
  25              		.section	.text.controlWheels,"ax",%progbits
  26              		.align	2
  27              		.global	controlWheels
  28              		.thumb
  29              		.thumb_func
  30              		.type	controlWheels, %function
  31              	controlWheels:
  32              	.LFB64:
  33              		.file 1 "movement.c"
   1:movement.c    **** /* ========================================
   2:movement.c    ****  *
   3:movement.c    ****  * Copyright YOUR COMPANY, THE YEAR
   4:movement.c    ****  * All Rights Reserved
   5:movement.c    ****  * UNPUBLISHED, LICENSED SOFTWARE.
   6:movement.c    ****  *
   7:movement.c    ****  * CONFIDENTIAL AND PROPRIETARY INFORMATION
   8:movement.c    ****  * WHICH IS THE PROPERTY OF your company.
   9:movement.c    ****  *
  10:movement.c    ****  * ========================================
  11:movement.c    **** */
  12:movement.c    **** #include <stdio.h>
  13:movement.c    **** #include <string.h>
  14:movement.c    **** #include <stdlib.h>
  15:movement.c    **** #include <project.h>
  16:movement.c    **** 
  17:movement.c    **** 
  18:movement.c    **** uint8_t controlWheels(uint8_t wheel1Duty, uint8_t wheel2Duty){
  34              		.loc 1 18 0
  35              		.cfi_startproc
  36              		@ args = 0, pretend = 0, frame = 16
  37              		@ frame_needed = 1, uses_anonymous_args = 0
  38 0000 B0B5     		push	{r4, r5, r7, lr}
  39              		.cfi_def_cfa_offset 16
ARM GAS  C:\Users\schoo\AppData\Local\Temp\ccMYmloP.s 			page 2


  40              		.cfi_offset 4, -16
  41              		.cfi_offset 5, -12
  42              		.cfi_offset 7, -8
  43              		.cfi_offset 14, -4
  44 0002 84B0     		sub	sp, sp, #16
  45              		.cfi_def_cfa_offset 32
  46 0004 00AF     		add	r7, sp, #0
  47              		.cfi_def_cfa_register 7
  48 0006 0346     		mov	r3, r0
  49 0008 0A46     		mov	r2, r1
  50 000a FB71     		strb	r3, [r7, #7]
  51 000c 1346     		mov	r3, r2
  52 000e BB71     		strb	r3, [r7, #6]
  19:movement.c    ****     
  20:movement.c    ****     //find the compare value, i.e count number of each PWM
  21:movement.c    ****     uint8_t compareValue1 = ((float)PWM_1_ReadPeriod() * (wheel1Duty/100.0));
  53              		.loc 1 21 0
  54 0010 FFF7FEFF 		bl	PWM_1_ReadPeriod
  55 0014 0346     		mov	r3, r0
  56 0016 1846     		mov	r0, r3
  57 0018 FFF7FEFF 		bl	__aeabi_ui2f
  58 001c 0346     		mov	r3, r0
  59 001e 1846     		mov	r0, r3
  60 0020 FFF7FEFF 		bl	__aeabi_f2d
  61 0024 0446     		mov	r4, r0
  62 0026 0D46     		mov	r5, r1
  63 0028 FB79     		ldrb	r3, [r7, #7]	@ zero_extendqisi2
  64 002a 1846     		mov	r0, r3
  65 002c FFF7FEFF 		bl	__aeabi_i2d
  66 0030 4FF00002 		mov	r2, #0
  67 0034 204B     		ldr	r3, .L2
  68 0036 FFF7FEFF 		bl	__aeabi_ddiv
  69 003a 0246     		mov	r2, r0
  70 003c 0B46     		mov	r3, r1
  71 003e 2046     		mov	r0, r4
  72 0040 2946     		mov	r1, r5
  73 0042 FFF7FEFF 		bl	__aeabi_dmul
  74 0046 0346     		mov	r3, r0
  75 0048 0C46     		mov	r4, r1
  76 004a 1846     		mov	r0, r3
  77 004c 2146     		mov	r1, r4
  78 004e FFF7FEFF 		bl	__aeabi_d2uiz
  79 0052 0346     		mov	r3, r0
  80 0054 FB73     		strb	r3, [r7, #15]
  22:movement.c    ****     uint8_t compareValue2 = ((float)PWM_2_ReadPeriod() * (wheel2Duty/100.0));
  81              		.loc 1 22 0
  82 0056 FFF7FEFF 		bl	PWM_2_ReadPeriod
  83 005a 0346     		mov	r3, r0
  84 005c 1846     		mov	r0, r3
  85 005e FFF7FEFF 		bl	__aeabi_ui2f
  86 0062 0346     		mov	r3, r0
  87 0064 1846     		mov	r0, r3
  88 0066 FFF7FEFF 		bl	__aeabi_f2d
  89 006a 0446     		mov	r4, r0
  90 006c 0D46     		mov	r5, r1
  91 006e BB79     		ldrb	r3, [r7, #6]	@ zero_extendqisi2
  92 0070 1846     		mov	r0, r3
ARM GAS  C:\Users\schoo\AppData\Local\Temp\ccMYmloP.s 			page 3


  93 0072 FFF7FEFF 		bl	__aeabi_i2d
  94 0076 4FF00002 		mov	r2, #0
  95 007a 0F4B     		ldr	r3, .L2
  96 007c FFF7FEFF 		bl	__aeabi_ddiv
  97 0080 0246     		mov	r2, r0
  98 0082 0B46     		mov	r3, r1
  99 0084 2046     		mov	r0, r4
 100 0086 2946     		mov	r1, r5
 101 0088 FFF7FEFF 		bl	__aeabi_dmul
 102 008c 0346     		mov	r3, r0
 103 008e 0C46     		mov	r4, r1
 104 0090 1846     		mov	r0, r3
 105 0092 2146     		mov	r1, r4
 106 0094 FFF7FEFF 		bl	__aeabi_d2uiz
 107 0098 0346     		mov	r3, r0
 108 009a BB73     		strb	r3, [r7, #14]
  23:movement.c    ****     //set the PWM to the found value
  24:movement.c    ****     PWM_1_WriteCompare(compareValue1);
 109              		.loc 1 24 0
 110 009c FB7B     		ldrb	r3, [r7, #15]	@ zero_extendqisi2
 111 009e 1846     		mov	r0, r3
 112 00a0 FFF7FEFF 		bl	PWM_1_WriteCompare
  25:movement.c    ****     PWM_2_WriteCompare(compareValue2);
 113              		.loc 1 25 0
 114 00a4 BB7B     		ldrb	r3, [r7, #14]	@ zero_extendqisi2
 115 00a6 1846     		mov	r0, r3
 116 00a8 FFF7FEFF 		bl	PWM_2_WriteCompare
  26:movement.c    ****  
  27:movement.c    **** }
 117              		.loc 1 27 0
 118 00ac 00BF     		nop
 119 00ae 1846     		mov	r0, r3
 120 00b0 1037     		adds	r7, r7, #16
 121              		.cfi_def_cfa_offset 16
 122 00b2 BD46     		mov	sp, r7
 123              		.cfi_def_cfa_register 13
 124              		@ sp needed
 125 00b4 B0BD     		pop	{r4, r5, r7, pc}
 126              	.L3:
 127 00b6 00BF     		.align	2
 128              	.L2:
 129 00b8 00005940 		.word	1079574528
 130              		.cfi_endproc
 131              	.LFE64:
 132              		.size	controlWheels, .-controlWheels
 133              		.text
 134              	.Letext0:
 135              		.file 2 "c:\\program files (x86)\\cypress\\psoc creator\\4.2\\psoc creator\\import\\gnu\\arm\\5.4.
 136              		.file 3 "c:\\program files (x86)\\cypress\\psoc creator\\4.2\\psoc creator\\import\\gnu\\arm\\5.4.
 137              		.file 4 "Generated_Source\\PSoC5/core_cm3.h"
 138              		.section	.debug_info,"",%progbits
 139              	.Ldebug_info0:
 140 0000 1A010000 		.4byte	0x11a
 141 0004 0400     		.2byte	0x4
 142 0006 00000000 		.4byte	.Ldebug_abbrev0
 143 000a 04       		.byte	0x4
 144 000b 01       		.uleb128 0x1
ARM GAS  C:\Users\schoo\AppData\Local\Temp\ccMYmloP.s 			page 4


 145 000c F3000000 		.4byte	.LASF22
 146 0010 0C       		.byte	0xc
 147 0011 E8000000 		.4byte	.LASF23
 148 0015 73000000 		.4byte	.LASF24
 149 0019 00000000 		.4byte	.Ldebug_ranges0+0
 150 001d 00000000 		.4byte	0
 151 0021 00000000 		.4byte	.Ldebug_line0
 152 0025 02       		.uleb128 0x2
 153 0026 01       		.byte	0x1
 154 0027 06       		.byte	0x6
 155 0028 D9010000 		.4byte	.LASF0
 156 002c 03       		.uleb128 0x3
 157 002d 97010000 		.4byte	.LASF4
 158 0031 02       		.byte	0x2
 159 0032 1D       		.byte	0x1d
 160 0033 37000000 		.4byte	0x37
 161 0037 02       		.uleb128 0x2
 162 0038 01       		.byte	0x1
 163 0039 08       		.byte	0x8
 164 003a 89010000 		.4byte	.LASF1
 165 003e 02       		.uleb128 0x2
 166 003f 02       		.byte	0x2
 167 0040 05       		.byte	0x5
 168 0041 0F020000 		.4byte	.LASF2
 169 0045 02       		.uleb128 0x2
 170 0046 02       		.byte	0x2
 171 0047 07       		.byte	0x7
 172 0048 0E000000 		.4byte	.LASF3
 173 004c 03       		.uleb128 0x3
 174 004d F1010000 		.4byte	.LASF5
 175 0051 02       		.byte	0x2
 176 0052 3F       		.byte	0x3f
 177 0053 57000000 		.4byte	0x57
 178 0057 02       		.uleb128 0x2
 179 0058 04       		.byte	0x4
 180 0059 05       		.byte	0x5
 181 005a A6010000 		.4byte	.LASF6
 182 005e 02       		.uleb128 0x2
 183 005f 04       		.byte	0x4
 184 0060 07       		.byte	0x7
 185 0061 4A000000 		.4byte	.LASF7
 186 0065 02       		.uleb128 0x2
 187 0066 08       		.byte	0x8
 188 0067 05       		.byte	0x5
 189 0068 00000000 		.4byte	.LASF8
 190 006c 02       		.uleb128 0x2
 191 006d 08       		.byte	0x8
 192 006e 07       		.byte	0x7
 193 006f 5C000000 		.4byte	.LASF9
 194 0073 04       		.uleb128 0x4
 195 0074 04       		.byte	0x4
 196 0075 05       		.byte	0x5
 197 0076 696E7400 		.ascii	"int\000"
 198 007a 02       		.uleb128 0x2
 199 007b 04       		.byte	0x4
 200 007c 07       		.byte	0x7
 201 007d 21000000 		.4byte	.LASF10
ARM GAS  C:\Users\schoo\AppData\Local\Temp\ccMYmloP.s 			page 5


 202 0081 02       		.uleb128 0x2
 203 0082 08       		.byte	0x8
 204 0083 04       		.byte	0x4
 205 0084 E5010000 		.4byte	.LASF11
 206 0088 02       		.uleb128 0x2
 207 0089 04       		.byte	0x4
 208 008a 07       		.byte	0x7
 209 008b 21020000 		.4byte	.LASF12
 210 008f 02       		.uleb128 0x2
 211 0090 01       		.byte	0x1
 212 0091 08       		.byte	0x8
 213 0092 A1010000 		.4byte	.LASF13
 214 0096 03       		.uleb128 0x3
 215 0097 81010000 		.4byte	.LASF14
 216 009b 03       		.byte	0x3
 217 009c 18       		.byte	0x18
 218 009d 2C000000 		.4byte	0x2c
 219 00a1 03       		.uleb128 0x3
 220 00a2 19020000 		.4byte	.LASF15
 221 00a6 03       		.byte	0x3
 222 00a7 2C       		.byte	0x2c
 223 00a8 4C000000 		.4byte	0x4c
 224 00ac 02       		.uleb128 0x2
 225 00ad 04       		.byte	0x4
 226 00ae 04       		.byte	0x4
 227 00af FB010000 		.4byte	.LASF16
 228 00b3 02       		.uleb128 0x2
 229 00b4 08       		.byte	0x8
 230 00b5 04       		.byte	0x4
 231 00b6 BA010000 		.4byte	.LASF17
 232 00ba 05       		.uleb128 0x5
 233 00bb 01020000 		.4byte	.LASF25
 234 00bf 01       		.byte	0x1
 235 00c0 12       		.byte	0x12
 236 00c1 96000000 		.4byte	0x96
 237 00c5 00000000 		.4byte	.LFB64
 238 00c9 BC000000 		.4byte	.LFE64-.LFB64
 239 00cd 01       		.uleb128 0x1
 240 00ce 9C       		.byte	0x9c
 241 00cf 0C010000 		.4byte	0x10c
 242 00d3 06       		.uleb128 0x6
 243 00d4 C1010000 		.4byte	.LASF18
 244 00d8 01       		.byte	0x1
 245 00d9 12       		.byte	0x12
 246 00da 96000000 		.4byte	0x96
 247 00de 02       		.uleb128 0x2
 248 00df 91       		.byte	0x91
 249 00e0 67       		.sleb128 -25
 250 00e1 06       		.uleb128 0x6
 251 00e2 AF010000 		.4byte	.LASF19
 252 00e6 01       		.byte	0x1
 253 00e7 12       		.byte	0x12
 254 00e8 96000000 		.4byte	0x96
 255 00ec 02       		.uleb128 0x2
 256 00ed 91       		.byte	0x91
 257 00ee 66       		.sleb128 -26
 258 00ef 07       		.uleb128 0x7
ARM GAS  C:\Users\schoo\AppData\Local\Temp\ccMYmloP.s 			page 6


 259 00f0 2E000000 		.4byte	.LASF20
 260 00f4 01       		.byte	0x1
 261 00f5 15       		.byte	0x15
 262 00f6 96000000 		.4byte	0x96
 263 00fa 02       		.uleb128 0x2
 264 00fb 91       		.byte	0x91
 265 00fc 6F       		.sleb128 -17
 266 00fd 07       		.uleb128 0x7
 267 00fe 3C000000 		.4byte	.LASF21
 268 0102 01       		.byte	0x1
 269 0103 16       		.byte	0x16
 270 0104 96000000 		.4byte	0x96
 271 0108 02       		.uleb128 0x2
 272 0109 91       		.byte	0x91
 273 010a 6E       		.sleb128 -18
 274 010b 00       		.byte	0
 275 010c 08       		.uleb128 0x8
 276 010d CC010000 		.4byte	.LASF26
 277 0111 04       		.byte	0x4
 278 0112 1207     		.2byte	0x712
 279 0114 18010000 		.4byte	0x118
 280 0118 09       		.uleb128 0x9
 281 0119 A1000000 		.4byte	0xa1
 282 011d 00       		.byte	0
 283              		.section	.debug_abbrev,"",%progbits
 284              	.Ldebug_abbrev0:
 285 0000 01       		.uleb128 0x1
 286 0001 11       		.uleb128 0x11
 287 0002 01       		.byte	0x1
 288 0003 25       		.uleb128 0x25
 289 0004 0E       		.uleb128 0xe
 290 0005 13       		.uleb128 0x13
 291 0006 0B       		.uleb128 0xb
 292 0007 03       		.uleb128 0x3
 293 0008 0E       		.uleb128 0xe
 294 0009 1B       		.uleb128 0x1b
 295 000a 0E       		.uleb128 0xe
 296 000b 55       		.uleb128 0x55
 297 000c 17       		.uleb128 0x17
 298 000d 11       		.uleb128 0x11
 299 000e 01       		.uleb128 0x1
 300 000f 10       		.uleb128 0x10
 301 0010 17       		.uleb128 0x17
 302 0011 00       		.byte	0
 303 0012 00       		.byte	0
 304 0013 02       		.uleb128 0x2
 305 0014 24       		.uleb128 0x24
 306 0015 00       		.byte	0
 307 0016 0B       		.uleb128 0xb
 308 0017 0B       		.uleb128 0xb
 309 0018 3E       		.uleb128 0x3e
 310 0019 0B       		.uleb128 0xb
 311 001a 03       		.uleb128 0x3
 312 001b 0E       		.uleb128 0xe
 313 001c 00       		.byte	0
 314 001d 00       		.byte	0
 315 001e 03       		.uleb128 0x3
ARM GAS  C:\Users\schoo\AppData\Local\Temp\ccMYmloP.s 			page 7


 316 001f 16       		.uleb128 0x16
 317 0020 00       		.byte	0
 318 0021 03       		.uleb128 0x3
 319 0022 0E       		.uleb128 0xe
 320 0023 3A       		.uleb128 0x3a
 321 0024 0B       		.uleb128 0xb
 322 0025 3B       		.uleb128 0x3b
 323 0026 0B       		.uleb128 0xb
 324 0027 49       		.uleb128 0x49
 325 0028 13       		.uleb128 0x13
 326 0029 00       		.byte	0
 327 002a 00       		.byte	0
 328 002b 04       		.uleb128 0x4
 329 002c 24       		.uleb128 0x24
 330 002d 00       		.byte	0
 331 002e 0B       		.uleb128 0xb
 332 002f 0B       		.uleb128 0xb
 333 0030 3E       		.uleb128 0x3e
 334 0031 0B       		.uleb128 0xb
 335 0032 03       		.uleb128 0x3
 336 0033 08       		.uleb128 0x8
 337 0034 00       		.byte	0
 338 0035 00       		.byte	0
 339 0036 05       		.uleb128 0x5
 340 0037 2E       		.uleb128 0x2e
 341 0038 01       		.byte	0x1
 342 0039 3F       		.uleb128 0x3f
 343 003a 19       		.uleb128 0x19
 344 003b 03       		.uleb128 0x3
 345 003c 0E       		.uleb128 0xe
 346 003d 3A       		.uleb128 0x3a
 347 003e 0B       		.uleb128 0xb
 348 003f 3B       		.uleb128 0x3b
 349 0040 0B       		.uleb128 0xb
 350 0041 27       		.uleb128 0x27
 351 0042 19       		.uleb128 0x19
 352 0043 49       		.uleb128 0x49
 353 0044 13       		.uleb128 0x13
 354 0045 11       		.uleb128 0x11
 355 0046 01       		.uleb128 0x1
 356 0047 12       		.uleb128 0x12
 357 0048 06       		.uleb128 0x6
 358 0049 40       		.uleb128 0x40
 359 004a 18       		.uleb128 0x18
 360 004b 9642     		.uleb128 0x2116
 361 004d 19       		.uleb128 0x19
 362 004e 01       		.uleb128 0x1
 363 004f 13       		.uleb128 0x13
 364 0050 00       		.byte	0
 365 0051 00       		.byte	0
 366 0052 06       		.uleb128 0x6
 367 0053 05       		.uleb128 0x5
 368 0054 00       		.byte	0
 369 0055 03       		.uleb128 0x3
 370 0056 0E       		.uleb128 0xe
 371 0057 3A       		.uleb128 0x3a
 372 0058 0B       		.uleb128 0xb
ARM GAS  C:\Users\schoo\AppData\Local\Temp\ccMYmloP.s 			page 8


 373 0059 3B       		.uleb128 0x3b
 374 005a 0B       		.uleb128 0xb
 375 005b 49       		.uleb128 0x49
 376 005c 13       		.uleb128 0x13
 377 005d 02       		.uleb128 0x2
 378 005e 18       		.uleb128 0x18
 379 005f 00       		.byte	0
 380 0060 00       		.byte	0
 381 0061 07       		.uleb128 0x7
 382 0062 34       		.uleb128 0x34
 383 0063 00       		.byte	0
 384 0064 03       		.uleb128 0x3
 385 0065 0E       		.uleb128 0xe
 386 0066 3A       		.uleb128 0x3a
 387 0067 0B       		.uleb128 0xb
 388 0068 3B       		.uleb128 0x3b
 389 0069 0B       		.uleb128 0xb
 390 006a 49       		.uleb128 0x49
 391 006b 13       		.uleb128 0x13
 392 006c 02       		.uleb128 0x2
 393 006d 18       		.uleb128 0x18
 394 006e 00       		.byte	0
 395 006f 00       		.byte	0
 396 0070 08       		.uleb128 0x8
 397 0071 34       		.uleb128 0x34
 398 0072 00       		.byte	0
 399 0073 03       		.uleb128 0x3
 400 0074 0E       		.uleb128 0xe
 401 0075 3A       		.uleb128 0x3a
 402 0076 0B       		.uleb128 0xb
 403 0077 3B       		.uleb128 0x3b
 404 0078 05       		.uleb128 0x5
 405 0079 49       		.uleb128 0x49
 406 007a 13       		.uleb128 0x13
 407 007b 3F       		.uleb128 0x3f
 408 007c 19       		.uleb128 0x19
 409 007d 3C       		.uleb128 0x3c
 410 007e 19       		.uleb128 0x19
 411 007f 00       		.byte	0
 412 0080 00       		.byte	0
 413 0081 09       		.uleb128 0x9
 414 0082 35       		.uleb128 0x35
 415 0083 00       		.byte	0
 416 0084 49       		.uleb128 0x49
 417 0085 13       		.uleb128 0x13
 418 0086 00       		.byte	0
 419 0087 00       		.byte	0
 420 0088 00       		.byte	0
 421              		.section	.debug_aranges,"",%progbits
 422 0000 1C000000 		.4byte	0x1c
 423 0004 0200     		.2byte	0x2
 424 0006 00000000 		.4byte	.Ldebug_info0
 425 000a 04       		.byte	0x4
 426 000b 00       		.byte	0
 427 000c 0000     		.2byte	0
 428 000e 0000     		.2byte	0
 429 0010 00000000 		.4byte	.LFB64
ARM GAS  C:\Users\schoo\AppData\Local\Temp\ccMYmloP.s 			page 9


 430 0014 BC000000 		.4byte	.LFE64-.LFB64
 431 0018 00000000 		.4byte	0
 432 001c 00000000 		.4byte	0
 433              		.section	.debug_ranges,"",%progbits
 434              	.Ldebug_ranges0:
 435 0000 00000000 		.4byte	.LFB64
 436 0004 BC000000 		.4byte	.LFE64
 437 0008 00000000 		.4byte	0
 438 000c 00000000 		.4byte	0
 439              		.section	.debug_line,"",%progbits
 440              	.Ldebug_line0:
 441 0000 61010000 		.section	.debug_str,"MS",%progbits,1
 441      02004301 
 441      00000201 
 441      FB0E0D00 
 441      01010101 
 442              	.LASF8:
 443 0000 6C6F6E67 		.ascii	"long long int\000"
 443      206C6F6E 
 443      6720696E 
 443      7400
 444              	.LASF3:
 445 000e 73686F72 		.ascii	"short unsigned int\000"
 445      7420756E 
 445      7369676E 
 445      65642069 
 445      6E7400
 446              	.LASF10:
 447 0021 756E7369 		.ascii	"unsigned int\000"
 447      676E6564 
 447      20696E74 
 447      00
 448              	.LASF20:
 449 002e 636F6D70 		.ascii	"compareValue1\000"
 449      61726556 
 449      616C7565 
 449      3100
 450              	.LASF21:
 451 003c 636F6D70 		.ascii	"compareValue2\000"
 451      61726556 
 451      616C7565 
 451      3200
 452              	.LASF7:
 453 004a 6C6F6E67 		.ascii	"long unsigned int\000"
 453      20756E73 
 453      69676E65 
 453      6420696E 
 453      7400
 454              	.LASF9:
 455 005c 6C6F6E67 		.ascii	"long long unsigned int\000"
 455      206C6F6E 
 455      6720756E 
 455      7369676E 
 455      65642069 
 456              	.LASF24:
 457 0073 433A5C55 		.ascii	"C:\\Users\\schoo\\302OffOnedrive\\301 Project\\12_C"
 457      73657273 
ARM GAS  C:\Users\schoo\AppData\Local\Temp\ccMYmloP.s 			page 10


 457      5C736368 
 457      6F6F5C33 
 457      30324F66 
 458 00a1 79707265 		.ascii	"ypress_LineFollowingRobot\\Final_implementation\\Te"
 458      73735F4C 
 458      696E6546 
 458      6F6C6C6F 
 458      77696E67 
 459 00d2 616D3132 		.ascii	"am12_PsoC_final.cydsn\000"
 459      5F50736F 
 459      435F6669 
 459      6E616C2E 
 459      63796473 
 460              	.LASF23:
 461 00e8 6D6F7665 		.ascii	"movement.c\000"
 461      6D656E74 
 461      2E6300
 462              	.LASF22:
 463 00f3 474E5520 		.ascii	"GNU C11 5.4.1 20160609 (release) [ARM/embedded-5-br"
 463      43313120 
 463      352E342E 
 463      31203230 
 463      31363036 
 464 0126 616E6368 		.ascii	"anch revision 237715] -mcpu=cortex-m3 -mthumb -g -O"
 464      20726576 
 464      6973696F 
 464      6E203233 
 464      37373135 
 465 0159 30202D66 		.ascii	"0 -ffunction-sections -ffat-lto-objects\000"
 465      66756E63 
 465      74696F6E 
 465      2D736563 
 465      74696F6E 
 466              	.LASF14:
 467 0181 75696E74 		.ascii	"uint8_t\000"
 467      385F7400 
 468              	.LASF1:
 469 0189 756E7369 		.ascii	"unsigned char\000"
 469      676E6564 
 469      20636861 
 469      7200
 470              	.LASF4:
 471 0197 5F5F7569 		.ascii	"__uint8_t\000"
 471      6E74385F 
 471      7400
 472              	.LASF13:
 473 01a1 63686172 		.ascii	"char\000"
 473      00
 474              	.LASF6:
 475 01a6 6C6F6E67 		.ascii	"long int\000"
 475      20696E74 
 475      00
 476              	.LASF19:
 477 01af 77686565 		.ascii	"wheel2Duty\000"
 477      6C324475 
 477      747900
 478              	.LASF17:
ARM GAS  C:\Users\schoo\AppData\Local\Temp\ccMYmloP.s 			page 11


 479 01ba 646F7562 		.ascii	"double\000"
 479      6C6500
 480              	.LASF18:
 481 01c1 77686565 		.ascii	"wheel1Duty\000"
 481      6C314475 
 481      747900
 482              	.LASF26:
 483 01cc 49544D5F 		.ascii	"ITM_RxBuffer\000"
 483      52784275 
 483      66666572 
 483      00
 484              	.LASF0:
 485 01d9 7369676E 		.ascii	"signed char\000"
 485      65642063 
 485      68617200 
 486              	.LASF11:
 487 01e5 6C6F6E67 		.ascii	"long double\000"
 487      20646F75 
 487      626C6500 
 488              	.LASF5:
 489 01f1 5F5F696E 		.ascii	"__int32_t\000"
 489      7433325F 
 489      7400
 490              	.LASF16:
 491 01fb 666C6F61 		.ascii	"float\000"
 491      7400
 492              	.LASF25:
 493 0201 636F6E74 		.ascii	"controlWheels\000"
 493      726F6C57 
 493      6865656C 
 493      7300
 494              	.LASF2:
 495 020f 73686F72 		.ascii	"short int\000"
 495      7420696E 
 495      7400
 496              	.LASF15:
 497 0219 696E7433 		.ascii	"int32_t\000"
 497      325F7400 
 498              	.LASF12:
 499 0221 73697A65 		.ascii	"sizetype\000"
 499      74797065 
 499      00
 500              		.ident	"GCC: (GNU Tools for ARM Embedded Processors) 5.4.1 20160609 (release) [ARM/embedded-5-bran
