ARM GAS  C:\Users\schoo\AppData\Local\Temp\ccCnJtud.s 			page 1


   1              		.syntax unified
   2              		.cpu cortex-m3
   3              		.fpu softvfp
   4              		.eabi_attribute 20, 1
   5              		.eabi_attribute 21, 1
   6              		.eabi_attribute 23, 3
   7              		.eabi_attribute 24, 1
   8              		.eabi_attribute 25, 1
   9              		.eabi_attribute 26, 1
  10              		.eabi_attribute 30, 6
  11              		.eabi_attribute 34, 1
  12              		.eabi_attribute 18, 4
  13              		.thumb
  14              		.syntax unified
  15              		.file	"QuadEncoder.c"
  16              		.text
  17              	.Ltext0:
  18              		.cfi_sections	.debug_frame
  19              	.Letext0:
  20              		.section	.debug_line,"",%progbits
  21              	.Ldebug_line0:
  22              		.section	.debug_str,"MS",%progbits,1
  23              	.LASF0:
  24 0000 433A5C55 		.ascii	"C:\\Users\\schoo\\302OffOnedrive\\301 Project\\12_C"
  24      73657273 
  24      5C736368 
  24      6F6F5C33 
  24      30324F66 
  25 002e 79707265 		.ascii	"ypress_LineFollowingRobot\\Final_implementation\\Te"
  25      73735F4C 
  25      696E6546 
  25      6F6C6C6F 
  25      77696E67 
  26 005f 616D3132 		.ascii	"am12_PsoC_final.cydsn\000"
  26      5F50736F 
  26      435F6669 
  26      6E616C2E 
  26      63796473 
  27              	.LASF1:
  28 0075 51756164 		.ascii	"QuadEncoder.c\000"
  28      456E636F 
  28      6465722E 
  28      6300
  29              	.LASF2:
  30 0083 474E5520 		.ascii	"GNU C11 5.4.1 20160609 (release) [ARM/embedded-5-br"
  30      43313120 
  30      352E342E 
  30      31203230 
  30      31363036 
  31 00b6 616E6368 		.ascii	"anch revision 237715] -mcpu=cortex-m3 -mthumb -g -O"
  31      20726576 
  31      6973696F 
  31      6E203233 
  31      37373135 
  32 00e9 30202D66 		.ascii	"0 -ffunction-sections -ffat-lto-objects\000"
  32      66756E63 
  32      74696F6E 
ARM GAS  C:\Users\schoo\AppData\Local\Temp\ccCnJtud.s 			page 2


  32      2D736563 
  32      74696F6E 
  33              		.ident	"GCC: (GNU Tools for ARM Embedded Processors) 5.4.1 20160609 (release) [ARM/embedded-5-bran
