ARM GAS  C:\Users\Janit\AppData\Local\Temp\cc0SXcex.s 			page 1


   1              		.syntax unified
   2              		.cpu cortex-m3
   3              		.fpu softvfp
   4              		.eabi_attribute 20, 1
   5              		.eabi_attribute 21, 1
   6              		.eabi_attribute 23, 3
   7              		.eabi_attribute 24, 1
   8              		.eabi_attribute 25, 1
   9              		.eabi_attribute 26, 1
  10              		.eabi_attribute 30, 1
  11              		.eabi_attribute 34, 1
  12              		.eabi_attribute 18, 4
  13              		.thumb
  14              		.syntax unified
  15              		.file	"cymetadata.c"
  16              		.text
  17              	.Ltext0:
  18              		.cfi_sections	.debug_frame
  19              		.global	cy_metadata
  20              		.global	cy_meta_flashprotect
  21              		.global	cy_meta_wonvl
  22              		.global	cy_meta_custnvl
  23              		.global	cy_meta_configecc
  24              		.section	.cyconfigecc,"a",%progbits
  25              		.align	2
  26              		.type	cy_meta_configecc, %object
  27              		.size	cy_meta_configecc, 12
  28              	cy_meta_configecc:
  29 0000 C0       		.byte	-64
  30 0001 00       		.byte	0
  31 0002 00       		.byte	0
  32 0003 FB       		.byte	-5
  33 0004 3B       		.byte	59
  34 0005 00       		.byte	0
  35 0006 00       		.byte	0
  36 0007 00       		.byte	0
  37 0008 00       		.byte	0
  38 0009 00       		.byte	0
  39 000a 00       		.byte	0
  40 000b 00       		.byte	0
  41              		.section	.cywolatch,"a",%progbits
  42              		.align	2
  43              		.type	cy_meta_wonvl, %object
  44              		.size	cy_meta_wonvl, 4
  45              	cy_meta_wonvl:
  46 0000 BC       		.byte	-68
  47 0001 90       		.byte	-112
  48 0002 AC       		.byte	-84
  49 0003 AF       		.byte	-81
  50              		.section	.cycustnvl,"a",%progbits
  51              		.align	2
  52              		.type	cy_meta_custnvl, %object
  53              		.size	cy_meta_custnvl, 4
  54              	cy_meta_custnvl:
  55 0000 00       		.byte	0
  56 0001 00       		.byte	0
  57 0002 40       		.byte	64
ARM GAS  C:\Users\Janit\AppData\Local\Temp\cc0SXcex.s 			page 2


  58 0003 05       		.byte	5
  59              		.section	.cymeta,"a",%progbits
  60              		.align	2
  61              		.type	cy_metadata, %object
  62              		.size	cy_metadata, 12
  63              	cy_metadata:
  64 0000 00       		.byte	0
  65 0001 01       		.byte	1
  66 0002 2E       		.byte	46
  67 0003 16       		.byte	22
  68 0004 10       		.byte	16
  69 0005 69       		.byte	105
  70 0006 00       		.byte	0
  71 0007 01       		.byte	1
  72 0008 00       		.byte	0
  73 0009 00       		.byte	0
  74 000a 00       		.byte	0
  75 000b 00       		.byte	0
  76              		.section	.cyflashprotect,"a",%progbits
  77              		.align	2
  78              		.type	cy_meta_flashprotect, %object
  79              		.size	cy_meta_flashprotect, 256
  80              	cy_meta_flashprotect:
  81 0000 00000000 		.space	256
  81      00000000 
  81      00000000 
  81      00000000 
  81      00000000 
  82              		.text
  83              	.Letext0:
  84              		.file 1 "c:\\program files (x86)\\cypress\\psoc creator\\4.2\\psoc creator\\import\\gnu\\arm\\5.4.
  85              		.file 2 "c:\\program files (x86)\\cypress\\psoc creator\\4.2\\psoc creator\\import\\gnu\\arm\\5.4.
  86              		.file 3 "Generated_Source\\PSoC5\\cymetadata.c"
  87              		.section	.debug_info,"",%progbits
  88              	.Ldebug_info0:
  89 0000 20010000 		.4byte	0x120
  90 0004 0400     		.2byte	0x4
  91 0006 00000000 		.4byte	.Ldebug_abbrev0
  92 000a 04       		.byte	0x4
  93 000b 01       		.uleb128 0x1
  94 000c 24000000 		.4byte	.LASF17
  95 0010 0C       		.byte	0xc
  96 0011 7E010000 		.4byte	.LASF18
  97 0015 A2010000 		.4byte	.LASF19
  98 0019 00000000 		.4byte	.Ldebug_line0
  99 001d 02       		.uleb128 0x2
 100 001e 01       		.byte	0x1
 101 001f 06       		.byte	0x6
 102 0020 72010000 		.4byte	.LASF0
 103 0024 03       		.uleb128 0x3
 104 0025 00000000 		.4byte	.LASF9
 105 0029 01       		.byte	0x1
 106 002a 1D       		.byte	0x1d
 107 002b 2F000000 		.4byte	0x2f
 108 002f 02       		.uleb128 0x2
 109 0030 01       		.byte	0x1
 110 0031 08       		.byte	0x8
ARM GAS  C:\Users\Janit\AppData\Local\Temp\cc0SXcex.s 			page 3


 111 0032 16000000 		.4byte	.LASF1
 112 0036 02       		.uleb128 0x2
 113 0037 02       		.byte	0x2
 114 0038 05       		.byte	0x5
 115 0039 5F010000 		.4byte	.LASF2
 116 003d 02       		.uleb128 0x2
 117 003e 02       		.byte	0x2
 118 003f 07       		.byte	0x7
 119 0040 C4000000 		.4byte	.LASF3
 120 0044 02       		.uleb128 0x2
 121 0045 04       		.byte	0x4
 122 0046 05       		.byte	0x5
 123 0047 69010000 		.4byte	.LASF4
 124 004b 02       		.uleb128 0x2
 125 004c 04       		.byte	0x4
 126 004d 07       		.byte	0x7
 127 004e B2000000 		.4byte	.LASF5
 128 0052 02       		.uleb128 0x2
 129 0053 08       		.byte	0x8
 130 0054 05       		.byte	0x5
 131 0055 51010000 		.4byte	.LASF6
 132 0059 02       		.uleb128 0x2
 133 005a 08       		.byte	0x8
 134 005b 07       		.byte	0x7
 135 005c 06010000 		.4byte	.LASF7
 136 0060 04       		.uleb128 0x4
 137 0061 04       		.byte	0x4
 138 0062 05       		.byte	0x5
 139 0063 696E7400 		.ascii	"int\000"
 140 0067 02       		.uleb128 0x2
 141 0068 04       		.byte	0x4
 142 0069 07       		.byte	0x7
 143 006a F9000000 		.4byte	.LASF8
 144 006e 03       		.uleb128 0x3
 145 006f 1D010000 		.4byte	.LASF10
 146 0073 02       		.byte	0x2
 147 0074 18       		.byte	0x18
 148 0075 24000000 		.4byte	0x24
 149 0079 05       		.uleb128 0x5
 150 007a 90000000 		.4byte	0x90
 151 007e 89000000 		.4byte	0x89
 152 0082 06       		.uleb128 0x6
 153 0083 89000000 		.4byte	0x89
 154 0087 0B       		.byte	0xb
 155 0088 00       		.byte	0
 156 0089 02       		.uleb128 0x2
 157 008a 04       		.byte	0x4
 158 008b 07       		.byte	0x7
 159 008c 48010000 		.4byte	.LASF11
 160 0090 07       		.uleb128 0x7
 161 0091 6E000000 		.4byte	0x6e
 162 0095 08       		.uleb128 0x8
 163 0096 E7000000 		.4byte	.LASF12
 164 009a 03       		.byte	0x3
 165 009b 1F       		.byte	0x1f
 166 009c A6000000 		.4byte	0xa6
 167 00a0 05       		.uleb128 0x5
ARM GAS  C:\Users\Janit\AppData\Local\Temp\cc0SXcex.s 			page 4


 168 00a1 03       		.byte	0x3
 169 00a2 00000000 		.4byte	cy_meta_configecc
 170 00a6 07       		.uleb128 0x7
 171 00a7 79000000 		.4byte	0x79
 172 00ab 05       		.uleb128 0x5
 173 00ac 90000000 		.4byte	0x90
 174 00b0 BB000000 		.4byte	0xbb
 175 00b4 06       		.uleb128 0x6
 176 00b5 89000000 		.4byte	0x89
 177 00b9 03       		.byte	0x3
 178 00ba 00       		.byte	0
 179 00bb 08       		.uleb128 0x8
 180 00bc D7000000 		.4byte	.LASF13
 181 00c0 03       		.byte	0x3
 182 00c1 2E       		.byte	0x2e
 183 00c2 CC000000 		.4byte	0xcc
 184 00c6 05       		.uleb128 0x5
 185 00c7 03       		.byte	0x3
 186 00c8 00000000 		.4byte	cy_meta_custnvl
 187 00cc 07       		.uleb128 0x7
 188 00cd AB000000 		.4byte	0xab
 189 00d1 08       		.uleb128 0x8
 190 00d2 3A010000 		.4byte	.LASF14
 191 00d6 03       		.byte	0x3
 192 00d7 3C       		.byte	0x3c
 193 00d8 E2000000 		.4byte	0xe2
 194 00dc 05       		.uleb128 0x5
 195 00dd 03       		.byte	0x3
 196 00de 00000000 		.4byte	cy_meta_wonvl
 197 00e2 07       		.uleb128 0x7
 198 00e3 AB000000 		.4byte	0xab
 199 00e7 05       		.uleb128 0x5
 200 00e8 90000000 		.4byte	0x90
 201 00ec F7000000 		.4byte	0xf7
 202 00f0 06       		.uleb128 0x6
 203 00f1 89000000 		.4byte	0x89
 204 00f5 FF       		.byte	0xff
 205 00f6 00       		.byte	0
 206 00f7 08       		.uleb128 0x8
 207 00f8 25010000 		.4byte	.LASF15
 208 00fc 03       		.byte	0x3
 209 00fd 4A       		.byte	0x4a
 210 00fe 08010000 		.4byte	0x108
 211 0102 05       		.uleb128 0x5
 212 0103 03       		.byte	0x3
 213 0104 00000000 		.4byte	cy_meta_flashprotect
 214 0108 07       		.uleb128 0x7
 215 0109 E7000000 		.4byte	0xe7
 216 010d 08       		.uleb128 0x8
 217 010e 0A000000 		.4byte	.LASF16
 218 0112 03       		.byte	0x3
 219 0113 77       		.byte	0x77
 220 0114 1E010000 		.4byte	0x11e
 221 0118 05       		.uleb128 0x5
 222 0119 03       		.byte	0x3
 223 011a 00000000 		.4byte	cy_metadata
 224 011e 07       		.uleb128 0x7
ARM GAS  C:\Users\Janit\AppData\Local\Temp\cc0SXcex.s 			page 5


 225 011f 79000000 		.4byte	0x79
 226 0123 00       		.byte	0
 227              		.section	.debug_abbrev,"",%progbits
 228              	.Ldebug_abbrev0:
 229 0000 01       		.uleb128 0x1
 230 0001 11       		.uleb128 0x11
 231 0002 01       		.byte	0x1
 232 0003 25       		.uleb128 0x25
 233 0004 0E       		.uleb128 0xe
 234 0005 13       		.uleb128 0x13
 235 0006 0B       		.uleb128 0xb
 236 0007 03       		.uleb128 0x3
 237 0008 0E       		.uleb128 0xe
 238 0009 1B       		.uleb128 0x1b
 239 000a 0E       		.uleb128 0xe
 240 000b 10       		.uleb128 0x10
 241 000c 17       		.uleb128 0x17
 242 000d 00       		.byte	0
 243 000e 00       		.byte	0
 244 000f 02       		.uleb128 0x2
 245 0010 24       		.uleb128 0x24
 246 0011 00       		.byte	0
 247 0012 0B       		.uleb128 0xb
 248 0013 0B       		.uleb128 0xb
 249 0014 3E       		.uleb128 0x3e
 250 0015 0B       		.uleb128 0xb
 251 0016 03       		.uleb128 0x3
 252 0017 0E       		.uleb128 0xe
 253 0018 00       		.byte	0
 254 0019 00       		.byte	0
 255 001a 03       		.uleb128 0x3
 256 001b 16       		.uleb128 0x16
 257 001c 00       		.byte	0
 258 001d 03       		.uleb128 0x3
 259 001e 0E       		.uleb128 0xe
 260 001f 3A       		.uleb128 0x3a
 261 0020 0B       		.uleb128 0xb
 262 0021 3B       		.uleb128 0x3b
 263 0022 0B       		.uleb128 0xb
 264 0023 49       		.uleb128 0x49
 265 0024 13       		.uleb128 0x13
 266 0025 00       		.byte	0
 267 0026 00       		.byte	0
 268 0027 04       		.uleb128 0x4
 269 0028 24       		.uleb128 0x24
 270 0029 00       		.byte	0
 271 002a 0B       		.uleb128 0xb
 272 002b 0B       		.uleb128 0xb
 273 002c 3E       		.uleb128 0x3e
 274 002d 0B       		.uleb128 0xb
 275 002e 03       		.uleb128 0x3
 276 002f 08       		.uleb128 0x8
 277 0030 00       		.byte	0
 278 0031 00       		.byte	0
 279 0032 05       		.uleb128 0x5
 280 0033 01       		.uleb128 0x1
 281 0034 01       		.byte	0x1
ARM GAS  C:\Users\Janit\AppData\Local\Temp\cc0SXcex.s 			page 6


 282 0035 49       		.uleb128 0x49
 283 0036 13       		.uleb128 0x13
 284 0037 01       		.uleb128 0x1
 285 0038 13       		.uleb128 0x13
 286 0039 00       		.byte	0
 287 003a 00       		.byte	0
 288 003b 06       		.uleb128 0x6
 289 003c 21       		.uleb128 0x21
 290 003d 00       		.byte	0
 291 003e 49       		.uleb128 0x49
 292 003f 13       		.uleb128 0x13
 293 0040 2F       		.uleb128 0x2f
 294 0041 0B       		.uleb128 0xb
 295 0042 00       		.byte	0
 296 0043 00       		.byte	0
 297 0044 07       		.uleb128 0x7
 298 0045 26       		.uleb128 0x26
 299 0046 00       		.byte	0
 300 0047 49       		.uleb128 0x49
 301 0048 13       		.uleb128 0x13
 302 0049 00       		.byte	0
 303 004a 00       		.byte	0
 304 004b 08       		.uleb128 0x8
 305 004c 34       		.uleb128 0x34
 306 004d 00       		.byte	0
 307 004e 03       		.uleb128 0x3
 308 004f 0E       		.uleb128 0xe
 309 0050 3A       		.uleb128 0x3a
 310 0051 0B       		.uleb128 0xb
 311 0052 3B       		.uleb128 0x3b
 312 0053 0B       		.uleb128 0xb
 313 0054 49       		.uleb128 0x49
 314 0055 13       		.uleb128 0x13
 315 0056 3F       		.uleb128 0x3f
 316 0057 19       		.uleb128 0x19
 317 0058 02       		.uleb128 0x2
 318 0059 18       		.uleb128 0x18
 319 005a 00       		.byte	0
 320 005b 00       		.byte	0
 321 005c 00       		.byte	0
 322              		.section	.debug_aranges,"",%progbits
 323 0000 14000000 		.4byte	0x14
 324 0004 0200     		.2byte	0x2
 325 0006 00000000 		.4byte	.Ldebug_info0
 326 000a 04       		.byte	0x4
 327 000b 00       		.byte	0
 328 000c 0000     		.2byte	0
 329 000e 0000     		.2byte	0
 330 0010 00000000 		.4byte	0
 331 0014 00000000 		.4byte	0
 332              		.section	.debug_line,"",%progbits
 333              	.Ldebug_line0:
 334 0000 3D010000 		.section	.debug_str,"MS",%progbits,1
 334      02003701 
 334      00000201 
 334      FB0E0D00 
 334      01010101 
ARM GAS  C:\Users\Janit\AppData\Local\Temp\cc0SXcex.s 			page 7


 335              	.LASF9:
 336 0000 5F5F7569 		.ascii	"__uint8_t\000"
 336      6E74385F 
 336      7400
 337              	.LASF16:
 338 000a 63795F6D 		.ascii	"cy_metadata\000"
 338      65746164 
 338      61746100 
 339              	.LASF1:
 340 0016 756E7369 		.ascii	"unsigned char\000"
 340      676E6564 
 340      20636861 
 340      7200
 341              	.LASF17:
 342 0024 474E5520 		.ascii	"GNU C11 5.4.1 20160609 (release) [ARM/embedded-5-br"
 342      43313120 
 342      352E342E 
 342      31203230 
 342      31363036 
 343 0057 616E6368 		.ascii	"anch revision 237715] -mcpu=cortex-m3 -mthumb -g -O"
 343      20726576 
 343      6973696F 
 343      6E203233 
 343      37373135 
 344 008a 67202D66 		.ascii	"g -ffunction-sections -ffat-lto-objects\000"
 344      66756E63 
 344      74696F6E 
 344      2D736563 
 344      74696F6E 
 345              	.LASF5:
 346 00b2 6C6F6E67 		.ascii	"long unsigned int\000"
 346      20756E73 
 346      69676E65 
 346      6420696E 
 346      7400
 347              	.LASF3:
 348 00c4 73686F72 		.ascii	"short unsigned int\000"
 348      7420756E 
 348      7369676E 
 348      65642069 
 348      6E7400
 349              	.LASF13:
 350 00d7 63795F6D 		.ascii	"cy_meta_custnvl\000"
 350      6574615F 
 350      63757374 
 350      6E766C00 
 351              	.LASF12:
 352 00e7 63795F6D 		.ascii	"cy_meta_configecc\000"
 352      6574615F 
 352      636F6E66 
 352      69676563 
 352      6300
 353              	.LASF8:
 354 00f9 756E7369 		.ascii	"unsigned int\000"
 354      676E6564 
 354      20696E74 
 354      00
ARM GAS  C:\Users\Janit\AppData\Local\Temp\cc0SXcex.s 			page 8


 355              	.LASF7:
 356 0106 6C6F6E67 		.ascii	"long long unsigned int\000"
 356      206C6F6E 
 356      6720756E 
 356      7369676E 
 356      65642069 
 357              	.LASF10:
 358 011d 75696E74 		.ascii	"uint8_t\000"
 358      385F7400 
 359              	.LASF15:
 360 0125 63795F6D 		.ascii	"cy_meta_flashprotect\000"
 360      6574615F 
 360      666C6173 
 360      6870726F 
 360      74656374 
 361              	.LASF14:
 362 013a 63795F6D 		.ascii	"cy_meta_wonvl\000"
 362      6574615F 
 362      776F6E76 
 362      6C00
 363              	.LASF11:
 364 0148 73697A65 		.ascii	"sizetype\000"
 364      74797065 
 364      00
 365              	.LASF6:
 366 0151 6C6F6E67 		.ascii	"long long int\000"
 366      206C6F6E 
 366      6720696E 
 366      7400
 367              	.LASF2:
 368 015f 73686F72 		.ascii	"short int\000"
 368      7420696E 
 368      7400
 369              	.LASF4:
 370 0169 6C6F6E67 		.ascii	"long int\000"
 370      20696E74 
 370      00
 371              	.LASF0:
 372 0172 7369676E 		.ascii	"signed char\000"
 372      65642063 
 372      68617200 
 373              	.LASF18:
 374 017e 47656E65 		.ascii	"Generated_Source\\PSoC5\\cymetadata.c\000"
 374      72617465 
 374      645F536F 
 374      75726365 
 374      5C50536F 
 375              	.LASF19:
 376 01a2 443A5C44 		.ascii	"D:\\Documents\\UOA\\2023\\Semester 2\\COMPSYS301\\r"
 376      6F63756D 
 376      656E7473 
 376      5C554F41 
 376      5C323032 
 377 01cf 65706F73 		.ascii	"epos\\12_Cypress_LineFollowingRobot\\Janith\\PSOC\\"
 377      5C31325F 
 377      43797072 
 377      6573735F 
ARM GAS  C:\Users\Janit\AppData\Local\Temp\cc0SXcex.s 			page 9


 377      4C696E65 
 378 01fe 63697263 		.ascii	"circuit_demo.cydsn\000"
 378      7569745F 
 378      64656D6F 
 378      2E637964 
 378      736E00
 379              		.ident	"GCC: (GNU Tools for ARM Embedded Processors) 5.4.1 20160609 (release) [ARM/embedded-5-bran
