ARM GAS  C:\Users\sela847\AppData\Local\Temp\ccbzbzs5.s 			page 1


   1              		.syntax unified
   2              		.cpu cortex-m3
   3              		.fpu softvfp
   4              		.eabi_attribute 20, 1
   5              		.eabi_attribute 21, 1
   6              		.eabi_attribute 23, 3
   7              		.eabi_attribute 24, 1
   8              		.eabi_attribute 25, 1
   9              		.eabi_attribute 26, 1
  10              		.eabi_attribute 30, 1
  11              		.eabi_attribute 34, 1
  12              		.eabi_attribute 18, 4
  13              		.thumb
  14              		.syntax unified
  15              		.file	"main.c"
  16              		.text
  17              	.Ltext0:
  18              		.cfi_sections	.debug_frame
  19              		.section	.text.main,"ax",%progbits
  20              		.align	2
  21              		.global	main
  22              		.thumb
  23              		.thumb_func
  24              		.type	main, %function
  25              	main:
  26              	.LFB63:
  27              		.file 1 "main.c"
   1:main.c        **** 
   2:main.c        **** /* ========================================
   3:main.c        ****  * Laboratory Exercise 3
   4:main.c        ****  *
   5:main.c        ****  * Program timer to flash LED at 1Hz, use interrupts
   6:main.c        ****  *
   7:main.c        ****  * Copyright Univ of Auckland, 2016
   8:main.c        ****  * All Rights Reserved
   9:main.c        ****  * UNPUBLISHED, LICENSED SOFTWARE.
  10:main.c        ****  *
  11:main.c        ****  * CONFIDENTIAL AND PROPRIETARY INFORMATION
  12:main.c        ****  * WHICH IS THE PROPERTY OF Univ of Auckland.
  13:main.c        ****  *
  14:main.c        ****  * ========================================
  15:main.c        **** */
  16:main.c        **** #include <project.h>
  17:main.c        **** 
  18:main.c        **** int main()
  19:main.c        **** {
  28              		.loc 1 19 0
  29              		.cfi_startproc
  30              		@ Volatile: function does not return.
  31              		@ args = 0, pretend = 0, frame = 0
  32              		@ frame_needed = 0, uses_anonymous_args = 0
  33 0000 08B5     		push	{r3, lr}
  34              		.cfi_def_cfa_offset 8
  35              		.cfi_offset 3, -8
  36              		.cfi_offset 14, -4
  20:main.c        ****     CyGlobalIntEnable; /* Enable global interrupts. */
  37              		.loc 1 20 0
ARM GAS  C:\Users\sela847\AppData\Local\Temp\ccbzbzs5.s 			page 2


  38              		.syntax unified
  39              	@ 20 "main.c" 1
  40 0002 62B6     		CPSIE   i
  41              	@ 0 "" 2
  42              		.thumb
  43              		.syntax unified
  44              	.L2:
  21:main.c        **** 
  22:main.c        ****     for(;;)
  23:main.c        ****     {
  24:main.c        ****         /* Place your application code here. */
  25:main.c        ****         
  26:main.c        ****         LED1_Write(SENS1_Read());
  45              		.loc 1 26 0 discriminator 1
  46 0004 FFF7FEFF 		bl	SENS1_Read
  47              	.LVL0:
  48 0008 FFF7FEFF 		bl	LED1_Write
  49              	.LVL1:
  27:main.c        ****         LED2_Write(SENS2_Read());
  50              		.loc 1 27 0 discriminator 1
  51 000c FFF7FEFF 		bl	SENS2_Read
  52              	.LVL2:
  53 0010 FFF7FEFF 		bl	LED2_Write
  54              	.LVL3:
  55 0014 F6E7     		b	.L2
  56              		.cfi_endproc
  57              	.LFE63:
  58              		.size	main, .-main
  59 0016 00BF     		.text
  60              	.Letext0:
  61              		.file 2 "c:\\program files (x86)\\cypress\\psoc creator\\4.2\\psoc creator\\import\\gnu\\arm\\5.4.
  62              		.file 3 "c:\\program files (x86)\\cypress\\psoc creator\\4.2\\psoc creator\\import\\gnu\\arm\\5.4.
  63              		.file 4 "Generated_Source\\PSoC5/SENS1.h"
  64              		.file 5 "Generated_Source\\PSoC5/LED1.h"
  65              		.file 6 "Generated_Source\\PSoC5/SENS2.h"
  66              		.file 7 "Generated_Source\\PSoC5/LED2.h"
  67              		.file 8 "Generated_Source\\PSoC5/core_cm3.h"
  68              		.section	.debug_info,"",%progbits
  69              	.Ldebug_info0:
  70 0000 1C010000 		.4byte	0x11c
  71 0004 0400     		.2byte	0x4
  72 0006 00000000 		.4byte	.Ldebug_abbrev0
  73 000a 04       		.byte	0x4
  74 000b 01       		.uleb128 0x1
  75 000c 45000000 		.4byte	.LASF20
  76 0010 0C       		.byte	0xc
  77 0011 39000000 		.4byte	.LASF21
  78 0015 E5000000 		.4byte	.LASF22
  79 0019 00000000 		.4byte	.Ldebug_ranges0+0
  80 001d 00000000 		.4byte	0
  81 0021 00000000 		.4byte	.Ldebug_line0
  82 0025 02       		.uleb128 0x2
  83 0026 01       		.byte	0x1
  84 0027 06       		.byte	0x6
  85 0028 81010000 		.4byte	.LASF0
  86 002c 02       		.uleb128 0x2
  87 002d 01       		.byte	0x1
ARM GAS  C:\Users\sela847\AppData\Local\Temp\ccbzbzs5.s 			page 3


  88 002e 08       		.byte	0x8
  89 002f 51010000 		.4byte	.LASF1
  90 0033 02       		.uleb128 0x2
  91 0034 02       		.byte	0x2
  92 0035 05       		.byte	0x5
  93 0036 B4010000 		.4byte	.LASF2
  94 003a 02       		.uleb128 0x2
  95 003b 02       		.byte	0x2
  96 003c 07       		.byte	0x7
  97 003d 0E000000 		.4byte	.LASF3
  98 0041 03       		.uleb128 0x3
  99 0042 99010000 		.4byte	.LASF9
 100 0046 02       		.byte	0x2
 101 0047 3F       		.byte	0x3f
 102 0048 4C000000 		.4byte	0x4c
 103 004c 02       		.uleb128 0x2
 104 004d 04       		.byte	0x4
 105 004e 05       		.byte	0x5
 106 004f 64010000 		.4byte	.LASF4
 107 0053 02       		.uleb128 0x2
 108 0054 04       		.byte	0x4
 109 0055 07       		.byte	0x7
 110 0056 D3000000 		.4byte	.LASF5
 111 005a 02       		.uleb128 0x2
 112 005b 08       		.byte	0x8
 113 005c 05       		.byte	0x5
 114 005d 00000000 		.4byte	.LASF6
 115 0061 02       		.uleb128 0x2
 116 0062 08       		.byte	0x8
 117 0063 07       		.byte	0x7
 118 0064 3A010000 		.4byte	.LASF7
 119 0068 04       		.uleb128 0x4
 120 0069 04       		.byte	0x4
 121 006a 05       		.byte	0x5
 122 006b 696E7400 		.ascii	"int\000"
 123 006f 02       		.uleb128 0x2
 124 0070 04       		.byte	0x4
 125 0071 07       		.byte	0x7
 126 0072 21000000 		.4byte	.LASF8
 127 0076 03       		.uleb128 0x3
 128 0077 C9010000 		.4byte	.LASF10
 129 007b 03       		.byte	0x3
 130 007c 2C       		.byte	0x2c
 131 007d 41000000 		.4byte	0x41
 132 0081 02       		.uleb128 0x2
 133 0082 04       		.byte	0x4
 134 0083 04       		.byte	0x4
 135 0084 AE010000 		.4byte	.LASF11
 136 0088 02       		.uleb128 0x2
 137 0089 08       		.byte	0x8
 138 008a 04       		.byte	0x4
 139 008b 6D010000 		.4byte	.LASF12
 140 008f 02       		.uleb128 0x2
 141 0090 01       		.byte	0x1
 142 0091 08       		.byte	0x8
 143 0092 5F010000 		.4byte	.LASF13
 144 0096 02       		.uleb128 0x2
ARM GAS  C:\Users\sela847\AppData\Local\Temp\ccbzbzs5.s 			page 4


 145 0097 08       		.byte	0x8
 146 0098 04       		.byte	0x4
 147 0099 8D010000 		.4byte	.LASF14
 148 009d 02       		.uleb128 0x2
 149 009e 04       		.byte	0x4
 150 009f 07       		.byte	0x7
 151 00a0 D1010000 		.4byte	.LASF15
 152 00a4 05       		.uleb128 0x5
 153 00a5 40000000 		.4byte	.LASF23
 154 00a9 01       		.byte	0x1
 155 00aa 12       		.byte	0x12
 156 00ab 68000000 		.4byte	0x68
 157 00af 00000000 		.4byte	.LFB63
 158 00b3 16000000 		.4byte	.LFE63-.LFB63
 159 00b7 01       		.uleb128 0x1
 160 00b8 9C       		.byte	0x9c
 161 00b9 E2000000 		.4byte	0xe2
 162 00bd 06       		.uleb128 0x6
 163 00be 08000000 		.4byte	.LVL0
 164 00c2 F3000000 		.4byte	0xf3
 165 00c6 06       		.uleb128 0x6
 166 00c7 0C000000 		.4byte	.LVL1
 167 00cb FE000000 		.4byte	0xfe
 168 00cf 06       		.uleb128 0x6
 169 00d0 10000000 		.4byte	.LVL2
 170 00d4 09010000 		.4byte	0x109
 171 00d8 06       		.uleb128 0x6
 172 00d9 14000000 		.4byte	.LVL3
 173 00dd 14010000 		.4byte	0x114
 174 00e1 00       		.byte	0
 175 00e2 07       		.uleb128 0x7
 176 00e3 74010000 		.4byte	.LASF24
 177 00e7 08       		.byte	0x8
 178 00e8 1207     		.2byte	0x712
 179 00ea EE000000 		.4byte	0xee
 180 00ee 08       		.uleb128 0x8
 181 00ef 76000000 		.4byte	0x76
 182 00f3 09       		.uleb128 0x9
 183 00f4 BE010000 		.4byte	.LASF16
 184 00f8 BE010000 		.4byte	.LASF16
 185 00fc 04       		.byte	0x4
 186 00fd 29       		.byte	0x29
 187 00fe 09       		.uleb128 0x9
 188 00ff A3010000 		.4byte	.LASF17
 189 0103 A3010000 		.4byte	.LASF17
 190 0107 05       		.byte	0x5
 191 0108 26       		.byte	0x26
 192 0109 09       		.uleb128 0x9
 193 010a 2F010000 		.4byte	.LASF18
 194 010e 2F010000 		.4byte	.LASF18
 195 0112 06       		.byte	0x6
 196 0113 29       		.byte	0x29
 197 0114 09       		.uleb128 0x9
 198 0115 2E000000 		.4byte	.LASF19
 199 0119 2E000000 		.4byte	.LASF19
 200 011d 07       		.byte	0x7
 201 011e 26       		.byte	0x26
ARM GAS  C:\Users\sela847\AppData\Local\Temp\ccbzbzs5.s 			page 5


 202 011f 00       		.byte	0
 203              		.section	.debug_abbrev,"",%progbits
 204              	.Ldebug_abbrev0:
 205 0000 01       		.uleb128 0x1
 206 0001 11       		.uleb128 0x11
 207 0002 01       		.byte	0x1
 208 0003 25       		.uleb128 0x25
 209 0004 0E       		.uleb128 0xe
 210 0005 13       		.uleb128 0x13
 211 0006 0B       		.uleb128 0xb
 212 0007 03       		.uleb128 0x3
 213 0008 0E       		.uleb128 0xe
 214 0009 1B       		.uleb128 0x1b
 215 000a 0E       		.uleb128 0xe
 216 000b 55       		.uleb128 0x55
 217 000c 17       		.uleb128 0x17
 218 000d 11       		.uleb128 0x11
 219 000e 01       		.uleb128 0x1
 220 000f 10       		.uleb128 0x10
 221 0010 17       		.uleb128 0x17
 222 0011 00       		.byte	0
 223 0012 00       		.byte	0
 224 0013 02       		.uleb128 0x2
 225 0014 24       		.uleb128 0x24
 226 0015 00       		.byte	0
 227 0016 0B       		.uleb128 0xb
 228 0017 0B       		.uleb128 0xb
 229 0018 3E       		.uleb128 0x3e
 230 0019 0B       		.uleb128 0xb
 231 001a 03       		.uleb128 0x3
 232 001b 0E       		.uleb128 0xe
 233 001c 00       		.byte	0
 234 001d 00       		.byte	0
 235 001e 03       		.uleb128 0x3
 236 001f 16       		.uleb128 0x16
 237 0020 00       		.byte	0
 238 0021 03       		.uleb128 0x3
 239 0022 0E       		.uleb128 0xe
 240 0023 3A       		.uleb128 0x3a
 241 0024 0B       		.uleb128 0xb
 242 0025 3B       		.uleb128 0x3b
 243 0026 0B       		.uleb128 0xb
 244 0027 49       		.uleb128 0x49
 245 0028 13       		.uleb128 0x13
 246 0029 00       		.byte	0
 247 002a 00       		.byte	0
 248 002b 04       		.uleb128 0x4
 249 002c 24       		.uleb128 0x24
 250 002d 00       		.byte	0
 251 002e 0B       		.uleb128 0xb
 252 002f 0B       		.uleb128 0xb
 253 0030 3E       		.uleb128 0x3e
 254 0031 0B       		.uleb128 0xb
 255 0032 03       		.uleb128 0x3
 256 0033 08       		.uleb128 0x8
 257 0034 00       		.byte	0
 258 0035 00       		.byte	0
ARM GAS  C:\Users\sela847\AppData\Local\Temp\ccbzbzs5.s 			page 6


 259 0036 05       		.uleb128 0x5
 260 0037 2E       		.uleb128 0x2e
 261 0038 01       		.byte	0x1
 262 0039 3F       		.uleb128 0x3f
 263 003a 19       		.uleb128 0x19
 264 003b 03       		.uleb128 0x3
 265 003c 0E       		.uleb128 0xe
 266 003d 3A       		.uleb128 0x3a
 267 003e 0B       		.uleb128 0xb
 268 003f 3B       		.uleb128 0x3b
 269 0040 0B       		.uleb128 0xb
 270 0041 49       		.uleb128 0x49
 271 0042 13       		.uleb128 0x13
 272 0043 8701     		.uleb128 0x87
 273 0045 19       		.uleb128 0x19
 274 0046 11       		.uleb128 0x11
 275 0047 01       		.uleb128 0x1
 276 0048 12       		.uleb128 0x12
 277 0049 06       		.uleb128 0x6
 278 004a 40       		.uleb128 0x40
 279 004b 18       		.uleb128 0x18
 280 004c 9742     		.uleb128 0x2117
 281 004e 19       		.uleb128 0x19
 282 004f 01       		.uleb128 0x1
 283 0050 13       		.uleb128 0x13
 284 0051 00       		.byte	0
 285 0052 00       		.byte	0
 286 0053 06       		.uleb128 0x6
 287 0054 898201   		.uleb128 0x4109
 288 0057 00       		.byte	0
 289 0058 11       		.uleb128 0x11
 290 0059 01       		.uleb128 0x1
 291 005a 31       		.uleb128 0x31
 292 005b 13       		.uleb128 0x13
 293 005c 00       		.byte	0
 294 005d 00       		.byte	0
 295 005e 07       		.uleb128 0x7
 296 005f 34       		.uleb128 0x34
 297 0060 00       		.byte	0
 298 0061 03       		.uleb128 0x3
 299 0062 0E       		.uleb128 0xe
 300 0063 3A       		.uleb128 0x3a
 301 0064 0B       		.uleb128 0xb
 302 0065 3B       		.uleb128 0x3b
 303 0066 05       		.uleb128 0x5
 304 0067 49       		.uleb128 0x49
 305 0068 13       		.uleb128 0x13
 306 0069 3F       		.uleb128 0x3f
 307 006a 19       		.uleb128 0x19
 308 006b 3C       		.uleb128 0x3c
 309 006c 19       		.uleb128 0x19
 310 006d 00       		.byte	0
 311 006e 00       		.byte	0
 312 006f 08       		.uleb128 0x8
 313 0070 35       		.uleb128 0x35
 314 0071 00       		.byte	0
 315 0072 49       		.uleb128 0x49
ARM GAS  C:\Users\sela847\AppData\Local\Temp\ccbzbzs5.s 			page 7


 316 0073 13       		.uleb128 0x13
 317 0074 00       		.byte	0
 318 0075 00       		.byte	0
 319 0076 09       		.uleb128 0x9
 320 0077 2E       		.uleb128 0x2e
 321 0078 00       		.byte	0
 322 0079 3F       		.uleb128 0x3f
 323 007a 19       		.uleb128 0x19
 324 007b 3C       		.uleb128 0x3c
 325 007c 19       		.uleb128 0x19
 326 007d 6E       		.uleb128 0x6e
 327 007e 0E       		.uleb128 0xe
 328 007f 03       		.uleb128 0x3
 329 0080 0E       		.uleb128 0xe
 330 0081 3A       		.uleb128 0x3a
 331 0082 0B       		.uleb128 0xb
 332 0083 3B       		.uleb128 0x3b
 333 0084 0B       		.uleb128 0xb
 334 0085 00       		.byte	0
 335 0086 00       		.byte	0
 336 0087 00       		.byte	0
 337              		.section	.debug_aranges,"",%progbits
 338 0000 1C000000 		.4byte	0x1c
 339 0004 0200     		.2byte	0x2
 340 0006 00000000 		.4byte	.Ldebug_info0
 341 000a 04       		.byte	0x4
 342 000b 00       		.byte	0
 343 000c 0000     		.2byte	0
 344 000e 0000     		.2byte	0
 345 0010 00000000 		.4byte	.LFB63
 346 0014 16000000 		.4byte	.LFE63-.LFB63
 347 0018 00000000 		.4byte	0
 348 001c 00000000 		.4byte	0
 349              		.section	.debug_ranges,"",%progbits
 350              	.Ldebug_ranges0:
 351 0000 00000000 		.4byte	.LFB63
 352 0004 16000000 		.4byte	.LFE63
 353 0008 00000000 		.4byte	0
 354 000c 00000000 		.4byte	0
 355              		.section	.debug_line,"",%progbits
 356              	.Ldebug_line0:
 357 0000 89010000 		.section	.debug_str,"MS",%progbits,1
 357      02006901 
 357      00000201 
 357      FB0E0D00 
 357      01010101 
 358              	.LASF6:
 359 0000 6C6F6E67 		.ascii	"long long int\000"
 359      206C6F6E 
 359      6720696E 
 359      7400
 360              	.LASF3:
 361 000e 73686F72 		.ascii	"short unsigned int\000"
 361      7420756E 
 361      7369676E 
 361      65642069 
 361      6E7400
ARM GAS  C:\Users\sela847\AppData\Local\Temp\ccbzbzs5.s 			page 8


 362              	.LASF8:
 363 0021 756E7369 		.ascii	"unsigned int\000"
 363      676E6564 
 363      20696E74 
 363      00
 364              	.LASF19:
 365 002e 4C454432 		.ascii	"LED2_Write\000"
 365      5F577269 
 365      746500
 366              	.LASF21:
 367 0039 6D61696E 		.ascii	"main.c\000"
 367      2E6300
 368              	.LASF23:
 369 0040 6D61696E 		.ascii	"main\000"
 369      00
 370              	.LASF20:
 371 0045 474E5520 		.ascii	"GNU C11 5.4.1 20160609 (release) [ARM/embedded-5-br"
 371      43313120 
 371      352E342E 
 371      31203230 
 371      31363036 
 372 0078 616E6368 		.ascii	"anch revision 237715] -mcpu=cortex-m3 -mthumb -g -O"
 372      20726576 
 372      6973696F 
 372      6E203233 
 372      37373135 
 373 00ab 67202D66 		.ascii	"g -ffunction-sections -ffat-lto-objects\000"
 373      66756E63 
 373      74696F6E 
 373      2D736563 
 373      74696F6E 
 374              	.LASF5:
 375 00d3 6C6F6E67 		.ascii	"long unsigned int\000"
 375      20756E73 
 375      69676E65 
 375      6420696E 
 375      7400
 376              	.LASF22:
 377 00e5 483A5C44 		.ascii	"H:\\Documents\\12_Cypress_LineFollowingRobot\\Janit"
 377      6F63756D 
 377      656E7473 
 377      5C31325F 
 377      43797072 
 378 0115 685C5053 		.ascii	"h\\PSOC\\circuit_demo.cydsn\000"
 378      4F435C63 
 378      69726375 
 378      69745F64 
 378      656D6F2E 
 379              	.LASF18:
 380 012f 53454E53 		.ascii	"SENS2_Read\000"
 380      325F5265 
 380      616400
 381              	.LASF7:
 382 013a 6C6F6E67 		.ascii	"long long unsigned int\000"
 382      206C6F6E 
 382      6720756E 
 382      7369676E 
ARM GAS  C:\Users\sela847\AppData\Local\Temp\ccbzbzs5.s 			page 9


 382      65642069 
 383              	.LASF1:
 384 0151 756E7369 		.ascii	"unsigned char\000"
 384      676E6564 
 384      20636861 
 384      7200
 385              	.LASF13:
 386 015f 63686172 		.ascii	"char\000"
 386      00
 387              	.LASF4:
 388 0164 6C6F6E67 		.ascii	"long int\000"
 388      20696E74 
 388      00
 389              	.LASF12:
 390 016d 646F7562 		.ascii	"double\000"
 390      6C6500
 391              	.LASF24:
 392 0174 49544D5F 		.ascii	"ITM_RxBuffer\000"
 392      52784275 
 392      66666572 
 392      00
 393              	.LASF0:
 394 0181 7369676E 		.ascii	"signed char\000"
 394      65642063 
 394      68617200 
 395              	.LASF14:
 396 018d 6C6F6E67 		.ascii	"long double\000"
 396      20646F75 
 396      626C6500 
 397              	.LASF9:
 398 0199 5F5F696E 		.ascii	"__int32_t\000"
 398      7433325F 
 398      7400
 399              	.LASF17:
 400 01a3 4C454431 		.ascii	"LED1_Write\000"
 400      5F577269 
 400      746500
 401              	.LASF11:
 402 01ae 666C6F61 		.ascii	"float\000"
 402      7400
 403              	.LASF2:
 404 01b4 73686F72 		.ascii	"short int\000"
 404      7420696E 
 404      7400
 405              	.LASF16:
 406 01be 53454E53 		.ascii	"SENS1_Read\000"
 406      315F5265 
 406      616400
 407              	.LASF10:
 408 01c9 696E7433 		.ascii	"int32_t\000"
 408      325F7400 
 409              	.LASF15:
 410 01d1 73697A65 		.ascii	"sizetype\000"
 410      74797065 
 410      00
 411              		.ident	"GCC: (GNU Tools for ARM Embedded Processors) 5.4.1 20160609 (release) [ARM/embedded-5-bran
