ARM GAS  C:\Users\NITISH~1\AppData\Local\Temp\ccDlniaf.s 			page 1


   1              		.syntax unified
   2              		.cpu cortex-m3
   3              		.fpu softvfp
   4              		.eabi_attribute 20, 1
   5              		.eabi_attribute 21, 1
   6              		.eabi_attribute 23, 3
   7              		.eabi_attribute 24, 1
   8              		.eabi_attribute 25, 1
   9              		.eabi_attribute 26, 1
  10              		.eabi_attribute 30, 1
  11              		.eabi_attribute 34, 1
  12              		.eabi_attribute 18, 4
  13              		.thumb
  14              		.file	"cymetadata.c"
  15              		.text
  16              	.Ltext0:
  17              		.cfi_sections	.debug_frame
  18              		.global	cy_metadata
  19              		.global	cy_meta_flashprotect
  20              		.global	cy_meta_wonvl
  21              		.global	cy_meta_custnvl
  22              		.global	cy_meta_configecc
  23              		.section	.cyconfigecc,"a",%progbits
  24              		.align	2
  25              		.type	cy_meta_configecc, %object
  26              		.size	cy_meta_configecc, 84
  27              	cy_meta_configecc:
  28 0000 04       		.byte	4
  29 0001 0B       		.byte	11
  30 0002 01       		.byte	1
  31 0003 40       		.byte	64
  32 0004 07       		.byte	7
  33 0005 0C       		.byte	12
  34 0006 01       		.byte	1
  35 0007 40       		.byte	64
  36 0008 06       		.byte	6
  37 0009 0D       		.byte	13
  38 000a 01       		.byte	1
  39 000b 40       		.byte	64
  40 000c 04       		.byte	4
  41 000d 45       		.byte	69
  42 000e 01       		.byte	1
  43 000f 40       		.byte	64
  44 0010 01       		.byte	1
  45 0011 46       		.byte	70
  46 0012 01       		.byte	1
  47 0013 40       		.byte	64
  48 0014 02       		.byte	2
  49 0015 50       		.byte	80
  50 0016 01       		.byte	1
  51 0017 40       		.byte	64
  52 0018 A9       		.byte	-87
  53 0019 02       		.byte	2
  54 001a AA       		.byte	-86
  55 001b 40       		.byte	64
  56 001c EA       		.byte	-22
  57 001d 01       		.byte	1
ARM GAS  C:\Users\NITISH~1\AppData\Local\Temp\ccDlniaf.s 			page 2


  58 001e EC       		.byte	-20
  59 001f 01       		.byte	1
  60 0020 88       		.byte	-120
  61 0021 01       		.byte	1
  62 0022 92       		.byte	-110
  63 0023 02       		.byte	2
  64 0024 B0       		.byte	-80
  65 0025 01       		.byte	1
  66 0026 B2       		.byte	-78
  67 0027 02       		.byte	2
  68 0028 BE       		.byte	-66
  69 0029 01       		.byte	1
  70 002a D8       		.byte	-40
  71 002b 04       		.byte	4
  72 002c DF       		.byte	-33
  73 002d 01       		.byte	1
  74 002e 00       		.byte	0
  75 002f 10       		.byte	16
  76 0030 09       		.byte	9
  77 0031 02       		.byte	2
  78 0032 18       		.byte	24
  79 0033 10       		.byte	16
  80 0034 1A       		.byte	26
  81 0035 80       		.byte	-128
  82 0036 C0       		.byte	-64
  83 0037 02       		.byte	2
  84 0038 C2       		.byte	-62
  85 0039 08       		.byte	8
  86 003a 02       		.byte	2
  87 003b 02       		.byte	2
  88 003c 52       		.byte	82
  89 003d 20       		.byte	32
  90 003e C0       		.byte	-64
  91 003f 02       		.byte	2
  92 0040 D4       		.byte	-44
  93 0041 04       		.byte	4
  94 0042 AA       		.byte	-86
  95 0043 22       		.byte	34
  96 0044 00       		.byte	0
  97 0045 01       		.byte	1
  98 0046 0E       		.byte	14
  99 0047 01       		.byte	1
 100 0048 04       		.byte	4
 101 0049 00       		.byte	0
 102 004a 00       		.byte	0
 103 004b 06       		.byte	6
 104 004c 02       		.byte	2
 105 004d 00       		.byte	0
 106 004e 02       		.byte	2
 107 004f 00       		.byte	0
 108 0050 00       		.byte	0
 109 0051 00       		.byte	0
 110 0052 00       		.byte	0
 111 0053 00       		.byte	0
 112              		.section	.cywolatch,"a",%progbits
 113              		.align	2
 114              		.type	cy_meta_wonvl, %object
ARM GAS  C:\Users\NITISH~1\AppData\Local\Temp\ccDlniaf.s 			page 3


 115              		.size	cy_meta_wonvl, 4
 116              	cy_meta_wonvl:
 117 0000 BC       		.byte	-68
 118 0001 90       		.byte	-112
 119 0002 AC       		.byte	-84
 120 0003 AF       		.byte	-81
 121              		.section	.cycustnvl,"a",%progbits
 122              		.align	2
 123              		.type	cy_meta_custnvl, %object
 124              		.size	cy_meta_custnvl, 4
 125              	cy_meta_custnvl:
 126 0000 00       		.byte	0
 127 0001 00       		.byte	0
 128 0002 40       		.byte	64
 129 0003 05       		.byte	5
 130              		.section	.cymeta,"a",%progbits
 131              		.align	2
 132              		.type	cy_metadata, %object
 133              		.size	cy_metadata, 12
 134              	cy_metadata:
 135 0000 00       		.byte	0
 136 0001 01       		.byte	1
 137 0002 2E       		.byte	46
 138 0003 16       		.byte	22
 139 0004 10       		.byte	16
 140 0005 69       		.byte	105
 141 0006 00       		.byte	0
 142 0007 01       		.byte	1
 143 0008 00       		.byte	0
 144 0009 00       		.byte	0
 145 000a 00       		.byte	0
 146 000b 00       		.byte	0
 147              		.section	.cyflashprotect,"a",%progbits
 148              		.align	2
 149              		.type	cy_meta_flashprotect, %object
 150              		.size	cy_meta_flashprotect, 256
 151              	cy_meta_flashprotect:
 152 0000 00000000 		.space	256
 152      00000000 
 152      00000000 
 152      00000000 
 152      00000000 
 153              		.text
 154              	.Letext0:
 155              		.file 1 ".\\Generated_Source\\PSoC5\\cymetadata.c"
 156              		.file 2 ".\\Generated_Source\\PSoC5\\cytypes.h"
 157              		.section	.debug_info,"",%progbits
 158              	.Ldebug_info0:
 159 0000 36010000 		.4byte	0x136
 160 0004 0400     		.2byte	0x4
 161 0006 00000000 		.4byte	.Ldebug_abbrev0
 162 000a 04       		.byte	0x4
 163 000b 01       		.uleb128 0x1
 164 000c DF000000 		.4byte	.LASF18
 165 0010 01       		.byte	0x1
 166 0011 00000000 		.4byte	.LASF19
 167 0015 82000000 		.4byte	.LASF20
ARM GAS  C:\Users\NITISH~1\AppData\Local\Temp\ccDlniaf.s 			page 4


 168 0019 00000000 		.4byte	.Ldebug_line0
 169 001d 02       		.uleb128 0x2
 170 001e 01       		.byte	0x1
 171 001f 06       		.byte	0x6
 172 0020 E9010000 		.4byte	.LASF0
 173 0024 02       		.uleb128 0x2
 174 0025 01       		.byte	0x1
 175 0026 08       		.byte	0x8
 176 0027 38000000 		.4byte	.LASF1
 177 002b 02       		.uleb128 0x2
 178 002c 02       		.byte	0x2
 179 002d 05       		.byte	0x5
 180 002e D0010000 		.4byte	.LASF2
 181 0032 02       		.uleb128 0x2
 182 0033 02       		.byte	0x2
 183 0034 07       		.byte	0x7
 184 0035 58000000 		.4byte	.LASF3
 185 0039 02       		.uleb128 0x2
 186 003a 04       		.byte	0x4
 187 003b 05       		.byte	0x5
 188 003c E0010000 		.4byte	.LASF4
 189 0040 02       		.uleb128 0x2
 190 0041 04       		.byte	0x4
 191 0042 07       		.byte	0x7
 192 0043 46000000 		.4byte	.LASF5
 193 0047 02       		.uleb128 0x2
 194 0048 08       		.byte	0x8
 195 0049 05       		.byte	0x5
 196 004a BD010000 		.4byte	.LASF6
 197 004e 02       		.uleb128 0x2
 198 004f 08       		.byte	0x8
 199 0050 07       		.byte	0x7
 200 0051 7A010000 		.4byte	.LASF7
 201 0055 03       		.uleb128 0x3
 202 0056 04       		.byte	0x4
 203 0057 05       		.byte	0x5
 204 0058 696E7400 		.ascii	"int\000"
 205 005c 02       		.uleb128 0x2
 206 005d 04       		.byte	0x4
 207 005e 07       		.byte	0x7
 208 005f 6D010000 		.4byte	.LASF8
 209 0063 04       		.uleb128 0x4
 210 0064 DA010000 		.4byte	.LASF21
 211 0068 02       		.byte	0x2
 212 0069 9201     		.2byte	0x192
 213 006b 24000000 		.4byte	0x24
 214 006f 02       		.uleb128 0x2
 215 0070 04       		.byte	0x4
 216 0071 04       		.byte	0x4
 217 0072 32000000 		.4byte	.LASF9
 218 0076 02       		.uleb128 0x2
 219 0077 08       		.byte	0x8
 220 0078 04       		.byte	0x4
 221 0079 6B000000 		.4byte	.LASF10
 222 007d 02       		.uleb128 0x2
 223 007e 01       		.byte	0x1
 224 007f 08       		.byte	0x8
ARM GAS  C:\Users\NITISH~1\AppData\Local\Temp\ccDlniaf.s 			page 5


 225 0080 CB010000 		.4byte	.LASF11
 226 0084 05       		.uleb128 0x5
 227 0085 63000000 		.4byte	0x63
 228 0089 94000000 		.4byte	0x94
 229 008d 06       		.uleb128 0x6
 230 008e 94000000 		.4byte	0x94
 231 0092 53       		.byte	0x53
 232 0093 00       		.byte	0
 233 0094 02       		.uleb128 0x2
 234 0095 04       		.byte	0x4
 235 0096 07       		.byte	0x7
 236 0097 B4010000 		.4byte	.LASF12
 237 009b 07       		.uleb128 0x7
 238 009c CD000000 		.4byte	.LASF13
 239 00a0 01       		.byte	0x1
 240 00a1 1F       		.byte	0x1f
 241 00a2 AC000000 		.4byte	0xac
 242 00a6 05       		.uleb128 0x5
 243 00a7 03       		.byte	0x3
 244 00a8 00000000 		.4byte	cy_meta_configecc
 245 00ac 08       		.uleb128 0x8
 246 00ad 84000000 		.4byte	0x84
 247 00b1 05       		.uleb128 0x5
 248 00b2 63000000 		.4byte	0x63
 249 00b6 C1000000 		.4byte	0xc1
 250 00ba 06       		.uleb128 0x6
 251 00bb 94000000 		.4byte	0x94
 252 00bf 03       		.byte	0x3
 253 00c0 00       		.byte	0
 254 00c1 07       		.uleb128 0x7
 255 00c2 72000000 		.4byte	.LASF14
 256 00c6 01       		.byte	0x1
 257 00c7 37       		.byte	0x37
 258 00c8 D2000000 		.4byte	0xd2
 259 00cc 05       		.uleb128 0x5
 260 00cd 03       		.byte	0x3
 261 00ce 00000000 		.4byte	cy_meta_custnvl
 262 00d2 08       		.uleb128 0x8
 263 00d3 B1000000 		.4byte	0xb1
 264 00d7 07       		.uleb128 0x7
 265 00d8 A6010000 		.4byte	.LASF15
 266 00dc 01       		.byte	0x1
 267 00dd 45       		.byte	0x45
 268 00de E8000000 		.4byte	0xe8
 269 00e2 05       		.uleb128 0x5
 270 00e3 03       		.byte	0x3
 271 00e4 00000000 		.4byte	cy_meta_wonvl
 272 00e8 08       		.uleb128 0x8
 273 00e9 B1000000 		.4byte	0xb1
 274 00ed 05       		.uleb128 0x5
 275 00ee 63000000 		.4byte	0x63
 276 00f2 FD000000 		.4byte	0xfd
 277 00f6 06       		.uleb128 0x6
 278 00f7 94000000 		.4byte	0x94
 279 00fb FF       		.byte	0xff
 280 00fc 00       		.byte	0
 281 00fd 07       		.uleb128 0x7
ARM GAS  C:\Users\NITISH~1\AppData\Local\Temp\ccDlniaf.s 			page 6


 282 00fe 91010000 		.4byte	.LASF16
 283 0102 01       		.byte	0x1
 284 0103 53       		.byte	0x53
 285 0104 0E010000 		.4byte	0x10e
 286 0108 05       		.uleb128 0x5
 287 0109 03       		.byte	0x3
 288 010a 00000000 		.4byte	cy_meta_flashprotect
 289 010e 08       		.uleb128 0x8
 290 010f ED000000 		.4byte	0xed
 291 0113 05       		.uleb128 0x5
 292 0114 63000000 		.4byte	0x63
 293 0118 23010000 		.4byte	0x123
 294 011c 06       		.uleb128 0x6
 295 011d 94000000 		.4byte	0x94
 296 0121 0B       		.byte	0xb
 297 0122 00       		.byte	0
 298 0123 07       		.uleb128 0x7
 299 0124 26000000 		.4byte	.LASF17
 300 0128 01       		.byte	0x1
 301 0129 80       		.byte	0x80
 302 012a 34010000 		.4byte	0x134
 303 012e 05       		.uleb128 0x5
 304 012f 03       		.byte	0x3
 305 0130 00000000 		.4byte	cy_metadata
 306 0134 08       		.uleb128 0x8
 307 0135 13010000 		.4byte	0x113
 308 0139 00       		.byte	0
 309              		.section	.debug_abbrev,"",%progbits
 310              	.Ldebug_abbrev0:
 311 0000 01       		.uleb128 0x1
 312 0001 11       		.uleb128 0x11
 313 0002 01       		.byte	0x1
 314 0003 25       		.uleb128 0x25
 315 0004 0E       		.uleb128 0xe
 316 0005 13       		.uleb128 0x13
 317 0006 0B       		.uleb128 0xb
 318 0007 03       		.uleb128 0x3
 319 0008 0E       		.uleb128 0xe
 320 0009 1B       		.uleb128 0x1b
 321 000a 0E       		.uleb128 0xe
 322 000b 10       		.uleb128 0x10
 323 000c 17       		.uleb128 0x17
 324 000d 00       		.byte	0
 325 000e 00       		.byte	0
 326 000f 02       		.uleb128 0x2
 327 0010 24       		.uleb128 0x24
 328 0011 00       		.byte	0
 329 0012 0B       		.uleb128 0xb
 330 0013 0B       		.uleb128 0xb
 331 0014 3E       		.uleb128 0x3e
 332 0015 0B       		.uleb128 0xb
 333 0016 03       		.uleb128 0x3
 334 0017 0E       		.uleb128 0xe
 335 0018 00       		.byte	0
 336 0019 00       		.byte	0
 337 001a 03       		.uleb128 0x3
 338 001b 24       		.uleb128 0x24
ARM GAS  C:\Users\NITISH~1\AppData\Local\Temp\ccDlniaf.s 			page 7


 339 001c 00       		.byte	0
 340 001d 0B       		.uleb128 0xb
 341 001e 0B       		.uleb128 0xb
 342 001f 3E       		.uleb128 0x3e
 343 0020 0B       		.uleb128 0xb
 344 0021 03       		.uleb128 0x3
 345 0022 08       		.uleb128 0x8
 346 0023 00       		.byte	0
 347 0024 00       		.byte	0
 348 0025 04       		.uleb128 0x4
 349 0026 16       		.uleb128 0x16
 350 0027 00       		.byte	0
 351 0028 03       		.uleb128 0x3
 352 0029 0E       		.uleb128 0xe
 353 002a 3A       		.uleb128 0x3a
 354 002b 0B       		.uleb128 0xb
 355 002c 3B       		.uleb128 0x3b
 356 002d 05       		.uleb128 0x5
 357 002e 49       		.uleb128 0x49
 358 002f 13       		.uleb128 0x13
 359 0030 00       		.byte	0
 360 0031 00       		.byte	0
 361 0032 05       		.uleb128 0x5
 362 0033 01       		.uleb128 0x1
 363 0034 01       		.byte	0x1
 364 0035 49       		.uleb128 0x49
 365 0036 13       		.uleb128 0x13
 366 0037 01       		.uleb128 0x1
 367 0038 13       		.uleb128 0x13
 368 0039 00       		.byte	0
 369 003a 00       		.byte	0
 370 003b 06       		.uleb128 0x6
 371 003c 21       		.uleb128 0x21
 372 003d 00       		.byte	0
 373 003e 49       		.uleb128 0x49
 374 003f 13       		.uleb128 0x13
 375 0040 2F       		.uleb128 0x2f
 376 0041 0B       		.uleb128 0xb
 377 0042 00       		.byte	0
 378 0043 00       		.byte	0
 379 0044 07       		.uleb128 0x7
 380 0045 34       		.uleb128 0x34
 381 0046 00       		.byte	0
 382 0047 03       		.uleb128 0x3
 383 0048 0E       		.uleb128 0xe
 384 0049 3A       		.uleb128 0x3a
 385 004a 0B       		.uleb128 0xb
 386 004b 3B       		.uleb128 0x3b
 387 004c 0B       		.uleb128 0xb
 388 004d 49       		.uleb128 0x49
 389 004e 13       		.uleb128 0x13
 390 004f 3F       		.uleb128 0x3f
 391 0050 19       		.uleb128 0x19
 392 0051 02       		.uleb128 0x2
 393 0052 18       		.uleb128 0x18
 394 0053 00       		.byte	0
 395 0054 00       		.byte	0
ARM GAS  C:\Users\NITISH~1\AppData\Local\Temp\ccDlniaf.s 			page 8


 396 0055 08       		.uleb128 0x8
 397 0056 26       		.uleb128 0x26
 398 0057 00       		.byte	0
 399 0058 49       		.uleb128 0x49
 400 0059 13       		.uleb128 0x13
 401 005a 00       		.byte	0
 402 005b 00       		.byte	0
 403 005c 00       		.byte	0
 404              		.section	.debug_aranges,"",%progbits
 405 0000 14000000 		.4byte	0x14
 406 0004 0200     		.2byte	0x2
 407 0006 00000000 		.4byte	.Ldebug_info0
 408 000a 04       		.byte	0x4
 409 000b 00       		.byte	0
 410 000c 0000     		.2byte	0
 411 000e 0000     		.2byte	0
 412 0010 00000000 		.4byte	0
 413 0014 00000000 		.4byte	0
 414              		.section	.debug_line,"",%progbits
 415              	.Ldebug_line0:
 416 0000 4F000000 		.section	.debug_str,"MS",%progbits,1
 416      02004900 
 416      00000201 
 416      FB0E0D00 
 416      01010101 
 417              	.LASF19:
 418 0000 2E5C4765 		.ascii	".\\Generated_Source\\PSoC5\\cymetadata.c\000"
 418      6E657261 
 418      7465645F 
 418      536F7572 
 418      63655C50 
 419              	.LASF17:
 420 0026 63795F6D 		.ascii	"cy_metadata\000"
 420      65746164 
 420      61746100 
 421              	.LASF9:
 422 0032 666C6F61 		.ascii	"float\000"
 422      7400
 423              	.LASF1:
 424 0038 756E7369 		.ascii	"unsigned char\000"
 424      676E6564 
 424      20636861 
 424      7200
 425              	.LASF5:
 426 0046 6C6F6E67 		.ascii	"long unsigned int\000"
 426      20756E73 
 426      69676E65 
 426      6420696E 
 426      7400
 427              	.LASF3:
 428 0058 73686F72 		.ascii	"short unsigned int\000"
 428      7420756E 
 428      7369676E 
 428      65642069 
 428      6E7400
 429              	.LASF10:
 430 006b 646F7562 		.ascii	"double\000"
ARM GAS  C:\Users\NITISH~1\AppData\Local\Temp\ccDlniaf.s 			page 9


 430      6C6500
 431              	.LASF14:
 432 0072 63795F6D 		.ascii	"cy_meta_custnvl\000"
 432      6574615F 
 432      63757374 
 432      6E766C00 
 433              	.LASF20:
 434 0082 5A3A5C6E 		.ascii	"Z:\\npat025\\Documents\\teaching\\designcs301\\2016"
 434      70617430 
 434      32355C44 
 434      6F63756D 
 434      656E7473 
 435 00b0 5C70736F 		.ascii	"\\psoc\\CS301.cydsn\\lab1.cydsn\000"
 435      635C4353 
 435      3330312E 
 435      63796473 
 435      6E5C6C61 
 436              	.LASF13:
 437 00cd 63795F6D 		.ascii	"cy_meta_configecc\000"
 437      6574615F 
 437      636F6E66 
 437      69676563 
 437      6300
 438              	.LASF18:
 439 00df 474E5520 		.ascii	"GNU C 4.9.3 20150303 (release) [ARM/embedded-4_9-br"
 439      4320342E 
 439      392E3320 
 439      32303135 
 439      30333033 
 440 0112 616E6368 		.ascii	"anch revision 221220] -mcpu=cortex-m3 -mthumb -g -O"
 440      20726576 
 440      6973696F 
 440      6E203232 
 440      31323230 
 441 0145 67202D66 		.ascii	"g -ffunction-sections -ffat-lto-objects\000"
 441      66756E63 
 441      74696F6E 
 441      2D736563 
 441      74696F6E 
 442              	.LASF8:
 443 016d 756E7369 		.ascii	"unsigned int\000"
 443      676E6564 
 443      20696E74 
 443      00
 444              	.LASF7:
 445 017a 6C6F6E67 		.ascii	"long long unsigned int\000"
 445      206C6F6E 
 445      6720756E 
 445      7369676E 
 445      65642069 
 446              	.LASF16:
 447 0191 63795F6D 		.ascii	"cy_meta_flashprotect\000"
 447      6574615F 
 447      666C6173 
 447      6870726F 
 447      74656374 
 448              	.LASF15:
ARM GAS  C:\Users\NITISH~1\AppData\Local\Temp\ccDlniaf.s 			page 10


 449 01a6 63795F6D 		.ascii	"cy_meta_wonvl\000"
 449      6574615F 
 449      776F6E76 
 449      6C00
 450              	.LASF12:
 451 01b4 73697A65 		.ascii	"sizetype\000"
 451      74797065 
 451      00
 452              	.LASF6:
 453 01bd 6C6F6E67 		.ascii	"long long int\000"
 453      206C6F6E 
 453      6720696E 
 453      7400
 454              	.LASF11:
 455 01cb 63686172 		.ascii	"char\000"
 455      00
 456              	.LASF2:
 457 01d0 73686F72 		.ascii	"short int\000"
 457      7420696E 
 457      7400
 458              	.LASF21:
 459 01da 75696E74 		.ascii	"uint8\000"
 459      3800
 460              	.LASF4:
 461 01e0 6C6F6E67 		.ascii	"long int\000"
 461      20696E74 
 461      00
 462              	.LASF0:
 463 01e9 7369676E 		.ascii	"signed char\000"
 463      65642063 
 463      68617200 
 464              		.ident	"GCC: (GNU Tools for ARM Embedded Processors) 4.9.3 20150303 (release) [ARM/embedded-4_9-br
