ARM GAS  C:\Users\schoo\AppData\Local\Temp\cckvrJJK.s 			page 1


   1              		.syntax unified
   2              		.cpu cortex-m3
   3              		.fpu softvfp
   4              		.eabi_attribute 20, 1
   5              		.eabi_attribute 21, 1
   6              		.eabi_attribute 23, 3
   7              		.eabi_attribute 24, 1
   8              		.eabi_attribute 25, 1
   9              		.eabi_attribute 26, 1
  10              		.eabi_attribute 30, 6
  11              		.eabi_attribute 34, 1
  12              		.eabi_attribute 18, 4
  13              		.thumb
  14              		.syntax unified
  15              		.file	"ADC_PM.c"
  16              		.text
  17              	.Ltext0:
  18              		.cfi_sections	.debug_frame
  19              		.section	.text.ADC_Sleep,"ax",%progbits
  20              		.align	2
  21              		.global	ADC_Sleep
  22              		.thumb
  23              		.thumb_func
  24              		.type	ADC_Sleep, %function
  25              	ADC_Sleep:
  26              	.LFB0:
  27              		.file 1 "Generated_Source\\PSoC5\\ADC_PM.c"
   1:Generated_Source\PSoC5/ADC_PM.c **** /*******************************************************************************
   2:Generated_Source\PSoC5/ADC_PM.c **** * File Name: ADC_PM.c
   3:Generated_Source\PSoC5/ADC_PM.c **** * Version 2.10
   4:Generated_Source\PSoC5/ADC_PM.c **** *
   5:Generated_Source\PSoC5/ADC_PM.c **** * Description:
   6:Generated_Source\PSoC5/ADC_PM.c **** *  This file contains the setup, control and status commands to support
   7:Generated_Source\PSoC5/ADC_PM.c **** *  component operations in low power mode.
   8:Generated_Source\PSoC5/ADC_PM.c **** *
   9:Generated_Source\PSoC5/ADC_PM.c **** * Note:
  10:Generated_Source\PSoC5/ADC_PM.c **** *
  11:Generated_Source\PSoC5/ADC_PM.c **** ********************************************************************************
  12:Generated_Source\PSoC5/ADC_PM.c **** * Copyright 2012-2015, Cypress Semiconductor Corporation.  All rights reserved.
  13:Generated_Source\PSoC5/ADC_PM.c **** * You may use this file only in accordance with the license, terms, conditions,
  14:Generated_Source\PSoC5/ADC_PM.c **** * disclaimers, and limitations in the end user license agreement accompanying
  15:Generated_Source\PSoC5/ADC_PM.c **** * the software package with which this file was provided.
  16:Generated_Source\PSoC5/ADC_PM.c **** *******************************************************************************/
  17:Generated_Source\PSoC5/ADC_PM.c **** 
  18:Generated_Source\PSoC5/ADC_PM.c **** #include "ADC.h"
  19:Generated_Source\PSoC5/ADC_PM.c **** #include "ADC_SAR.h"
  20:Generated_Source\PSoC5/ADC_PM.c **** #if(ADC_CLOCK_SOURCE == ADC_CLOCK_INTERNAL)
  21:Generated_Source\PSoC5/ADC_PM.c ****     #include "ADC_IntClock.h"
  22:Generated_Source\PSoC5/ADC_PM.c **** #endif   /* ADC_CLOCK_SOURCE == ADC_CLOCK_INTERNAL */
  23:Generated_Source\PSoC5/ADC_PM.c **** 
  24:Generated_Source\PSoC5/ADC_PM.c **** 
  25:Generated_Source\PSoC5/ADC_PM.c **** /*******************************************************************************
  26:Generated_Source\PSoC5/ADC_PM.c **** * Function Name: ADC_Sleep
  27:Generated_Source\PSoC5/ADC_PM.c **** ********************************************************************************
  28:Generated_Source\PSoC5/ADC_PM.c **** *
  29:Generated_Source\PSoC5/ADC_PM.c **** * Summary:
  30:Generated_Source\PSoC5/ADC_PM.c **** *  Stops the ADC operation and saves the configuration registers and component
ARM GAS  C:\Users\schoo\AppData\Local\Temp\cckvrJJK.s 			page 2


  31:Generated_Source\PSoC5/ADC_PM.c **** *  enable state. Should be called just prior to entering sleep
  32:Generated_Source\PSoC5/ADC_PM.c **** *
  33:Generated_Source\PSoC5/ADC_PM.c **** * Parameters:
  34:Generated_Source\PSoC5/ADC_PM.c **** *  None.
  35:Generated_Source\PSoC5/ADC_PM.c **** *
  36:Generated_Source\PSoC5/ADC_PM.c **** * Return:
  37:Generated_Source\PSoC5/ADC_PM.c **** *  None.
  38:Generated_Source\PSoC5/ADC_PM.c **** *
  39:Generated_Source\PSoC5/ADC_PM.c **** * Side Effects:
  40:Generated_Source\PSoC5/ADC_PM.c **** *  None.
  41:Generated_Source\PSoC5/ADC_PM.c **** *
  42:Generated_Source\PSoC5/ADC_PM.c **** * Reentrant:
  43:Generated_Source\PSoC5/ADC_PM.c **** *  No.
  44:Generated_Source\PSoC5/ADC_PM.c **** *
  45:Generated_Source\PSoC5/ADC_PM.c **** *******************************************************************************/
  46:Generated_Source\PSoC5/ADC_PM.c **** void ADC_Sleep(void)
  47:Generated_Source\PSoC5/ADC_PM.c **** {
  28              		.loc 1 47 0
  29              		.cfi_startproc
  30              		@ args = 0, pretend = 0, frame = 0
  31              		@ frame_needed = 1, uses_anonymous_args = 0
  32 0000 80B5     		push	{r7, lr}
  33              		.cfi_def_cfa_offset 8
  34              		.cfi_offset 7, -8
  35              		.cfi_offset 14, -4
  36 0002 00AF     		add	r7, sp, #0
  37              		.cfi_def_cfa_register 7
  48:Generated_Source\PSoC5/ADC_PM.c ****     ADC_SAR_Stop();
  38              		.loc 1 48 0
  39 0004 FFF7FEFF 		bl	ADC_SAR_Stop
  49:Generated_Source\PSoC5/ADC_PM.c ****     ADC_SAR_Sleep();
  40              		.loc 1 49 0
  41 0008 FFF7FEFF 		bl	ADC_SAR_Sleep
  50:Generated_Source\PSoC5/ADC_PM.c ****     ADC_Disable();
  42              		.loc 1 50 0
  43 000c FFF7FEFF 		bl	ADC_Disable
  51:Generated_Source\PSoC5/ADC_PM.c **** 
  52:Generated_Source\PSoC5/ADC_PM.c ****     #if(ADC_CLOCK_SOURCE == ADC_CLOCK_INTERNAL)
  53:Generated_Source\PSoC5/ADC_PM.c ****         ADC_IntClock_Stop();
  44              		.loc 1 53 0
  45 0010 FFF7FEFF 		bl	ADC_IntClock_Stop
  54:Generated_Source\PSoC5/ADC_PM.c ****     #endif   /* ADC_CLOCK_SOURCE == ADC_CLOCK_INTERNAL */
  55:Generated_Source\PSoC5/ADC_PM.c **** }
  46              		.loc 1 55 0
  47 0014 00BF     		nop
  48 0016 80BD     		pop	{r7, pc}
  49              		.cfi_endproc
  50              	.LFE0:
  51              		.size	ADC_Sleep, .-ADC_Sleep
  52              		.section	.text.ADC_Wakeup,"ax",%progbits
  53              		.align	2
  54              		.global	ADC_Wakeup
  55              		.thumb
  56              		.thumb_func
  57              		.type	ADC_Wakeup, %function
  58              	ADC_Wakeup:
  59              	.LFB1:
ARM GAS  C:\Users\schoo\AppData\Local\Temp\cckvrJJK.s 			page 3


  56:Generated_Source\PSoC5/ADC_PM.c **** 
  57:Generated_Source\PSoC5/ADC_PM.c **** 
  58:Generated_Source\PSoC5/ADC_PM.c **** /*******************************************************************************
  59:Generated_Source\PSoC5/ADC_PM.c **** * Function Name: ADC_Wakeup
  60:Generated_Source\PSoC5/ADC_PM.c **** ********************************************************************************
  61:Generated_Source\PSoC5/ADC_PM.c **** *
  62:Generated_Source\PSoC5/ADC_PM.c **** * Summary:
  63:Generated_Source\PSoC5/ADC_PM.c **** *  Restores the component enable state and configuration registers. This should
  64:Generated_Source\PSoC5/ADC_PM.c **** *  be called just after awaking from sleep mode
  65:Generated_Source\PSoC5/ADC_PM.c **** *
  66:Generated_Source\PSoC5/ADC_PM.c **** * Parameters:
  67:Generated_Source\PSoC5/ADC_PM.c **** *  None.
  68:Generated_Source\PSoC5/ADC_PM.c **** *
  69:Generated_Source\PSoC5/ADC_PM.c **** * Return:
  70:Generated_Source\PSoC5/ADC_PM.c **** *  None.
  71:Generated_Source\PSoC5/ADC_PM.c **** *
  72:Generated_Source\PSoC5/ADC_PM.c **** * Side Effects:
  73:Generated_Source\PSoC5/ADC_PM.c **** *  None.
  74:Generated_Source\PSoC5/ADC_PM.c **** *
  75:Generated_Source\PSoC5/ADC_PM.c **** * Reentrant:
  76:Generated_Source\PSoC5/ADC_PM.c **** *  No.
  77:Generated_Source\PSoC5/ADC_PM.c **** *
  78:Generated_Source\PSoC5/ADC_PM.c **** *******************************************************************************/
  79:Generated_Source\PSoC5/ADC_PM.c **** void ADC_Wakeup(void)
  80:Generated_Source\PSoC5/ADC_PM.c **** {
  60              		.loc 1 80 0
  61              		.cfi_startproc
  62              		@ args = 0, pretend = 0, frame = 0
  63              		@ frame_needed = 1, uses_anonymous_args = 0
  64 0000 80B5     		push	{r7, lr}
  65              		.cfi_def_cfa_offset 8
  66              		.cfi_offset 7, -8
  67              		.cfi_offset 14, -4
  68 0002 00AF     		add	r7, sp, #0
  69              		.cfi_def_cfa_register 7
  81:Generated_Source\PSoC5/ADC_PM.c ****     ADC_SAR_Wakeup();
  70              		.loc 1 81 0
  71 0004 FFF7FEFF 		bl	ADC_SAR_Wakeup
  82:Generated_Source\PSoC5/ADC_PM.c ****     ADC_SAR_Enable();
  72              		.loc 1 82 0
  73 0008 FFF7FEFF 		bl	ADC_SAR_Enable
  83:Generated_Source\PSoC5/ADC_PM.c **** 
  84:Generated_Source\PSoC5/ADC_PM.c ****     #if(ADC_CLOCK_SOURCE == ADC_CLOCK_INTERNAL)
  85:Generated_Source\PSoC5/ADC_PM.c ****         ADC_IntClock_Start();
  74              		.loc 1 85 0
  75 000c FFF7FEFF 		bl	ADC_IntClock_Start
  86:Generated_Source\PSoC5/ADC_PM.c ****     #endif   /* ADC_CLOCK_SOURCE == ADC_CLOCK_INTERNAL */
  87:Generated_Source\PSoC5/ADC_PM.c **** 
  88:Generated_Source\PSoC5/ADC_PM.c ****     /* The block is ready to use 10 us after the SAR enable signal is set high. */
  89:Generated_Source\PSoC5/ADC_PM.c ****     CyDelayUs(10u);
  76              		.loc 1 89 0
  77 0010 0A20     		movs	r0, #10
  78 0012 FFF7FEFF 		bl	CyDelayUs
  90:Generated_Source\PSoC5/ADC_PM.c ****     
  91:Generated_Source\PSoC5/ADC_PM.c ****     ADC_Enable();
  79              		.loc 1 91 0
  80 0016 FFF7FEFF 		bl	ADC_Enable
ARM GAS  C:\Users\schoo\AppData\Local\Temp\cckvrJJK.s 			page 4


  92:Generated_Source\PSoC5/ADC_PM.c **** 
  93:Generated_Source\PSoC5/ADC_PM.c ****     #if(ADC_SAMPLE_MODE == ADC_SAMPLE_MODE_FREE_RUNNING)
  94:Generated_Source\PSoC5/ADC_PM.c ****         ADC_SAR_StartConvert();
  95:Generated_Source\PSoC5/ADC_PM.c ****     #endif /* (ADC_SAMPLE_MODE == ADC_SAMPLE_MODE_FREE_RUNNING) */
  96:Generated_Source\PSoC5/ADC_PM.c **** 
  97:Generated_Source\PSoC5/ADC_PM.c ****     (void) CY_GET_REG8(ADC_STATUS_PTR);
  81              		.loc 1 97 0
  82 001a 024B     		ldr	r3, .L3
  83 001c 1B78     		ldrb	r3, [r3]
  98:Generated_Source\PSoC5/ADC_PM.c **** }
  84              		.loc 1 98 0
  85 001e 00BF     		nop
  86 0020 80BD     		pop	{r7, pc}
  87              	.L4:
  88 0022 00BF     		.align	2
  89              	.L3:
  90 0024 65640040 		.word	1073767525
  91              		.cfi_endproc
  92              	.LFE1:
  93              		.size	ADC_Wakeup, .-ADC_Wakeup
  94              		.section	.text.ADC_SaveConfig,"ax",%progbits
  95              		.align	2
  96              		.global	ADC_SaveConfig
  97              		.thumb
  98              		.thumb_func
  99              		.type	ADC_SaveConfig, %function
 100              	ADC_SaveConfig:
 101              	.LFB2:
  99:Generated_Source\PSoC5/ADC_PM.c **** 
 100:Generated_Source\PSoC5/ADC_PM.c **** 
 101:Generated_Source\PSoC5/ADC_PM.c **** /*******************************************************************************
 102:Generated_Source\PSoC5/ADC_PM.c **** * Function Name: ADC_SaveConfig
 103:Generated_Source\PSoC5/ADC_PM.c **** ********************************************************************************
 104:Generated_Source\PSoC5/ADC_PM.c **** *
 105:Generated_Source\PSoC5/ADC_PM.c **** * Summary:
 106:Generated_Source\PSoC5/ADC_PM.c **** *  Save the current configuration of ADC non-retention registers
 107:Generated_Source\PSoC5/ADC_PM.c **** *
 108:Generated_Source\PSoC5/ADC_PM.c **** * Parameters:
 109:Generated_Source\PSoC5/ADC_PM.c **** *  None.
 110:Generated_Source\PSoC5/ADC_PM.c **** *
 111:Generated_Source\PSoC5/ADC_PM.c **** * Return:
 112:Generated_Source\PSoC5/ADC_PM.c **** *  None.
 113:Generated_Source\PSoC5/ADC_PM.c **** *
 114:Generated_Source\PSoC5/ADC_PM.c **** * Side Effects:
 115:Generated_Source\PSoC5/ADC_PM.c **** *  None.
 116:Generated_Source\PSoC5/ADC_PM.c **** *
 117:Generated_Source\PSoC5/ADC_PM.c **** * Reentrant:
 118:Generated_Source\PSoC5/ADC_PM.c **** *  No.
 119:Generated_Source\PSoC5/ADC_PM.c **** *
 120:Generated_Source\PSoC5/ADC_PM.c **** *******************************************************************************/
 121:Generated_Source\PSoC5/ADC_PM.c **** void ADC_SaveConfig(void)
 122:Generated_Source\PSoC5/ADC_PM.c **** {
 102              		.loc 1 122 0
 103              		.cfi_startproc
 104              		@ args = 0, pretend = 0, frame = 0
 105              		@ frame_needed = 1, uses_anonymous_args = 0
 106              		@ link register save eliminated.
ARM GAS  C:\Users\schoo\AppData\Local\Temp\cckvrJJK.s 			page 5


 107 0000 80B4     		push	{r7}
 108              		.cfi_def_cfa_offset 4
 109              		.cfi_offset 7, -4
 110 0002 00AF     		add	r7, sp, #0
 111              		.cfi_def_cfa_register 7
 123:Generated_Source\PSoC5/ADC_PM.c **** 
 124:Generated_Source\PSoC5/ADC_PM.c **** }
 112              		.loc 1 124 0
 113 0004 00BF     		nop
 114 0006 BD46     		mov	sp, r7
 115              		.cfi_def_cfa_register 13
 116              		@ sp needed
 117 0008 80BC     		pop	{r7}
 118              		.cfi_restore 7
 119              		.cfi_def_cfa_offset 0
 120 000a 7047     		bx	lr
 121              		.cfi_endproc
 122              	.LFE2:
 123              		.size	ADC_SaveConfig, .-ADC_SaveConfig
 124              		.section	.text.ADC_RestoreConfig,"ax",%progbits
 125              		.align	2
 126              		.global	ADC_RestoreConfig
 127              		.thumb
 128              		.thumb_func
 129              		.type	ADC_RestoreConfig, %function
 130              	ADC_RestoreConfig:
 131              	.LFB3:
 125:Generated_Source\PSoC5/ADC_PM.c **** 
 126:Generated_Source\PSoC5/ADC_PM.c **** 
 127:Generated_Source\PSoC5/ADC_PM.c **** /*******************************************************************************
 128:Generated_Source\PSoC5/ADC_PM.c **** * Function Name: ADC_RestoreConfig
 129:Generated_Source\PSoC5/ADC_PM.c **** ********************************************************************************
 130:Generated_Source\PSoC5/ADC_PM.c **** *
 131:Generated_Source\PSoC5/ADC_PM.c **** * Summary:
 132:Generated_Source\PSoC5/ADC_PM.c **** *  Restores the configuration of ADC non-retention registers
 133:Generated_Source\PSoC5/ADC_PM.c **** *
 134:Generated_Source\PSoC5/ADC_PM.c **** * Parameters:
 135:Generated_Source\PSoC5/ADC_PM.c **** *  None.
 136:Generated_Source\PSoC5/ADC_PM.c **** *
 137:Generated_Source\PSoC5/ADC_PM.c **** * Return:
 138:Generated_Source\PSoC5/ADC_PM.c **** *  None.
 139:Generated_Source\PSoC5/ADC_PM.c **** *
 140:Generated_Source\PSoC5/ADC_PM.c **** * Side Effects:
 141:Generated_Source\PSoC5/ADC_PM.c **** *  None.
 142:Generated_Source\PSoC5/ADC_PM.c **** *
 143:Generated_Source\PSoC5/ADC_PM.c **** * Reentrant:
 144:Generated_Source\PSoC5/ADC_PM.c **** *  No.
 145:Generated_Source\PSoC5/ADC_PM.c **** *
 146:Generated_Source\PSoC5/ADC_PM.c **** *******************************************************************************/
 147:Generated_Source\PSoC5/ADC_PM.c **** void ADC_RestoreConfig(void)
 148:Generated_Source\PSoC5/ADC_PM.c **** {
 132              		.loc 1 148 0
 133              		.cfi_startproc
 134              		@ args = 0, pretend = 0, frame = 0
 135              		@ frame_needed = 1, uses_anonymous_args = 0
 136              		@ link register save eliminated.
 137 0000 80B4     		push	{r7}
ARM GAS  C:\Users\schoo\AppData\Local\Temp\cckvrJJK.s 			page 6


 138              		.cfi_def_cfa_offset 4
 139              		.cfi_offset 7, -4
 140 0002 00AF     		add	r7, sp, #0
 141              		.cfi_def_cfa_register 7
 149:Generated_Source\PSoC5/ADC_PM.c **** 
 150:Generated_Source\PSoC5/ADC_PM.c **** }
 142              		.loc 1 150 0
 143 0004 00BF     		nop
 144 0006 BD46     		mov	sp, r7
 145              		.cfi_def_cfa_register 13
 146              		@ sp needed
 147 0008 80BC     		pop	{r7}
 148              		.cfi_restore 7
 149              		.cfi_def_cfa_offset 0
 150 000a 7047     		bx	lr
 151              		.cfi_endproc
 152              	.LFE3:
 153              		.size	ADC_RestoreConfig, .-ADC_RestoreConfig
 154              		.text
 155              	.Letext0:
 156              		.file 2 "Generated_Source\\PSoC5\\cytypes.h"
 157              		.section	.debug_info,"",%progbits
 158              	.Ldebug_info0:
 159 0000 EC000000 		.4byte	0xec
 160 0004 0400     		.2byte	0x4
 161 0006 00000000 		.4byte	.Ldebug_abbrev0
 162 000a 04       		.byte	0x4
 163 000b 01       		.uleb128 0x1
 164 000c E0000000 		.4byte	.LASF20
 165 0010 0C       		.byte	0xc
 166 0011 C9010000 		.4byte	.LASF21
 167 0015 62000000 		.4byte	.LASF22
 168 0019 00000000 		.4byte	.Ldebug_ranges0+0
 169 001d 00000000 		.4byte	0
 170 0021 00000000 		.4byte	.Ldebug_line0
 171 0025 02       		.uleb128 0x2
 172 0026 01       		.byte	0x1
 173 0027 06       		.byte	0x6
 174 0028 BD010000 		.4byte	.LASF0
 175 002c 02       		.uleb128 0x2
 176 002d 01       		.byte	0x1
 177 002e 08       		.byte	0x8
 178 002f 6E010000 		.4byte	.LASF1
 179 0033 02       		.uleb128 0x2
 180 0034 02       		.byte	0x2
 181 0035 05       		.byte	0x5
 182 0036 F5010000 		.4byte	.LASF2
 183 003a 02       		.uleb128 0x2
 184 003b 02       		.byte	0x2
 185 003c 07       		.byte	0x7
 186 003d AA010000 		.4byte	.LASF3
 187 0041 02       		.uleb128 0x2
 188 0042 04       		.byte	0x4
 189 0043 05       		.byte	0x5
 190 0044 8B010000 		.4byte	.LASF4
 191 0048 02       		.uleb128 0x2
 192 0049 04       		.byte	0x4
ARM GAS  C:\Users\schoo\AppData\Local\Temp\cckvrJJK.s 			page 7


 193 004a 07       		.byte	0x7
 194 004b 21000000 		.4byte	.LASF5
 195 004f 02       		.uleb128 0x2
 196 0050 08       		.byte	0x8
 197 0051 05       		.byte	0x5
 198 0052 00000000 		.4byte	.LASF6
 199 0056 02       		.uleb128 0x2
 200 0057 08       		.byte	0x8
 201 0058 07       		.byte	0x7
 202 0059 33000000 		.4byte	.LASF7
 203 005d 03       		.uleb128 0x3
 204 005e 04       		.byte	0x4
 205 005f 05       		.byte	0x5
 206 0060 696E7400 		.ascii	"int\000"
 207 0064 02       		.uleb128 0x2
 208 0065 04       		.byte	0x4
 209 0066 07       		.byte	0x7
 210 0067 0E000000 		.4byte	.LASF8
 211 006b 04       		.uleb128 0x4
 212 006c 1B000000 		.4byte	.LASF12
 213 0070 02       		.byte	0x2
 214 0071 E701     		.2byte	0x1e7
 215 0073 2C000000 		.4byte	0x2c
 216 0077 02       		.uleb128 0x2
 217 0078 04       		.byte	0x4
 218 0079 04       		.byte	0x4
 219 007a 5C000000 		.4byte	.LASF9
 220 007e 02       		.uleb128 0x2
 221 007f 08       		.byte	0x8
 222 0080 04       		.byte	0x4
 223 0081 94010000 		.4byte	.LASF10
 224 0085 02       		.uleb128 0x2
 225 0086 01       		.byte	0x1
 226 0087 08       		.byte	0x8
 227 0088 7C010000 		.4byte	.LASF11
 228 008c 04       		.uleb128 0x4
 229 008d FF010000 		.4byte	.LASF13
 230 0091 02       		.byte	0x2
 231 0092 9102     		.2byte	0x291
 232 0094 98000000 		.4byte	0x98
 233 0098 05       		.uleb128 0x5
 234 0099 6B000000 		.4byte	0x6b
 235 009d 02       		.uleb128 0x2
 236 009e 08       		.byte	0x8
 237 009f 04       		.byte	0x4
 238 00a0 E9010000 		.4byte	.LASF14
 239 00a4 02       		.uleb128 0x2
 240 00a5 04       		.byte	0x4
 241 00a6 07       		.byte	0x7
 242 00a7 04020000 		.4byte	.LASF15
 243 00ab 06       		.uleb128 0x6
 244 00ac 81010000 		.4byte	.LASF16
 245 00b0 01       		.byte	0x1
 246 00b1 2E       		.byte	0x2e
 247 00b2 00000000 		.4byte	.LFB0
 248 00b6 18000000 		.4byte	.LFE0-.LFB0
 249 00ba 01       		.uleb128 0x1
ARM GAS  C:\Users\schoo\AppData\Local\Temp\cckvrJJK.s 			page 8


 250 00bb 9C       		.byte	0x9c
 251 00bc 06       		.uleb128 0x6
 252 00bd D5000000 		.4byte	.LASF17
 253 00c1 01       		.byte	0x1
 254 00c2 4F       		.byte	0x4f
 255 00c3 00000000 		.4byte	.LFB1
 256 00c7 28000000 		.4byte	.LFE1-.LFB1
 257 00cb 01       		.uleb128 0x1
 258 00cc 9C       		.byte	0x9c
 259 00cd 07       		.uleb128 0x7
 260 00ce 9B010000 		.4byte	.LASF18
 261 00d2 01       		.byte	0x1
 262 00d3 79       		.byte	0x79
 263 00d4 00000000 		.4byte	.LFB2
 264 00d8 0C000000 		.4byte	.LFE2-.LFB2
 265 00dc 01       		.uleb128 0x1
 266 00dd 9C       		.byte	0x9c
 267 00de 07       		.uleb128 0x7
 268 00df 4A000000 		.4byte	.LASF19
 269 00e3 01       		.byte	0x1
 270 00e4 93       		.byte	0x93
 271 00e5 00000000 		.4byte	.LFB3
 272 00e9 0C000000 		.4byte	.LFE3-.LFB3
 273 00ed 01       		.uleb128 0x1
 274 00ee 9C       		.byte	0x9c
 275 00ef 00       		.byte	0
 276              		.section	.debug_abbrev,"",%progbits
 277              	.Ldebug_abbrev0:
 278 0000 01       		.uleb128 0x1
 279 0001 11       		.uleb128 0x11
 280 0002 01       		.byte	0x1
 281 0003 25       		.uleb128 0x25
 282 0004 0E       		.uleb128 0xe
 283 0005 13       		.uleb128 0x13
 284 0006 0B       		.uleb128 0xb
 285 0007 03       		.uleb128 0x3
 286 0008 0E       		.uleb128 0xe
 287 0009 1B       		.uleb128 0x1b
 288 000a 0E       		.uleb128 0xe
 289 000b 55       		.uleb128 0x55
 290 000c 17       		.uleb128 0x17
 291 000d 11       		.uleb128 0x11
 292 000e 01       		.uleb128 0x1
 293 000f 10       		.uleb128 0x10
 294 0010 17       		.uleb128 0x17
 295 0011 00       		.byte	0
 296 0012 00       		.byte	0
 297 0013 02       		.uleb128 0x2
 298 0014 24       		.uleb128 0x24
 299 0015 00       		.byte	0
 300 0016 0B       		.uleb128 0xb
 301 0017 0B       		.uleb128 0xb
 302 0018 3E       		.uleb128 0x3e
 303 0019 0B       		.uleb128 0xb
 304 001a 03       		.uleb128 0x3
 305 001b 0E       		.uleb128 0xe
 306 001c 00       		.byte	0
ARM GAS  C:\Users\schoo\AppData\Local\Temp\cckvrJJK.s 			page 9


 307 001d 00       		.byte	0
 308 001e 03       		.uleb128 0x3
 309 001f 24       		.uleb128 0x24
 310 0020 00       		.byte	0
 311 0021 0B       		.uleb128 0xb
 312 0022 0B       		.uleb128 0xb
 313 0023 3E       		.uleb128 0x3e
 314 0024 0B       		.uleb128 0xb
 315 0025 03       		.uleb128 0x3
 316 0026 08       		.uleb128 0x8
 317 0027 00       		.byte	0
 318 0028 00       		.byte	0
 319 0029 04       		.uleb128 0x4
 320 002a 16       		.uleb128 0x16
 321 002b 00       		.byte	0
 322 002c 03       		.uleb128 0x3
 323 002d 0E       		.uleb128 0xe
 324 002e 3A       		.uleb128 0x3a
 325 002f 0B       		.uleb128 0xb
 326 0030 3B       		.uleb128 0x3b
 327 0031 05       		.uleb128 0x5
 328 0032 49       		.uleb128 0x49
 329 0033 13       		.uleb128 0x13
 330 0034 00       		.byte	0
 331 0035 00       		.byte	0
 332 0036 05       		.uleb128 0x5
 333 0037 35       		.uleb128 0x35
 334 0038 00       		.byte	0
 335 0039 49       		.uleb128 0x49
 336 003a 13       		.uleb128 0x13
 337 003b 00       		.byte	0
 338 003c 00       		.byte	0
 339 003d 06       		.uleb128 0x6
 340 003e 2E       		.uleb128 0x2e
 341 003f 00       		.byte	0
 342 0040 3F       		.uleb128 0x3f
 343 0041 19       		.uleb128 0x19
 344 0042 03       		.uleb128 0x3
 345 0043 0E       		.uleb128 0xe
 346 0044 3A       		.uleb128 0x3a
 347 0045 0B       		.uleb128 0xb
 348 0046 3B       		.uleb128 0x3b
 349 0047 0B       		.uleb128 0xb
 350 0048 27       		.uleb128 0x27
 351 0049 19       		.uleb128 0x19
 352 004a 11       		.uleb128 0x11
 353 004b 01       		.uleb128 0x1
 354 004c 12       		.uleb128 0x12
 355 004d 06       		.uleb128 0x6
 356 004e 40       		.uleb128 0x40
 357 004f 18       		.uleb128 0x18
 358 0050 9642     		.uleb128 0x2116
 359 0052 19       		.uleb128 0x19
 360 0053 00       		.byte	0
 361 0054 00       		.byte	0
 362 0055 07       		.uleb128 0x7
 363 0056 2E       		.uleb128 0x2e
ARM GAS  C:\Users\schoo\AppData\Local\Temp\cckvrJJK.s 			page 10


 364 0057 00       		.byte	0
 365 0058 3F       		.uleb128 0x3f
 366 0059 19       		.uleb128 0x19
 367 005a 03       		.uleb128 0x3
 368 005b 0E       		.uleb128 0xe
 369 005c 3A       		.uleb128 0x3a
 370 005d 0B       		.uleb128 0xb
 371 005e 3B       		.uleb128 0x3b
 372 005f 0B       		.uleb128 0xb
 373 0060 27       		.uleb128 0x27
 374 0061 19       		.uleb128 0x19
 375 0062 11       		.uleb128 0x11
 376 0063 01       		.uleb128 0x1
 377 0064 12       		.uleb128 0x12
 378 0065 06       		.uleb128 0x6
 379 0066 40       		.uleb128 0x40
 380 0067 18       		.uleb128 0x18
 381 0068 9742     		.uleb128 0x2117
 382 006a 19       		.uleb128 0x19
 383 006b 00       		.byte	0
 384 006c 00       		.byte	0
 385 006d 00       		.byte	0
 386              		.section	.debug_aranges,"",%progbits
 387 0000 34000000 		.4byte	0x34
 388 0004 0200     		.2byte	0x2
 389 0006 00000000 		.4byte	.Ldebug_info0
 390 000a 04       		.byte	0x4
 391 000b 00       		.byte	0
 392 000c 0000     		.2byte	0
 393 000e 0000     		.2byte	0
 394 0010 00000000 		.4byte	.LFB0
 395 0014 18000000 		.4byte	.LFE0-.LFB0
 396 0018 00000000 		.4byte	.LFB1
 397 001c 28000000 		.4byte	.LFE1-.LFB1
 398 0020 00000000 		.4byte	.LFB2
 399 0024 0C000000 		.4byte	.LFE2-.LFB2
 400 0028 00000000 		.4byte	.LFB3
 401 002c 0C000000 		.4byte	.LFE3-.LFB3
 402 0030 00000000 		.4byte	0
 403 0034 00000000 		.4byte	0
 404              		.section	.debug_ranges,"",%progbits
 405              	.Ldebug_ranges0:
 406 0000 00000000 		.4byte	.LFB0
 407 0004 18000000 		.4byte	.LFE0
 408 0008 00000000 		.4byte	.LFB1
 409 000c 28000000 		.4byte	.LFE1
 410 0010 00000000 		.4byte	.LFB2
 411 0014 0C000000 		.4byte	.LFE2
 412 0018 00000000 		.4byte	.LFB3
 413 001c 0C000000 		.4byte	.LFE3
 414 0020 00000000 		.4byte	0
 415 0024 00000000 		.4byte	0
 416              		.section	.debug_line,"",%progbits
 417              	.Ldebug_line0:
 418 0000 96000000 		.section	.debug_str,"MS",%progbits,1
 418      02004300 
 418      00000201 
ARM GAS  C:\Users\schoo\AppData\Local\Temp\cckvrJJK.s 			page 11


 418      FB0E0D00 
 418      01010101 
 419              	.LASF6:
 420 0000 6C6F6E67 		.ascii	"long long int\000"
 420      206C6F6E 
 420      6720696E 
 420      7400
 421              	.LASF8:
 422 000e 756E7369 		.ascii	"unsigned int\000"
 422      676E6564 
 422      20696E74 
 422      00
 423              	.LASF12:
 424 001b 75696E74 		.ascii	"uint8\000"
 424      3800
 425              	.LASF5:
 426 0021 6C6F6E67 		.ascii	"long unsigned int\000"
 426      20756E73 
 426      69676E65 
 426      6420696E 
 426      7400
 427              	.LASF7:
 428 0033 6C6F6E67 		.ascii	"long long unsigned int\000"
 428      206C6F6E 
 428      6720756E 
 428      7369676E 
 428      65642069 
 429              	.LASF19:
 430 004a 4144435F 		.ascii	"ADC_RestoreConfig\000"
 430      52657374 
 430      6F726543 
 430      6F6E6669 
 430      6700
 431              	.LASF9:
 432 005c 666C6F61 		.ascii	"float\000"
 432      7400
 433              	.LASF22:
 434 0062 433A5C55 		.ascii	"C:\\Users\\schoo\\302OffOnedrive\\301 Project\\12_C"
 434      73657273 
 434      5C736368 
 434      6F6F5C33 
 434      30324F66 
 435 0090 79707265 		.ascii	"ypress_LineFollowingRobot\\Robert\\HArdware_Task2\\"
 435      73735F4C 
 435      696E6546 
 435      6F6C6C6F 
 435      77696E67 
 436 00c0 48617264 		.ascii	"Hardware_Task2.cydsn\000"
 436      77617265 
 436      5F546173 
 436      6B322E63 
 436      7964736E 
 437              	.LASF17:
 438 00d5 4144435F 		.ascii	"ADC_Wakeup\000"
 438      57616B65 
 438      757000
 439              	.LASF20:
ARM GAS  C:\Users\schoo\AppData\Local\Temp\cckvrJJK.s 			page 12


 440 00e0 474E5520 		.ascii	"GNU C11 5.4.1 20160609 (release) [ARM/embedded-5-br"
 440      43313120 
 440      352E342E 
 440      31203230 
 440      31363036 
 441 0113 616E6368 		.ascii	"anch revision 237715] -mcpu=cortex-m3 -mthumb -g -O"
 441      20726576 
 441      6973696F 
 441      6E203233 
 441      37373135 
 442 0146 30202D66 		.ascii	"0 -ffunction-sections -ffat-lto-objects\000"
 442      66756E63 
 442      74696F6E 
 442      2D736563 
 442      74696F6E 
 443              	.LASF1:
 444 016e 756E7369 		.ascii	"unsigned char\000"
 444      676E6564 
 444      20636861 
 444      7200
 445              	.LASF11:
 446 017c 63686172 		.ascii	"char\000"
 446      00
 447              	.LASF16:
 448 0181 4144435F 		.ascii	"ADC_Sleep\000"
 448      536C6565 
 448      7000
 449              	.LASF4:
 450 018b 6C6F6E67 		.ascii	"long int\000"
 450      20696E74 
 450      00
 451              	.LASF10:
 452 0194 646F7562 		.ascii	"double\000"
 452      6C6500
 453              	.LASF18:
 454 019b 4144435F 		.ascii	"ADC_SaveConfig\000"
 454      53617665 
 454      436F6E66 
 454      696700
 455              	.LASF3:
 456 01aa 73686F72 		.ascii	"short unsigned int\000"
 456      7420756E 
 456      7369676E 
 456      65642069 
 456      6E7400
 457              	.LASF0:
 458 01bd 7369676E 		.ascii	"signed char\000"
 458      65642063 
 458      68617200 
 459              	.LASF21:
 460 01c9 47656E65 		.ascii	"Generated_Source\\PSoC5\\ADC_PM.c\000"
 460      72617465 
 460      645F536F 
 460      75726365 
 460      5C50536F 
 461              	.LASF14:
 462 01e9 6C6F6E67 		.ascii	"long double\000"
ARM GAS  C:\Users\schoo\AppData\Local\Temp\cckvrJJK.s 			page 13


 462      20646F75 
 462      626C6500 
 463              	.LASF2:
 464 01f5 73686F72 		.ascii	"short int\000"
 464      7420696E 
 464      7400
 465              	.LASF13:
 466 01ff 72656738 		.ascii	"reg8\000"
 466      00
 467              	.LASF15:
 468 0204 73697A65 		.ascii	"sizetype\000"
 468      74797065 
 468      00
 469              		.ident	"GCC: (GNU Tools for ARM Embedded Processors) 5.4.1 20160609 (release) [ARM/embedded-5-bran
