ARM GAS  C:\Users\schoo\AppData\Local\Temp\cc2m3y84.s 			page 1


   1              		.syntax unified
   2              		.cpu cortex-m3
   3              		.fpu softvfp
   4              		.eabi_attribute 20, 1
   5              		.eabi_attribute 21, 1
   6              		.eabi_attribute 23, 3
   7              		.eabi_attribute 24, 1
   8              		.eabi_attribute 25, 1
   9              		.eabi_attribute 26, 1
  10              		.eabi_attribute 30, 6
  11              		.eabi_attribute 34, 1
  12              		.eabi_attribute 18, 4
  13              		.thumb
  14              		.syntax unified
  15              		.file	"main.c"
  16              		.text
  17              	.Ltext0:
  18              		.cfi_sections	.debug_frame
  19              		.global	ts
  20              		.bss
  21              		.type	ts, %object
  22              		.size	ts, 1
  23              	ts:
  24 0000 00       		.space	1
  25              		.global	ts_enc
  26 0001 00       		.align	1
  27              		.type	ts_enc, %object
  28              		.size	ts_enc, 2
  29              	ts_enc:
  30 0002 0000     		.space	2
  31              		.global	ts_update
  32              		.align	1
  33              		.type	ts_update, %object
  34              		.size	ts_update, 2
  35              	ts_update:
  36 0004 0000     		.space	2
  37              		.global	ts_speed
  38              		.align	1
  39              		.type	ts_speed, %object
  40              		.size	ts_speed, 2
  41              	ts_speed:
  42 0006 0000     		.space	2
  43              		.global	ts_display
  44              		.align	1
  45              		.type	ts_display, %object
  46              		.size	ts_display, 2
  47              	ts_display:
  48 0008 0000     		.space	2
  49              		.global	flag_ts_enc
  50              		.type	flag_ts_enc, %object
  51              		.size	flag_ts_enc, 1
  52              	flag_ts_enc:
  53 000a 00       		.space	1
  54              		.global	flag_ts_update
  55              		.type	flag_ts_update, %object
  56              		.size	flag_ts_update, 1
  57              	flag_ts_update:
ARM GAS  C:\Users\schoo\AppData\Local\Temp\cc2m3y84.s 			page 2


  58 000b 00       		.space	1
  59              		.global	flag_ts_speed
  60              		.type	flag_ts_speed, %object
  61              		.size	flag_ts_speed, 1
  62              	flag_ts_speed:
  63 000c 00       		.space	1
  64              		.global	flag_ts_display
  65              		.type	flag_ts_display, %object
  66              		.size	flag_ts_display, 1
  67              	flag_ts_display:
  68 000d 00       		.space	1
  69              		.global	flag_rx
  70              		.type	flag_rx, %object
  71              		.size	flag_rx, 1
  72              	flag_rx:
  73 000e 00       		.space	1
  74              		.global	flag_packet
  75              		.type	flag_packet, %object
  76              		.size	flag_packet, 1
  77              	flag_packet:
  78 000f 00       		.space	1
  79              		.global	flag_KB_string
  80              		.type	flag_KB_string, %object
  81              		.size	flag_KB_string, 1
  82              	flag_KB_string:
  83 0010 00       		.space	1
  84              		.global	dataready_flag
  85              		.type	dataready_flag, %object
  86              		.size	dataready_flag, 1
  87              	dataready_flag:
  88 0011 00       		.space	1
  89              		.global	flag_rf_transmission_active
  90              		.data
  91              		.type	flag_rf_transmission_active, %object
  92              		.size	flag_rf_transmission_active, 1
  93              	flag_rf_transmission_active:
  94 0000 0A       		.byte	10
  95              		.global	displaystring
  96 0001 000000   		.align	2
  97              		.type	displaystring, %object
  98              		.size	displaystring, 64
  99              	displaystring:
 100 0004 43533330 		.ascii	"CS301 2016\012\000"
 100      31203230 
 100      31360A00 
 101 0010 00000000 		.space	52
 101      00000000 
 101      00000000 
 101      00000000 
 101      00000000 
 102              		.comm	line,64,4
 103              		.comm	entry,64,4
 104              		.comm	usbBuffer,64,4
 105              		.comm	system_state,32,4
 106              		.global	timeIndex
 107              		.bss
 108              		.type	timeIndex, %object
ARM GAS  C:\Users\schoo\AppData\Local\Temp\cc2m3y84.s 			page 3


 109              		.size	timeIndex, 1
 110              	timeIndex:
 111 0012 00       		.space	1
 112              		.comm	timeArray,2,4
 113              		.global	printSpeed
 114              		.type	printSpeed, %object
 115              		.size	printSpeed, 1
 116              	printSpeed:
 117 0013 00       		.space	1
 118              		.section	.text.QuadDecoderIsr,"ax",%progbits
 119              		.align	2
 120              		.global	QuadDecoderIsr
 121              		.thumb
 122              		.thumb_func
 123              		.type	QuadDecoderIsr, %function
 124              	QuadDecoderIsr:
 125              	.LFB64:
 126              		.file 1 "main.c"
   1:main.c        **** /* ========================================
   2:main.c        ****  * Fully working code: 
   3:main.c        ****  * PWM      : 
   4:main.c        ****  * Encoder  : 
   5:main.c        ****  * ADC      :
   6:main.c        ****  * USB      : port displays speed and position.
   7:main.c        ****  * CMD: "PW xx"
   8:main.c        ****  * Copyright Univ of Auckland, 2016
   9:main.c        ****  * All Rights Reserved
  10:main.c        ****  * UNPUBLISHED, LICENSED SOFTWARE.
  11:main.c        ****  *
  12:main.c        ****  * CONFIDENTIAL AND PROPRIETARY INFORMATION
  13:main.c        ****  * WHICH IS THE PROPERTY OF Univ of Auckland.
  14:main.c        ****  *
  15:main.c        ****  * ========================================
  16:main.c        **** */
  17:main.c        **** #include <stdio.h>
  18:main.c        **** #include <string.h>
  19:main.c        **** #include <stdlib.h>
  20:main.c        **** #include <project.h>
  21:main.c        **** //* ========================================
  22:main.c        **** #include "defines.h"
  23:main.c        **** #include "vars.h"
  24:main.c        **** //* ========================================
  25:main.c        **** void usbPutString(char *s);
  26:main.c        **** void usbPutChar(char c);
  27:main.c        **** void handle_usb();
  28:main.c        **** //* ========================================
  29:main.c        **** uint8_t timeIndex = 0;
  30:main.c        **** uint8_t timeArray[2];
  31:main.c        **** uint8_t printSpeed = 0;
  32:main.c        **** 
  33:main.c        **** 
  34:main.c        **** //Interupts
  35:main.c        **** CY_ISR(QuadDecoderIsr){
 127              		.loc 1 35 0
 128              		.cfi_startproc
 129              		@ args = 0, pretend = 0, frame = 0
 130              		@ frame_needed = 1, uses_anonymous_args = 0
ARM GAS  C:\Users\schoo\AppData\Local\Temp\cc2m3y84.s 			page 4


 131 0000 80B5     		push	{r7, lr}
 132              		.cfi_def_cfa_offset 8
 133              		.cfi_offset 7, -8
 134              		.cfi_offset 14, -4
 135 0002 00AF     		add	r7, sp, #0
 136              		.cfi_def_cfa_register 7
  36:main.c        ****     if (timeIndex == 0){
 137              		.loc 1 36 0
 138 0004 0D4B     		ldr	r3, .L5
 139 0006 1B78     		ldrb	r3, [r3]	@ zero_extendqisi2
 140 0008 002B     		cmp	r3, #0
 141 000a 09D1     		bne	.L2
  37:main.c        ****         timeArray[0] = QuadDec_M2_GetCounter();
 142              		.loc 1 37 0
 143 000c FFF7FEFF 		bl	QuadDec_M2_GetCounter
 144 0010 0346     		mov	r3, r0
 145 0012 DAB2     		uxtb	r2, r3
 146 0014 0A4B     		ldr	r3, .L5+4
 147 0016 1A70     		strb	r2, [r3]
  38:main.c        ****         timeIndex = 1;
 148              		.loc 1 38 0
 149 0018 084B     		ldr	r3, .L5
 150 001a 0122     		movs	r2, #1
 151 001c 1A70     		strb	r2, [r3]
  39:main.c        ****     } else {
  40:main.c        ****         timeArray[1] = QuadDec_M2_GetCounter();
  41:main.c        ****         timeIndex = 0;
  42:main.c        ****         printSpeed = 1;      
  43:main.c        ****     }
  44:main.c        **** }
 152              		.loc 1 44 0
 153 001e 0BE0     		b	.L4
 154              	.L2:
  40:main.c        ****         timeIndex = 0;
 155              		.loc 1 40 0
 156 0020 FFF7FEFF 		bl	QuadDec_M2_GetCounter
 157 0024 0346     		mov	r3, r0
 158 0026 DAB2     		uxtb	r2, r3
 159 0028 054B     		ldr	r3, .L5+4
 160 002a 5A70     		strb	r2, [r3, #1]
  41:main.c        ****         printSpeed = 1;      
 161              		.loc 1 41 0
 162 002c 034B     		ldr	r3, .L5
 163 002e 0022     		movs	r2, #0
 164 0030 1A70     		strb	r2, [r3]
  42:main.c        ****     }
 165              		.loc 1 42 0
 166 0032 044B     		ldr	r3, .L5+8
 167 0034 0122     		movs	r2, #1
 168 0036 1A70     		strb	r2, [r3]
 169              	.L4:
 170              		.loc 1 44 0
 171 0038 00BF     		nop
 172 003a 80BD     		pop	{r7, pc}
 173              	.L6:
 174              		.align	2
 175              	.L5:
ARM GAS  C:\Users\schoo\AppData\Local\Temp\cc2m3y84.s 			page 5


 176 003c 00000000 		.word	timeIndex
 177 0040 00000000 		.word	timeArray
 178 0044 00000000 		.word	printSpeed
 179              		.cfi_endproc
 180              	.LFE64:
 181              		.size	QuadDecoderIsr, .-QuadDecoderIsr
 182              		.global	__aeabi_ui2f
 183              		.global	__aeabi_f2d
 184              		.global	__aeabi_i2d
 185              		.global	__aeabi_ddiv
 186              		.global	__aeabi_dmul
 187              		.global	__aeabi_d2uiz
 188              		.section	.text.changeDutyCycle,"ax",%progbits
 189              		.align	2
 190              		.global	changeDutyCycle
 191              		.thumb
 192              		.thumb_func
 193              		.type	changeDutyCycle, %function
 194              	changeDutyCycle:
 195              	.LFB65:
  45:main.c        **** 
  46:main.c        **** 
  47:main.c        **** uint8_t changeDutyCycle(uint8_t dutyValue){
 196              		.loc 1 47 0
 197              		.cfi_startproc
 198              		@ args = 0, pretend = 0, frame = 16
 199              		@ frame_needed = 1, uses_anonymous_args = 0
 200 0000 B0B5     		push	{r4, r5, r7, lr}
 201              		.cfi_def_cfa_offset 16
 202              		.cfi_offset 4, -16
 203              		.cfi_offset 5, -12
 204              		.cfi_offset 7, -8
 205              		.cfi_offset 14, -4
 206 0002 84B0     		sub	sp, sp, #16
 207              		.cfi_def_cfa_offset 32
 208 0004 00AF     		add	r7, sp, #0
 209              		.cfi_def_cfa_register 7
 210 0006 0346     		mov	r3, r0
 211 0008 FB71     		strb	r3, [r7, #7]
  48:main.c        **** 
  49:main.c        ****     uint8_t val = ((float)PWM_1_ReadPeriod() * (dutyValue/100.0));
 212              		.loc 1 49 0
 213 000a FFF7FEFF 		bl	PWM_1_ReadPeriod
 214 000e 0346     		mov	r3, r0
 215 0010 1846     		mov	r0, r3
 216 0012 FFF7FEFF 		bl	__aeabi_ui2f
 217 0016 0346     		mov	r3, r0
 218 0018 1846     		mov	r0, r3
 219 001a FFF7FEFF 		bl	__aeabi_f2d
 220 001e 0446     		mov	r4, r0
 221 0020 0D46     		mov	r5, r1
 222 0022 FB79     		ldrb	r3, [r7, #7]	@ zero_extendqisi2
 223 0024 1846     		mov	r0, r3
 224 0026 FFF7FEFF 		bl	__aeabi_i2d
 225 002a 4FF00002 		mov	r2, #0
 226 002e 0F4B     		ldr	r3, .L9
 227 0030 FFF7FEFF 		bl	__aeabi_ddiv
ARM GAS  C:\Users\schoo\AppData\Local\Temp\cc2m3y84.s 			page 6


 228 0034 0246     		mov	r2, r0
 229 0036 0B46     		mov	r3, r1
 230 0038 2046     		mov	r0, r4
 231 003a 2946     		mov	r1, r5
 232 003c FFF7FEFF 		bl	__aeabi_dmul
 233 0040 0346     		mov	r3, r0
 234 0042 0C46     		mov	r4, r1
 235 0044 1846     		mov	r0, r3
 236 0046 2146     		mov	r1, r4
 237 0048 FFF7FEFF 		bl	__aeabi_d2uiz
 238 004c 0346     		mov	r3, r0
 239 004e FB73     		strb	r3, [r7, #15]
  50:main.c        ****     PWM_1_WriteCompare(val);
 240              		.loc 1 50 0
 241 0050 FB7B     		ldrb	r3, [r7, #15]	@ zero_extendqisi2
 242 0052 1846     		mov	r0, r3
 243 0054 FFF7FEFF 		bl	PWM_1_WriteCompare
  51:main.c        ****     PWM_2_WriteCompare(val);
 244              		.loc 1 51 0
 245 0058 FB7B     		ldrb	r3, [r7, #15]	@ zero_extendqisi2
 246 005a 1846     		mov	r0, r3
 247 005c FFF7FEFF 		bl	PWM_2_WriteCompare
  52:main.c        ****     return val;
 248              		.loc 1 52 0
 249 0060 FB7B     		ldrb	r3, [r7, #15]	@ zero_extendqisi2
  53:main.c        **** }
 250              		.loc 1 53 0
 251 0062 1846     		mov	r0, r3
 252 0064 1037     		adds	r7, r7, #16
 253              		.cfi_def_cfa_offset 16
 254 0066 BD46     		mov	sp, r7
 255              		.cfi_def_cfa_register 13
 256              		@ sp needed
 257 0068 B0BD     		pop	{r4, r5, r7, pc}
 258              	.L10:
 259 006a 00BF     		.align	2
 260              	.L9:
 261 006c 00005940 		.word	1079574528
 262              		.cfi_endproc
 263              	.LFE65:
 264              		.size	changeDutyCycle, .-changeDutyCycle
 265              		.section	.text.controlWheels,"ax",%progbits
 266              		.align	2
 267              		.global	controlWheels
 268              		.thumb
 269              		.thumb_func
 270              		.type	controlWheels, %function
 271              	controlWheels:
 272              	.LFB66:
  54:main.c        **** 
  55:main.c        **** void controlWheels(uint8_t wheel1Duty, uint8_t wheel2Duty){
 273              		.loc 1 55 0
 274              		.cfi_startproc
 275              		@ args = 0, pretend = 0, frame = 16
 276              		@ frame_needed = 1, uses_anonymous_args = 0
 277 0000 B0B5     		push	{r4, r5, r7, lr}
 278              		.cfi_def_cfa_offset 16
ARM GAS  C:\Users\schoo\AppData\Local\Temp\cc2m3y84.s 			page 7


 279              		.cfi_offset 4, -16
 280              		.cfi_offset 5, -12
 281              		.cfi_offset 7, -8
 282              		.cfi_offset 14, -4
 283 0002 84B0     		sub	sp, sp, #16
 284              		.cfi_def_cfa_offset 32
 285 0004 00AF     		add	r7, sp, #0
 286              		.cfi_def_cfa_register 7
 287 0006 0346     		mov	r3, r0
 288 0008 0A46     		mov	r2, r1
 289 000a FB71     		strb	r3, [r7, #7]
 290 000c 1346     		mov	r3, r2
 291 000e BB71     		strb	r3, [r7, #6]
  56:main.c        ****     
  57:main.c        ****     //find the compare value, i.e count number of each PWM
  58:main.c        ****     uint8_t compareValue1 = ((float)PWM_1_ReadPeriod() * (wheel1Duty/100.0));
 292              		.loc 1 58 0
 293 0010 FFF7FEFF 		bl	PWM_1_ReadPeriod
 294 0014 0346     		mov	r3, r0
 295 0016 1846     		mov	r0, r3
 296 0018 FFF7FEFF 		bl	__aeabi_ui2f
 297 001c 0346     		mov	r3, r0
 298 001e 1846     		mov	r0, r3
 299 0020 FFF7FEFF 		bl	__aeabi_f2d
 300 0024 0446     		mov	r4, r0
 301 0026 0D46     		mov	r5, r1
 302 0028 FB79     		ldrb	r3, [r7, #7]	@ zero_extendqisi2
 303 002a 1846     		mov	r0, r3
 304 002c FFF7FEFF 		bl	__aeabi_i2d
 305 0030 4FF00002 		mov	r2, #0
 306 0034 1F4B     		ldr	r3, .L12
 307 0036 FFF7FEFF 		bl	__aeabi_ddiv
 308 003a 0246     		mov	r2, r0
 309 003c 0B46     		mov	r3, r1
 310 003e 2046     		mov	r0, r4
 311 0040 2946     		mov	r1, r5
 312 0042 FFF7FEFF 		bl	__aeabi_dmul
 313 0046 0346     		mov	r3, r0
 314 0048 0C46     		mov	r4, r1
 315 004a 1846     		mov	r0, r3
 316 004c 2146     		mov	r1, r4
 317 004e FFF7FEFF 		bl	__aeabi_d2uiz
 318 0052 0346     		mov	r3, r0
 319 0054 FB73     		strb	r3, [r7, #15]
  59:main.c        ****     uint8_t compareValue2 = ((float)PWM_2_ReadPeriod() * (wheel2Duty/100.0));
 320              		.loc 1 59 0
 321 0056 FFF7FEFF 		bl	PWM_2_ReadPeriod
 322 005a 0346     		mov	r3, r0
 323 005c 1846     		mov	r0, r3
 324 005e FFF7FEFF 		bl	__aeabi_ui2f
 325 0062 0346     		mov	r3, r0
 326 0064 1846     		mov	r0, r3
 327 0066 FFF7FEFF 		bl	__aeabi_f2d
 328 006a 0446     		mov	r4, r0
 329 006c 0D46     		mov	r5, r1
 330 006e BB79     		ldrb	r3, [r7, #6]	@ zero_extendqisi2
 331 0070 1846     		mov	r0, r3
ARM GAS  C:\Users\schoo\AppData\Local\Temp\cc2m3y84.s 			page 8


 332 0072 FFF7FEFF 		bl	__aeabi_i2d
 333 0076 4FF00002 		mov	r2, #0
 334 007a 0E4B     		ldr	r3, .L12
 335 007c FFF7FEFF 		bl	__aeabi_ddiv
 336 0080 0246     		mov	r2, r0
 337 0082 0B46     		mov	r3, r1
 338 0084 2046     		mov	r0, r4
 339 0086 2946     		mov	r1, r5
 340 0088 FFF7FEFF 		bl	__aeabi_dmul
 341 008c 0346     		mov	r3, r0
 342 008e 0C46     		mov	r4, r1
 343 0090 1846     		mov	r0, r3
 344 0092 2146     		mov	r1, r4
 345 0094 FFF7FEFF 		bl	__aeabi_d2uiz
 346 0098 0346     		mov	r3, r0
 347 009a BB73     		strb	r3, [r7, #14]
  60:main.c        ****     //set the PWM to the found value
  61:main.c        ****     PWM_1_WriteCompare(compareValue1);
 348              		.loc 1 61 0
 349 009c FB7B     		ldrb	r3, [r7, #15]	@ zero_extendqisi2
 350 009e 1846     		mov	r0, r3
 351 00a0 FFF7FEFF 		bl	PWM_1_WriteCompare
  62:main.c        ****     PWM_2_WriteCompare(compareValue2);
 352              		.loc 1 62 0
 353 00a4 BB7B     		ldrb	r3, [r7, #14]	@ zero_extendqisi2
 354 00a6 1846     		mov	r0, r3
 355 00a8 FFF7FEFF 		bl	PWM_2_WriteCompare
  63:main.c        ****  
  64:main.c        **** }
 356              		.loc 1 64 0
 357 00ac 00BF     		nop
 358 00ae 1037     		adds	r7, r7, #16
 359              		.cfi_def_cfa_offset 16
 360 00b0 BD46     		mov	sp, r7
 361              		.cfi_def_cfa_register 13
 362              		@ sp needed
 363 00b2 B0BD     		pop	{r4, r5, r7, pc}
 364              	.L13:
 365              		.align	2
 366              	.L12:
 367 00b4 00005940 		.word	1079574528
 368              		.cfi_endproc
 369              	.LFE66:
 370              		.size	controlWheels, .-controlWheels
 371              		.section	.text.main,"ax",%progbits
 372              		.align	2
 373              		.global	main
 374              		.thumb
 375              		.thumb_func
 376              		.type	main, %function
 377              	main:
 378              	.LFB67:
  65:main.c        **** 
  66:main.c        **** 
  67:main.c        **** 
  68:main.c        **** int main(){
 379              		.loc 1 68 0
ARM GAS  C:\Users\schoo\AppData\Local\Temp\cc2m3y84.s 			page 9


 380              		.cfi_startproc
 381              		@ args = 0, pretend = 0, frame = 8
 382              		@ frame_needed = 1, uses_anonymous_args = 0
 383 0000 80B5     		push	{r7, lr}
 384              		.cfi_def_cfa_offset 8
 385              		.cfi_offset 7, -8
 386              		.cfi_offset 14, -4
 387 0002 82B0     		sub	sp, sp, #8
 388              		.cfi_def_cfa_offset 16
 389 0004 00AF     		add	r7, sp, #0
 390              		.cfi_def_cfa_register 7
  69:main.c        ****     
  70:main.c        ****     //PWM1
  71:main.c        ****     PWM_1_Start();
 391              		.loc 1 71 0
 392 0006 FFF7FEFF 		bl	PWM_1_Start
  72:main.c        ****     //PWM2
  73:main.c        ****     PWM_2_Start();   
 393              		.loc 1 73 0
 394 000a FFF7FEFF 		bl	PWM_2_Start
  74:main.c        ****     uint8_t duty = 100;
 395              		.loc 1 74 0
 396 000e 6423     		movs	r3, #100
 397 0010 FB71     		strb	r3, [r7, #7]
  75:main.c        ****     //changeDutyCycle(duty);
  76:main.c        ****     controlWheels(duty, duty);
 398              		.loc 1 76 0
 399 0012 FA79     		ldrb	r2, [r7, #7]	@ zero_extendqisi2
 400 0014 FB79     		ldrb	r3, [r7, #7]	@ zero_extendqisi2
 401 0016 1146     		mov	r1, r2
 402 0018 1846     		mov	r0, r3
 403 001a FFF7FEFF 		bl	controlWheels
  77:main.c        **** 
  78:main.c        ****     //QuadEncoder initialisation
  79:main.c        ****     isr_quad_timer_StartEx(QuadDecoderIsr);
 404              		.loc 1 79 0
 405 001e 0348     		ldr	r0, .L16
 406 0020 FFF7FEFF 		bl	isr_quad_timer_StartEx
  80:main.c        ****     Quad_TImer_Start();
 407              		.loc 1 80 0
 408 0024 FFF7FEFF 		bl	Quad_TImer_Start
  81:main.c        ****     
  82:main.c        **** 
  83:main.c        **** // --------------------------------    
  84:main.c        **** // ----- INITIALIZATIONS ----------
  85:main.c        ****     CYGlobalIntEnable;    
 409              		.loc 1 85 0
 410              		.syntax unified
 411              	@ 85 "main.c" 1
 412 0028 62B6     		CPSIE   i
 413              	@ 0 "" 2
 414              		.thumb
 415              		.syntax unified
 416              	.L15:
  86:main.c        ****     for(;;)
  87:main.c        ****     {
  88:main.c        ****         /*
ARM GAS  C:\Users\schoo\AppData\Local\Temp\cc2m3y84.s 			page 10


  89:main.c        ****         //QuadEncoder icode
  90:main.c        ****         if (printSpeed == 1){
  91:main.c        ****             uint16_t speed = timeArray[0] - timeArray[1];
  92:main.c        ****             speed =  (float)speed / 1.31;
  93:main.c        ****             
  94:main.c        ****             //char buffer [64];
  95:main.c        ****             //itoa(speed, buffer, 10);
  96:main.c        ****            // USBUART_PutString(buffer);
  97:main.c        ****             printSpeed = 0; 
  98:main.c        ****         }
  99:main.c        ****         */
 100:main.c        ****     }  
 417              		.loc 1 100 0 discriminator 1
 418 002a FEE7     		b	.L15
 419              	.L17:
 420              		.align	2
 421              	.L16:
 422 002c 00000000 		.word	QuadDecoderIsr
 423              		.cfi_endproc
 424              	.LFE67:
 425              		.size	main, .-main
 426              		.section	.text.usbPutString,"ax",%progbits
 427              		.align	2
 428              		.global	usbPutString
 429              		.thumb
 430              		.thumb_func
 431              		.type	usbPutString, %function
 432              	usbPutString:
 433              	.LFB68:
 101:main.c        **** }//End main
 102:main.c        **** 
 103:main.c        **** 
 104:main.c        **** 
 105:main.c        **** //* ========================================
 106:main.c        **** void usbPutString(char *s)
 107:main.c        **** {
 434              		.loc 1 107 0
 435              		.cfi_startproc
 436              		@ args = 0, pretend = 0, frame = 8
 437              		@ frame_needed = 1, uses_anonymous_args = 0
 438 0000 80B5     		push	{r7, lr}
 439              		.cfi_def_cfa_offset 8
 440              		.cfi_offset 7, -8
 441              		.cfi_offset 14, -4
 442 0002 82B0     		sub	sp, sp, #8
 443              		.cfi_def_cfa_offset 16
 444 0004 00AF     		add	r7, sp, #0
 445              		.cfi_def_cfa_register 7
 446 0006 7860     		str	r0, [r7, #4]
 108:main.c        **** // !! Assumes that *s is a string with allocated space >=64 chars     
 109:main.c        **** //  Since USB implementation retricts data packets to 64 chars, this function truncates the
 110:main.c        **** //  length to 62 char (63rd char is a '!')
 111:main.c        **** 
 112:main.c        **** #ifdef USE_USB     
 113:main.c        ****     while (USBUART_CDCIsReady() == 0);
 447              		.loc 1 113 0
 448 0008 00BF     		nop
ARM GAS  C:\Users\schoo\AppData\Local\Temp\cc2m3y84.s 			page 11


 449              	.L19:
 450              		.loc 1 113 0 is_stmt 0 discriminator 1
 451 000a FFF7FEFF 		bl	USBUART_CDCIsReady
 452 000e 0346     		mov	r3, r0
 453 0010 002B     		cmp	r3, #0
 454 0012 FAD0     		beq	.L19
 114:main.c        ****     s[63]='\0';
 455              		.loc 1 114 0 is_stmt 1
 456 0014 7B68     		ldr	r3, [r7, #4]
 457 0016 3F33     		adds	r3, r3, #63
 458 0018 0022     		movs	r2, #0
 459 001a 1A70     		strb	r2, [r3]
 115:main.c        ****     s[62]='!';
 460              		.loc 1 115 0
 461 001c 7B68     		ldr	r3, [r7, #4]
 462 001e 3E33     		adds	r3, r3, #62
 463 0020 2122     		movs	r2, #33
 464 0022 1A70     		strb	r2, [r3]
 116:main.c        ****     USBUART_PutData((uint8*)s,strlen(s));
 465              		.loc 1 116 0
 466 0024 7868     		ldr	r0, [r7, #4]
 467 0026 FFF7FEFF 		bl	strlen
 468 002a 0346     		mov	r3, r0
 469 002c 9BB2     		uxth	r3, r3
 470 002e 1946     		mov	r1, r3
 471 0030 7868     		ldr	r0, [r7, #4]
 472 0032 FFF7FEFF 		bl	USBUART_PutData
 117:main.c        **** #endif
 118:main.c        **** }
 473              		.loc 1 118 0
 474 0036 00BF     		nop
 475 0038 0837     		adds	r7, r7, #8
 476              		.cfi_def_cfa_offset 8
 477 003a BD46     		mov	sp, r7
 478              		.cfi_def_cfa_register 13
 479              		@ sp needed
 480 003c 80BD     		pop	{r7, pc}
 481              		.cfi_endproc
 482              	.LFE68:
 483              		.size	usbPutString, .-usbPutString
 484 003e 00BF     		.section	.text.usbPutChar,"ax",%progbits
 485              		.align	2
 486              		.global	usbPutChar
 487              		.thumb
 488              		.thumb_func
 489              		.type	usbPutChar, %function
 490              	usbPutChar:
 491              	.LFB69:
 119:main.c        **** //* ========================================
 120:main.c        **** void usbPutChar(char c)
 121:main.c        **** {
 492              		.loc 1 121 0
 493              		.cfi_startproc
 494              		@ args = 0, pretend = 0, frame = 8
 495              		@ frame_needed = 1, uses_anonymous_args = 0
 496 0000 80B5     		push	{r7, lr}
 497              		.cfi_def_cfa_offset 8
ARM GAS  C:\Users\schoo\AppData\Local\Temp\cc2m3y84.s 			page 12


 498              		.cfi_offset 7, -8
 499              		.cfi_offset 14, -4
 500 0002 82B0     		sub	sp, sp, #8
 501              		.cfi_def_cfa_offset 16
 502 0004 00AF     		add	r7, sp, #0
 503              		.cfi_def_cfa_register 7
 504 0006 0346     		mov	r3, r0
 505 0008 FB71     		strb	r3, [r7, #7]
 122:main.c        **** #ifdef USE_USB     
 123:main.c        ****     while (USBUART_CDCIsReady() == 0);
 506              		.loc 1 123 0
 507 000a 00BF     		nop
 508              	.L21:
 509              		.loc 1 123 0 is_stmt 0 discriminator 1
 510 000c FFF7FEFF 		bl	USBUART_CDCIsReady
 511 0010 0346     		mov	r3, r0
 512 0012 002B     		cmp	r3, #0
 513 0014 FAD0     		beq	.L21
 124:main.c        ****     USBUART_PutChar(c);
 514              		.loc 1 124 0 is_stmt 1
 515 0016 FB79     		ldrb	r3, [r7, #7]	@ zero_extendqisi2
 516 0018 1846     		mov	r0, r3
 517 001a FFF7FEFF 		bl	USBUART_PutChar
 125:main.c        **** #endif    
 126:main.c        **** }
 518              		.loc 1 126 0
 519 001e 00BF     		nop
 520 0020 0837     		adds	r7, r7, #8
 521              		.cfi_def_cfa_offset 8
 522 0022 BD46     		mov	sp, r7
 523              		.cfi_def_cfa_register 13
 524              		@ sp needed
 525 0024 80BD     		pop	{r7, pc}
 526              		.cfi_endproc
 527              	.LFE69:
 528              		.size	usbPutChar, .-usbPutChar
 529 0026 00BF     		.text
 530              	.Letext0:
 531              		.file 2 "c:\\program files (x86)\\cypress\\psoc creator\\4.2\\psoc creator\\import\\gnu\\arm\\5.4.
 532              		.file 3 "c:\\program files (x86)\\cypress\\psoc creator\\4.2\\psoc creator\\import\\gnu\\arm\\5.4.
 533              		.file 4 "Generated_Source\\PSoC5/cytypes.h"
 534              		.file 5 "vars.h"
 535              		.file 6 "Generated_Source\\PSoC5/core_cm3.h"
 536              		.section	.debug_info,"",%progbits
 537              	.Ldebug_info0:
 538 0000 7D040000 		.4byte	0x47d
 539 0004 0400     		.2byte	0x4
 540 0006 00000000 		.4byte	.Ldebug_abbrev0
 541 000a 04       		.byte	0x4
 542 000b 01       		.uleb128 0x1
 543 000c 68000000 		.4byte	.LASF71
 544 0010 0C       		.byte	0xc
 545 0011 39030000 		.4byte	.LASF72
 546 0015 C6020000 		.4byte	.LASF73
 547 0019 00000000 		.4byte	.Ldebug_ranges0+0
 548 001d 00000000 		.4byte	0
 549 0021 00000000 		.4byte	.Ldebug_line0
ARM GAS  C:\Users\schoo\AppData\Local\Temp\cc2m3y84.s 			page 13


 550 0025 02       		.uleb128 0x2
 551 0026 01       		.byte	0x1
 552 0027 06       		.byte	0x6
 553 0028 3D010000 		.4byte	.LASF0
 554 002c 03       		.uleb128 0x3
 555 002d B1010000 		.4byte	.LASF4
 556 0031 02       		.byte	0x2
 557 0032 1D       		.byte	0x1d
 558 0033 37000000 		.4byte	0x37
 559 0037 02       		.uleb128 0x2
 560 0038 01       		.byte	0x1
 561 0039 08       		.byte	0x8
 562 003a E5010000 		.4byte	.LASF1
 563 003e 02       		.uleb128 0x2
 564 003f 02       		.byte	0x2
 565 0040 05       		.byte	0x5
 566 0041 34000000 		.4byte	.LASF2
 567 0045 02       		.uleb128 0x2
 568 0046 02       		.byte	0x2
 569 0047 07       		.byte	0x7
 570 0048 6F020000 		.4byte	.LASF3
 571 004c 03       		.uleb128 0x3
 572 004d A4030000 		.4byte	.LASF5
 573 0051 02       		.byte	0x2
 574 0052 3F       		.byte	0x3f
 575 0053 57000000 		.4byte	0x57
 576 0057 02       		.uleb128 0x2
 577 0058 04       		.byte	0x4
 578 0059 05       		.byte	0x5
 579 005a A8010000 		.4byte	.LASF6
 580 005e 02       		.uleb128 0x2
 581 005f 04       		.byte	0x4
 582 0060 07       		.byte	0x7
 583 0061 40030000 		.4byte	.LASF7
 584 0065 02       		.uleb128 0x2
 585 0066 08       		.byte	0x8
 586 0067 05       		.byte	0x5
 587 0068 4F010000 		.4byte	.LASF8
 588 006c 02       		.uleb128 0x2
 589 006d 08       		.byte	0x8
 590 006e 07       		.byte	0x7
 591 006f 20020000 		.4byte	.LASF9
 592 0073 04       		.uleb128 0x4
 593 0074 04       		.byte	0x4
 594 0075 05       		.byte	0x5
 595 0076 696E7400 		.ascii	"int\000"
 596 007a 02       		.uleb128 0x2
 597 007b 04       		.byte	0x4
 598 007c 07       		.byte	0x7
 599 007d 37020000 		.4byte	.LASF10
 600 0081 02       		.uleb128 0x2
 601 0082 08       		.byte	0x8
 602 0083 04       		.byte	0x4
 603 0084 D9010000 		.4byte	.LASF11
 604 0088 02       		.uleb128 0x2
 605 0089 04       		.byte	0x4
 606 008a 07       		.byte	0x7
ARM GAS  C:\Users\schoo\AppData\Local\Temp\cc2m3y84.s 			page 14


 607 008b 4B000000 		.4byte	.LASF12
 608 008f 05       		.uleb128 0x5
 609 0090 04       		.byte	0x4
 610 0091 95000000 		.4byte	0x95
 611 0095 02       		.uleb128 0x2
 612 0096 01       		.byte	0x1
 613 0097 08       		.byte	0x8
 614 0098 82020000 		.4byte	.LASF13
 615 009c 03       		.uleb128 0x3
 616 009d AE030000 		.4byte	.LASF14
 617 00a1 03       		.byte	0x3
 618 00a2 18       		.byte	0x18
 619 00a3 2C000000 		.4byte	0x2c
 620 00a7 03       		.uleb128 0x3
 621 00a8 92020000 		.4byte	.LASF15
 622 00ac 03       		.byte	0x3
 623 00ad 2C       		.byte	0x2c
 624 00ae 4C000000 		.4byte	0x4c
 625 00b2 06       		.uleb128 0x6
 626 00b3 25010000 		.4byte	.LASF16
 627 00b7 04       		.byte	0x4
 628 00b8 E701     		.2byte	0x1e7
 629 00ba 37000000 		.4byte	0x37
 630 00be 06       		.uleb128 0x6
 631 00bf 08010000 		.4byte	.LASF17
 632 00c3 04       		.byte	0x4
 633 00c4 E801     		.2byte	0x1e8
 634 00c6 45000000 		.4byte	0x45
 635 00ca 06       		.uleb128 0x6
 636 00cb 6C010000 		.4byte	.LASF18
 637 00cf 04       		.byte	0x4
 638 00d0 EA01     		.2byte	0x1ea
 639 00d2 25000000 		.4byte	0x25
 640 00d6 06       		.uleb128 0x6
 641 00d7 1F010000 		.4byte	.LASF19
 642 00db 04       		.byte	0x4
 643 00dc EB01     		.2byte	0x1eb
 644 00de 3E000000 		.4byte	0x3e
 645 00e2 02       		.uleb128 0x2
 646 00e3 04       		.byte	0x4
 647 00e4 04       		.byte	0x4
 648 00e5 49010000 		.4byte	.LASF20
 649 00e9 02       		.uleb128 0x2
 650 00ea 08       		.byte	0x8
 651 00eb 04       		.byte	0x4
 652 00ec 5D030000 		.4byte	.LASF21
 653 00f0 07       		.uleb128 0x7
 654 00f1 15010000 		.4byte	.LASF74
 655 00f5 20       		.byte	0x20
 656 00f6 05       		.byte	0x5
 657 00f7 29       		.byte	0x29
 658 00f8 C9010000 		.4byte	0x1c9
 659 00fc 08       		.uleb128 0x8
 660 00fd 1A040000 		.4byte	.LASF22
 661 0101 05       		.byte	0x5
 662 0102 2A       		.byte	0x2a
 663 0103 CA000000 		.4byte	0xca
ARM GAS  C:\Users\schoo\AppData\Local\Temp\cc2m3y84.s 			page 15


 664 0107 00       		.byte	0
 665 0108 08       		.uleb128 0x8
 666 0109 0F010000 		.4byte	.LASF23
 667 010d 05       		.byte	0x5
 668 010e 2B       		.byte	0x2b
 669 010f B2000000 		.4byte	0xb2
 670 0113 01       		.byte	0x1
 671 0114 08       		.uleb128 0x8
 672 0115 87020000 		.4byte	.LASF24
 673 0119 05       		.byte	0x5
 674 011a 2C       		.byte	0x2c
 675 011b D6000000 		.4byte	0xd6
 676 011f 02       		.byte	0x2
 677 0120 08       		.uleb128 0x8
 678 0121 F8030000 		.4byte	.LASF25
 679 0125 05       		.byte	0x5
 680 0126 2D       		.byte	0x2d
 681 0127 D6000000 		.4byte	0xd6
 682 012b 04       		.byte	0x4
 683 012c 08       		.uleb128 0x8
 684 012d 1F040000 		.4byte	.LASF26
 685 0131 05       		.byte	0x5
 686 0132 2E       		.byte	0x2e
 687 0133 D6000000 		.4byte	0xd6
 688 0137 06       		.byte	0x6
 689 0138 08       		.uleb128 0x8
 690 0139 95010000 		.4byte	.LASF27
 691 013d 05       		.byte	0x5
 692 013e 2F       		.byte	0x2f
 693 013f D6000000 		.4byte	0xd6
 694 0143 08       		.byte	0x8
 695 0144 08       		.uleb128 0x8
 696 0145 B6030000 		.4byte	.LASF28
 697 0149 05       		.byte	0x5
 698 014a 30       		.byte	0x30
 699 014b D6000000 		.4byte	0xd6
 700 014f 0A       		.byte	0xa
 701 0150 08       		.uleb128 0x8
 702 0151 F8010000 		.4byte	.LASF29
 703 0155 05       		.byte	0x5
 704 0156 31       		.byte	0x31
 705 0157 D6000000 		.4byte	0xd6
 706 015b 0C       		.byte	0xc
 707 015c 08       		.uleb128 0x8
 708 015d 88010000 		.4byte	.LASF30
 709 0161 05       		.byte	0x5
 710 0162 32       		.byte	0x32
 711 0163 D6000000 		.4byte	0xd6
 712 0167 0E       		.byte	0xe
 713 0168 08       		.uleb128 0x8
 714 0169 67020000 		.4byte	.LASF31
 715 016d 05       		.byte	0x5
 716 016e 33       		.byte	0x33
 717 016f D6000000 		.4byte	0xd6
 718 0173 10       		.byte	0x10
 719 0174 08       		.uleb128 0x8
 720 0175 9A020000 		.4byte	.LASF32
ARM GAS  C:\Users\schoo\AppData\Local\Temp\cc2m3y84.s 			page 16


 721 0179 05       		.byte	0x5
 722 017a 34       		.byte	0x34
 723 017b D6000000 		.4byte	0xd6
 724 017f 12       		.byte	0x12
 725 0180 08       		.uleb128 0x8
 726 0181 AF020000 		.4byte	.LASF33
 727 0185 05       		.byte	0x5
 728 0186 35       		.byte	0x35
 729 0187 D6000000 		.4byte	0xd6
 730 018b 14       		.byte	0x14
 731 018c 08       		.uleb128 0x8
 732 018d 2B010000 		.4byte	.LASF34
 733 0191 05       		.byte	0x5
 734 0192 36       		.byte	0x36
 735 0193 D6000000 		.4byte	0xd6
 736 0197 16       		.byte	0x16
 737 0198 08       		.uleb128 0x8
 738 0199 2C000000 		.4byte	.LASF35
 739 019d 05       		.byte	0x5
 740 019e 37       		.byte	0x37
 741 019f D6000000 		.4byte	0xd6
 742 01a3 18       		.byte	0x18
 743 01a4 08       		.uleb128 0x8
 744 01a5 80010000 		.4byte	.LASF36
 745 01a9 05       		.byte	0x5
 746 01aa 38       		.byte	0x38
 747 01ab D6000000 		.4byte	0xd6
 748 01af 1A       		.byte	0x1a
 749 01b0 08       		.uleb128 0x8
 750 01b1 5E020000 		.4byte	.LASF37
 751 01b5 05       		.byte	0x5
 752 01b6 39       		.byte	0x39
 753 01b7 D6000000 		.4byte	0xd6
 754 01bb 1C       		.byte	0x1c
 755 01bc 08       		.uleb128 0x8
 756 01bd A2020000 		.4byte	.LASF38
 757 01c1 05       		.byte	0x5
 758 01c2 3A       		.byte	0x3a
 759 01c3 D6000000 		.4byte	0xd6
 760 01c7 1E       		.byte	0x1e
 761 01c8 00       		.byte	0
 762 01c9 09       		.uleb128 0x9
 763 01ca 5D010000 		.4byte	.LASF75
 764 01ce 01       		.byte	0x1
 765 01cf 23       		.byte	0x23
 766 01d0 00000000 		.4byte	.LFB64
 767 01d4 48000000 		.4byte	.LFE64-.LFB64
 768 01d8 01       		.uleb128 0x1
 769 01d9 9C       		.byte	0x9c
 770 01da 0A       		.uleb128 0xa
 771 01db 10020000 		.4byte	.LASF76
 772 01df 01       		.byte	0x1
 773 01e0 2F       		.byte	0x2f
 774 01e1 9C000000 		.4byte	0x9c
 775 01e5 00000000 		.4byte	.LFB65
 776 01e9 70000000 		.4byte	.LFE65-.LFB65
 777 01ed 01       		.uleb128 0x1
ARM GAS  C:\Users\schoo\AppData\Local\Temp\cc2m3y84.s 			page 17


 778 01ee 9C       		.byte	0x9c
 779 01ef 10020000 		.4byte	0x210
 780 01f3 0B       		.uleb128 0xb
 781 01f4 10040000 		.4byte	.LASF39
 782 01f8 01       		.byte	0x1
 783 01f9 2F       		.byte	0x2f
 784 01fa 9C000000 		.4byte	0x9c
 785 01fe 02       		.uleb128 0x2
 786 01ff 91       		.byte	0x91
 787 0200 67       		.sleb128 -25
 788 0201 0C       		.uleb128 0xc
 789 0202 76616C00 		.ascii	"val\000"
 790 0206 01       		.byte	0x1
 791 0207 31       		.byte	0x31
 792 0208 9C000000 		.4byte	0x9c
 793 020c 02       		.uleb128 0x2
 794 020d 91       		.byte	0x91
 795 020e 6F       		.sleb128 -17
 796 020f 00       		.byte	0
 797 0210 0D       		.uleb128 0xd
 798 0211 6E030000 		.4byte	.LASF44
 799 0215 01       		.byte	0x1
 800 0216 37       		.byte	0x37
 801 0217 00000000 		.4byte	.LFB66
 802 021b B8000000 		.4byte	.LFE66-.LFB66
 803 021f 01       		.uleb128 0x1
 804 0220 9C       		.byte	0x9c
 805 0221 5E020000 		.4byte	0x25e
 806 0225 0B       		.uleb128 0xb
 807 0226 52030000 		.4byte	.LASF40
 808 022a 01       		.byte	0x1
 809 022b 37       		.byte	0x37
 810 022c 9C000000 		.4byte	0x9c
 811 0230 02       		.uleb128 0x2
 812 0231 91       		.byte	0x91
 813 0232 67       		.sleb128 -25
 814 0233 0B       		.uleb128 0xb
 815 0234 9D010000 		.4byte	.LASF41
 816 0238 01       		.byte	0x1
 817 0239 37       		.byte	0x37
 818 023a 9C000000 		.4byte	0x9c
 819 023e 02       		.uleb128 0x2
 820 023f 91       		.byte	0x91
 821 0240 66       		.sleb128 -26
 822 0241 0E       		.uleb128 0xe
 823 0242 7C030000 		.4byte	.LASF42
 824 0246 01       		.byte	0x1
 825 0247 3A       		.byte	0x3a
 826 0248 9C000000 		.4byte	0x9c
 827 024c 02       		.uleb128 0x2
 828 024d 91       		.byte	0x91
 829 024e 6F       		.sleb128 -17
 830 024f 0E       		.uleb128 0xe
 831 0250 8A030000 		.4byte	.LASF43
 832 0254 01       		.byte	0x1
 833 0255 3B       		.byte	0x3b
 834 0256 9C000000 		.4byte	0x9c
ARM GAS  C:\Users\schoo\AppData\Local\Temp\cc2m3y84.s 			page 18


 835 025a 02       		.uleb128 0x2
 836 025b 91       		.byte	0x91
 837 025c 6E       		.sleb128 -18
 838 025d 00       		.byte	0
 839 025e 0F       		.uleb128 0xf
 840 025f F6000000 		.4byte	.LASF45
 841 0263 01       		.byte	0x1
 842 0264 44       		.byte	0x44
 843 0265 73000000 		.4byte	0x73
 844 0269 00000000 		.4byte	.LFB67
 845 026d 30000000 		.4byte	.LFE67-.LFB67
 846 0271 01       		.uleb128 0x1
 847 0272 9C       		.byte	0x9c
 848 0273 86020000 		.4byte	0x286
 849 0277 0E       		.uleb128 0xe
 850 0278 F3010000 		.4byte	.LASF46
 851 027c 01       		.byte	0x1
 852 027d 4A       		.byte	0x4a
 853 027e 9C000000 		.4byte	0x9c
 854 0282 02       		.uleb128 0x2
 855 0283 91       		.byte	0x91
 856 0284 77       		.sleb128 -9
 857 0285 00       		.byte	0
 858 0286 0D       		.uleb128 0xd
 859 0287 FB000000 		.4byte	.LASF47
 860 028b 01       		.byte	0x1
 861 028c 6A       		.byte	0x6a
 862 028d 00000000 		.4byte	.LFB68
 863 0291 3E000000 		.4byte	.LFE68-.LFB68
 864 0295 01       		.uleb128 0x1
 865 0296 9C       		.byte	0x9c
 866 0297 A8020000 		.4byte	0x2a8
 867 029b 10       		.uleb128 0x10
 868 029c 7300     		.ascii	"s\000"
 869 029e 01       		.byte	0x1
 870 029f 6A       		.byte	0x6a
 871 02a0 8F000000 		.4byte	0x8f
 872 02a4 02       		.uleb128 0x2
 873 02a5 91       		.byte	0x91
 874 02a6 74       		.sleb128 -12
 875 02a7 00       		.byte	0
 876 02a8 0D       		.uleb128 0xd
 877 02a9 00000000 		.4byte	.LASF48
 878 02ad 01       		.byte	0x1
 879 02ae 78       		.byte	0x78
 880 02af 00000000 		.4byte	.LFB69
 881 02b3 26000000 		.4byte	.LFE69-.LFB69
 882 02b7 01       		.uleb128 0x1
 883 02b8 9C       		.byte	0x9c
 884 02b9 CA020000 		.4byte	0x2ca
 885 02bd 10       		.uleb128 0x10
 886 02be 6300     		.ascii	"c\000"
 887 02c0 01       		.byte	0x1
 888 02c1 78       		.byte	0x78
 889 02c2 95000000 		.4byte	0x95
 890 02c6 02       		.uleb128 0x2
 891 02c7 91       		.byte	0x91
ARM GAS  C:\Users\schoo\AppData\Local\Temp\cc2m3y84.s 			page 19


 892 02c8 77       		.sleb128 -9
 893 02c9 00       		.byte	0
 894 02ca 11       		.uleb128 0x11
 895 02cb 03040000 		.4byte	.LASF49
 896 02cf 06       		.byte	0x6
 897 02d0 1207     		.2byte	0x712
 898 02d2 D6020000 		.4byte	0x2d6
 899 02d6 12       		.uleb128 0x12
 900 02d7 A7000000 		.4byte	0xa7
 901 02db 13       		.uleb128 0x13
 902 02dc 747300   		.ascii	"ts\000"
 903 02df 05       		.byte	0x5
 904 02e0 10       		.byte	0x10
 905 02e1 B2000000 		.4byte	0xb2
 906 02e5 05       		.uleb128 0x5
 907 02e6 03       		.byte	0x3
 908 02e7 00000000 		.4byte	ts
 909 02eb 14       		.uleb128 0x14
 910 02ec 0B000000 		.4byte	.LASF50
 911 02f0 05       		.byte	0x5
 912 02f1 11       		.byte	0x11
 913 02f2 BE000000 		.4byte	0xbe
 914 02f6 05       		.uleb128 0x5
 915 02f7 03       		.byte	0x3
 916 02f8 00000000 		.4byte	ts_enc
 917 02fc 14       		.uleb128 0x14
 918 02fd D2030000 		.4byte	.LASF51
 919 0301 05       		.byte	0x5
 920 0302 12       		.byte	0x12
 921 0303 BE000000 		.4byte	0xbe
 922 0307 05       		.uleb128 0x5
 923 0308 03       		.byte	0x3
 924 0309 00000000 		.4byte	ts_update
 925 030d 14       		.uleb128 0x14
 926 030e C9030000 		.4byte	.LASF52
 927 0312 05       		.byte	0x5
 928 0313 13       		.byte	0x13
 929 0314 BE000000 		.4byte	0xbe
 930 0318 05       		.uleb128 0x5
 931 0319 03       		.byte	0x3
 932 031a 00000000 		.4byte	ts_speed
 933 031e 14       		.uleb128 0x14
 934 031f BE030000 		.4byte	.LASF53
 935 0323 05       		.byte	0x5
 936 0324 14       		.byte	0x14
 937 0325 BE000000 		.4byte	0xbe
 938 0329 05       		.uleb128 0x5
 939 032a 03       		.byte	0x3
 940 032b 00000000 		.4byte	ts_display
 941 032f 14       		.uleb128 0x14
 942 0330 98030000 		.4byte	.LASF54
 943 0334 05       		.byte	0x5
 944 0335 16       		.byte	0x16
 945 0336 B2000000 		.4byte	0xb2
 946 033a 05       		.uleb128 0x5
 947 033b 03       		.byte	0x3
 948 033c 00000000 		.4byte	flag_ts_enc
ARM GAS  C:\Users\schoo\AppData\Local\Temp\cc2m3y84.s 			page 20


 949 0340 14       		.uleb128 0x14
 950 0341 71010000 		.4byte	.LASF55
 951 0345 05       		.byte	0x5
 952 0346 17       		.byte	0x17
 953 0347 B2000000 		.4byte	0xb2
 954 034b 05       		.uleb128 0x5
 955 034c 03       		.byte	0x3
 956 034d 00000000 		.4byte	flag_ts_update
 957 0351 14       		.uleb128 0x14
 958 0352 1E000000 		.4byte	.LASF56
 959 0356 05       		.byte	0x5
 960 0357 18       		.byte	0x18
 961 0358 B2000000 		.4byte	0xb2
 962 035c 05       		.uleb128 0x5
 963 035d 03       		.byte	0x3
 964 035e 00000000 		.4byte	flag_ts_speed
 965 0362 14       		.uleb128 0x14
 966 0363 BB010000 		.4byte	.LASF57
 967 0367 05       		.byte	0x5
 968 0368 19       		.byte	0x19
 969 0369 B2000000 		.4byte	0xb2
 970 036d 05       		.uleb128 0x5
 971 036e 03       		.byte	0x3
 972 036f 00000000 		.4byte	flag_ts_display
 973 0373 14       		.uleb128 0x14
 974 0374 CB010000 		.4byte	.LASF58
 975 0378 05       		.byte	0x5
 976 0379 1C       		.byte	0x1c
 977 037a B2000000 		.4byte	0xb2
 978 037e 05       		.uleb128 0x5
 979 037f 03       		.byte	0x3
 980 0380 00000000 		.4byte	flag_rx
 981 0384 14       		.uleb128 0x14
 982 0385 12000000 		.4byte	.LASF59
 983 0389 05       		.byte	0x5
 984 038a 1D       		.byte	0x1d
 985 038b B2000000 		.4byte	0xb2
 986 038f 05       		.uleb128 0x5
 987 0390 03       		.byte	0x3
 988 0391 00000000 		.4byte	flag_packet
 989 0395 14       		.uleb128 0x14
 990 0396 44020000 		.4byte	.LASF60
 991 039a 05       		.byte	0x5
 992 039b 1E       		.byte	0x1e
 993 039c B2000000 		.4byte	0xb2
 994 03a0 05       		.uleb128 0x5
 995 03a1 03       		.byte	0x3
 996 03a2 00000000 		.4byte	flag_KB_string
 997 03a6 14       		.uleb128 0x14
 998 03a7 01020000 		.4byte	.LASF61
 999 03ab 05       		.byte	0x5
 1000 03ac 20       		.byte	0x20
 1001 03ad B2000000 		.4byte	0xb2
 1002 03b1 05       		.uleb128 0x5
 1003 03b2 03       		.byte	0x3
 1004 03b3 00000000 		.4byte	dataready_flag
 1005 03b7 14       		.uleb128 0x14
ARM GAS  C:\Users\schoo\AppData\Local\Temp\cc2m3y84.s 			page 21


 1006 03b8 DC030000 		.4byte	.LASF62
 1007 03bc 05       		.byte	0x5
 1008 03bd 22       		.byte	0x22
 1009 03be B2000000 		.4byte	0xb2
 1010 03c2 05       		.uleb128 0x5
 1011 03c3 03       		.byte	0x3
 1012 03c4 00000000 		.4byte	flag_rf_transmission_active
 1013 03c8 15       		.uleb128 0x15
 1014 03c9 95000000 		.4byte	0x95
 1015 03cd D8030000 		.4byte	0x3d8
 1016 03d1 16       		.uleb128 0x16
 1017 03d2 88000000 		.4byte	0x88
 1018 03d6 3F       		.byte	0x3f
 1019 03d7 00       		.byte	0
 1020 03d8 14       		.uleb128 0x14
 1021 03d9 B8020000 		.4byte	.LASF63
 1022 03dd 05       		.byte	0x5
 1023 03de 25       		.byte	0x25
 1024 03df C8030000 		.4byte	0x3c8
 1025 03e3 05       		.uleb128 0x5
 1026 03e4 03       		.byte	0x3
 1027 03e5 00000000 		.4byte	displaystring
 1028 03e9 14       		.uleb128 0x14
 1029 03ea 38010000 		.4byte	.LASF64
 1030 03ee 05       		.byte	0x5
 1031 03ef 26       		.byte	0x26
 1032 03f0 C8030000 		.4byte	0x3c8
 1033 03f4 05       		.uleb128 0x5
 1034 03f5 03       		.byte	0x3
 1035 03f6 00000000 		.4byte	line
 1036 03fa 14       		.uleb128 0x14
 1037 03fb D3010000 		.4byte	.LASF65
 1038 03ff 05       		.byte	0x5
 1039 0400 26       		.byte	0x26
 1040 0401 C8030000 		.4byte	0x3c8
 1041 0405 05       		.uleb128 0x5
 1042 0406 03       		.byte	0x3
 1043 0407 00000000 		.4byte	entry
 1044 040b 15       		.uleb128 0x15
 1045 040c B2000000 		.4byte	0xb2
 1046 0410 1B040000 		.4byte	0x41b
 1047 0414 16       		.uleb128 0x16
 1048 0415 88000000 		.4byte	0x88
 1049 0419 3F       		.byte	0x3f
 1050 041a 00       		.byte	0
 1051 041b 14       		.uleb128 0x14
 1052 041c 5E000000 		.4byte	.LASF66
 1053 0420 05       		.byte	0x5
 1054 0421 27       		.byte	0x27
 1055 0422 0B040000 		.4byte	0x40b
 1056 0426 05       		.uleb128 0x5
 1057 0427 03       		.byte	0x3
 1058 0428 00000000 		.4byte	usbBuffer
 1059 042c 14       		.uleb128 0x14
 1060 042d 3E000000 		.4byte	.LASF67
 1061 0431 05       		.byte	0x5
 1062 0432 3C       		.byte	0x3c
ARM GAS  C:\Users\schoo\AppData\Local\Temp\cc2m3y84.s 			page 22


 1063 0433 F0000000 		.4byte	0xf0
 1064 0437 05       		.uleb128 0x5
 1065 0438 03       		.byte	0x3
 1066 0439 00000000 		.4byte	system_state
 1067 043d 14       		.uleb128 0x14
 1068 043e 64030000 		.4byte	.LASF68
 1069 0442 01       		.byte	0x1
 1070 0443 1D       		.byte	0x1d
 1071 0444 9C000000 		.4byte	0x9c
 1072 0448 05       		.uleb128 0x5
 1073 0449 03       		.byte	0x3
 1074 044a 00000000 		.4byte	timeIndex
 1075 044e 15       		.uleb128 0x15
 1076 044f 9C000000 		.4byte	0x9c
 1077 0453 5E040000 		.4byte	0x45e
 1078 0457 16       		.uleb128 0x16
 1079 0458 88000000 		.4byte	0x88
 1080 045c 01       		.byte	0x1
 1081 045d 00       		.byte	0
 1082 045e 14       		.uleb128 0x14
 1083 045f 54000000 		.4byte	.LASF69
 1084 0463 01       		.byte	0x1
 1085 0464 1E       		.byte	0x1e
 1086 0465 4E040000 		.4byte	0x44e
 1087 0469 05       		.uleb128 0x5
 1088 046a 03       		.byte	0x3
 1089 046b 00000000 		.4byte	timeArray
 1090 046f 14       		.uleb128 0x14
 1091 0470 53020000 		.4byte	.LASF70
 1092 0474 01       		.byte	0x1
 1093 0475 1F       		.byte	0x1f
 1094 0476 9C000000 		.4byte	0x9c
 1095 047a 05       		.uleb128 0x5
 1096 047b 03       		.byte	0x3
 1097 047c 00000000 		.4byte	printSpeed
 1098 0480 00       		.byte	0
 1099              		.section	.debug_abbrev,"",%progbits
 1100              	.Ldebug_abbrev0:
 1101 0000 01       		.uleb128 0x1
 1102 0001 11       		.uleb128 0x11
 1103 0002 01       		.byte	0x1
 1104 0003 25       		.uleb128 0x25
 1105 0004 0E       		.uleb128 0xe
 1106 0005 13       		.uleb128 0x13
 1107 0006 0B       		.uleb128 0xb
 1108 0007 03       		.uleb128 0x3
 1109 0008 0E       		.uleb128 0xe
 1110 0009 1B       		.uleb128 0x1b
 1111 000a 0E       		.uleb128 0xe
 1112 000b 55       		.uleb128 0x55
 1113 000c 17       		.uleb128 0x17
 1114 000d 11       		.uleb128 0x11
 1115 000e 01       		.uleb128 0x1
 1116 000f 10       		.uleb128 0x10
 1117 0010 17       		.uleb128 0x17
 1118 0011 00       		.byte	0
 1119 0012 00       		.byte	0
ARM GAS  C:\Users\schoo\AppData\Local\Temp\cc2m3y84.s 			page 23


 1120 0013 02       		.uleb128 0x2
 1121 0014 24       		.uleb128 0x24
 1122 0015 00       		.byte	0
 1123 0016 0B       		.uleb128 0xb
 1124 0017 0B       		.uleb128 0xb
 1125 0018 3E       		.uleb128 0x3e
 1126 0019 0B       		.uleb128 0xb
 1127 001a 03       		.uleb128 0x3
 1128 001b 0E       		.uleb128 0xe
 1129 001c 00       		.byte	0
 1130 001d 00       		.byte	0
 1131 001e 03       		.uleb128 0x3
 1132 001f 16       		.uleb128 0x16
 1133 0020 00       		.byte	0
 1134 0021 03       		.uleb128 0x3
 1135 0022 0E       		.uleb128 0xe
 1136 0023 3A       		.uleb128 0x3a
 1137 0024 0B       		.uleb128 0xb
 1138 0025 3B       		.uleb128 0x3b
 1139 0026 0B       		.uleb128 0xb
 1140 0027 49       		.uleb128 0x49
 1141 0028 13       		.uleb128 0x13
 1142 0029 00       		.byte	0
 1143 002a 00       		.byte	0
 1144 002b 04       		.uleb128 0x4
 1145 002c 24       		.uleb128 0x24
 1146 002d 00       		.byte	0
 1147 002e 0B       		.uleb128 0xb
 1148 002f 0B       		.uleb128 0xb
 1149 0030 3E       		.uleb128 0x3e
 1150 0031 0B       		.uleb128 0xb
 1151 0032 03       		.uleb128 0x3
 1152 0033 08       		.uleb128 0x8
 1153 0034 00       		.byte	0
 1154 0035 00       		.byte	0
 1155 0036 05       		.uleb128 0x5
 1156 0037 0F       		.uleb128 0xf
 1157 0038 00       		.byte	0
 1158 0039 0B       		.uleb128 0xb
 1159 003a 0B       		.uleb128 0xb
 1160 003b 49       		.uleb128 0x49
 1161 003c 13       		.uleb128 0x13
 1162 003d 00       		.byte	0
 1163 003e 00       		.byte	0
 1164 003f 06       		.uleb128 0x6
 1165 0040 16       		.uleb128 0x16
 1166 0041 00       		.byte	0
 1167 0042 03       		.uleb128 0x3
 1168 0043 0E       		.uleb128 0xe
 1169 0044 3A       		.uleb128 0x3a
 1170 0045 0B       		.uleb128 0xb
 1171 0046 3B       		.uleb128 0x3b
 1172 0047 05       		.uleb128 0x5
 1173 0048 49       		.uleb128 0x49
 1174 0049 13       		.uleb128 0x13
 1175 004a 00       		.byte	0
 1176 004b 00       		.byte	0
ARM GAS  C:\Users\schoo\AppData\Local\Temp\cc2m3y84.s 			page 24


 1177 004c 07       		.uleb128 0x7
 1178 004d 13       		.uleb128 0x13
 1179 004e 01       		.byte	0x1
 1180 004f 03       		.uleb128 0x3
 1181 0050 0E       		.uleb128 0xe
 1182 0051 0B       		.uleb128 0xb
 1183 0052 0B       		.uleb128 0xb
 1184 0053 3A       		.uleb128 0x3a
 1185 0054 0B       		.uleb128 0xb
 1186 0055 3B       		.uleb128 0x3b
 1187 0056 0B       		.uleb128 0xb
 1188 0057 01       		.uleb128 0x1
 1189 0058 13       		.uleb128 0x13
 1190 0059 00       		.byte	0
 1191 005a 00       		.byte	0
 1192 005b 08       		.uleb128 0x8
 1193 005c 0D       		.uleb128 0xd
 1194 005d 00       		.byte	0
 1195 005e 03       		.uleb128 0x3
 1196 005f 0E       		.uleb128 0xe
 1197 0060 3A       		.uleb128 0x3a
 1198 0061 0B       		.uleb128 0xb
 1199 0062 3B       		.uleb128 0x3b
 1200 0063 0B       		.uleb128 0xb
 1201 0064 49       		.uleb128 0x49
 1202 0065 13       		.uleb128 0x13
 1203 0066 38       		.uleb128 0x38
 1204 0067 0B       		.uleb128 0xb
 1205 0068 00       		.byte	0
 1206 0069 00       		.byte	0
 1207 006a 09       		.uleb128 0x9
 1208 006b 2E       		.uleb128 0x2e
 1209 006c 00       		.byte	0
 1210 006d 3F       		.uleb128 0x3f
 1211 006e 19       		.uleb128 0x19
 1212 006f 03       		.uleb128 0x3
 1213 0070 0E       		.uleb128 0xe
 1214 0071 3A       		.uleb128 0x3a
 1215 0072 0B       		.uleb128 0xb
 1216 0073 3B       		.uleb128 0x3b
 1217 0074 0B       		.uleb128 0xb
 1218 0075 27       		.uleb128 0x27
 1219 0076 19       		.uleb128 0x19
 1220 0077 11       		.uleb128 0x11
 1221 0078 01       		.uleb128 0x1
 1222 0079 12       		.uleb128 0x12
 1223 007a 06       		.uleb128 0x6
 1224 007b 40       		.uleb128 0x40
 1225 007c 18       		.uleb128 0x18
 1226 007d 9642     		.uleb128 0x2116
 1227 007f 19       		.uleb128 0x19
 1228 0080 00       		.byte	0
 1229 0081 00       		.byte	0
 1230 0082 0A       		.uleb128 0xa
 1231 0083 2E       		.uleb128 0x2e
 1232 0084 01       		.byte	0x1
 1233 0085 3F       		.uleb128 0x3f
ARM GAS  C:\Users\schoo\AppData\Local\Temp\cc2m3y84.s 			page 25


 1234 0086 19       		.uleb128 0x19
 1235 0087 03       		.uleb128 0x3
 1236 0088 0E       		.uleb128 0xe
 1237 0089 3A       		.uleb128 0x3a
 1238 008a 0B       		.uleb128 0xb
 1239 008b 3B       		.uleb128 0x3b
 1240 008c 0B       		.uleb128 0xb
 1241 008d 27       		.uleb128 0x27
 1242 008e 19       		.uleb128 0x19
 1243 008f 49       		.uleb128 0x49
 1244 0090 13       		.uleb128 0x13
 1245 0091 11       		.uleb128 0x11
 1246 0092 01       		.uleb128 0x1
 1247 0093 12       		.uleb128 0x12
 1248 0094 06       		.uleb128 0x6
 1249 0095 40       		.uleb128 0x40
 1250 0096 18       		.uleb128 0x18
 1251 0097 9642     		.uleb128 0x2116
 1252 0099 19       		.uleb128 0x19
 1253 009a 01       		.uleb128 0x1
 1254 009b 13       		.uleb128 0x13
 1255 009c 00       		.byte	0
 1256 009d 00       		.byte	0
 1257 009e 0B       		.uleb128 0xb
 1258 009f 05       		.uleb128 0x5
 1259 00a0 00       		.byte	0
 1260 00a1 03       		.uleb128 0x3
 1261 00a2 0E       		.uleb128 0xe
 1262 00a3 3A       		.uleb128 0x3a
 1263 00a4 0B       		.uleb128 0xb
 1264 00a5 3B       		.uleb128 0x3b
 1265 00a6 0B       		.uleb128 0xb
 1266 00a7 49       		.uleb128 0x49
 1267 00a8 13       		.uleb128 0x13
 1268 00a9 02       		.uleb128 0x2
 1269 00aa 18       		.uleb128 0x18
 1270 00ab 00       		.byte	0
 1271 00ac 00       		.byte	0
 1272 00ad 0C       		.uleb128 0xc
 1273 00ae 34       		.uleb128 0x34
 1274 00af 00       		.byte	0
 1275 00b0 03       		.uleb128 0x3
 1276 00b1 08       		.uleb128 0x8
 1277 00b2 3A       		.uleb128 0x3a
 1278 00b3 0B       		.uleb128 0xb
 1279 00b4 3B       		.uleb128 0x3b
 1280 00b5 0B       		.uleb128 0xb
 1281 00b6 49       		.uleb128 0x49
 1282 00b7 13       		.uleb128 0x13
 1283 00b8 02       		.uleb128 0x2
 1284 00b9 18       		.uleb128 0x18
 1285 00ba 00       		.byte	0
 1286 00bb 00       		.byte	0
 1287 00bc 0D       		.uleb128 0xd
 1288 00bd 2E       		.uleb128 0x2e
 1289 00be 01       		.byte	0x1
 1290 00bf 3F       		.uleb128 0x3f
ARM GAS  C:\Users\schoo\AppData\Local\Temp\cc2m3y84.s 			page 26


 1291 00c0 19       		.uleb128 0x19
 1292 00c1 03       		.uleb128 0x3
 1293 00c2 0E       		.uleb128 0xe
 1294 00c3 3A       		.uleb128 0x3a
 1295 00c4 0B       		.uleb128 0xb
 1296 00c5 3B       		.uleb128 0x3b
 1297 00c6 0B       		.uleb128 0xb
 1298 00c7 27       		.uleb128 0x27
 1299 00c8 19       		.uleb128 0x19
 1300 00c9 11       		.uleb128 0x11
 1301 00ca 01       		.uleb128 0x1
 1302 00cb 12       		.uleb128 0x12
 1303 00cc 06       		.uleb128 0x6
 1304 00cd 40       		.uleb128 0x40
 1305 00ce 18       		.uleb128 0x18
 1306 00cf 9642     		.uleb128 0x2116
 1307 00d1 19       		.uleb128 0x19
 1308 00d2 01       		.uleb128 0x1
 1309 00d3 13       		.uleb128 0x13
 1310 00d4 00       		.byte	0
 1311 00d5 00       		.byte	0
 1312 00d6 0E       		.uleb128 0xe
 1313 00d7 34       		.uleb128 0x34
 1314 00d8 00       		.byte	0
 1315 00d9 03       		.uleb128 0x3
 1316 00da 0E       		.uleb128 0xe
 1317 00db 3A       		.uleb128 0x3a
 1318 00dc 0B       		.uleb128 0xb
 1319 00dd 3B       		.uleb128 0x3b
 1320 00de 0B       		.uleb128 0xb
 1321 00df 49       		.uleb128 0x49
 1322 00e0 13       		.uleb128 0x13
 1323 00e1 02       		.uleb128 0x2
 1324 00e2 18       		.uleb128 0x18
 1325 00e3 00       		.byte	0
 1326 00e4 00       		.byte	0
 1327 00e5 0F       		.uleb128 0xf
 1328 00e6 2E       		.uleb128 0x2e
 1329 00e7 01       		.byte	0x1
 1330 00e8 3F       		.uleb128 0x3f
 1331 00e9 19       		.uleb128 0x19
 1332 00ea 03       		.uleb128 0x3
 1333 00eb 0E       		.uleb128 0xe
 1334 00ec 3A       		.uleb128 0x3a
 1335 00ed 0B       		.uleb128 0xb
 1336 00ee 3B       		.uleb128 0x3b
 1337 00ef 0B       		.uleb128 0xb
 1338 00f0 49       		.uleb128 0x49
 1339 00f1 13       		.uleb128 0x13
 1340 00f2 11       		.uleb128 0x11
 1341 00f3 01       		.uleb128 0x1
 1342 00f4 12       		.uleb128 0x12
 1343 00f5 06       		.uleb128 0x6
 1344 00f6 40       		.uleb128 0x40
 1345 00f7 18       		.uleb128 0x18
 1346 00f8 9642     		.uleb128 0x2116
 1347 00fa 19       		.uleb128 0x19
ARM GAS  C:\Users\schoo\AppData\Local\Temp\cc2m3y84.s 			page 27


 1348 00fb 01       		.uleb128 0x1
 1349 00fc 13       		.uleb128 0x13
 1350 00fd 00       		.byte	0
 1351 00fe 00       		.byte	0
 1352 00ff 10       		.uleb128 0x10
 1353 0100 05       		.uleb128 0x5
 1354 0101 00       		.byte	0
 1355 0102 03       		.uleb128 0x3
 1356 0103 08       		.uleb128 0x8
 1357 0104 3A       		.uleb128 0x3a
 1358 0105 0B       		.uleb128 0xb
 1359 0106 3B       		.uleb128 0x3b
 1360 0107 0B       		.uleb128 0xb
 1361 0108 49       		.uleb128 0x49
 1362 0109 13       		.uleb128 0x13
 1363 010a 02       		.uleb128 0x2
 1364 010b 18       		.uleb128 0x18
 1365 010c 00       		.byte	0
 1366 010d 00       		.byte	0
 1367 010e 11       		.uleb128 0x11
 1368 010f 34       		.uleb128 0x34
 1369 0110 00       		.byte	0
 1370 0111 03       		.uleb128 0x3
 1371 0112 0E       		.uleb128 0xe
 1372 0113 3A       		.uleb128 0x3a
 1373 0114 0B       		.uleb128 0xb
 1374 0115 3B       		.uleb128 0x3b
 1375 0116 05       		.uleb128 0x5
 1376 0117 49       		.uleb128 0x49
 1377 0118 13       		.uleb128 0x13
 1378 0119 3F       		.uleb128 0x3f
 1379 011a 19       		.uleb128 0x19
 1380 011b 3C       		.uleb128 0x3c
 1381 011c 19       		.uleb128 0x19
 1382 011d 00       		.byte	0
 1383 011e 00       		.byte	0
 1384 011f 12       		.uleb128 0x12
 1385 0120 35       		.uleb128 0x35
 1386 0121 00       		.byte	0
 1387 0122 49       		.uleb128 0x49
 1388 0123 13       		.uleb128 0x13
 1389 0124 00       		.byte	0
 1390 0125 00       		.byte	0
 1391 0126 13       		.uleb128 0x13
 1392 0127 34       		.uleb128 0x34
 1393 0128 00       		.byte	0
 1394 0129 03       		.uleb128 0x3
 1395 012a 08       		.uleb128 0x8
 1396 012b 3A       		.uleb128 0x3a
 1397 012c 0B       		.uleb128 0xb
 1398 012d 3B       		.uleb128 0x3b
 1399 012e 0B       		.uleb128 0xb
 1400 012f 49       		.uleb128 0x49
 1401 0130 13       		.uleb128 0x13
 1402 0131 3F       		.uleb128 0x3f
 1403 0132 19       		.uleb128 0x19
 1404 0133 02       		.uleb128 0x2
ARM GAS  C:\Users\schoo\AppData\Local\Temp\cc2m3y84.s 			page 28


 1405 0134 18       		.uleb128 0x18
 1406 0135 00       		.byte	0
 1407 0136 00       		.byte	0
 1408 0137 14       		.uleb128 0x14
 1409 0138 34       		.uleb128 0x34
 1410 0139 00       		.byte	0
 1411 013a 03       		.uleb128 0x3
 1412 013b 0E       		.uleb128 0xe
 1413 013c 3A       		.uleb128 0x3a
 1414 013d 0B       		.uleb128 0xb
 1415 013e 3B       		.uleb128 0x3b
 1416 013f 0B       		.uleb128 0xb
 1417 0140 49       		.uleb128 0x49
 1418 0141 13       		.uleb128 0x13
 1419 0142 3F       		.uleb128 0x3f
 1420 0143 19       		.uleb128 0x19
 1421 0144 02       		.uleb128 0x2
 1422 0145 18       		.uleb128 0x18
 1423 0146 00       		.byte	0
 1424 0147 00       		.byte	0
 1425 0148 15       		.uleb128 0x15
 1426 0149 01       		.uleb128 0x1
 1427 014a 01       		.byte	0x1
 1428 014b 49       		.uleb128 0x49
 1429 014c 13       		.uleb128 0x13
 1430 014d 01       		.uleb128 0x1
 1431 014e 13       		.uleb128 0x13
 1432 014f 00       		.byte	0
 1433 0150 00       		.byte	0
 1434 0151 16       		.uleb128 0x16
 1435 0152 21       		.uleb128 0x21
 1436 0153 00       		.byte	0
 1437 0154 49       		.uleb128 0x49
 1438 0155 13       		.uleb128 0x13
 1439 0156 2F       		.uleb128 0x2f
 1440 0157 0B       		.uleb128 0xb
 1441 0158 00       		.byte	0
 1442 0159 00       		.byte	0
 1443 015a 00       		.byte	0
 1444              		.section	.debug_aranges,"",%progbits
 1445 0000 44000000 		.4byte	0x44
 1446 0004 0200     		.2byte	0x2
 1447 0006 00000000 		.4byte	.Ldebug_info0
 1448 000a 04       		.byte	0x4
 1449 000b 00       		.byte	0
 1450 000c 0000     		.2byte	0
 1451 000e 0000     		.2byte	0
 1452 0010 00000000 		.4byte	.LFB64
 1453 0014 48000000 		.4byte	.LFE64-.LFB64
 1454 0018 00000000 		.4byte	.LFB65
 1455 001c 70000000 		.4byte	.LFE65-.LFB65
 1456 0020 00000000 		.4byte	.LFB66
 1457 0024 B8000000 		.4byte	.LFE66-.LFB66
 1458 0028 00000000 		.4byte	.LFB67
 1459 002c 30000000 		.4byte	.LFE67-.LFB67
 1460 0030 00000000 		.4byte	.LFB68
 1461 0034 3E000000 		.4byte	.LFE68-.LFB68
ARM GAS  C:\Users\schoo\AppData\Local\Temp\cc2m3y84.s 			page 29


 1462 0038 00000000 		.4byte	.LFB69
 1463 003c 26000000 		.4byte	.LFE69-.LFB69
 1464 0040 00000000 		.4byte	0
 1465 0044 00000000 		.4byte	0
 1466              		.section	.debug_ranges,"",%progbits
 1467              	.Ldebug_ranges0:
 1468 0000 00000000 		.4byte	.LFB64
 1469 0004 48000000 		.4byte	.LFE64
 1470 0008 00000000 		.4byte	.LFB65
 1471 000c 70000000 		.4byte	.LFE65
 1472 0010 00000000 		.4byte	.LFB66
 1473 0014 B8000000 		.4byte	.LFE66
 1474 0018 00000000 		.4byte	.LFB67
 1475 001c 30000000 		.4byte	.LFE67
 1476 0020 00000000 		.4byte	.LFB68
 1477 0024 3E000000 		.4byte	.LFE68
 1478 0028 00000000 		.4byte	.LFB69
 1479 002c 26000000 		.4byte	.LFE69
 1480 0030 00000000 		.4byte	0
 1481 0034 00000000 		.4byte	0
 1482              		.section	.debug_line,"",%progbits
 1483              	.Ldebug_line0:
 1484 0000 F5010000 		.section	.debug_str,"MS",%progbits,1
 1484      02005601 
 1484      00000201 
 1484      FB0E0D00 
 1484      01010101 
 1485              	.LASF48:
 1486 0000 75736250 		.ascii	"usbPutChar\000"
 1486      75744368 
 1486      617200
 1487              	.LASF50:
 1488 000b 74735F65 		.ascii	"ts_enc\000"
 1488      6E6300
 1489              	.LASF59:
 1490 0012 666C6167 		.ascii	"flag_packet\000"
 1490      5F706163 
 1490      6B657400 
 1491              	.LASF56:
 1492 001e 666C6167 		.ascii	"flag_ts_speed\000"
 1492      5F74735F 
 1492      73706565 
 1492      6400
 1493              	.LASF35:
 1494 002c 67325F78 		.ascii	"g2_xpos\000"
 1494      706F7300 
 1495              	.LASF2:
 1496 0034 73686F72 		.ascii	"short int\000"
 1496      7420696E 
 1496      7400
 1497              	.LASF67:
 1498 003e 73797374 		.ascii	"system_state\000"
 1498      656D5F73 
 1498      74617465 
 1498      00
 1499              	.LASF12:
 1500 004b 73697A65 		.ascii	"sizetype\000"
ARM GAS  C:\Users\schoo\AppData\Local\Temp\cc2m3y84.s 			page 30


 1500      74797065 
 1500      00
 1501              	.LASF69:
 1502 0054 74696D65 		.ascii	"timeArray\000"
 1502      41727261 
 1502      7900
 1503              	.LASF66:
 1504 005e 75736242 		.ascii	"usbBuffer\000"
 1504      75666665 
 1504      7200
 1505              	.LASF71:
 1506 0068 474E5520 		.ascii	"GNU C11 5.4.1 20160609 (release) [ARM/embedded-5-br"
 1506      43313120 
 1506      352E342E 
 1506      31203230 
 1506      31363036 
 1507 009b 616E6368 		.ascii	"anch revision 237715] -mcpu=cortex-m3 -mthumb -g -O"
 1507      20726576 
 1507      6973696F 
 1507      6E203233 
 1507      37373135 
 1508 00ce 30202D66 		.ascii	"0 -ffunction-sections -ffat-lto-objects\000"
 1508      66756E63 
 1508      74696F6E 
 1508      2D736563 
 1508      74696F6E 
 1509              	.LASF45:
 1510 00f6 6D61696E 		.ascii	"main\000"
 1510      00
 1511              	.LASF47:
 1512 00fb 75736250 		.ascii	"usbPutString\000"
 1512      75745374 
 1512      72696E67 
 1512      00
 1513              	.LASF17:
 1514 0108 75696E74 		.ascii	"uint16\000"
 1514      313600
 1515              	.LASF23:
 1516 010f 696E6465 		.ascii	"index\000"
 1516      7800
 1517              	.LASF74:
 1518 0115 64617461 		.ascii	"data_main\000"
 1518      5F6D6169 
 1518      6E00
 1519              	.LASF19:
 1520 011f 696E7431 		.ascii	"int16\000"
 1520      3600
 1521              	.LASF16:
 1522 0125 75696E74 		.ascii	"uint8\000"
 1522      3800
 1523              	.LASF34:
 1524 012b 67315F64 		.ascii	"g1_direction\000"
 1524      69726563 
 1524      74696F6E 
 1524      00
 1525              	.LASF64:
 1526 0138 6C696E65 		.ascii	"line\000"
ARM GAS  C:\Users\schoo\AppData\Local\Temp\cc2m3y84.s 			page 31


 1526      00
 1527              	.LASF0:
 1528 013d 7369676E 		.ascii	"signed char\000"
 1528      65642063 
 1528      68617200 
 1529              	.LASF20:
 1530 0149 666C6F61 		.ascii	"float\000"
 1530      7400
 1531              	.LASF8:
 1532 014f 6C6F6E67 		.ascii	"long long int\000"
 1532      206C6F6E 
 1532      6720696E 
 1532      7400
 1533              	.LASF75:
 1534 015d 51756164 		.ascii	"QuadDecoderIsr\000"
 1534      4465636F 
 1534      64657249 
 1534      737200
 1535              	.LASF18:
 1536 016c 696E7438 		.ascii	"int8\000"
 1536      00
 1537              	.LASF55:
 1538 0171 666C6167 		.ascii	"flag_ts_update\000"
 1538      5F74735F 
 1538      75706461 
 1538      746500
 1539              	.LASF36:
 1540 0180 67325F79 		.ascii	"g2_ypos\000"
 1540      706F7300 
 1541              	.LASF30:
 1542 0188 67305F64 		.ascii	"g0_direction\000"
 1542      69726563 
 1542      74696F6E 
 1542      00
 1543              	.LASF27:
 1544 0195 67305F78 		.ascii	"g0_xpos\000"
 1544      706F7300 
 1545              	.LASF41:
 1546 019d 77686565 		.ascii	"wheel2Duty\000"
 1546      6C324475 
 1546      747900
 1547              	.LASF6:
 1548 01a8 6C6F6E67 		.ascii	"long int\000"
 1548      20696E74 
 1548      00
 1549              	.LASF4:
 1550 01b1 5F5F7569 		.ascii	"__uint8_t\000"
 1550      6E74385F 
 1550      7400
 1551              	.LASF57:
 1552 01bb 666C6167 		.ascii	"flag_ts_display\000"
 1552      5F74735F 
 1552      64697370 
 1552      6C617900 
 1553              	.LASF58:
 1554 01cb 666C6167 		.ascii	"flag_rx\000"
 1554      5F727800 
ARM GAS  C:\Users\schoo\AppData\Local\Temp\cc2m3y84.s 			page 32


 1555              	.LASF65:
 1556 01d3 656E7472 		.ascii	"entry\000"
 1556      7900
 1557              	.LASF11:
 1558 01d9 6C6F6E67 		.ascii	"long double\000"
 1558      20646F75 
 1558      626C6500 
 1559              	.LASF1:
 1560 01e5 756E7369 		.ascii	"unsigned char\000"
 1560      676E6564 
 1560      20636861 
 1560      7200
 1561              	.LASF46:
 1562 01f3 64757479 		.ascii	"duty\000"
 1562      00
 1563              	.LASF29:
 1564 01f8 67305F73 		.ascii	"g0_speed\000"
 1564      70656564 
 1564      00
 1565              	.LASF61:
 1566 0201 64617461 		.ascii	"dataready_flag\000"
 1566      72656164 
 1566      795F666C 
 1566      616700
 1567              	.LASF76:
 1568 0210 6368616E 		.ascii	"changeDutyCycle\000"
 1568      67654475 
 1568      74794379 
 1568      636C6500 
 1569              	.LASF9:
 1570 0220 6C6F6E67 		.ascii	"long long unsigned int\000"
 1570      206C6F6E 
 1570      6720756E 
 1570      7369676E 
 1570      65642069 
 1571              	.LASF10:
 1572 0237 756E7369 		.ascii	"unsigned int\000"
 1572      676E6564 
 1572      20696E74 
 1572      00
 1573              	.LASF60:
 1574 0244 666C6167 		.ascii	"flag_KB_string\000"
 1574      5F4B425F 
 1574      73747269 
 1574      6E6700
 1575              	.LASF70:
 1576 0253 7072696E 		.ascii	"printSpeed\000"
 1576      74537065 
 1576      656400
 1577              	.LASF37:
 1578 025e 67325F73 		.ascii	"g2_speed\000"
 1578      70656564 
 1578      00
 1579              	.LASF31:
 1580 0267 67315F78 		.ascii	"g1_xpos\000"
 1580      706F7300 
 1581              	.LASF3:
ARM GAS  C:\Users\schoo\AppData\Local\Temp\cc2m3y84.s 			page 33


 1582 026f 73686F72 		.ascii	"short unsigned int\000"
 1582      7420756E 
 1582      7369676E 
 1582      65642069 
 1582      6E7400
 1583              	.LASF13:
 1584 0282 63686172 		.ascii	"char\000"
 1584      00
 1585              	.LASF24:
 1586 0287 726F626F 		.ascii	"robot_xpos\000"
 1586      745F7870 
 1586      6F7300
 1587              	.LASF15:
 1588 0292 696E7433 		.ascii	"int32_t\000"
 1588      325F7400 
 1589              	.LASF32:
 1590 029a 67315F79 		.ascii	"g1_ypos\000"
 1590      706F7300 
 1591              	.LASF38:
 1592 02a2 67325F64 		.ascii	"g2_direction\000"
 1592      69726563 
 1592      74696F6E 
 1592      00
 1593              	.LASF33:
 1594 02af 67315F73 		.ascii	"g1_speed\000"
 1594      70656564 
 1594      00
 1595              	.LASF63:
 1596 02b8 64697370 		.ascii	"displaystring\000"
 1596      6C617973 
 1596      7472696E 
 1596      6700
 1597              	.LASF73:
 1598 02c6 433A5C55 		.ascii	"C:\\Users\\schoo\\302OffOnedrive\\301 Project\\12_C"
 1598      73657273 
 1598      5C736368 
 1598      6F6F5C33 
 1598      30324F66 
 1599 02f4 79707265 		.ascii	"ypress_LineFollowingRobot\\Robert\\HArdware_Task2\\"
 1599      73735F4C 
 1599      696E6546 
 1599      6F6C6C6F 
 1599      77696E67 
 1600 0324 48617264 		.ascii	"Hardware_Task2.cydsn\000"
 1600      77617265 
 1600      5F546173 
 1600      6B322E63 
 1600      7964736E 
 1601              	.LASF72:
 1602 0339 6D61696E 		.ascii	"main.c\000"
 1602      2E6300
 1603              	.LASF7:
 1604 0340 6C6F6E67 		.ascii	"long unsigned int\000"
 1604      20756E73 
 1604      69676E65 
 1604      6420696E 
 1604      7400
ARM GAS  C:\Users\schoo\AppData\Local\Temp\cc2m3y84.s 			page 34


 1605              	.LASF40:
 1606 0352 77686565 		.ascii	"wheel1Duty\000"
 1606      6C314475 
 1606      747900
 1607              	.LASF21:
 1608 035d 646F7562 		.ascii	"double\000"
 1608      6C6500
 1609              	.LASF68:
 1610 0364 74696D65 		.ascii	"timeIndex\000"
 1610      496E6465 
 1610      7800
 1611              	.LASF44:
 1612 036e 636F6E74 		.ascii	"controlWheels\000"
 1612      726F6C57 
 1612      6865656C 
 1612      7300
 1613              	.LASF42:
 1614 037c 636F6D70 		.ascii	"compareValue1\000"
 1614      61726556 
 1614      616C7565 
 1614      3100
 1615              	.LASF43:
 1616 038a 636F6D70 		.ascii	"compareValue2\000"
 1616      61726556 
 1616      616C7565 
 1616      3200
 1617              	.LASF54:
 1618 0398 666C6167 		.ascii	"flag_ts_enc\000"
 1618      5F74735F 
 1618      656E6300 
 1619              	.LASF5:
 1620 03a4 5F5F696E 		.ascii	"__int32_t\000"
 1620      7433325F 
 1620      7400
 1621              	.LASF14:
 1622 03ae 75696E74 		.ascii	"uint8_t\000"
 1622      385F7400 
 1623              	.LASF28:
 1624 03b6 67305F79 		.ascii	"g0_ypos\000"
 1624      706F7300 
 1625              	.LASF53:
 1626 03be 74735F64 		.ascii	"ts_display\000"
 1626      6973706C 
 1626      617900
 1627              	.LASF52:
 1628 03c9 74735F73 		.ascii	"ts_speed\000"
 1628      70656564 
 1628      00
 1629              	.LASF51:
 1630 03d2 74735F75 		.ascii	"ts_update\000"
 1630      70646174 
 1630      6500
 1631              	.LASF62:
 1632 03dc 666C6167 		.ascii	"flag_rf_transmission_active\000"
 1632      5F72665F 
 1632      7472616E 
 1632      736D6973 
ARM GAS  C:\Users\schoo\AppData\Local\Temp\cc2m3y84.s 			page 35


 1632      73696F6E 
 1633              	.LASF25:
 1634 03f8 726F626F 		.ascii	"robot_ypos\000"
 1634      745F7970 
 1634      6F7300
 1635              	.LASF49:
 1636 0403 49544D5F 		.ascii	"ITM_RxBuffer\000"
 1636      52784275 
 1636      66666572 
 1636      00
 1637              	.LASF39:
 1638 0410 64757479 		.ascii	"dutyValue\000"
 1638      56616C75 
 1638      6500
 1639              	.LASF22:
 1640 041a 72737369 		.ascii	"rssi\000"
 1640      00
 1641              	.LASF26:
 1642 041f 726F626F 		.ascii	"robot_orientation\000"
 1642      745F6F72 
 1642      69656E74 
 1642      6174696F 
 1642      6E00
 1643              		.ident	"GCC: (GNU Tools for ARM Embedded Processors) 5.4.1 20160609 (release) [ARM/embedded-5-bran
