ARM GAS  C:\Users\sela847\AppData\Local\Temp\ccNEkrbe.s 			page 1


   1              		.syntax unified
   2              		.cpu cortex-m3
   3              		.fpu softvfp
   4              		.eabi_attribute 20, 1
   5              		.eabi_attribute 21, 1
   6              		.eabi_attribute 23, 3
   7              		.eabi_attribute 24, 1
   8              		.eabi_attribute 25, 1
   9              		.eabi_attribute 26, 1
  10              		.eabi_attribute 30, 6
  11              		.eabi_attribute 34, 1
  12              		.eabi_attribute 18, 4
  13              		.thumb
  14              		.syntax unified
  15              		.file	"QuadDec_M2_INT.c"
  16              		.text
  17              	.Ltext0:
  18              		.cfi_sections	.debug_frame
  19              		.global	QuadDec_M2_count32SoftPart
  20              		.bss
  21              		.align	2
  22              		.type	QuadDec_M2_count32SoftPart, %object
  23              		.size	QuadDec_M2_count32SoftPart, 4
  24              	QuadDec_M2_count32SoftPart:
  25 0000 00000000 		.space	4
  26              		.section	.text.QuadDec_M2_ISR,"ax",%progbits
  27              		.align	2
  28              		.global	QuadDec_M2_ISR
  29              		.thumb
  30              		.thumb_func
  31              		.type	QuadDec_M2_ISR, %function
  32              	QuadDec_M2_ISR:
  33              	.LFB0:
  34              		.file 1 "Generated_Source\\PSoC5\\QuadDec_M2_INT.c"
   1:Generated_Source\PSoC5/QuadDec_M2_INT.c **** /*******************************************************************************
   2:Generated_Source\PSoC5/QuadDec_M2_INT.c **** * File Name: QuadDec_M2_INT.c
   3:Generated_Source\PSoC5/QuadDec_M2_INT.c **** * Version 3.0
   4:Generated_Source\PSoC5/QuadDec_M2_INT.c **** *
   5:Generated_Source\PSoC5/QuadDec_M2_INT.c **** * Description:
   6:Generated_Source\PSoC5/QuadDec_M2_INT.c **** *  This file contains the Interrupt Service Routine (ISR) for the Quadrature
   7:Generated_Source\PSoC5/QuadDec_M2_INT.c **** *  Decoder component.
   8:Generated_Source\PSoC5/QuadDec_M2_INT.c **** *
   9:Generated_Source\PSoC5/QuadDec_M2_INT.c **** * Note:
  10:Generated_Source\PSoC5/QuadDec_M2_INT.c **** *  None.
  11:Generated_Source\PSoC5/QuadDec_M2_INT.c **** *
  12:Generated_Source\PSoC5/QuadDec_M2_INT.c **** ********************************************************************************
  13:Generated_Source\PSoC5/QuadDec_M2_INT.c **** * Copyright 2008-2014, Cypress Semiconductor Corporation.  All rights reserved.
  14:Generated_Source\PSoC5/QuadDec_M2_INT.c **** * You may use this file only in accordance with the license, terms, conditions, 
  15:Generated_Source\PSoC5/QuadDec_M2_INT.c **** * disclaimers, and limitations in the end user license agreement accompanying
  16:Generated_Source\PSoC5/QuadDec_M2_INT.c **** * the software package with which this file was provided.
  17:Generated_Source\PSoC5/QuadDec_M2_INT.c **** *******************************************************************************/
  18:Generated_Source\PSoC5/QuadDec_M2_INT.c **** 
  19:Generated_Source\PSoC5/QuadDec_M2_INT.c **** #include "QuadDec_M2.h"
  20:Generated_Source\PSoC5/QuadDec_M2_INT.c **** #include "QuadDec_M2_PVT.h"
  21:Generated_Source\PSoC5/QuadDec_M2_INT.c **** 
  22:Generated_Source\PSoC5/QuadDec_M2_INT.c **** 
  23:Generated_Source\PSoC5/QuadDec_M2_INT.c **** volatile int32 QuadDec_M2_count32SoftPart = 0;
ARM GAS  C:\Users\sela847\AppData\Local\Temp\ccNEkrbe.s 			page 2


  24:Generated_Source\PSoC5/QuadDec_M2_INT.c **** 
  25:Generated_Source\PSoC5/QuadDec_M2_INT.c **** 
  26:Generated_Source\PSoC5/QuadDec_M2_INT.c **** /*******************************************************************************
  27:Generated_Source\PSoC5/QuadDec_M2_INT.c **** * FUNCTION NAME: void QuadDec_M2_ISR
  28:Generated_Source\PSoC5/QuadDec_M2_INT.c **** ********************************************************************************
  29:Generated_Source\PSoC5/QuadDec_M2_INT.c **** *
  30:Generated_Source\PSoC5/QuadDec_M2_INT.c **** * Summary:
  31:Generated_Source\PSoC5/QuadDec_M2_INT.c **** *  Interrupt Service Routine for Quadrature Decoder Component.
  32:Generated_Source\PSoC5/QuadDec_M2_INT.c **** *
  33:Generated_Source\PSoC5/QuadDec_M2_INT.c **** * Parameters:
  34:Generated_Source\PSoC5/QuadDec_M2_INT.c **** *  None.
  35:Generated_Source\PSoC5/QuadDec_M2_INT.c **** *
  36:Generated_Source\PSoC5/QuadDec_M2_INT.c **** * Return:
  37:Generated_Source\PSoC5/QuadDec_M2_INT.c **** *  None.
  38:Generated_Source\PSoC5/QuadDec_M2_INT.c **** *
  39:Generated_Source\PSoC5/QuadDec_M2_INT.c **** * Global variables:
  40:Generated_Source\PSoC5/QuadDec_M2_INT.c **** *  QuadDec_M2_count32SoftPart - modified to update hi 16 bit for current
  41:Generated_Source\PSoC5/QuadDec_M2_INT.c **** *  value of the 32-bit counter, when Counter size equal 32-bit.
  42:Generated_Source\PSoC5/QuadDec_M2_INT.c **** *  QuadDec_M2_swStatus - modified with the updated values of STATUS
  43:Generated_Source\PSoC5/QuadDec_M2_INT.c **** *  register.
  44:Generated_Source\PSoC5/QuadDec_M2_INT.c **** *
  45:Generated_Source\PSoC5/QuadDec_M2_INT.c **** *******************************************************************************/
  46:Generated_Source\PSoC5/QuadDec_M2_INT.c **** CY_ISR( QuadDec_M2_ISR )
  47:Generated_Source\PSoC5/QuadDec_M2_INT.c **** {
  35              		.loc 1 47 0
  36              		.cfi_startproc
  37              		@ args = 0, pretend = 0, frame = 8
  38              		@ frame_needed = 1, uses_anonymous_args = 0
  39              		@ link register save eliminated.
  40 0000 80B4     		push	{r7}
  41              		.cfi_def_cfa_offset 4
  42              		.cfi_offset 7, -4
  43 0002 83B0     		sub	sp, sp, #12
  44              		.cfi_def_cfa_offset 16
  45 0004 00AF     		add	r7, sp, #0
  46              		.cfi_def_cfa_register 7
  48:Generated_Source\PSoC5/QuadDec_M2_INT.c ****    uint8 QuadDec_M2_swStatus;
  49:Generated_Source\PSoC5/QuadDec_M2_INT.c **** 
  50:Generated_Source\PSoC5/QuadDec_M2_INT.c ****    QuadDec_M2_swStatus = QuadDec_M2_STATUS_REG;
  47              		.loc 1 50 0
  48 0006 144B     		ldr	r3, .L6
  49 0008 1B78     		ldrb	r3, [r3]
  50 000a FB71     		strb	r3, [r7, #7]
  51:Generated_Source\PSoC5/QuadDec_M2_INT.c **** 
  52:Generated_Source\PSoC5/QuadDec_M2_INT.c ****     #ifdef QuadDec_M2_ISR_ENTRY_CALLBACK
  53:Generated_Source\PSoC5/QuadDec_M2_INT.c ****         QuadDec_M2_ISR_EntryCallback();
  54:Generated_Source\PSoC5/QuadDec_M2_INT.c ****     #endif /* QuadDec_M2_ISR_ENTRY_CALLBACK */
  55:Generated_Source\PSoC5/QuadDec_M2_INT.c **** 
  56:Generated_Source\PSoC5/QuadDec_M2_INT.c ****     /* User code required at start of ISR */
  57:Generated_Source\PSoC5/QuadDec_M2_INT.c ****     /* `#START QuadDec_M2_ISR_START` */
  58:Generated_Source\PSoC5/QuadDec_M2_INT.c **** 
  59:Generated_Source\PSoC5/QuadDec_M2_INT.c ****     /* `#END` */
  60:Generated_Source\PSoC5/QuadDec_M2_INT.c **** 
  61:Generated_Source\PSoC5/QuadDec_M2_INT.c ****     if (0u != (QuadDec_M2_swStatus & QuadDec_M2_COUNTER_OVERFLOW))
  51              		.loc 1 61 0
  52 000c FB79     		ldrb	r3, [r7, #7]	@ zero_extendqisi2
  53 000e 03F00103 		and	r3, r3, #1
ARM GAS  C:\Users\sela847\AppData\Local\Temp\ccNEkrbe.s 			page 3


  54 0012 002B     		cmp	r3, #0
  55 0014 07D0     		beq	.L2
  62:Generated_Source\PSoC5/QuadDec_M2_INT.c ****     {
  63:Generated_Source\PSoC5/QuadDec_M2_INT.c ****         QuadDec_M2_count32SoftPart += (int32) QuadDec_M2_COUNTER_MAX_VALUE;
  56              		.loc 1 63 0
  57 0016 114B     		ldr	r3, .L6+4
  58 0018 1B68     		ldr	r3, [r3]
  59 001a 03F5FF43 		add	r3, r3, #32640
  60 001e 7F33     		adds	r3, r3, #127
  61 0020 0E4A     		ldr	r2, .L6+4
  62 0022 1360     		str	r3, [r2]
  63 0024 0AE0     		b	.L3
  64              	.L2:
  64:Generated_Source\PSoC5/QuadDec_M2_INT.c ****     }
  65:Generated_Source\PSoC5/QuadDec_M2_INT.c ****     else if (0u != (QuadDec_M2_swStatus & QuadDec_M2_COUNTER_UNDERFLOW))
  65              		.loc 1 65 0
  66 0026 FB79     		ldrb	r3, [r7, #7]	@ zero_extendqisi2
  67 0028 03F00203 		and	r3, r3, #2
  68 002c 002B     		cmp	r3, #0
  69 002e 05D0     		beq	.L3
  66:Generated_Source\PSoC5/QuadDec_M2_INT.c ****     {
  67:Generated_Source\PSoC5/QuadDec_M2_INT.c ****         QuadDec_M2_count32SoftPart -= (int32) QuadDec_M2_COUNTER_INIT_VALUE;
  70              		.loc 1 67 0
  71 0030 0A4B     		ldr	r3, .L6+4
  72 0032 1B68     		ldr	r3, [r3]
  73 0034 A3F50043 		sub	r3, r3, #32768
  74 0038 084A     		ldr	r2, .L6+4
  75 003a 1360     		str	r3, [r2]
  76              	.L3:
  68:Generated_Source\PSoC5/QuadDec_M2_INT.c ****     }
  69:Generated_Source\PSoC5/QuadDec_M2_INT.c ****     else
  70:Generated_Source\PSoC5/QuadDec_M2_INT.c ****     {
  71:Generated_Source\PSoC5/QuadDec_M2_INT.c ****         /* Nothing to do here */
  72:Generated_Source\PSoC5/QuadDec_M2_INT.c ****     }
  73:Generated_Source\PSoC5/QuadDec_M2_INT.c ****     
  74:Generated_Source\PSoC5/QuadDec_M2_INT.c ****     if (0u != (QuadDec_M2_swStatus & QuadDec_M2_COUNTER_RESET))
  77              		.loc 1 74 0
  78 003c FB79     		ldrb	r3, [r7, #7]	@ zero_extendqisi2
  79 003e 03F00403 		and	r3, r3, #4
  80 0042 002B     		cmp	r3, #0
  81 0044 02D0     		beq	.L5
  75:Generated_Source\PSoC5/QuadDec_M2_INT.c ****     {
  76:Generated_Source\PSoC5/QuadDec_M2_INT.c ****         QuadDec_M2_count32SoftPart = 0;
  82              		.loc 1 76 0
  83 0046 054B     		ldr	r3, .L6+4
  84 0048 0022     		movs	r2, #0
  85 004a 1A60     		str	r2, [r3]
  86              	.L5:
  77:Generated_Source\PSoC5/QuadDec_M2_INT.c ****     }
  78:Generated_Source\PSoC5/QuadDec_M2_INT.c ****     
  79:Generated_Source\PSoC5/QuadDec_M2_INT.c ****     /* User code required at end of ISR */
  80:Generated_Source\PSoC5/QuadDec_M2_INT.c ****     /* `#START QuadDec_M2_ISR_END` */
  81:Generated_Source\PSoC5/QuadDec_M2_INT.c **** 
  82:Generated_Source\PSoC5/QuadDec_M2_INT.c ****     /* `#END` */
  83:Generated_Source\PSoC5/QuadDec_M2_INT.c **** 
  84:Generated_Source\PSoC5/QuadDec_M2_INT.c ****     #ifdef QuadDec_M2_ISR_EXIT_CALLBACK
  85:Generated_Source\PSoC5/QuadDec_M2_INT.c ****         QuadDec_M2_ISR_ExitCallback();
ARM GAS  C:\Users\sela847\AppData\Local\Temp\ccNEkrbe.s 			page 4


  86:Generated_Source\PSoC5/QuadDec_M2_INT.c ****     #endif /* QuadDec_M2_ISR_EXIT_CALLBACK */
  87:Generated_Source\PSoC5/QuadDec_M2_INT.c **** }
  87              		.loc 1 87 0
  88 004c 00BF     		nop
  89 004e 0C37     		adds	r7, r7, #12
  90              		.cfi_def_cfa_offset 4
  91 0050 BD46     		mov	sp, r7
  92              		.cfi_def_cfa_register 13
  93              		@ sp needed
  94 0052 80BC     		pop	{r7}
  95              		.cfi_restore 7
  96              		.cfi_def_cfa_offset 0
  97 0054 7047     		bx	lr
  98              	.L7:
  99 0056 00BF     		.align	2
 100              	.L6:
 101 0058 64650040 		.word	1073767780
 102 005c 00000000 		.word	QuadDec_M2_count32SoftPart
 103              		.cfi_endproc
 104              	.LFE0:
 105              		.size	QuadDec_M2_ISR, .-QuadDec_M2_ISR
 106              		.text
 107              	.Letext0:
 108              		.file 2 "Generated_Source\\PSoC5\\cytypes.h"
 109              		.section	.debug_info,"",%progbits
 110              	.Ldebug_info0:
 111 0000 EE000000 		.4byte	0xee
 112 0004 0400     		.2byte	0x4
 113 0006 00000000 		.4byte	.Ldebug_abbrev0
 114 000a 04       		.byte	0x4
 115 000b 01       		.uleb128 0x1
 116 000c 93000000 		.4byte	.LASF17
 117 0010 0C       		.byte	0xc
 118 0011 0E000000 		.4byte	.LASF18
 119 0015 47010000 		.4byte	.LASF19
 120 0019 00000000 		.4byte	.Ldebug_ranges0+0
 121 001d 00000000 		.4byte	0
 122 0021 00000000 		.4byte	.Ldebug_line0
 123 0025 02       		.uleb128 0x2
 124 0026 04       		.byte	0x4
 125 0027 05       		.byte	0x5
 126 0028 696E7400 		.ascii	"int\000"
 127 002c 03       		.uleb128 0x3
 128 002d 04       		.byte	0x4
 129 002e 07       		.byte	0x7
 130 002f 36000000 		.4byte	.LASF0
 131 0033 03       		.uleb128 0x3
 132 0034 08       		.byte	0x8
 133 0035 05       		.byte	0x5
 134 0036 00000000 		.4byte	.LASF1
 135 003a 03       		.uleb128 0x3
 136 003b 08       		.byte	0x8
 137 003c 04       		.byte	0x4
 138 003d D7010000 		.4byte	.LASF2
 139 0041 03       		.uleb128 0x3
 140 0042 01       		.byte	0x1
 141 0043 06       		.byte	0x6
ARM GAS  C:\Users\sela847\AppData\Local\Temp\ccNEkrbe.s 			page 5


 142 0044 B7010000 		.4byte	.LASF3
 143 0048 03       		.uleb128 0x3
 144 0049 01       		.byte	0x1
 145 004a 08       		.byte	0x8
 146 004b 21010000 		.4byte	.LASF4
 147 004f 03       		.uleb128 0x3
 148 0050 02       		.byte	0x2
 149 0051 05       		.byte	0x5
 150 0052 3D010000 		.4byte	.LASF5
 151 0056 03       		.uleb128 0x3
 152 0057 02       		.byte	0x2
 153 0058 07       		.byte	0x7
 154 0059 A4010000 		.4byte	.LASF6
 155 005d 03       		.uleb128 0x3
 156 005e 04       		.byte	0x4
 157 005f 05       		.byte	0x5
 158 0060 34010000 		.4byte	.LASF7
 159 0064 03       		.uleb128 0x3
 160 0065 04       		.byte	0x4
 161 0066 07       		.byte	0x7
 162 0067 49000000 		.4byte	.LASF8
 163 006b 03       		.uleb128 0x3
 164 006c 08       		.byte	0x8
 165 006d 07       		.byte	0x7
 166 006e 5B000000 		.4byte	.LASF9
 167 0072 03       		.uleb128 0x3
 168 0073 04       		.byte	0x4
 169 0074 07       		.byte	0x7
 170 0075 F7010000 		.4byte	.LASF10
 171 0079 03       		.uleb128 0x3
 172 007a 01       		.byte	0x1
 173 007b 08       		.byte	0x8
 174 007c 2F010000 		.4byte	.LASF11
 175 0080 04       		.uleb128 0x4
 176 0081 43000000 		.4byte	.LASF12
 177 0085 02       		.byte	0x2
 178 0086 E701     		.2byte	0x1e7
 179 0088 48000000 		.4byte	0x48
 180 008c 04       		.uleb128 0x4
 181 008d 00020000 		.4byte	.LASF13
 182 0091 02       		.byte	0x2
 183 0092 EC01     		.2byte	0x1ec
 184 0094 5D000000 		.4byte	0x5d
 185 0098 03       		.uleb128 0x3
 186 0099 04       		.byte	0x4
 187 009a 04       		.byte	0x4
 188 009b 8D000000 		.4byte	.LASF14
 189 009f 03       		.uleb128 0x3
 190 00a0 08       		.byte	0x8
 191 00a1 04       		.byte	0x4
 192 00a2 9D010000 		.4byte	.LASF15
 193 00a6 04       		.uleb128 0x4
 194 00a7 F2010000 		.4byte	.LASF16
 195 00ab 02       		.byte	0x2
 196 00ac 9102     		.2byte	0x291
 197 00ae B2000000 		.4byte	0xb2
 198 00b2 05       		.uleb128 0x5
ARM GAS  C:\Users\sela847\AppData\Local\Temp\ccNEkrbe.s 			page 6


 199 00b3 80000000 		.4byte	0x80
 200 00b7 06       		.uleb128 0x6
 201 00b8 E3010000 		.4byte	.LASF20
 202 00bc 01       		.byte	0x1
 203 00bd 2E       		.byte	0x2e
 204 00be 00000000 		.4byte	.LFB0
 205 00c2 60000000 		.4byte	.LFE0-.LFB0
 206 00c6 01       		.uleb128 0x1
 207 00c7 9C       		.byte	0x9c
 208 00c8 DB000000 		.4byte	0xdb
 209 00cc 07       		.uleb128 0x7
 210 00cd C3010000 		.4byte	.LASF21
 211 00d1 01       		.byte	0x1
 212 00d2 30       		.byte	0x30
 213 00d3 80000000 		.4byte	0x80
 214 00d7 02       		.uleb128 0x2
 215 00d8 91       		.byte	0x91
 216 00d9 77       		.sleb128 -9
 217 00da 00       		.byte	0
 218 00db 08       		.uleb128 0x8
 219 00dc 72000000 		.4byte	.LASF22
 220 00e0 01       		.byte	0x1
 221 00e1 17       		.byte	0x17
 222 00e2 EC000000 		.4byte	0xec
 223 00e6 05       		.uleb128 0x5
 224 00e7 03       		.byte	0x3
 225 00e8 00000000 		.4byte	QuadDec_M2_count32SoftPart
 226 00ec 05       		.uleb128 0x5
 227 00ed 8C000000 		.4byte	0x8c
 228 00f1 00       		.byte	0
 229              		.section	.debug_abbrev,"",%progbits
 230              	.Ldebug_abbrev0:
 231 0000 01       		.uleb128 0x1
 232 0001 11       		.uleb128 0x11
 233 0002 01       		.byte	0x1
 234 0003 25       		.uleb128 0x25
 235 0004 0E       		.uleb128 0xe
 236 0005 13       		.uleb128 0x13
 237 0006 0B       		.uleb128 0xb
 238 0007 03       		.uleb128 0x3
 239 0008 0E       		.uleb128 0xe
 240 0009 1B       		.uleb128 0x1b
 241 000a 0E       		.uleb128 0xe
 242 000b 55       		.uleb128 0x55
 243 000c 17       		.uleb128 0x17
 244 000d 11       		.uleb128 0x11
 245 000e 01       		.uleb128 0x1
 246 000f 10       		.uleb128 0x10
 247 0010 17       		.uleb128 0x17
 248 0011 00       		.byte	0
 249 0012 00       		.byte	0
 250 0013 02       		.uleb128 0x2
 251 0014 24       		.uleb128 0x24
 252 0015 00       		.byte	0
 253 0016 0B       		.uleb128 0xb
 254 0017 0B       		.uleb128 0xb
 255 0018 3E       		.uleb128 0x3e
ARM GAS  C:\Users\sela847\AppData\Local\Temp\ccNEkrbe.s 			page 7


 256 0019 0B       		.uleb128 0xb
 257 001a 03       		.uleb128 0x3
 258 001b 08       		.uleb128 0x8
 259 001c 00       		.byte	0
 260 001d 00       		.byte	0
 261 001e 03       		.uleb128 0x3
 262 001f 24       		.uleb128 0x24
 263 0020 00       		.byte	0
 264 0021 0B       		.uleb128 0xb
 265 0022 0B       		.uleb128 0xb
 266 0023 3E       		.uleb128 0x3e
 267 0024 0B       		.uleb128 0xb
 268 0025 03       		.uleb128 0x3
 269 0026 0E       		.uleb128 0xe
 270 0027 00       		.byte	0
 271 0028 00       		.byte	0
 272 0029 04       		.uleb128 0x4
 273 002a 16       		.uleb128 0x16
 274 002b 00       		.byte	0
 275 002c 03       		.uleb128 0x3
 276 002d 0E       		.uleb128 0xe
 277 002e 3A       		.uleb128 0x3a
 278 002f 0B       		.uleb128 0xb
 279 0030 3B       		.uleb128 0x3b
 280 0031 05       		.uleb128 0x5
 281 0032 49       		.uleb128 0x49
 282 0033 13       		.uleb128 0x13
 283 0034 00       		.byte	0
 284 0035 00       		.byte	0
 285 0036 05       		.uleb128 0x5
 286 0037 35       		.uleb128 0x35
 287 0038 00       		.byte	0
 288 0039 49       		.uleb128 0x49
 289 003a 13       		.uleb128 0x13
 290 003b 00       		.byte	0
 291 003c 00       		.byte	0
 292 003d 06       		.uleb128 0x6
 293 003e 2E       		.uleb128 0x2e
 294 003f 01       		.byte	0x1
 295 0040 3F       		.uleb128 0x3f
 296 0041 19       		.uleb128 0x19
 297 0042 03       		.uleb128 0x3
 298 0043 0E       		.uleb128 0xe
 299 0044 3A       		.uleb128 0x3a
 300 0045 0B       		.uleb128 0xb
 301 0046 3B       		.uleb128 0x3b
 302 0047 0B       		.uleb128 0xb
 303 0048 27       		.uleb128 0x27
 304 0049 19       		.uleb128 0x19
 305 004a 11       		.uleb128 0x11
 306 004b 01       		.uleb128 0x1
 307 004c 12       		.uleb128 0x12
 308 004d 06       		.uleb128 0x6
 309 004e 40       		.uleb128 0x40
 310 004f 18       		.uleb128 0x18
 311 0050 9742     		.uleb128 0x2117
 312 0052 19       		.uleb128 0x19
ARM GAS  C:\Users\sela847\AppData\Local\Temp\ccNEkrbe.s 			page 8


 313 0053 01       		.uleb128 0x1
 314 0054 13       		.uleb128 0x13
 315 0055 00       		.byte	0
 316 0056 00       		.byte	0
 317 0057 07       		.uleb128 0x7
 318 0058 34       		.uleb128 0x34
 319 0059 00       		.byte	0
 320 005a 03       		.uleb128 0x3
 321 005b 0E       		.uleb128 0xe
 322 005c 3A       		.uleb128 0x3a
 323 005d 0B       		.uleb128 0xb
 324 005e 3B       		.uleb128 0x3b
 325 005f 0B       		.uleb128 0xb
 326 0060 49       		.uleb128 0x49
 327 0061 13       		.uleb128 0x13
 328 0062 02       		.uleb128 0x2
 329 0063 18       		.uleb128 0x18
 330 0064 00       		.byte	0
 331 0065 00       		.byte	0
 332 0066 08       		.uleb128 0x8
 333 0067 34       		.uleb128 0x34
 334 0068 00       		.byte	0
 335 0069 03       		.uleb128 0x3
 336 006a 0E       		.uleb128 0xe
 337 006b 3A       		.uleb128 0x3a
 338 006c 0B       		.uleb128 0xb
 339 006d 3B       		.uleb128 0x3b
 340 006e 0B       		.uleb128 0xb
 341 006f 49       		.uleb128 0x49
 342 0070 13       		.uleb128 0x13
 343 0071 3F       		.uleb128 0x3f
 344 0072 19       		.uleb128 0x19
 345 0073 02       		.uleb128 0x2
 346 0074 18       		.uleb128 0x18
 347 0075 00       		.byte	0
 348 0076 00       		.byte	0
 349 0077 00       		.byte	0
 350              		.section	.debug_aranges,"",%progbits
 351 0000 1C000000 		.4byte	0x1c
 352 0004 0200     		.2byte	0x2
 353 0006 00000000 		.4byte	.Ldebug_info0
 354 000a 04       		.byte	0x4
 355 000b 00       		.byte	0
 356 000c 0000     		.2byte	0
 357 000e 0000     		.2byte	0
 358 0010 00000000 		.4byte	.LFB0
 359 0014 60000000 		.4byte	.LFE0-.LFB0
 360 0018 00000000 		.4byte	0
 361 001c 00000000 		.4byte	0
 362              		.section	.debug_ranges,"",%progbits
 363              	.Ldebug_ranges0:
 364 0000 00000000 		.4byte	.LFB0
 365 0004 60000000 		.4byte	.LFE0
 366 0008 00000000 		.4byte	0
 367 000c 00000000 		.4byte	0
 368              		.section	.debug_line,"",%progbits
 369              	.Ldebug_line0:
ARM GAS  C:\Users\sela847\AppData\Local\Temp\ccNEkrbe.s 			page 9


 370 0000 6C000000 		.section	.debug_str,"MS",%progbits,1
 370      02004B00 
 370      00000201 
 370      FB0E0D00 
 370      01010101 
 371              	.LASF1:
 372 0000 6C6F6E67 		.ascii	"long long int\000"
 372      206C6F6E 
 372      6720696E 
 372      7400
 373              	.LASF18:
 374 000e 47656E65 		.ascii	"Generated_Source\\PSoC5\\QuadDec_M2_INT.c\000"
 374      72617465 
 374      645F536F 
 374      75726365 
 374      5C50536F 
 375              	.LASF0:
 376 0036 756E7369 		.ascii	"unsigned int\000"
 376      676E6564 
 376      20696E74 
 376      00
 377              	.LASF12:
 378 0043 75696E74 		.ascii	"uint8\000"
 378      3800
 379              	.LASF8:
 380 0049 6C6F6E67 		.ascii	"long unsigned int\000"
 380      20756E73 
 380      69676E65 
 380      6420696E 
 380      7400
 381              	.LASF9:
 382 005b 6C6F6E67 		.ascii	"long long unsigned int\000"
 382      206C6F6E 
 382      6720756E 
 382      7369676E 
 382      65642069 
 383              	.LASF22:
 384 0072 51756164 		.ascii	"QuadDec_M2_count32SoftPart\000"
 384      4465635F 
 384      4D325F63 
 384      6F756E74 
 384      3332536F 
 385              	.LASF14:
 386 008d 666C6F61 		.ascii	"float\000"
 386      7400
 387              	.LASF17:
 388 0093 474E5520 		.ascii	"GNU C11 5.4.1 20160609 (release) [ARM/embedded-5-br"
 388      43313120 
 388      352E342E 
 388      31203230 
 388      31363036 
 389 00c6 616E6368 		.ascii	"anch revision 237715] -mcpu=cortex-m3 -mthumb -g -O"
 389      20726576 
 389      6973696F 
 389      6E203233 
 389      37373135 
 390 00f9 30202D66 		.ascii	"0 -ffunction-sections -ffat-lto-objects\000"
ARM GAS  C:\Users\sela847\AppData\Local\Temp\ccNEkrbe.s 			page 10


 390      66756E63 
 390      74696F6E 
 390      2D736563 
 390      74696F6E 
 391              	.LASF4:
 392 0121 756E7369 		.ascii	"unsigned char\000"
 392      676E6564 
 392      20636861 
 392      7200
 393              	.LASF11:
 394 012f 63686172 		.ascii	"char\000"
 394      00
 395              	.LASF7:
 396 0134 6C6F6E67 		.ascii	"long int\000"
 396      20696E74 
 396      00
 397              	.LASF5:
 398 013d 73686F72 		.ascii	"short int\000"
 398      7420696E 
 398      7400
 399              	.LASF19:
 400 0147 483A5C44 		.ascii	"H:\\Documents\\12_Cypress_LineFollowingRobot\\Rober"
 400      6F63756D 
 400      656E7473 
 400      5C31325F 
 400      43797072 
 401 0177 745C4841 		.ascii	"t\\HArdware_Task2\\Hardware_Task2.cydsn\000"
 401      72647761 
 401      72655F54 
 401      61736B32 
 401      5C486172 
 402              	.LASF15:
 403 019d 646F7562 		.ascii	"double\000"
 403      6C6500
 404              	.LASF6:
 405 01a4 73686F72 		.ascii	"short unsigned int\000"
 405      7420756E 
 405      7369676E 
 405      65642069 
 405      6E7400
 406              	.LASF3:
 407 01b7 7369676E 		.ascii	"signed char\000"
 407      65642063 
 407      68617200 
 408              	.LASF21:
 409 01c3 51756164 		.ascii	"QuadDec_M2_swStatus\000"
 409      4465635F 
 409      4D325F73 
 409      77537461 
 409      74757300 
 410              	.LASF2:
 411 01d7 6C6F6E67 		.ascii	"long double\000"
 411      20646F75 
 411      626C6500 
 412              	.LASF20:
 413 01e3 51756164 		.ascii	"QuadDec_M2_ISR\000"
 413      4465635F 
ARM GAS  C:\Users\sela847\AppData\Local\Temp\ccNEkrbe.s 			page 11


 413      4D325F49 
 413      535200
 414              	.LASF16:
 415 01f2 72656738 		.ascii	"reg8\000"
 415      00
 416              	.LASF10:
 417 01f7 73697A65 		.ascii	"sizetype\000"
 417      74797065 
 417      00
 418              	.LASF13:
 419 0200 696E7433 		.ascii	"int32\000"
 419      3200
 420              		.ident	"GCC: (GNU Tools for ARM Embedded Processors) 5.4.1 20160609 (release) [ARM/embedded-5-bran
