--------------- Clean Started: 08/24/2023 15:06:04 Project: circuit_demo, Configuration: ARM GCC 5.4-2016-q2-update Debug ---------------
Deleting file ".\ARM_GCC_541\Debug\main.o"
Deleting file ".\ARM_GCC_541\Debug\cyfitter_cfg.o"
Deleting file ".\ARM_GCC_541\Debug\cymetadata.o"
Deleting file ".\ARM_GCC_541\Debug\Cm3Start.o"
Deleting file ".\ARM_GCC_541\Debug\CyBootAsmGnu.o"
Deleting file ".\ARM_GCC_541\Debug\CyDmac.o"
Deleting file ".\ARM_GCC_541\Debug\CyFlash.o"
Deleting file ".\ARM_GCC_541\Debug\CyLib.o"
Deleting file ".\ARM_GCC_541\Debug\cyPm.o"
Deleting file ".\ARM_GCC_541\Debug\CySpc.o"
Deleting file ".\ARM_GCC_541\Debug\cyutils.o"
Deleting file ".\ARM_GCC_541\Debug\cy_em_eeprom.o"
Deleting file ".\ARM_GCC_541\Debug\LED1.o"
Deleting file ".\ARM_GCC_541\Debug\SENS2.o"
Deleting file ".\ARM_GCC_541\Debug\LED2.o"
Deleting file ".\ARM_GCC_541\Debug\SENS1.o"
Deleting file ".\ARM_GCC_541\Debug\circuit_demo.map"
Deleting file ".\circuit_demo.cycdx"
Deleting file ".\circuit_demo.rpt"
Deleting file ".\circuit_demo_timing.html"
Deleting file ".\ARM_GCC_541\Debug\.deps\SOURCE_C__ARM_GCC_GENERIC.P"
Deleting file ".\ARM_GCC_541\Debug\.deps\SOURCE_ASM__ARM_GCC_GENERIC.P"
--------------- Clean Succeeded: 08/24/2023 15:06:04 ---------------
