ARM GAS  C:\Users\sela847\AppData\Local\Temp\ccmw0Jyb.s 			page 1


   1              		.syntax unified
   2              		.cpu cortex-m3
   3              		.fpu softvfp
   4              		.eabi_attribute 20, 1
   5              		.eabi_attribute 21, 1
   6              		.eabi_attribute 23, 3
   7              		.eabi_attribute 24, 1
   8              		.eabi_attribute 25, 1
   9              		.eabi_attribute 26, 1
  10              		.eabi_attribute 30, 6
  11              		.eabi_attribute 34, 1
  12              		.eabi_attribute 18, 4
  13              		.thumb
  14              		.syntax unified
  15              		.file	"main.c"
  16              		.text
  17              	.Ltext0:
  18              		.cfi_sections	.debug_frame
  19              		.global	ts
  20              		.bss
  21              		.type	ts, %object
  22              		.size	ts, 1
  23              	ts:
  24 0000 00       		.space	1
  25              		.global	ts_enc
  26 0001 00       		.align	1
  27              		.type	ts_enc, %object
  28              		.size	ts_enc, 2
  29              	ts_enc:
  30 0002 0000     		.space	2
  31              		.global	ts_update
  32              		.align	1
  33              		.type	ts_update, %object
  34              		.size	ts_update, 2
  35              	ts_update:
  36 0004 0000     		.space	2
  37              		.global	ts_speed
  38              		.align	1
  39              		.type	ts_speed, %object
  40              		.size	ts_speed, 2
  41              	ts_speed:
  42 0006 0000     		.space	2
  43              		.global	ts_display
  44              		.align	1
  45              		.type	ts_display, %object
  46              		.size	ts_display, 2
  47              	ts_display:
  48 0008 0000     		.space	2
  49              		.global	flag_ts_enc
  50              		.type	flag_ts_enc, %object
  51              		.size	flag_ts_enc, 1
  52              	flag_ts_enc:
  53 000a 00       		.space	1
  54              		.global	flag_ts_update
  55              		.type	flag_ts_update, %object
  56              		.size	flag_ts_update, 1
  57              	flag_ts_update:
ARM GAS  C:\Users\sela847\AppData\Local\Temp\ccmw0Jyb.s 			page 2


  58 000b 00       		.space	1
  59              		.global	flag_ts_speed
  60              		.type	flag_ts_speed, %object
  61              		.size	flag_ts_speed, 1
  62              	flag_ts_speed:
  63 000c 00       		.space	1
  64              		.global	flag_ts_display
  65              		.type	flag_ts_display, %object
  66              		.size	flag_ts_display, 1
  67              	flag_ts_display:
  68 000d 00       		.space	1
  69              		.global	flag_rx
  70              		.type	flag_rx, %object
  71              		.size	flag_rx, 1
  72              	flag_rx:
  73 000e 00       		.space	1
  74              		.global	flag_packet
  75              		.type	flag_packet, %object
  76              		.size	flag_packet, 1
  77              	flag_packet:
  78 000f 00       		.space	1
  79              		.global	flag_KB_string
  80              		.type	flag_KB_string, %object
  81              		.size	flag_KB_string, 1
  82              	flag_KB_string:
  83 0010 00       		.space	1
  84              		.global	dataready_flag
  85              		.type	dataready_flag, %object
  86              		.size	dataready_flag, 1
  87              	dataready_flag:
  88 0011 00       		.space	1
  89              		.global	flag_rf_transmission_active
  90              		.data
  91              		.type	flag_rf_transmission_active, %object
  92              		.size	flag_rf_transmission_active, 1
  93              	flag_rf_transmission_active:
  94 0000 0A       		.byte	10
  95              		.global	displaystring
  96 0001 000000   		.align	2
  97              		.type	displaystring, %object
  98              		.size	displaystring, 64
  99              	displaystring:
 100 0004 43533330 		.ascii	"CS301 2016\012\015\000"
 100      31203230 
 100      31360A0D 
 100      00
 101 0011 00000000 		.space	51
 101      00000000 
 101      00000000 
 101      00000000 
 101      00000000 
 102              		.comm	line,64,4
 103              		.comm	entry,64,4
 104              		.comm	usbBuffer,64,4
 105              		.comm	system_state,32,4
 106              		.global	printSpeed
 107              		.bss
ARM GAS  C:\Users\sela847\AppData\Local\Temp\ccmw0Jyb.s 			page 3


 108              		.align	1
 109              		.type	printSpeed, %object
 110              		.size	printSpeed, 2
 111              	printSpeed:
 112 0012 0000     		.space	2
 113              		.global	m1
 114              		.align	1
 115              		.type	m1, %object
 116              		.size	m1, 2
 117              	m1:
 118 0014 0000     		.space	2
 119              		.global	m2
 120              		.align	1
 121              		.type	m2, %object
 122              		.size	m2, 2
 123              	m2:
 124 0016 0000     		.space	2
 125              		.section	.text.garb,"ax",%progbits
 126              		.align	2
 127              		.global	garb
 128              		.thumb
 129              		.thumb_func
 130              		.type	garb, %function
 131              	garb:
 132              	.LFB64:
 133              		.file 1 "main.c"
   1:main.c        **** /* ========================================
   2:main.c        ****  * Fully working code: 
   3:main.c        ****  * PWM      : 
   4:main.c        ****  * Encoder  : 
   5:main.c        ****  * ADC      :
   6:main.c        ****  * USB      : port displays speed and position.
   7:main.c        ****  * CMD: "PW xx"
   8:main.c        ****  * Copyright Univ of Auckland, 2016
   9:main.c        ****  * All Rights Reserved
  10:main.c        ****  * UNPUBLISHED, LICENSED SOFTWARE.
  11:main.c        ****  *
  12:main.c        ****  * CONFIDENTIAL AND PROPRIETARY INFORMATION
  13:main.c        ****  * WHICH IS THE PROPERTY OF Univ of Auckland.
  14:main.c        ****  *
  15:main.c        ****  * ========================================
  16:main.c        **** */
  17:main.c        **** #include <stdio.h>
  18:main.c        **** #include <string.h>
  19:main.c        **** #include <stdlib.h>
  20:main.c        **** #include <project.h>
  21:main.c        **** //* ========================================
  22:main.c        **** #include "defines.h"
  23:main.c        **** #include "vars.h"
  24:main.c        **** //* ========================================
  25:main.c        **** void usbPutString(char *s);
  26:main.c        **** void usbPutChar(char c);
  27:main.c        **** void handle_usb();
  28:main.c        **** void checkPWMCommand(const char *input);
  29:main.c        **** void setPWMDuty(int duty);
  30:main.c        **** void setPWMFreq(int peri);
  31:main.c        **** //* ========================================
ARM GAS  C:\Users\sela847\AppData\Local\Temp\ccmw0Jyb.s 			page 4


  32:main.c        **** uint16_t printSpeed = 0;
  33:main.c        **** uint16_t m1 = 0;
  34:main.c        **** uint16_t m2 = 0;
  35:main.c        **** CY_ISR(garb) {
 134              		.loc 1 35 0
 135              		.cfi_startproc
 136              		@ args = 0, pretend = 0, frame = 0
 137              		@ frame_needed = 1, uses_anonymous_args = 0
 138 0000 80B5     		push	{r7, lr}
 139              		.cfi_def_cfa_offset 8
 140              		.cfi_offset 7, -8
 141              		.cfi_offset 14, -4
 142 0002 00AF     		add	r7, sp, #0
 143              		.cfi_def_cfa_register 7
  36:main.c        ****    m1 = QuadDec_M1_GetCounter();
 144              		.loc 1 36 0
 145 0004 FFF7FEFF 		bl	QuadDec_M1_GetCounter
 146 0008 0346     		mov	r3, r0
 147 000a 9AB2     		uxth	r2, r3
 148 000c 0A4B     		ldr	r3, .L2
 149 000e 1A80     		strh	r2, [r3]	@ movhi
  37:main.c        ****    m2 = QuadDec_M2_GetCounter();
 150              		.loc 1 37 0
 151 0010 FFF7FEFF 		bl	QuadDec_M2_GetCounter
 152 0014 0346     		mov	r3, r0
 153 0016 9AB2     		uxth	r2, r3
 154 0018 084B     		ldr	r3, .L2+4
 155 001a 1A80     		strh	r2, [r3]	@ movhi
  38:main.c        ****     
  39:main.c        ****     QuadDec_M1_Stop();
 156              		.loc 1 39 0
 157 001c FFF7FEFF 		bl	QuadDec_M1_Stop
  40:main.c        ****     QuadDec_M2_Stop();
 158              		.loc 1 40 0
 159 0020 FFF7FEFF 		bl	QuadDec_M2_Stop
  41:main.c        ****     QuadDec_M1_SetCounter(0);
 160              		.loc 1 41 0
 161 0024 0020     		movs	r0, #0
 162 0026 FFF7FEFF 		bl	QuadDec_M1_SetCounter
  42:main.c        ****     QuadDec_M2_SetCounter(0);
 163              		.loc 1 42 0
 164 002a 0020     		movs	r0, #0
 165 002c FFF7FEFF 		bl	QuadDec_M2_SetCounter
  43:main.c        ****     Timer_1_ReadStatusRegister();
 166              		.loc 1 43 0
 167 0030 FFF7FEFF 		bl	Timer_1_ReadStatusRegister
  44:main.c        **** }
 168              		.loc 1 44 0
 169 0034 00BF     		nop
 170 0036 80BD     		pop	{r7, pc}
 171              	.L3:
 172              		.align	2
 173              	.L2:
 174 0038 00000000 		.word	m1
 175 003c 00000000 		.word	m2
 176              		.cfi_endproc
 177              	.LFE64:
ARM GAS  C:\Users\sela847\AppData\Local\Temp\ccmw0Jyb.s 			page 5


 178              		.size	garb, .-garb
 179              		.section	.text.printUart,"ax",%progbits
 180              		.align	2
 181              		.global	printUart
 182              		.thumb
 183              		.thumb_func
 184              		.type	printUart, %function
 185              	printUart:
 186              	.LFB65:
  45:main.c        **** CY_ISR(printUart) {
 187              		.loc 1 45 0
 188              		.cfi_startproc
 189              		@ args = 0, pretend = 0, frame = 0
 190              		@ frame_needed = 1, uses_anonymous_args = 0
 191 0000 80B5     		push	{r7, lr}
 192              		.cfi_def_cfa_offset 8
 193              		.cfi_offset 7, -8
 194              		.cfi_offset 14, -4
 195 0002 00AF     		add	r7, sp, #0
 196              		.cfi_def_cfa_register 7
  46:main.c        ****     printSpeed = 1; // Print the speed every like 200ms
 197              		.loc 1 46 0
 198 0004 064B     		ldr	r3, .L5
 199 0006 0122     		movs	r2, #1
 200 0008 1A80     		strh	r2, [r3]	@ movhi
  47:main.c        ****     
  48:main.c        ****     
  49:main.c        ****     QuadDec_M1_SetCounter(0);
 201              		.loc 1 49 0
 202 000a 0020     		movs	r0, #0
 203 000c FFF7FEFF 		bl	QuadDec_M1_SetCounter
  50:main.c        ****     QuadDec_M2_SetCounter(0);
 204              		.loc 1 50 0
 205 0010 0020     		movs	r0, #0
 206 0012 FFF7FEFF 		bl	QuadDec_M2_SetCounter
  51:main.c        ****     
  52:main.c        ****     //stop = 1;
  53:main.c        ****     Timer_TS_ReadStatusRegister();      
 207              		.loc 1 53 0
 208 0016 FFF7FEFF 		bl	Timer_TS_ReadStatusRegister
  54:main.c        **** }
 209              		.loc 1 54 0
 210 001a 00BF     		nop
 211 001c 80BD     		pop	{r7, pc}
 212              	.L6:
 213 001e 00BF     		.align	2
 214              	.L5:
 215 0020 00000000 		.word	printSpeed
 216              		.cfi_endproc
 217              	.LFE65:
 218              		.size	printUart, .-printUart
 219              		.section	.rodata
 220              		.align	2
 221              	.LC0:
 222 0000 0D0A204D 		.ascii	"\015\012 M1:\000"
 222      313A00
 223              		.global	__aeabi_ui2f
ARM GAS  C:\Users\sela847\AppData\Local\Temp\ccmw0Jyb.s 			page 6


 224              		.global	__aeabi_f2iz
 225 0007 00       		.align	2
 226              	.LC1:
 227 0008 0D0A00   		.ascii	"\015\012\000"
 228 000b 00       		.align	2
 229              	.LC2:
 230 000c 0D0A204D 		.ascii	"\015\012 M2:\000"
 230      323A00
 231 0013 00       		.align	2
 232              	.LC3:
 233 0014 0D0A2065 		.ascii	"\015\012 end \015\012\000"
 233      6E64200D 
 233      0A00
 234              		.section	.text.main,"ax",%progbits
 235              		.align	2
 236              		.global	main
 237              		.thumb
 238              		.thumb_func
 239              		.type	main, %function
 240              	main:
 241              	.LFB66:
  55:main.c        **** int main()
  56:main.c        **** {
 242              		.loc 1 56 0
 243              		.cfi_startproc
 244              		@ args = 0, pretend = 0, frame = 64
 245              		@ frame_needed = 1, uses_anonymous_args = 0
 246 0000 80B5     		push	{r7, lr}
 247              		.cfi_def_cfa_offset 8
 248              		.cfi_offset 7, -8
 249              		.cfi_offset 14, -4
 250 0002 90B0     		sub	sp, sp, #64
 251              		.cfi_def_cfa_offset 72
 252 0004 00AF     		add	r7, sp, #0
 253              		.cfi_def_cfa_register 7
  57:main.c        ****     PWM_1_WritePeriod(255);
 254              		.loc 1 57 0
 255 0006 FF20     		movs	r0, #255
 256 0008 FFF7FEFF 		bl	PWM_1_WritePeriod
  58:main.c        ****     PWM_1_Start();
 257              		.loc 1 58 0
 258 000c FFF7FEFF 		bl	PWM_1_Start
  59:main.c        ****     PWM_1_WriteCompare(170);
 259              		.loc 1 59 0
 260 0010 AA20     		movs	r0, #170
 261 0012 FFF7FEFF 		bl	PWM_1_WriteCompare
  60:main.c        ****     QuadDec_M1_Start();
 262              		.loc 1 60 0
 263 0016 FFF7FEFF 		bl	QuadDec_M1_Start
  61:main.c        ****     QuadDec_M2_Start();
 264              		.loc 1 61 0
 265 001a FFF7FEFF 		bl	QuadDec_M2_Start
  62:main.c        ****     
  63:main.c        ****     PWM_2_WritePeriod(255);
 266              		.loc 1 63 0
 267 001e FF20     		movs	r0, #255
 268 0020 FFF7FEFF 		bl	PWM_2_WritePeriod
ARM GAS  C:\Users\sela847\AppData\Local\Temp\ccmw0Jyb.s 			page 7


  64:main.c        ****     PWM_2_Start();
 269              		.loc 1 64 0
 270 0024 FFF7FEFF 		bl	PWM_2_Start
  65:main.c        ****     PWM_2_WriteCompare(170);
 271              		.loc 1 65 0
 272 0028 AA20     		movs	r0, #170
 273 002a FFF7FEFF 		bl	PWM_2_WriteCompare
  66:main.c        ****     LED_Write(1);
 274              		.loc 1 66 0
 275 002e 0120     		movs	r0, #1
 276 0030 FFF7FEFF 		bl	LED_Write
  67:main.c        **** 
  68:main.c        **** // --------------------------------    
  69:main.c        **** // ----- INITIALIZATIONS ----------
  70:main.c        ****     CYGlobalIntEnable;
 277              		.loc 1 70 0
 278              		.syntax unified
 279              	@ 70 "main.c" 1
 280 0034 62B6     		CPSIE   i
 281              	@ 0 "" 2
  71:main.c        ****     
  72:main.c        **** 
  73:main.c        **** // ------USB SETUP ----------------    
  74:main.c        **** #ifdef USE_USB    
  75:main.c        ****     USBUART_Start(0,USBUART_5V_OPERATION);
 282              		.loc 1 75 0
 283              		.thumb
 284              		.syntax unified
 285 0036 0121     		movs	r1, #1
 286 0038 0020     		movs	r0, #0
 287 003a FFF7FEFF 		bl	USBUART_Start
  76:main.c        **** #endif        
  77:main.c        ****     M2_INV_Write(1);
 288              		.loc 1 77 0
 289 003e 0120     		movs	r0, #1
 290 0040 FFF7FEFF 		bl	M2_INV_Write
  78:main.c        ****     RF_BT_SELECT_Write(0);
 291              		.loc 1 78 0
 292 0044 0020     		movs	r0, #0
 293 0046 FFF7FEFF 		bl	RF_BT_SELECT_Write
  79:main.c        ****     //usbPutString(displaystring);
  80:main.c        ****     isr_TS_StartEx(printUart);
 294              		.loc 1 80 0
 295 004a 2548     		ldr	r0, .L10
 296 004c FFF7FEFF 		bl	isr_TS_StartEx
  81:main.c        ****     Timer_TS_Start();
 297              		.loc 1 81 0
 298 0050 FFF7FEFF 		bl	Timer_TS_Start
  82:main.c        ****     PWM_1_Start();
 299              		.loc 1 82 0
 300 0054 FFF7FEFF 		bl	PWM_1_Start
  83:main.c        ****     PWM_2_Start();
 301              		.loc 1 83 0
 302 0058 FFF7FEFF 		bl	PWM_2_Start
  84:main.c        ****     isr_ValCheck_StartEx(garb);
 303              		.loc 1 84 0
 304 005c 2148     		ldr	r0, .L10+4
ARM GAS  C:\Users\sela847\AppData\Local\Temp\ccmw0Jyb.s 			page 8


 305 005e FFF7FEFF 		bl	isr_ValCheck_StartEx
  85:main.c        ****     Timer_1_Start();
 306              		.loc 1 85 0
 307 0062 FFF7FEFF 		bl	Timer_1_Start
 308              	.L9:
 309              	.LBB2:
  86:main.c        ****     for(;;)
  87:main.c        ****     {
  88:main.c        ****         char buffer[64];
  89:main.c        ****         if (printSpeed == 1) {
 310              		.loc 1 89 0
 311 0066 204B     		ldr	r3, .L10+8
 312 0068 1B88     		ldrh	r3, [r3]
 313 006a 012B     		cmp	r3, #1
 314 006c FBD1     		bne	.L9
  90:main.c        ****             usbPutString("\r\n M1:");
 315              		.loc 1 90 0
 316 006e 1F48     		ldr	r0, .L10+12
 317 0070 FFF7FEFF 		bl	usbPutString
  91:main.c        ****             itoa((float) m1, buffer, 10);
 318              		.loc 1 91 0
 319 0074 1E4B     		ldr	r3, .L10+16
 320 0076 1B88     		ldrh	r3, [r3]
 321 0078 1846     		mov	r0, r3
 322 007a FFF7FEFF 		bl	__aeabi_ui2f
 323 007e 0346     		mov	r3, r0
 324 0080 1846     		mov	r0, r3
 325 0082 FFF7FEFF 		bl	__aeabi_f2iz
 326 0086 3B46     		mov	r3, r7
 327 0088 0A22     		movs	r2, #10
 328 008a 1946     		mov	r1, r3
 329 008c FFF7FEFF 		bl	itoa
  92:main.c        ****             usbPutString(buffer);
 330              		.loc 1 92 0
 331 0090 3B46     		mov	r3, r7
 332 0092 1846     		mov	r0, r3
 333 0094 FFF7FEFF 		bl	usbPutString
  93:main.c        ****             usbPutString("\r\n");
 334              		.loc 1 93 0
 335 0098 1648     		ldr	r0, .L10+20
 336 009a FFF7FEFF 		bl	usbPutString
  94:main.c        ****             usbPutString("\r\n M2:");
 337              		.loc 1 94 0
 338 009e 1648     		ldr	r0, .L10+24
 339 00a0 FFF7FEFF 		bl	usbPutString
  95:main.c        ****             itoa((float) m2, buffer, 10);
 340              		.loc 1 95 0
 341 00a4 154B     		ldr	r3, .L10+28
 342 00a6 1B88     		ldrh	r3, [r3]
 343 00a8 1846     		mov	r0, r3
 344 00aa FFF7FEFF 		bl	__aeabi_ui2f
 345 00ae 0346     		mov	r3, r0
 346 00b0 1846     		mov	r0, r3
 347 00b2 FFF7FEFF 		bl	__aeabi_f2iz
 348 00b6 3B46     		mov	r3, r7
 349 00b8 0A22     		movs	r2, #10
 350 00ba 1946     		mov	r1, r3
ARM GAS  C:\Users\sela847\AppData\Local\Temp\ccmw0Jyb.s 			page 9


 351 00bc FFF7FEFF 		bl	itoa
  96:main.c        ****             usbPutString(buffer);
 352              		.loc 1 96 0
 353 00c0 3B46     		mov	r3, r7
 354 00c2 1846     		mov	r0, r3
 355 00c4 FFF7FEFF 		bl	usbPutString
  97:main.c        ****             usbPutString("\r\n end \r\n");
 356              		.loc 1 97 0
 357 00c8 0D48     		ldr	r0, .L10+32
 358 00ca FFF7FEFF 		bl	usbPutString
  98:main.c        ****             QuadDec_M1_Start();
 359              		.loc 1 98 0
 360 00ce FFF7FEFF 		bl	QuadDec_M1_Start
  99:main.c        ****             QuadDec_M2_Start();
 361              		.loc 1 99 0
 362 00d2 FFF7FEFF 		bl	QuadDec_M2_Start
 100:main.c        ****             printSpeed = 0;
 363              		.loc 1 100 0
 364 00d6 044B     		ldr	r3, .L10+8
 365 00d8 0022     		movs	r2, #0
 366 00da 1A80     		strh	r2, [r3]	@ movhi
 367              	.LBE2:
 101:main.c        ****         } 
 102:main.c        ****         /* Place your application code here. */
 103:main.c        ****         /*handle_usb();
 104:main.c        ****         if (flag_KB_string == 1 && line[0] != '\0')
 105:main.c        ****         {
 106:main.c        ****             char msg[BUF_SIZE];
 107:main.c        ****             char textpt[14] = "You entered: \"";
 108:main.c        ****             strcpy(msg, textpt);
 109:main.c        ****             strcat(msg, line);
 110:main.c        ****             strcat(msg, "\"\n\r");
 111:main.c        ****             usbPutString(msg);
 112:main.c        ****             checkPWMCommand(line);
 113:main.c        ****             flag_KB_string = 0;
 114:main.c        ****         }     */   
 115:main.c        ****     }   
 368              		.loc 1 115 0
 369 00dc C3E7     		b	.L9
 370              	.L11:
 371 00de 00BF     		.align	2
 372              	.L10:
 373 00e0 00000000 		.word	printUart
 374 00e4 00000000 		.word	garb
 375 00e8 00000000 		.word	printSpeed
 376 00ec 00000000 		.word	.LC0
 377 00f0 00000000 		.word	m1
 378 00f4 08000000 		.word	.LC1
 379 00f8 0C000000 		.word	.LC2
 380 00fc 00000000 		.word	m2
 381 0100 14000000 		.word	.LC3
 382              		.cfi_endproc
 383              	.LFE66:
 384              		.size	main, .-main
 385              		.section	.rodata
 386 001e 0000     		.align	2
 387              	.LC4:
ARM GAS  C:\Users\sela847\AppData\Local\Temp\ccmw0Jyb.s 			page 10


 388 0020 454E4420 		.ascii	"END LOOP\012\015\000"
 388      4C4F4F50 
 388      0A0D00
 389 002b 00       		.align	2
 390              	.LC5:
 391 002c 4E756D62 		.ascii	"Number too large!\012\015\000"
 391      65722074 
 391      6F6F206C 
 391      61726765 
 391      210A0D00 
 392              		.section	.text.checkPWMCommand,"ax",%progbits
 393              		.align	2
 394              		.global	checkPWMCommand
 395              		.thumb
 396              		.thumb_func
 397              		.type	checkPWMCommand, %function
 398              	checkPWMCommand:
 399              	.LFB67:
 116:main.c        **** }
 117:main.c        **** 
 118:main.c        **** void checkPWMCommand(const char *input){
 400              		.loc 1 118 0
 401              		.cfi_startproc
 402              		@ args = 0, pretend = 0, frame = 32
 403              		@ frame_needed = 1, uses_anonymous_args = 0
 404 0000 2DE9F043 		push	{r4, r5, r6, r7, r8, r9, lr}
 405              		.cfi_def_cfa_offset 28
 406              		.cfi_offset 4, -28
 407              		.cfi_offset 5, -24
 408              		.cfi_offset 6, -20
 409              		.cfi_offset 7, -16
 410              		.cfi_offset 8, -12
 411              		.cfi_offset 9, -8
 412              		.cfi_offset 14, -4
 413 0004 89B0     		sub	sp, sp, #36
 414              		.cfi_def_cfa_offset 64
 415 0006 00AF     		add	r7, sp, #0
 416              		.cfi_def_cfa_register 7
 417 0008 7860     		str	r0, [r7, #4]
 119:main.c        ****     char *duty_command_found = strstr(input, "d");
 418              		.loc 1 119 0
 419 000a 6421     		movs	r1, #100
 420 000c 7868     		ldr	r0, [r7, #4]
 421 000e FFF7FEFF 		bl	strchr
 422 0012 7861     		str	r0, [r7, #20]
 120:main.c        ****     char *period_command_found = strstr(input, "p");
 423              		.loc 1 120 0
 424 0014 7021     		movs	r1, #112
 425 0016 7868     		ldr	r0, [r7, #4]
 426 0018 FFF7FEFF 		bl	strchr
 427 001c 3861     		str	r0, [r7, #16]
 121:main.c        ****     
 122:main.c        ****     if (duty_command_found) {
 428              		.loc 1 122 0
 429 001e 7B69     		ldr	r3, [r7, #20]
 430 0020 002B     		cmp	r3, #0
 431 0022 56D0     		beq	.L19
ARM GAS  C:\Users\sela847\AppData\Local\Temp\ccmw0Jyb.s 			page 11


 432              	.LBB3:
 123:main.c        ****         int count = 1;
 433              		.loc 1 123 0
 434 0024 0123     		movs	r3, #1
 435 0026 FB61     		str	r3, [r7, #28]
 124:main.c        ****         char currentchar = 'a';
 436              		.loc 1 124 0
 437 0028 6123     		movs	r3, #97
 438 002a FB76     		strb	r3, [r7, #27]
 125:main.c        ****         while (currentchar != '\0') {
 439              		.loc 1 125 0
 440 002c 15E0     		b	.L14
 441              	.L17:
 126:main.c        ****             currentchar = input[count];
 442              		.loc 1 126 0
 443 002e FB69     		ldr	r3, [r7, #28]
 444 0030 7A68     		ldr	r2, [r7, #4]
 445 0032 1344     		add	r3, r3, r2
 446 0034 1B78     		ldrb	r3, [r3]
 447 0036 FB76     		strb	r3, [r7, #27]
 127:main.c        ****             if (!isdigit(currentchar)) {
 448              		.loc 1 127 0
 449 0038 294B     		ldr	r3, .L21
 450 003a 1A68     		ldr	r2, [r3]
 451 003c FB7E     		ldrb	r3, [r7, #27]	@ zero_extendqisi2
 452 003e 0133     		adds	r3, r3, #1
 453 0040 1344     		add	r3, r3, r2
 454 0042 1B78     		ldrb	r3, [r3]	@ zero_extendqisi2
 455 0044 03F00403 		and	r3, r3, #4
 456 0048 002B     		cmp	r3, #0
 457 004a 44D0     		beq	.L20
 128:main.c        ****                 return;
 129:main.c        ****             }
 130:main.c        ****             count++;
 458              		.loc 1 130 0
 459 004c FB69     		ldr	r3, [r7, #28]
 460 004e 0133     		adds	r3, r3, #1
 461 0050 FB61     		str	r3, [r7, #28]
 131:main.c        ****             usbPutChar(currentchar);                                //**//
 462              		.loc 1 131 0
 463 0052 FB7E     		ldrb	r3, [r7, #27]	@ zero_extendqisi2
 464 0054 1846     		mov	r0, r3
 465 0056 FFF7FEFF 		bl	usbPutChar
 466              	.L14:
 125:main.c        ****             currentchar = input[count];
 467              		.loc 1 125 0
 468 005a FB7E     		ldrb	r3, [r7, #27]	@ zero_extendqisi2
 469 005c 002B     		cmp	r3, #0
 470 005e E6D1     		bne	.L17
 132:main.c        ****         }
 133:main.c        ****         usbPutString("END LOOP\n\r");                               //**//
 471              		.loc 1 133 0
 472 0060 2048     		ldr	r0, .L21+4
 473 0062 FFF7FEFF 		bl	usbPutString
 134:main.c        ****         
 135:main.c        ****         if (count > 3){
 474              		.loc 1 135 0
ARM GAS  C:\Users\sela847\AppData\Local\Temp\ccmw0Jyb.s 			page 12


 475 0066 FB69     		ldr	r3, [r7, #28]
 476 0068 032B     		cmp	r3, #3
 477 006a 03DD     		ble	.L18
 136:main.c        ****             usbPutString("Number too large!\n\r");
 478              		.loc 1 136 0
 479 006c 1E48     		ldr	r0, .L21+8
 480 006e FFF7FEFF 		bl	usbPutString
 137:main.c        ****             return;            
 481              		.loc 1 137 0
 482 0072 31E0     		b	.L12
 483              	.L18:
 138:main.c        ****         }
 139:main.c        ****         
 140:main.c        ****         char char_nums[count-1];
 484              		.loc 1 140 0
 485 0074 FB69     		ldr	r3, [r7, #28]
 486 0076 591E     		subs	r1, r3, #1
 487 0078 6B46     		mov	r3, sp
 488 007a 1E46     		mov	r6, r3
 489 007c 4B1E     		subs	r3, r1, #1
 490 007e FB60     		str	r3, [r7, #12]
 491 0080 0B46     		mov	r3, r1
 492 0082 1A46     		mov	r2, r3
 493 0084 4FF00003 		mov	r3, #0
 494 0088 4FEAC309 		lsl	r9, r3, #3
 495 008c 49EA5279 		orr	r9, r9, r2, lsr #29
 496 0090 4FEAC208 		lsl	r8, r2, #3
 497 0094 0B46     		mov	r3, r1
 498 0096 1A46     		mov	r2, r3
 499 0098 4FF00003 		mov	r3, #0
 500 009c DD00     		lsls	r5, r3, #3
 501 009e 45EA5275 		orr	r5, r5, r2, lsr #29
 502 00a2 D400     		lsls	r4, r2, #3
 503 00a4 0B46     		mov	r3, r1
 504 00a6 0733     		adds	r3, r3, #7
 505 00a8 DB08     		lsrs	r3, r3, #3
 506 00aa DB00     		lsls	r3, r3, #3
 507 00ac ADEB030D 		sub	sp, sp, r3
 508 00b0 6B46     		mov	r3, sp
 509 00b2 0033     		adds	r3, r3, #0
 510 00b4 BB60     		str	r3, [r7, #8]
 141:main.c        ****         strncpy(char_nums, input+1, count-1);
 511              		.loc 1 141 0
 512 00b6 B868     		ldr	r0, [r7, #8]
 513 00b8 7B68     		ldr	r3, [r7, #4]
 514 00ba 591C     		adds	r1, r3, #1
 515 00bc FB69     		ldr	r3, [r7, #28]
 516 00be 013B     		subs	r3, r3, #1
 517 00c0 1A46     		mov	r2, r3
 518 00c2 FFF7FEFF 		bl	strncpy
 142:main.c        ****         usbPutString(char_nums);                                    //**//
 519              		.loc 1 142 0
 520 00c6 BB68     		ldr	r3, [r7, #8]
 521 00c8 1846     		mov	r0, r3
 522 00ca FFF7FEFF 		bl	usbPutString
 523 00ce B546     		mov	sp, r6
 524              	.LBE3:
ARM GAS  C:\Users\sela847\AppData\Local\Temp\ccmw0Jyb.s 			page 13


 143:main.c        ****     }
 144:main.c        ****     return; // Pattern not found
 525              		.loc 1 144 0
 526 00d0 00BF     		nop
 527              	.L19:
 528 00d2 00BF     		nop
 529 00d4 00E0     		b	.L12
 530              	.L20:
 531              	.LBB4:
 128:main.c        ****             }
 532              		.loc 1 128 0
 533 00d6 00BF     		nop
 534              	.L12:
 535              	.LBE4:
 145:main.c        **** }
 536              		.loc 1 145 0
 537 00d8 2437     		adds	r7, r7, #36
 538              		.cfi_def_cfa_offset 28
 539 00da BD46     		mov	sp, r7
 540              		.cfi_def_cfa_register 13
 541              		@ sp needed
 542 00dc BDE8F083 		pop	{r4, r5, r6, r7, r8, r9, pc}
 543              	.L22:
 544              		.align	2
 545              	.L21:
 546 00e0 00000000 		.word	__ctype_ptr__
 547 00e4 20000000 		.word	.LC4
 548 00e8 2C000000 		.word	.LC5
 549              		.cfi_endproc
 550              	.LFE67:
 551              		.size	checkPWMCommand, .-checkPWMCommand
 552              		.global	__aeabi_i2f
 553              		.global	__aeabi_fmul
 554              		.global	__aeabi_f2d
 555              		.global	__aeabi_ddiv
 556              		.global	__aeabi_d2uiz
 557              		.section	.rodata
 558              		.align	2
 559              	.LC6:
 560 0040 55706461 		.ascii	"Updated duty cycle!\012\015\000"
 560      74656420 
 560      64757479 
 560      20637963 
 560      6C65210A 
 561              		.section	.text.setPWMDuty,"ax",%progbits
 562              		.align	2
 563              		.global	setPWMDuty
 564              		.thumb
 565              		.thumb_func
 566              		.type	setPWMDuty, %function
 567              	setPWMDuty:
 568              	.LFB68:
 146:main.c        **** 
 147:main.c        **** void setPWMDuty(int duty){
 569              		.loc 1 147 0
 570              		.cfi_startproc
 571              		@ args = 0, pretend = 0, frame = 8
ARM GAS  C:\Users\sela847\AppData\Local\Temp\ccmw0Jyb.s 			page 14


 572              		@ frame_needed = 1, uses_anonymous_args = 0
 573 0000 90B5     		push	{r4, r7, lr}
 574              		.cfi_def_cfa_offset 12
 575              		.cfi_offset 4, -12
 576              		.cfi_offset 7, -8
 577              		.cfi_offset 14, -4
 578 0002 83B0     		sub	sp, sp, #12
 579              		.cfi_def_cfa_offset 24
 580 0004 00AF     		add	r7, sp, #0
 581              		.cfi_def_cfa_register 7
 582 0006 7860     		str	r0, [r7, #4]
 148:main.c        ****     PWM_1_WriteCompare(PWM_1_ReadPeriod() * (float)duty/100.00);
 583              		.loc 1 148 0
 584 0008 FFF7FEFF 		bl	PWM_1_ReadPeriod
 585 000c 0346     		mov	r3, r0
 586 000e 1846     		mov	r0, r3
 587 0010 FFF7FEFF 		bl	__aeabi_i2f
 588 0014 0446     		mov	r4, r0
 589 0016 7868     		ldr	r0, [r7, #4]
 590 0018 FFF7FEFF 		bl	__aeabi_i2f
 591 001c 0346     		mov	r3, r0
 592 001e 1946     		mov	r1, r3
 593 0020 2046     		mov	r0, r4
 594 0022 FFF7FEFF 		bl	__aeabi_fmul
 595 0026 0346     		mov	r3, r0
 596 0028 1846     		mov	r0, r3
 597 002a FFF7FEFF 		bl	__aeabi_f2d
 598 002e 4FF00002 		mov	r2, #0
 599 0032 1C4B     		ldr	r3, .L25
 600 0034 FFF7FEFF 		bl	__aeabi_ddiv
 601 0038 0346     		mov	r3, r0
 602 003a 0C46     		mov	r4, r1
 603 003c 1846     		mov	r0, r3
 604 003e 2146     		mov	r1, r4
 605 0040 FFF7FEFF 		bl	__aeabi_d2uiz
 606 0044 0346     		mov	r3, r0
 607 0046 DBB2     		uxtb	r3, r3
 608 0048 1846     		mov	r0, r3
 609 004a FFF7FEFF 		bl	PWM_1_WriteCompare
 149:main.c        ****     PWM_2_WriteCompare(PWM_2_ReadPeriod() * (float)duty/100.00);
 610              		.loc 1 149 0
 611 004e FFF7FEFF 		bl	PWM_2_ReadPeriod
 612 0052 0346     		mov	r3, r0
 613 0054 1846     		mov	r0, r3
 614 0056 FFF7FEFF 		bl	__aeabi_i2f
 615 005a 0446     		mov	r4, r0
 616 005c 7868     		ldr	r0, [r7, #4]
 617 005e FFF7FEFF 		bl	__aeabi_i2f
 618 0062 0346     		mov	r3, r0
 619 0064 1946     		mov	r1, r3
 620 0066 2046     		mov	r0, r4
 621 0068 FFF7FEFF 		bl	__aeabi_fmul
 622 006c 0346     		mov	r3, r0
 623 006e 1846     		mov	r0, r3
 624 0070 FFF7FEFF 		bl	__aeabi_f2d
 625 0074 4FF00002 		mov	r2, #0
 626 0078 0A4B     		ldr	r3, .L25
ARM GAS  C:\Users\sela847\AppData\Local\Temp\ccmw0Jyb.s 			page 15


 627 007a FFF7FEFF 		bl	__aeabi_ddiv
 628 007e 0346     		mov	r3, r0
 629 0080 0C46     		mov	r4, r1
 630 0082 1846     		mov	r0, r3
 631 0084 2146     		mov	r1, r4
 632 0086 FFF7FEFF 		bl	__aeabi_d2uiz
 633 008a 0346     		mov	r3, r0
 634 008c DBB2     		uxtb	r3, r3
 635 008e 1846     		mov	r0, r3
 636 0090 FFF7FEFF 		bl	PWM_2_WriteCompare
 150:main.c        ****     usbPutString("Updated duty cycle!\n\r");
 637              		.loc 1 150 0
 638 0094 0448     		ldr	r0, .L25+4
 639 0096 FFF7FEFF 		bl	usbPutString
 151:main.c        ****     return;
 640              		.loc 1 151 0
 641 009a 00BF     		nop
 152:main.c        **** }
 642              		.loc 1 152 0
 643 009c 0C37     		adds	r7, r7, #12
 644              		.cfi_def_cfa_offset 12
 645 009e BD46     		mov	sp, r7
 646              		.cfi_def_cfa_register 13
 647              		@ sp needed
 648 00a0 90BD     		pop	{r4, r7, pc}
 649              	.L26:
 650 00a2 00BF     		.align	2
 651              	.L25:
 652 00a4 00005940 		.word	1079574528
 653 00a8 40000000 		.word	.LC6
 654              		.cfi_endproc
 655              	.LFE68:
 656              		.size	setPWMDuty, .-setPWMDuty
 657              		.section	.text.usbPutString,"ax",%progbits
 658              		.align	2
 659              		.global	usbPutString
 660              		.thumb
 661              		.thumb_func
 662              		.type	usbPutString, %function
 663              	usbPutString:
 664              	.LFB69:
 153:main.c        **** 
 154:main.c        **** //* ========================================
 155:main.c        **** void usbPutString(char *s)
 156:main.c        **** {
 665              		.loc 1 156 0
 666              		.cfi_startproc
 667              		@ args = 0, pretend = 0, frame = 8
 668              		@ frame_needed = 1, uses_anonymous_args = 0
 669 0000 80B5     		push	{r7, lr}
 670              		.cfi_def_cfa_offset 8
 671              		.cfi_offset 7, -8
 672              		.cfi_offset 14, -4
 673 0002 82B0     		sub	sp, sp, #8
 674              		.cfi_def_cfa_offset 16
 675 0004 00AF     		add	r7, sp, #0
 676              		.cfi_def_cfa_register 7
ARM GAS  C:\Users\sela847\AppData\Local\Temp\ccmw0Jyb.s 			page 16


 677 0006 7860     		str	r0, [r7, #4]
 157:main.c        **** // !! Assumes that *s is a string with allocated space >=64 chars     
 158:main.c        **** //  Since USB implementation retricts data packets to 64 chars, this function truncates the
 159:main.c        **** //  length to 62 char (63rd char is a '!')
 160:main.c        **** 
 161:main.c        **** #ifdef USE_USB     
 162:main.c        ****     while (USBUART_CDCIsReady() == 0);
 678              		.loc 1 162 0
 679 0008 00BF     		nop
 680              	.L28:
 681              		.loc 1 162 0 is_stmt 0 discriminator 1
 682 000a FFF7FEFF 		bl	USBUART_CDCIsReady
 683 000e 0346     		mov	r3, r0
 684 0010 002B     		cmp	r3, #0
 685 0012 FAD0     		beq	.L28
 163:main.c        ****     s[63]='\0';
 686              		.loc 1 163 0 is_stmt 1
 687 0014 7B68     		ldr	r3, [r7, #4]
 688 0016 3F33     		adds	r3, r3, #63
 689 0018 0022     		movs	r2, #0
 690 001a 1A70     		strb	r2, [r3]
 164:main.c        ****     s[62]='!';
 691              		.loc 1 164 0
 692 001c 7B68     		ldr	r3, [r7, #4]
 693 001e 3E33     		adds	r3, r3, #62
 694 0020 2122     		movs	r2, #33
 695 0022 1A70     		strb	r2, [r3]
 165:main.c        ****     USBUART_PutData((uint8*)s,strlen(s));
 696              		.loc 1 165 0
 697 0024 7868     		ldr	r0, [r7, #4]
 698 0026 FFF7FEFF 		bl	strlen
 699 002a 0346     		mov	r3, r0
 700 002c 9BB2     		uxth	r3, r3
 701 002e 1946     		mov	r1, r3
 702 0030 7868     		ldr	r0, [r7, #4]
 703 0032 FFF7FEFF 		bl	USBUART_PutData
 166:main.c        **** #endif
 167:main.c        **** }
 704              		.loc 1 167 0
 705 0036 00BF     		nop
 706 0038 0837     		adds	r7, r7, #8
 707              		.cfi_def_cfa_offset 8
 708 003a BD46     		mov	sp, r7
 709              		.cfi_def_cfa_register 13
 710              		@ sp needed
 711 003c 80BD     		pop	{r7, pc}
 712              		.cfi_endproc
 713              	.LFE69:
 714              		.size	usbPutString, .-usbPutString
 715 003e 00BF     		.section	.text.usbPutChar,"ax",%progbits
 716              		.align	2
 717              		.global	usbPutChar
 718              		.thumb
 719              		.thumb_func
 720              		.type	usbPutChar, %function
 721              	usbPutChar:
 722              	.LFB70:
ARM GAS  C:\Users\sela847\AppData\Local\Temp\ccmw0Jyb.s 			page 17


 168:main.c        **** //* ========================================
 169:main.c        **** void usbPutChar(char c)
 170:main.c        **** {
 723              		.loc 1 170 0
 724              		.cfi_startproc
 725              		@ args = 0, pretend = 0, frame = 8
 726              		@ frame_needed = 1, uses_anonymous_args = 0
 727 0000 80B5     		push	{r7, lr}
 728              		.cfi_def_cfa_offset 8
 729              		.cfi_offset 7, -8
 730              		.cfi_offset 14, -4
 731 0002 82B0     		sub	sp, sp, #8
 732              		.cfi_def_cfa_offset 16
 733 0004 00AF     		add	r7, sp, #0
 734              		.cfi_def_cfa_register 7
 735 0006 0346     		mov	r3, r0
 736 0008 FB71     		strb	r3, [r7, #7]
 171:main.c        **** #ifdef USE_USB     
 172:main.c        ****     while (USBUART_CDCIsReady() == 0);
 737              		.loc 1 172 0
 738 000a 00BF     		nop
 739              	.L30:
 740              		.loc 1 172 0 is_stmt 0 discriminator 1
 741 000c FFF7FEFF 		bl	USBUART_CDCIsReady
 742 0010 0346     		mov	r3, r0
 743 0012 002B     		cmp	r3, #0
 744 0014 FAD0     		beq	.L30
 173:main.c        ****     USBUART_PutChar(c);
 745              		.loc 1 173 0 is_stmt 1
 746 0016 FB79     		ldrb	r3, [r7, #7]	@ zero_extendqisi2
 747 0018 1846     		mov	r0, r3
 748 001a FFF7FEFF 		bl	USBUART_PutChar
 174:main.c        **** #endif    
 175:main.c        **** }
 749              		.loc 1 175 0
 750 001e 00BF     		nop
 751 0020 0837     		adds	r7, r7, #8
 752              		.cfi_def_cfa_offset 8
 753 0022 BD46     		mov	sp, r7
 754              		.cfi_def_cfa_register 13
 755              		@ sp needed
 756 0024 80BD     		pop	{r7, pc}
 757              		.cfi_endproc
 758              	.LFE70:
 759              		.size	usbPutChar, .-usbPutChar
 760 0026 00BF     		.section	.text.handle_usb,"ax",%progbits
 761              		.align	2
 762              		.global	handle_usb
 763              		.thumb
 764              		.thumb_func
 765              		.type	handle_usb, %function
 766              	handle_usb:
 767              	.LFB71:
 176:main.c        **** //* ========================================
 177:main.c        **** void handle_usb()
 178:main.c        **** {
 768              		.loc 1 178 0
ARM GAS  C:\Users\sela847\AppData\Local\Temp\ccmw0Jyb.s 			page 18


 769              		.cfi_startproc
 770              		@ args = 0, pretend = 0, frame = 8
 771              		@ frame_needed = 1, uses_anonymous_args = 0
 772 0000 80B5     		push	{r7, lr}
 773              		.cfi_def_cfa_offset 8
 774              		.cfi_offset 7, -8
 775              		.cfi_offset 14, -4
 776 0002 82B0     		sub	sp, sp, #8
 777              		.cfi_def_cfa_offset 16
 778 0004 00AF     		add	r7, sp, #0
 779              		.cfi_def_cfa_register 7
 179:main.c        ****     // handles input at terminal, echos it back to the terminal
 180:main.c        ****     // turn echo OFF, key emulation: only CR
 181:main.c        ****     // entered string is made available in 'line' and 'flag_KB_string' is set
 182:main.c        ****     
 183:main.c        ****     static uint8 usbStarted = FALSE;
 184:main.c        ****     static uint16 usbBufCount = 0;
 185:main.c        ****     uint8 c; 
 186:main.c        ****     
 187:main.c        **** 
 188:main.c        ****     if (!usbStarted)
 780              		.loc 1 188 0
 781 0006 2B4B     		ldr	r3, .L41
 782 0008 1B78     		ldrb	r3, [r3]	@ zero_extendqisi2
 783 000a 002B     		cmp	r3, #0
 784 000c 0AD1     		bne	.L32
 189:main.c        ****     {
 190:main.c        ****         if (USBUART_GetConfiguration())
 785              		.loc 1 190 0
 786 000e FFF7FEFF 		bl	USBUART_GetConfiguration
 787 0012 0346     		mov	r3, r0
 788 0014 002B     		cmp	r3, #0
 789 0016 49D0     		beq	.L40
 191:main.c        ****         {
 192:main.c        ****             USBUART_CDC_Init();
 790              		.loc 1 192 0
 791 0018 FFF7FEFF 		bl	USBUART_CDC_Init
 193:main.c        ****             usbStarted = TRUE;
 792              		.loc 1 193 0
 793 001c 254B     		ldr	r3, .L41
 794 001e 0122     		movs	r2, #1
 795 0020 1A70     		strb	r2, [r3]
 194:main.c        ****         }
 195:main.c        ****     }
 196:main.c        ****     else
 197:main.c        ****     {
 198:main.c        ****         if (USBUART_DataIsReady() != 0)
 199:main.c        ****         {  
 200:main.c        ****             c = USBUART_GetChar();
 201:main.c        **** 
 202:main.c        ****             if ((c == 13) || (c == 10))
 203:main.c        ****             {
 204:main.c        **** //                if (usbBufCount > 0)
 205:main.c        ****                 {
 206:main.c        ****                     entry[usbBufCount]= '\0';
 207:main.c        ****                     strcpy(line,entry);
 208:main.c        ****                     usbBufCount = 0;
ARM GAS  C:\Users\sela847\AppData\Local\Temp\ccmw0Jyb.s 			page 19


 209:main.c        ****                     flag_KB_string = 1;
 210:main.c        ****                 }
 211:main.c        ****             }
 212:main.c        ****             else 
 213:main.c        ****             {
 214:main.c        ****                 if (((c == CHAR_BACKSP) || (c == CHAR_DEL) ) && (usbBufCount > 0) )
 215:main.c        ****                     usbBufCount--;
 216:main.c        ****                 else
 217:main.c        ****                 {
 218:main.c        ****                     if (usbBufCount > (BUF_SIZE-2) ) // one less else strtok triggers a crash
 219:main.c        ****                     {
 220:main.c        ****                        USBUART_PutChar('!');        
 221:main.c        ****                     }
 222:main.c        ****                     else
 223:main.c        ****                         entry[usbBufCount++] = c;  
 224:main.c        ****                 }  
 225:main.c        ****             }
 226:main.c        ****         }
 227:main.c        ****     }    
 228:main.c        **** }
 796              		.loc 1 228 0
 797 0022 43E0     		b	.L40
 798              	.L32:
 198:main.c        ****         {  
 799              		.loc 1 198 0
 800 0024 FFF7FEFF 		bl	USBUART_DataIsReady
 801 0028 0346     		mov	r3, r0
 802 002a 002B     		cmp	r3, #0
 803 002c 3ED0     		beq	.L40
 200:main.c        **** 
 804              		.loc 1 200 0
 805 002e FFF7FEFF 		bl	USBUART_GetChar
 806 0032 0346     		mov	r3, r0
 807 0034 FB71     		strb	r3, [r7, #7]
 202:main.c        ****             {
 808              		.loc 1 202 0
 809 0036 FB79     		ldrb	r3, [r7, #7]	@ zero_extendqisi2
 810 0038 0D2B     		cmp	r3, #13
 811 003a 02D0     		beq	.L35
 202:main.c        ****             {
 812              		.loc 1 202 0 is_stmt 0 discriminator 1
 813 003c FB79     		ldrb	r3, [r7, #7]	@ zero_extendqisi2
 814 003e 0A2B     		cmp	r3, #10
 815 0040 10D1     		bne	.L36
 816              	.L35:
 206:main.c        ****                     strcpy(line,entry);
 817              		.loc 1 206 0 is_stmt 1
 818 0042 1D4B     		ldr	r3, .L41+4
 819 0044 1B88     		ldrh	r3, [r3]
 820 0046 1A46     		mov	r2, r3
 821 0048 1C4B     		ldr	r3, .L41+8
 822 004a 0021     		movs	r1, #0
 823 004c 9954     		strb	r1, [r3, r2]
 207:main.c        ****                     usbBufCount = 0;
 824              		.loc 1 207 0
 825 004e 1B49     		ldr	r1, .L41+8
 826 0050 1B48     		ldr	r0, .L41+12
ARM GAS  C:\Users\sela847\AppData\Local\Temp\ccmw0Jyb.s 			page 20


 827 0052 FFF7FEFF 		bl	strcpy
 208:main.c        ****                     flag_KB_string = 1;
 828              		.loc 1 208 0
 829 0056 184B     		ldr	r3, .L41+4
 830 0058 0022     		movs	r2, #0
 831 005a 1A80     		strh	r2, [r3]	@ movhi
 209:main.c        ****                 }
 832              		.loc 1 209 0
 833 005c 194B     		ldr	r3, .L41+16
 834 005e 0122     		movs	r2, #1
 835 0060 1A70     		strb	r2, [r3]
 836 0062 23E0     		b	.L34
 837              	.L36:
 214:main.c        ****                     usbBufCount--;
 838              		.loc 1 214 0
 839 0064 FB79     		ldrb	r3, [r7, #7]	@ zero_extendqisi2
 840 0066 082B     		cmp	r3, #8
 841 0068 02D0     		beq	.L37
 214:main.c        ****                     usbBufCount--;
 842              		.loc 1 214 0 is_stmt 0 discriminator 2
 843 006a FB79     		ldrb	r3, [r7, #7]	@ zero_extendqisi2
 844 006c 7F2B     		cmp	r3, #127
 845 006e 0AD1     		bne	.L38
 846              	.L37:
 214:main.c        ****                     usbBufCount--;
 847              		.loc 1 214 0 discriminator 3
 848 0070 114B     		ldr	r3, .L41+4
 849 0072 1B88     		ldrh	r3, [r3]
 850 0074 002B     		cmp	r3, #0
 851 0076 06D0     		beq	.L38
 215:main.c        ****                 else
 852              		.loc 1 215 0 is_stmt 1
 853 0078 0F4B     		ldr	r3, .L41+4
 854 007a 1B88     		ldrh	r3, [r3]
 855 007c 013B     		subs	r3, r3, #1
 856 007e 9AB2     		uxth	r2, r3
 857 0080 0D4B     		ldr	r3, .L41+4
 858 0082 1A80     		strh	r2, [r3]	@ movhi
 859 0084 12E0     		b	.L34
 860              	.L38:
 218:main.c        ****                     {
 861              		.loc 1 218 0
 862 0086 0C4B     		ldr	r3, .L41+4
 863 0088 1B88     		ldrh	r3, [r3]
 864 008a 3E2B     		cmp	r3, #62
 865 008c 03D9     		bls	.L39
 220:main.c        ****                     }
 866              		.loc 1 220 0
 867 008e 2120     		movs	r0, #33
 868 0090 FFF7FEFF 		bl	USBUART_PutChar
 869              		.loc 1 228 0
 870 0094 0AE0     		b	.L40
 871              	.L39:
 223:main.c        ****                 }  
 872              		.loc 1 223 0
 873 0096 084B     		ldr	r3, .L41+4
 874 0098 1B88     		ldrh	r3, [r3]
ARM GAS  C:\Users\sela847\AppData\Local\Temp\ccmw0Jyb.s 			page 21


 875 009a 5A1C     		adds	r2, r3, #1
 876 009c 91B2     		uxth	r1, r2
 877 009e 064A     		ldr	r2, .L41+4
 878 00a0 1180     		strh	r1, [r2]	@ movhi
 879 00a2 1946     		mov	r1, r3
 880 00a4 054A     		ldr	r2, .L41+8
 881 00a6 FB79     		ldrb	r3, [r7, #7]
 882 00a8 5354     		strb	r3, [r2, r1]
 883              		.loc 1 228 0
 884 00aa FFE7     		b	.L40
 885              	.L34:
 886              	.L40:
 887 00ac 00BF     		nop
 888 00ae 0837     		adds	r7, r7, #8
 889              		.cfi_def_cfa_offset 8
 890 00b0 BD46     		mov	sp, r7
 891              		.cfi_def_cfa_register 13
 892              		@ sp needed
 893 00b2 80BD     		pop	{r7, pc}
 894              	.L42:
 895              		.align	2
 896              	.L41:
 897 00b4 18000000 		.word	usbStarted.8259
 898 00b8 1A000000 		.word	usbBufCount.8260
 899 00bc 00000000 		.word	entry
 900 00c0 00000000 		.word	line
 901 00c4 00000000 		.word	flag_KB_string
 902              		.cfi_endproc
 903              	.LFE71:
 904              		.size	handle_usb, .-handle_usb
 905              		.bss
 906              	usbStarted.8259:
 907 0018 00       		.space	1
 908 0019 00       		.align	1
 909              	usbBufCount.8260:
 910 001a 0000     		.space	2
 911              		.text
 912              	.Letext0:
 913              		.file 2 "c:\\program files (x86)\\cypress\\psoc creator\\4.2\\psoc creator\\import\\gnu\\arm\\5.4.
 914              		.file 3 "c:\\program files (x86)\\cypress\\psoc creator\\4.2\\psoc creator\\import\\gnu\\arm\\5.4.
 915              		.file 4 "Generated_Source\\PSoC5/cytypes.h"
 916              		.file 5 "vars.h"
 917              		.file 6 "c:\\program files (x86)\\cypress\\psoc creator\\4.2\\psoc creator\\import\\gnu\\arm\\5.4.
 918              		.file 7 "Generated_Source\\PSoC5/core_cm3.h"
 919              		.section	.debug_info,"",%progbits
 920              	.Ldebug_info0:
 921 0000 05050000 		.4byte	0x505
 922 0004 0400     		.2byte	0x4
 923 0006 00000000 		.4byte	.Ldebug_abbrev0
 924 000a 04       		.byte	0x4
 925 000b 01       		.uleb128 0x1
 926 000c 7E000000 		.4byte	.LASF77
 927 0010 0C       		.byte	0xc
 928 0011 17030000 		.4byte	.LASF78
 929 0015 6F030000 		.4byte	.LASF79
 930 0019 18000000 		.4byte	.Ldebug_ranges0+0x18
 931 001d 00000000 		.4byte	0
ARM GAS  C:\Users\sela847\AppData\Local\Temp\ccmw0Jyb.s 			page 22


 932 0021 00000000 		.4byte	.Ldebug_line0
 933 0025 02       		.uleb128 0x2
 934 0026 01       		.byte	0x1
 935 0027 06       		.byte	0x6
 936 0028 20020000 		.4byte	.LASF0
 937 002c 02       		.uleb128 0x2
 938 002d 01       		.byte	0x1
 939 002e 08       		.byte	0x8
 940 002f F1010000 		.4byte	.LASF1
 941 0033 02       		.uleb128 0x2
 942 0034 02       		.byte	0x2
 943 0035 05       		.byte	0x5
 944 0036 40000000 		.4byte	.LASF2
 945 003a 03       		.uleb128 0x3
 946 003b 11010000 		.4byte	.LASF4
 947 003f 02       		.byte	0x2
 948 0040 2B       		.byte	0x2b
 949 0041 45000000 		.4byte	0x45
 950 0045 02       		.uleb128 0x2
 951 0046 02       		.byte	0x2
 952 0047 07       		.byte	0x7
 953 0048 9A020000 		.4byte	.LASF3
 954 004c 03       		.uleb128 0x3
 955 004d 65030000 		.4byte	.LASF5
 956 0051 02       		.byte	0x2
 957 0052 3F       		.byte	0x3f
 958 0053 57000000 		.4byte	0x57
 959 0057 02       		.uleb128 0x2
 960 0058 04       		.byte	0x4
 961 0059 05       		.byte	0x5
 962 005a B4010000 		.4byte	.LASF6
 963 005e 02       		.uleb128 0x2
 964 005f 04       		.byte	0x4
 965 0060 07       		.byte	0x7
 966 0061 1E030000 		.4byte	.LASF7
 967 0065 02       		.uleb128 0x2
 968 0066 08       		.byte	0x8
 969 0067 05       		.byte	0x5
 970 0068 68010000 		.4byte	.LASF8
 971 006c 02       		.uleb128 0x2
 972 006d 08       		.byte	0x8
 973 006e 07       		.byte	0x7
 974 006f 2C020000 		.4byte	.LASF9
 975 0073 04       		.uleb128 0x4
 976 0074 04       		.byte	0x4
 977 0075 05       		.byte	0x5
 978 0076 696E7400 		.ascii	"int\000"
 979 007a 02       		.uleb128 0x2
 980 007b 04       		.byte	0x4
 981 007c 07       		.byte	0x7
 982 007d 43020000 		.4byte	.LASF10
 983 0081 02       		.uleb128 0x2
 984 0082 08       		.byte	0x8
 985 0083 04       		.byte	0x4
 986 0084 E5010000 		.4byte	.LASF11
 987 0088 02       		.uleb128 0x2
 988 0089 04       		.byte	0x4
ARM GAS  C:\Users\sela847\AppData\Local\Temp\ccmw0Jyb.s 			page 23


 989 008a 07       		.byte	0x7
 990 008b 5D000000 		.4byte	.LASF12
 991 008f 05       		.uleb128 0x5
 992 0090 04       		.byte	0x4
 993 0091 95000000 		.4byte	0x95
 994 0095 02       		.uleb128 0x2
 995 0096 01       		.byte	0x1
 996 0097 08       		.byte	0x8
 997 0098 B7020000 		.4byte	.LASF13
 998 009c 05       		.uleb128 0x5
 999 009d 04       		.byte	0x4
 1000 009e A2000000 		.4byte	0xa2
 1001 00a2 06       		.uleb128 0x6
 1002 00a3 95000000 		.4byte	0x95
 1003 00a7 03       		.uleb128 0x3
 1004 00a8 50020000 		.4byte	.LASF14
 1005 00ac 03       		.byte	0x3
 1006 00ad 24       		.byte	0x24
 1007 00ae 3A000000 		.4byte	0x3a
 1008 00b2 03       		.uleb128 0x3
 1009 00b3 C7020000 		.4byte	.LASF15
 1010 00b7 03       		.byte	0x3
 1011 00b8 2C       		.byte	0x2c
 1012 00b9 4C000000 		.4byte	0x4c
 1013 00bd 07       		.uleb128 0x7
 1014 00be 3F010000 		.4byte	.LASF16
 1015 00c2 04       		.byte	0x4
 1016 00c3 E701     		.2byte	0x1e7
 1017 00c5 2C000000 		.4byte	0x2c
 1018 00c9 07       		.uleb128 0x7
 1019 00ca 2C010000 		.4byte	.LASF17
 1020 00ce 04       		.byte	0x4
 1021 00cf E801     		.2byte	0x1e8
 1022 00d1 45000000 		.4byte	0x45
 1023 00d5 07       		.uleb128 0x7
 1024 00d6 83010000 		.4byte	.LASF18
 1025 00da 04       		.byte	0x4
 1026 00db EA01     		.2byte	0x1ea
 1027 00dd 25000000 		.4byte	0x25
 1028 00e1 07       		.uleb128 0x7
 1029 00e2 39010000 		.4byte	.LASF19
 1030 00e6 04       		.byte	0x4
 1031 00e7 EB01     		.2byte	0x1eb
 1032 00e9 33000000 		.4byte	0x33
 1033 00ed 02       		.uleb128 0x2
 1034 00ee 04       		.byte	0x4
 1035 00ef 04       		.byte	0x4
 1036 00f0 62010000 		.4byte	.LASF20
 1037 00f4 02       		.uleb128 0x2
 1038 00f5 08       		.byte	0x8
 1039 00f6 04       		.byte	0x4
 1040 00f7 17000000 		.4byte	.LASF21
 1041 00fb 08       		.uleb128 0x8
 1042 00fc AD020000 		.4byte	.LASF80
 1043 0100 20       		.byte	0x20
 1044 0101 05       		.byte	0x5
 1045 0102 29       		.byte	0x29
ARM GAS  C:\Users\sela847\AppData\Local\Temp\ccmw0Jyb.s 			page 24


 1046 0103 D4010000 		.4byte	0x1d4
 1047 0107 09       		.uleb128 0x9
 1048 0108 20040000 		.4byte	.LASF22
 1049 010c 05       		.byte	0x5
 1050 010d 2A       		.byte	0x2a
 1051 010e D5000000 		.4byte	0xd5
 1052 0112 00       		.byte	0
 1053 0113 09       		.uleb128 0x9
 1054 0114 33010000 		.4byte	.LASF23
 1055 0118 05       		.byte	0x5
 1056 0119 2B       		.byte	0x2b
 1057 011a BD000000 		.4byte	0xbd
 1058 011e 01       		.byte	0x1
 1059 011f 09       		.uleb128 0x9
 1060 0120 BC020000 		.4byte	.LASF24
 1061 0124 05       		.byte	0x5
 1062 0125 2C       		.byte	0x2c
 1063 0126 E1000000 		.4byte	0xe1
 1064 012a 02       		.byte	0x2
 1065 012b 09       		.uleb128 0x9
 1066 012c 03040000 		.4byte	.LASF25
 1067 0130 05       		.byte	0x5
 1068 0131 2D       		.byte	0x2d
 1069 0132 E1000000 		.4byte	0xe1
 1070 0136 04       		.byte	0x4
 1071 0137 09       		.uleb128 0x9
 1072 0138 25040000 		.4byte	.LASF26
 1073 013c 05       		.byte	0x5
 1074 013d 2E       		.byte	0x2e
 1075 013e E1000000 		.4byte	0xe1
 1076 0142 06       		.byte	0x6
 1077 0143 09       		.uleb128 0x9
 1078 0144 AC010000 		.4byte	.LASF27
 1079 0148 05       		.byte	0x5
 1080 0149 2F       		.byte	0x2f
 1081 014a E1000000 		.4byte	0xe1
 1082 014e 08       		.byte	0x8
 1083 014f 09       		.uleb128 0x9
 1084 0150 B8030000 		.4byte	.LASF28
 1085 0154 05       		.byte	0x5
 1086 0155 30       		.byte	0x30
 1087 0156 E1000000 		.4byte	0xe1
 1088 015a 0A       		.byte	0xa
 1089 015b 09       		.uleb128 0x9
 1090 015c 04020000 		.4byte	.LASF29
 1091 0160 05       		.byte	0x5
 1092 0161 31       		.byte	0x31
 1093 0162 E1000000 		.4byte	0xe1
 1094 0166 0C       		.byte	0xc
 1095 0167 09       		.uleb128 0x9
 1096 0168 9F010000 		.4byte	.LASF30
 1097 016c 05       		.byte	0x5
 1098 016d 32       		.byte	0x32
 1099 016e E1000000 		.4byte	0xe1
 1100 0172 0E       		.byte	0xe
 1101 0173 09       		.uleb128 0x9
 1102 0174 88020000 		.4byte	.LASF31
ARM GAS  C:\Users\sela847\AppData\Local\Temp\ccmw0Jyb.s 			page 25


 1103 0178 05       		.byte	0x5
 1104 0179 33       		.byte	0x33
 1105 017a E1000000 		.4byte	0xe1
 1106 017e 10       		.byte	0x10
 1107 017f 09       		.uleb128 0x9
 1108 0180 CF020000 		.4byte	.LASF32
 1109 0184 05       		.byte	0x5
 1110 0185 34       		.byte	0x34
 1111 0186 E1000000 		.4byte	0xe1
 1112 018a 12       		.byte	0x12
 1113 018b 09       		.uleb128 0x9
 1114 018c E4020000 		.4byte	.LASF33
 1115 0190 05       		.byte	0x5
 1116 0191 35       		.byte	0x35
 1117 0192 E1000000 		.4byte	0xe1
 1118 0196 14       		.byte	0x14
 1119 0197 09       		.uleb128 0x9
 1120 0198 45010000 		.4byte	.LASF34
 1121 019c 05       		.byte	0x5
 1122 019d 36       		.byte	0x36
 1123 019e E1000000 		.4byte	0xe1
 1124 01a2 16       		.byte	0x16
 1125 01a3 09       		.uleb128 0x9
 1126 01a4 38000000 		.4byte	.LASF35
 1127 01a8 05       		.byte	0x5
 1128 01a9 37       		.byte	0x37
 1129 01aa E1000000 		.4byte	0xe1
 1130 01ae 18       		.byte	0x18
 1131 01af 09       		.uleb128 0x9
 1132 01b0 97010000 		.4byte	.LASF36
 1133 01b4 05       		.byte	0x5
 1134 01b5 38       		.byte	0x38
 1135 01b6 E1000000 		.4byte	0xe1
 1136 01ba 1A       		.byte	0x1a
 1137 01bb 09       		.uleb128 0x9
 1138 01bc 70020000 		.4byte	.LASF37
 1139 01c0 05       		.byte	0x5
 1140 01c1 39       		.byte	0x39
 1141 01c2 E1000000 		.4byte	0xe1
 1142 01c6 1C       		.byte	0x1c
 1143 01c7 09       		.uleb128 0x9
 1144 01c8 D7020000 		.4byte	.LASF38
 1145 01cc 05       		.byte	0x5
 1146 01cd 3A       		.byte	0x3a
 1147 01ce E1000000 		.4byte	0xe1
 1148 01d2 1E       		.byte	0x1e
 1149 01d3 00       		.byte	0
 1150 01d4 0A       		.uleb128 0xa
 1151 01d5 1B040000 		.4byte	.LASF39
 1152 01d9 01       		.byte	0x1
 1153 01da 23       		.byte	0x23
 1154 01db 00000000 		.4byte	.LFB64
 1155 01df 40000000 		.4byte	.LFE64-.LFB64
 1156 01e3 01       		.uleb128 0x1
 1157 01e4 9C       		.byte	0x9c
 1158 01e5 0A       		.uleb128 0xa
 1159 01e6 BD010000 		.4byte	.LASF40
ARM GAS  C:\Users\sela847\AppData\Local\Temp\ccmw0Jyb.s 			page 26


 1160 01ea 01       		.byte	0x1
 1161 01eb 2D       		.byte	0x2d
 1162 01ec 00000000 		.4byte	.LFB65
 1163 01f0 24000000 		.4byte	.LFE65-.LFB65
 1164 01f4 01       		.uleb128 0x1
 1165 01f5 9C       		.byte	0x9c
 1166 01f6 0B       		.uleb128 0xb
 1167 01f7 0C010000 		.4byte	.LASF41
 1168 01fb 01       		.byte	0x1
 1169 01fc 37       		.byte	0x37
 1170 01fd 73000000 		.4byte	0x73
 1171 0201 00000000 		.4byte	.LFB66
 1172 0205 04010000 		.4byte	.LFE66-.LFB66
 1173 0209 01       		.uleb128 0x1
 1174 020a 9C       		.byte	0x9c
 1175 020b 29020000 		.4byte	0x229
 1176 020f 0C       		.uleb128 0xc
 1177 0210 66000000 		.4byte	.LBB2
 1178 0214 76000000 		.4byte	.LBE2-.LBB2
 1179 0218 0D       		.uleb128 0xd
 1180 0219 10030000 		.4byte	.LASF43
 1181 021d 01       		.byte	0x1
 1182 021e 58       		.byte	0x58
 1183 021f 29020000 		.4byte	0x229
 1184 0223 03       		.uleb128 0x3
 1185 0224 91       		.byte	0x91
 1186 0225 B87F     		.sleb128 -72
 1187 0227 00       		.byte	0
 1188 0228 00       		.byte	0
 1189 0229 0E       		.uleb128 0xe
 1190 022a 95000000 		.4byte	0x95
 1191 022e 39020000 		.4byte	0x239
 1192 0232 0F       		.uleb128 0xf
 1193 0233 88000000 		.4byte	0x88
 1194 0237 3F       		.byte	0x3f
 1195 0238 00       		.byte	0
 1196 0239 10       		.uleb128 0x10
 1197 023a 1C010000 		.4byte	.LASF42
 1198 023e 01       		.byte	0x1
 1199 023f 76       		.byte	0x76
 1200 0240 00000000 		.4byte	.LFB67
 1201 0244 EC000000 		.4byte	.LFE67-.LFB67
 1202 0248 01       		.uleb128 0x1
 1203 0249 9C       		.byte	0x9c
 1204 024a AA020000 		.4byte	0x2aa
 1205 024e 11       		.uleb128 0x11
 1206 024f 4A000000 		.4byte	.LASF50
 1207 0253 01       		.byte	0x1
 1208 0254 76       		.byte	0x76
 1209 0255 9C000000 		.4byte	0x9c
 1210 0259 02       		.uleb128 0x2
 1211 025a 91       		.byte	0x91
 1212 025b 44       		.sleb128 -60
 1213 025c 0D       		.uleb128 0xd
 1214 025d 0D020000 		.4byte	.LASF44
 1215 0261 01       		.byte	0x1
 1216 0262 77       		.byte	0x77
ARM GAS  C:\Users\sela847\AppData\Local\Temp\ccmw0Jyb.s 			page 27


 1217 0263 8F000000 		.4byte	0x8f
 1218 0267 02       		.uleb128 0x2
 1219 0268 91       		.byte	0x91
 1220 0269 54       		.sleb128 -44
 1221 026a 0D       		.uleb128 0xd
 1222 026b FB020000 		.4byte	.LASF45
 1223 026f 01       		.byte	0x1
 1224 0270 78       		.byte	0x78
 1225 0271 8F000000 		.4byte	0x8f
 1226 0275 02       		.uleb128 0x2
 1227 0276 91       		.byte	0x91
 1228 0277 50       		.sleb128 -48
 1229 0278 12       		.uleb128 0x12
 1230 0279 00000000 		.4byte	.Ldebug_ranges0+0
 1231 027d 0D       		.uleb128 0xd
 1232 027e 53030000 		.4byte	.LASF46
 1233 0282 01       		.byte	0x1
 1234 0283 7B       		.byte	0x7b
 1235 0284 73000000 		.4byte	0x73
 1236 0288 02       		.uleb128 0x2
 1237 0289 91       		.byte	0x91
 1238 028a 5C       		.sleb128 -36
 1239 028b 0D       		.uleb128 0xd
 1240 028c 0B000000 		.4byte	.LASF47
 1241 0290 01       		.byte	0x1
 1242 0291 7C       		.byte	0x7c
 1243 0292 95000000 		.4byte	0x95
 1244 0296 02       		.uleb128 0x2
 1245 0297 91       		.byte	0x91
 1246 0298 5B       		.sleb128 -37
 1247 0299 0D       		.uleb128 0xd
 1248 029a 90020000 		.4byte	.LASF48
 1249 029e 01       		.byte	0x1
 1250 029f 8C       		.byte	0x8c
 1251 02a0 AA020000 		.4byte	0x2aa
 1252 02a4 03       		.uleb128 0x3
 1253 02a5 91       		.byte	0x91
 1254 02a6 48       		.sleb128 -56
 1255 02a7 06       		.byte	0x6
 1256 02a8 00       		.byte	0
 1257 02a9 00       		.byte	0
 1258 02aa 0E       		.uleb128 0xe
 1259 02ab 95000000 		.4byte	0x95
 1260 02af BD020000 		.4byte	0x2bd
 1261 02b3 13       		.uleb128 0x13
 1262 02b4 88000000 		.4byte	0x88
 1263 02b8 03       		.uleb128 0x3
 1264 02b9 91       		.byte	0x91
 1265 02ba 4C       		.sleb128 -52
 1266 02bb 06       		.byte	0x6
 1267 02bc 00       		.byte	0
 1268 02bd 10       		.uleb128 0x10
 1269 02be 52010000 		.4byte	.LASF49
 1270 02c2 01       		.byte	0x1
 1271 02c3 93       		.byte	0x93
 1272 02c4 00000000 		.4byte	.LFB68
 1273 02c8 AC000000 		.4byte	.LFE68-.LFB68
ARM GAS  C:\Users\sela847\AppData\Local\Temp\ccmw0Jyb.s 			page 28


 1274 02cc 01       		.uleb128 0x1
 1275 02cd 9C       		.byte	0x9c
 1276 02ce E1020000 		.4byte	0x2e1
 1277 02d2 11       		.uleb128 0x11
 1278 02d3 FF010000 		.4byte	.LASF51
 1279 02d7 01       		.byte	0x1
 1280 02d8 93       		.byte	0x93
 1281 02d9 73000000 		.4byte	0x73
 1282 02dd 02       		.uleb128 0x2
 1283 02de 91       		.byte	0x91
 1284 02df 6C       		.sleb128 -20
 1285 02e0 00       		.byte	0
 1286 02e1 10       		.uleb128 0x10
 1287 02e2 76010000 		.4byte	.LASF52
 1288 02e6 01       		.byte	0x1
 1289 02e7 9B       		.byte	0x9b
 1290 02e8 00000000 		.4byte	.LFB69
 1291 02ec 3E000000 		.4byte	.LFE69-.LFB69
 1292 02f0 01       		.uleb128 0x1
 1293 02f1 9C       		.byte	0x9c
 1294 02f2 03030000 		.4byte	0x303
 1295 02f6 14       		.uleb128 0x14
 1296 02f7 7300     		.ascii	"s\000"
 1297 02f9 01       		.byte	0x1
 1298 02fa 9B       		.byte	0x9b
 1299 02fb 8F000000 		.4byte	0x8f
 1300 02ff 02       		.uleb128 0x2
 1301 0300 91       		.byte	0x91
 1302 0301 74       		.sleb128 -12
 1303 0302 00       		.byte	0
 1304 0303 10       		.uleb128 0x10
 1305 0304 00000000 		.4byte	.LASF53
 1306 0308 01       		.byte	0x1
 1307 0309 A9       		.byte	0xa9
 1308 030a 00000000 		.4byte	.LFB70
 1309 030e 26000000 		.4byte	.LFE70-.LFB70
 1310 0312 01       		.uleb128 0x1
 1311 0313 9C       		.byte	0x9c
 1312 0314 25030000 		.4byte	0x325
 1313 0318 14       		.uleb128 0x14
 1314 0319 6300     		.ascii	"c\000"
 1315 031b 01       		.byte	0x1
 1316 031c A9       		.byte	0xa9
 1317 031d 95000000 		.4byte	0x95
 1318 0321 02       		.uleb128 0x2
 1319 0322 91       		.byte	0x91
 1320 0323 77       		.sleb128 -9
 1321 0324 00       		.byte	0
 1322 0325 15       		.uleb128 0x15
 1323 0326 DC030000 		.4byte	.LASF81
 1324 032a 01       		.byte	0x1
 1325 032b B1       		.byte	0xb1
 1326 032c 00000000 		.4byte	.LFB71
 1327 0330 C8000000 		.4byte	.LFE71-.LFB71
 1328 0334 01       		.uleb128 0x1
 1329 0335 9C       		.byte	0x9c
 1330 0336 69030000 		.4byte	0x369
ARM GAS  C:\Users\sela847\AppData\Local\Temp\ccmw0Jyb.s 			page 29


 1331 033a 0D       		.uleb128 0xd
 1332 033b 30030000 		.4byte	.LASF54
 1333 033f 01       		.byte	0x1
 1334 0340 B7       		.byte	0xb7
 1335 0341 BD000000 		.4byte	0xbd
 1336 0345 05       		.uleb128 0x5
 1337 0346 03       		.byte	0x3
 1338 0347 18000000 		.4byte	usbStarted.8259
 1339 034b 0D       		.uleb128 0xd
 1340 034c 59020000 		.4byte	.LASF55
 1341 0350 01       		.byte	0x1
 1342 0351 B8       		.byte	0xb8
 1343 0352 C9000000 		.4byte	0xc9
 1344 0356 05       		.uleb128 0x5
 1345 0357 03       		.byte	0x3
 1346 0358 1A000000 		.4byte	usbBufCount.8260
 1347 035c 16       		.uleb128 0x16
 1348 035d 6300     		.ascii	"c\000"
 1349 035f 01       		.byte	0x1
 1350 0360 B9       		.byte	0xb9
 1351 0361 BD000000 		.4byte	0xbd
 1352 0365 02       		.uleb128 0x2
 1353 0366 91       		.byte	0x91
 1354 0367 77       		.sleb128 -9
 1355 0368 00       		.byte	0
 1356 0369 17       		.uleb128 0x17
 1357 036a 70000000 		.4byte	.LASF56
 1358 036e 06       		.byte	0x6
 1359 036f 2E       		.byte	0x2e
 1360 0370 9C000000 		.4byte	0x9c
 1361 0374 18       		.uleb128 0x18
 1362 0375 0E040000 		.4byte	.LASF57
 1363 0379 07       		.byte	0x7
 1364 037a 1207     		.2byte	0x712
 1365 037c 80030000 		.4byte	0x380
 1366 0380 19       		.uleb128 0x19
 1367 0381 B2000000 		.4byte	0xb2
 1368 0385 1A       		.uleb128 0x1a
 1369 0386 747300   		.ascii	"ts\000"
 1370 0389 05       		.byte	0x5
 1371 038a 10       		.byte	0x10
 1372 038b BD000000 		.4byte	0xbd
 1373 038f 05       		.uleb128 0x5
 1374 0390 03       		.byte	0x3
 1375 0391 00000000 		.4byte	ts
 1376 0395 1B       		.uleb128 0x1b
 1377 0396 CB030000 		.4byte	.LASF58
 1378 039a 05       		.byte	0x5
 1379 039b 11       		.byte	0x11
 1380 039c C9000000 		.4byte	0xc9
 1381 03a0 05       		.uleb128 0x5
 1382 03a1 03       		.byte	0x3
 1383 03a2 00000000 		.4byte	ts_enc
 1384 03a6 1B       		.uleb128 0x1b
 1385 03a7 D2030000 		.4byte	.LASF59
 1386 03ab 05       		.byte	0x5
 1387 03ac 12       		.byte	0x12
ARM GAS  C:\Users\sela847\AppData\Local\Temp\ccmw0Jyb.s 			page 30


 1388 03ad C9000000 		.4byte	0xc9
 1389 03b1 05       		.uleb128 0x5
 1390 03b2 03       		.byte	0x3
 1391 03b3 00000000 		.4byte	ts_update
 1392 03b7 1B       		.uleb128 0x1b
 1393 03b8 4A030000 		.4byte	.LASF60
 1394 03bc 05       		.byte	0x5
 1395 03bd 13       		.byte	0x13
 1396 03be C9000000 		.4byte	0xc9
 1397 03c2 05       		.uleb128 0x5
 1398 03c3 03       		.byte	0x3
 1399 03c4 00000000 		.4byte	ts_speed
 1400 03c8 1B       		.uleb128 0x1b
 1401 03c9 C0030000 		.4byte	.LASF61
 1402 03cd 05       		.byte	0x5
 1403 03ce 14       		.byte	0x14
 1404 03cf C9000000 		.4byte	0xc9
 1405 03d3 05       		.uleb128 0x5
 1406 03d4 03       		.byte	0x3
 1407 03d5 00000000 		.4byte	ts_display
 1408 03d9 1B       		.uleb128 0x1b
 1409 03da 59030000 		.4byte	.LASF62
 1410 03de 05       		.byte	0x5
 1411 03df 16       		.byte	0x16
 1412 03e0 BD000000 		.4byte	0xbd
 1413 03e4 05       		.uleb128 0x5
 1414 03e5 03       		.byte	0x3
 1415 03e6 00000000 		.4byte	flag_ts_enc
 1416 03ea 1B       		.uleb128 0x1b
 1417 03eb 88010000 		.4byte	.LASF63
 1418 03ef 05       		.byte	0x5
 1419 03f0 17       		.byte	0x17
 1420 03f1 BD000000 		.4byte	0xbd
 1421 03f5 05       		.uleb128 0x5
 1422 03f6 03       		.byte	0x3
 1423 03f7 00000000 		.4byte	flag_ts_update
 1424 03fb 1B       		.uleb128 0x1b
 1425 03fc 2A000000 		.4byte	.LASF64
 1426 0400 05       		.byte	0x5
 1427 0401 18       		.byte	0x18
 1428 0402 BD000000 		.4byte	0xbd
 1429 0406 05       		.uleb128 0x5
 1430 0407 03       		.byte	0x3
 1431 0408 00000000 		.4byte	flag_ts_speed
 1432 040c 1B       		.uleb128 0x1b
 1433 040d C7010000 		.4byte	.LASF65
 1434 0411 05       		.byte	0x5
 1435 0412 19       		.byte	0x19
 1436 0413 BD000000 		.4byte	0xbd
 1437 0417 05       		.uleb128 0x5
 1438 0418 03       		.byte	0x3
 1439 0419 00000000 		.4byte	flag_ts_display
 1440 041d 1B       		.uleb128 0x1b
 1441 041e D7010000 		.4byte	.LASF66
 1442 0422 05       		.byte	0x5
 1443 0423 1C       		.byte	0x1c
 1444 0424 BD000000 		.4byte	0xbd
ARM GAS  C:\Users\sela847\AppData\Local\Temp\ccmw0Jyb.s 			page 31


 1445 0428 05       		.uleb128 0x5
 1446 0429 03       		.byte	0x3
 1447 042a 00000000 		.4byte	flag_rx
 1448 042e 1B       		.uleb128 0x1b
 1449 042f 1E000000 		.4byte	.LASF67
 1450 0433 05       		.byte	0x5
 1451 0434 1D       		.byte	0x1d
 1452 0435 BD000000 		.4byte	0xbd
 1453 0439 05       		.uleb128 0x5
 1454 043a 03       		.byte	0x3
 1455 043b 00000000 		.4byte	flag_packet
 1456 043f 1B       		.uleb128 0x1b
 1457 0440 79020000 		.4byte	.LASF68
 1458 0444 05       		.byte	0x5
 1459 0445 1E       		.byte	0x1e
 1460 0446 BD000000 		.4byte	0xbd
 1461 044a 05       		.uleb128 0x5
 1462 044b 03       		.byte	0x3
 1463 044c 00000000 		.4byte	flag_KB_string
 1464 0450 1B       		.uleb128 0x1b
 1465 0451 3B030000 		.4byte	.LASF69
 1466 0455 05       		.byte	0x5
 1467 0456 20       		.byte	0x20
 1468 0457 BD000000 		.4byte	0xbd
 1469 045b 05       		.uleb128 0x5
 1470 045c 03       		.byte	0x3
 1471 045d 00000000 		.4byte	dataready_flag
 1472 0461 1B       		.uleb128 0x1b
 1473 0462 E7030000 		.4byte	.LASF70
 1474 0466 05       		.byte	0x5
 1475 0467 22       		.byte	0x22
 1476 0468 BD000000 		.4byte	0xbd
 1477 046c 05       		.uleb128 0x5
 1478 046d 03       		.byte	0x3
 1479 046e 00000000 		.4byte	flag_rf_transmission_active
 1480 0472 1B       		.uleb128 0x1b
 1481 0473 ED020000 		.4byte	.LASF71
 1482 0477 05       		.byte	0x5
 1483 0478 25       		.byte	0x25
 1484 0479 29020000 		.4byte	0x229
 1485 047d 05       		.uleb128 0x5
 1486 047e 03       		.byte	0x3
 1487 047f 00000000 		.4byte	displaystring
 1488 0483 1B       		.uleb128 0x1b
 1489 0484 5D010000 		.4byte	.LASF72
 1490 0488 05       		.byte	0x5
 1491 0489 26       		.byte	0x26
 1492 048a 29020000 		.4byte	0x229
 1493 048e 05       		.uleb128 0x5
 1494 048f 03       		.byte	0x3
 1495 0490 00000000 		.4byte	line
 1496 0494 1B       		.uleb128 0x1b
 1497 0495 DF010000 		.4byte	.LASF73
 1498 0499 05       		.byte	0x5
 1499 049a 26       		.byte	0x26
 1500 049b 29020000 		.4byte	0x229
 1501 049f 05       		.uleb128 0x5
ARM GAS  C:\Users\sela847\AppData\Local\Temp\ccmw0Jyb.s 			page 32


 1502 04a0 03       		.byte	0x3
 1503 04a1 00000000 		.4byte	entry
 1504 04a5 0E       		.uleb128 0xe
 1505 04a6 BD000000 		.4byte	0xbd
 1506 04aa B5040000 		.4byte	0x4b5
 1507 04ae 0F       		.uleb128 0xf
 1508 04af 88000000 		.4byte	0x88
 1509 04b3 3F       		.byte	0x3f
 1510 04b4 00       		.byte	0
 1511 04b5 1B       		.uleb128 0x1b
 1512 04b6 66000000 		.4byte	.LASF74
 1513 04ba 05       		.byte	0x5
 1514 04bb 27       		.byte	0x27
 1515 04bc A5040000 		.4byte	0x4a5
 1516 04c0 05       		.uleb128 0x5
 1517 04c1 03       		.byte	0x3
 1518 04c2 00000000 		.4byte	usbBuffer
 1519 04c6 1B       		.uleb128 0x1b
 1520 04c7 50000000 		.4byte	.LASF75
 1521 04cb 05       		.byte	0x5
 1522 04cc 3C       		.byte	0x3c
 1523 04cd FB000000 		.4byte	0xfb
 1524 04d1 05       		.uleb128 0x5
 1525 04d2 03       		.byte	0x3
 1526 04d3 00000000 		.4byte	system_state
 1527 04d7 1B       		.uleb128 0x1b
 1528 04d8 65020000 		.4byte	.LASF76
 1529 04dc 01       		.byte	0x1
 1530 04dd 20       		.byte	0x20
 1531 04de A7000000 		.4byte	0xa7
 1532 04e2 05       		.uleb128 0x5
 1533 04e3 03       		.byte	0x3
 1534 04e4 00000000 		.4byte	printSpeed
 1535 04e8 1A       		.uleb128 0x1a
 1536 04e9 6D3100   		.ascii	"m1\000"
 1537 04ec 01       		.byte	0x1
 1538 04ed 21       		.byte	0x21
 1539 04ee A7000000 		.4byte	0xa7
 1540 04f2 05       		.uleb128 0x5
 1541 04f3 03       		.byte	0x3
 1542 04f4 00000000 		.4byte	m1
 1543 04f8 1A       		.uleb128 0x1a
 1544 04f9 6D3200   		.ascii	"m2\000"
 1545 04fc 01       		.byte	0x1
 1546 04fd 22       		.byte	0x22
 1547 04fe A7000000 		.4byte	0xa7
 1548 0502 05       		.uleb128 0x5
 1549 0503 03       		.byte	0x3
 1550 0504 00000000 		.4byte	m2
 1551 0508 00       		.byte	0
 1552              		.section	.debug_abbrev,"",%progbits
 1553              	.Ldebug_abbrev0:
 1554 0000 01       		.uleb128 0x1
 1555 0001 11       		.uleb128 0x11
 1556 0002 01       		.byte	0x1
 1557 0003 25       		.uleb128 0x25
 1558 0004 0E       		.uleb128 0xe
ARM GAS  C:\Users\sela847\AppData\Local\Temp\ccmw0Jyb.s 			page 33


 1559 0005 13       		.uleb128 0x13
 1560 0006 0B       		.uleb128 0xb
 1561 0007 03       		.uleb128 0x3
 1562 0008 0E       		.uleb128 0xe
 1563 0009 1B       		.uleb128 0x1b
 1564 000a 0E       		.uleb128 0xe
 1565 000b 55       		.uleb128 0x55
 1566 000c 17       		.uleb128 0x17
 1567 000d 11       		.uleb128 0x11
 1568 000e 01       		.uleb128 0x1
 1569 000f 10       		.uleb128 0x10
 1570 0010 17       		.uleb128 0x17
 1571 0011 00       		.byte	0
 1572 0012 00       		.byte	0
 1573 0013 02       		.uleb128 0x2
 1574 0014 24       		.uleb128 0x24
 1575 0015 00       		.byte	0
 1576 0016 0B       		.uleb128 0xb
 1577 0017 0B       		.uleb128 0xb
 1578 0018 3E       		.uleb128 0x3e
 1579 0019 0B       		.uleb128 0xb
 1580 001a 03       		.uleb128 0x3
 1581 001b 0E       		.uleb128 0xe
 1582 001c 00       		.byte	0
 1583 001d 00       		.byte	0
 1584 001e 03       		.uleb128 0x3
 1585 001f 16       		.uleb128 0x16
 1586 0020 00       		.byte	0
 1587 0021 03       		.uleb128 0x3
 1588 0022 0E       		.uleb128 0xe
 1589 0023 3A       		.uleb128 0x3a
 1590 0024 0B       		.uleb128 0xb
 1591 0025 3B       		.uleb128 0x3b
 1592 0026 0B       		.uleb128 0xb
 1593 0027 49       		.uleb128 0x49
 1594 0028 13       		.uleb128 0x13
 1595 0029 00       		.byte	0
 1596 002a 00       		.byte	0
 1597 002b 04       		.uleb128 0x4
 1598 002c 24       		.uleb128 0x24
 1599 002d 00       		.byte	0
 1600 002e 0B       		.uleb128 0xb
 1601 002f 0B       		.uleb128 0xb
 1602 0030 3E       		.uleb128 0x3e
 1603 0031 0B       		.uleb128 0xb
 1604 0032 03       		.uleb128 0x3
 1605 0033 08       		.uleb128 0x8
 1606 0034 00       		.byte	0
 1607 0035 00       		.byte	0
 1608 0036 05       		.uleb128 0x5
 1609 0037 0F       		.uleb128 0xf
 1610 0038 00       		.byte	0
 1611 0039 0B       		.uleb128 0xb
 1612 003a 0B       		.uleb128 0xb
 1613 003b 49       		.uleb128 0x49
 1614 003c 13       		.uleb128 0x13
 1615 003d 00       		.byte	0
ARM GAS  C:\Users\sela847\AppData\Local\Temp\ccmw0Jyb.s 			page 34


 1616 003e 00       		.byte	0
 1617 003f 06       		.uleb128 0x6
 1618 0040 26       		.uleb128 0x26
 1619 0041 00       		.byte	0
 1620 0042 49       		.uleb128 0x49
 1621 0043 13       		.uleb128 0x13
 1622 0044 00       		.byte	0
 1623 0045 00       		.byte	0
 1624 0046 07       		.uleb128 0x7
 1625 0047 16       		.uleb128 0x16
 1626 0048 00       		.byte	0
 1627 0049 03       		.uleb128 0x3
 1628 004a 0E       		.uleb128 0xe
 1629 004b 3A       		.uleb128 0x3a
 1630 004c 0B       		.uleb128 0xb
 1631 004d 3B       		.uleb128 0x3b
 1632 004e 05       		.uleb128 0x5
 1633 004f 49       		.uleb128 0x49
 1634 0050 13       		.uleb128 0x13
 1635 0051 00       		.byte	0
 1636 0052 00       		.byte	0
 1637 0053 08       		.uleb128 0x8
 1638 0054 13       		.uleb128 0x13
 1639 0055 01       		.byte	0x1
 1640 0056 03       		.uleb128 0x3
 1641 0057 0E       		.uleb128 0xe
 1642 0058 0B       		.uleb128 0xb
 1643 0059 0B       		.uleb128 0xb
 1644 005a 3A       		.uleb128 0x3a
 1645 005b 0B       		.uleb128 0xb
 1646 005c 3B       		.uleb128 0x3b
 1647 005d 0B       		.uleb128 0xb
 1648 005e 01       		.uleb128 0x1
 1649 005f 13       		.uleb128 0x13
 1650 0060 00       		.byte	0
 1651 0061 00       		.byte	0
 1652 0062 09       		.uleb128 0x9
 1653 0063 0D       		.uleb128 0xd
 1654 0064 00       		.byte	0
 1655 0065 03       		.uleb128 0x3
 1656 0066 0E       		.uleb128 0xe
 1657 0067 3A       		.uleb128 0x3a
 1658 0068 0B       		.uleb128 0xb
 1659 0069 3B       		.uleb128 0x3b
 1660 006a 0B       		.uleb128 0xb
 1661 006b 49       		.uleb128 0x49
 1662 006c 13       		.uleb128 0x13
 1663 006d 38       		.uleb128 0x38
 1664 006e 0B       		.uleb128 0xb
 1665 006f 00       		.byte	0
 1666 0070 00       		.byte	0
 1667 0071 0A       		.uleb128 0xa
 1668 0072 2E       		.uleb128 0x2e
 1669 0073 00       		.byte	0
 1670 0074 3F       		.uleb128 0x3f
 1671 0075 19       		.uleb128 0x19
 1672 0076 03       		.uleb128 0x3
ARM GAS  C:\Users\sela847\AppData\Local\Temp\ccmw0Jyb.s 			page 35


 1673 0077 0E       		.uleb128 0xe
 1674 0078 3A       		.uleb128 0x3a
 1675 0079 0B       		.uleb128 0xb
 1676 007a 3B       		.uleb128 0x3b
 1677 007b 0B       		.uleb128 0xb
 1678 007c 27       		.uleb128 0x27
 1679 007d 19       		.uleb128 0x19
 1680 007e 11       		.uleb128 0x11
 1681 007f 01       		.uleb128 0x1
 1682 0080 12       		.uleb128 0x12
 1683 0081 06       		.uleb128 0x6
 1684 0082 40       		.uleb128 0x40
 1685 0083 18       		.uleb128 0x18
 1686 0084 9642     		.uleb128 0x2116
 1687 0086 19       		.uleb128 0x19
 1688 0087 00       		.byte	0
 1689 0088 00       		.byte	0
 1690 0089 0B       		.uleb128 0xb
 1691 008a 2E       		.uleb128 0x2e
 1692 008b 01       		.byte	0x1
 1693 008c 3F       		.uleb128 0x3f
 1694 008d 19       		.uleb128 0x19
 1695 008e 03       		.uleb128 0x3
 1696 008f 0E       		.uleb128 0xe
 1697 0090 3A       		.uleb128 0x3a
 1698 0091 0B       		.uleb128 0xb
 1699 0092 3B       		.uleb128 0x3b
 1700 0093 0B       		.uleb128 0xb
 1701 0094 49       		.uleb128 0x49
 1702 0095 13       		.uleb128 0x13
 1703 0096 11       		.uleb128 0x11
 1704 0097 01       		.uleb128 0x1
 1705 0098 12       		.uleb128 0x12
 1706 0099 06       		.uleb128 0x6
 1707 009a 40       		.uleb128 0x40
 1708 009b 18       		.uleb128 0x18
 1709 009c 9642     		.uleb128 0x2116
 1710 009e 19       		.uleb128 0x19
 1711 009f 01       		.uleb128 0x1
 1712 00a0 13       		.uleb128 0x13
 1713 00a1 00       		.byte	0
 1714 00a2 00       		.byte	0
 1715 00a3 0C       		.uleb128 0xc
 1716 00a4 0B       		.uleb128 0xb
 1717 00a5 01       		.byte	0x1
 1718 00a6 11       		.uleb128 0x11
 1719 00a7 01       		.uleb128 0x1
 1720 00a8 12       		.uleb128 0x12
 1721 00a9 06       		.uleb128 0x6
 1722 00aa 00       		.byte	0
 1723 00ab 00       		.byte	0
 1724 00ac 0D       		.uleb128 0xd
 1725 00ad 34       		.uleb128 0x34
 1726 00ae 00       		.byte	0
 1727 00af 03       		.uleb128 0x3
 1728 00b0 0E       		.uleb128 0xe
 1729 00b1 3A       		.uleb128 0x3a
ARM GAS  C:\Users\sela847\AppData\Local\Temp\ccmw0Jyb.s 			page 36


 1730 00b2 0B       		.uleb128 0xb
 1731 00b3 3B       		.uleb128 0x3b
 1732 00b4 0B       		.uleb128 0xb
 1733 00b5 49       		.uleb128 0x49
 1734 00b6 13       		.uleb128 0x13
 1735 00b7 02       		.uleb128 0x2
 1736 00b8 18       		.uleb128 0x18
 1737 00b9 00       		.byte	0
 1738 00ba 00       		.byte	0
 1739 00bb 0E       		.uleb128 0xe
 1740 00bc 01       		.uleb128 0x1
 1741 00bd 01       		.byte	0x1
 1742 00be 49       		.uleb128 0x49
 1743 00bf 13       		.uleb128 0x13
 1744 00c0 01       		.uleb128 0x1
 1745 00c1 13       		.uleb128 0x13
 1746 00c2 00       		.byte	0
 1747 00c3 00       		.byte	0
 1748 00c4 0F       		.uleb128 0xf
 1749 00c5 21       		.uleb128 0x21
 1750 00c6 00       		.byte	0
 1751 00c7 49       		.uleb128 0x49
 1752 00c8 13       		.uleb128 0x13
 1753 00c9 2F       		.uleb128 0x2f
 1754 00ca 0B       		.uleb128 0xb
 1755 00cb 00       		.byte	0
 1756 00cc 00       		.byte	0
 1757 00cd 10       		.uleb128 0x10
 1758 00ce 2E       		.uleb128 0x2e
 1759 00cf 01       		.byte	0x1
 1760 00d0 3F       		.uleb128 0x3f
 1761 00d1 19       		.uleb128 0x19
 1762 00d2 03       		.uleb128 0x3
 1763 00d3 0E       		.uleb128 0xe
 1764 00d4 3A       		.uleb128 0x3a
 1765 00d5 0B       		.uleb128 0xb
 1766 00d6 3B       		.uleb128 0x3b
 1767 00d7 0B       		.uleb128 0xb
 1768 00d8 27       		.uleb128 0x27
 1769 00d9 19       		.uleb128 0x19
 1770 00da 11       		.uleb128 0x11
 1771 00db 01       		.uleb128 0x1
 1772 00dc 12       		.uleb128 0x12
 1773 00dd 06       		.uleb128 0x6
 1774 00de 40       		.uleb128 0x40
 1775 00df 18       		.uleb128 0x18
 1776 00e0 9642     		.uleb128 0x2116
 1777 00e2 19       		.uleb128 0x19
 1778 00e3 01       		.uleb128 0x1
 1779 00e4 13       		.uleb128 0x13
 1780 00e5 00       		.byte	0
 1781 00e6 00       		.byte	0
 1782 00e7 11       		.uleb128 0x11
 1783 00e8 05       		.uleb128 0x5
 1784 00e9 00       		.byte	0
 1785 00ea 03       		.uleb128 0x3
 1786 00eb 0E       		.uleb128 0xe
ARM GAS  C:\Users\sela847\AppData\Local\Temp\ccmw0Jyb.s 			page 37


 1787 00ec 3A       		.uleb128 0x3a
 1788 00ed 0B       		.uleb128 0xb
 1789 00ee 3B       		.uleb128 0x3b
 1790 00ef 0B       		.uleb128 0xb
 1791 00f0 49       		.uleb128 0x49
 1792 00f1 13       		.uleb128 0x13
 1793 00f2 02       		.uleb128 0x2
 1794 00f3 18       		.uleb128 0x18
 1795 00f4 00       		.byte	0
 1796 00f5 00       		.byte	0
 1797 00f6 12       		.uleb128 0x12
 1798 00f7 0B       		.uleb128 0xb
 1799 00f8 01       		.byte	0x1
 1800 00f9 55       		.uleb128 0x55
 1801 00fa 17       		.uleb128 0x17
 1802 00fb 00       		.byte	0
 1803 00fc 00       		.byte	0
 1804 00fd 13       		.uleb128 0x13
 1805 00fe 21       		.uleb128 0x21
 1806 00ff 00       		.byte	0
 1807 0100 49       		.uleb128 0x49
 1808 0101 13       		.uleb128 0x13
 1809 0102 2F       		.uleb128 0x2f
 1810 0103 18       		.uleb128 0x18
 1811 0104 00       		.byte	0
 1812 0105 00       		.byte	0
 1813 0106 14       		.uleb128 0x14
 1814 0107 05       		.uleb128 0x5
 1815 0108 00       		.byte	0
 1816 0109 03       		.uleb128 0x3
 1817 010a 08       		.uleb128 0x8
 1818 010b 3A       		.uleb128 0x3a
 1819 010c 0B       		.uleb128 0xb
 1820 010d 3B       		.uleb128 0x3b
 1821 010e 0B       		.uleb128 0xb
 1822 010f 49       		.uleb128 0x49
 1823 0110 13       		.uleb128 0x13
 1824 0111 02       		.uleb128 0x2
 1825 0112 18       		.uleb128 0x18
 1826 0113 00       		.byte	0
 1827 0114 00       		.byte	0
 1828 0115 15       		.uleb128 0x15
 1829 0116 2E       		.uleb128 0x2e
 1830 0117 01       		.byte	0x1
 1831 0118 3F       		.uleb128 0x3f
 1832 0119 19       		.uleb128 0x19
 1833 011a 03       		.uleb128 0x3
 1834 011b 0E       		.uleb128 0xe
 1835 011c 3A       		.uleb128 0x3a
 1836 011d 0B       		.uleb128 0xb
 1837 011e 3B       		.uleb128 0x3b
 1838 011f 0B       		.uleb128 0xb
 1839 0120 11       		.uleb128 0x11
 1840 0121 01       		.uleb128 0x1
 1841 0122 12       		.uleb128 0x12
 1842 0123 06       		.uleb128 0x6
 1843 0124 40       		.uleb128 0x40
ARM GAS  C:\Users\sela847\AppData\Local\Temp\ccmw0Jyb.s 			page 38


 1844 0125 18       		.uleb128 0x18
 1845 0126 9642     		.uleb128 0x2116
 1846 0128 19       		.uleb128 0x19
 1847 0129 01       		.uleb128 0x1
 1848 012a 13       		.uleb128 0x13
 1849 012b 00       		.byte	0
 1850 012c 00       		.byte	0
 1851 012d 16       		.uleb128 0x16
 1852 012e 34       		.uleb128 0x34
 1853 012f 00       		.byte	0
 1854 0130 03       		.uleb128 0x3
 1855 0131 08       		.uleb128 0x8
 1856 0132 3A       		.uleb128 0x3a
 1857 0133 0B       		.uleb128 0xb
 1858 0134 3B       		.uleb128 0x3b
 1859 0135 0B       		.uleb128 0xb
 1860 0136 49       		.uleb128 0x49
 1861 0137 13       		.uleb128 0x13
 1862 0138 02       		.uleb128 0x2
 1863 0139 18       		.uleb128 0x18
 1864 013a 00       		.byte	0
 1865 013b 00       		.byte	0
 1866 013c 17       		.uleb128 0x17
 1867 013d 34       		.uleb128 0x34
 1868 013e 00       		.byte	0
 1869 013f 03       		.uleb128 0x3
 1870 0140 0E       		.uleb128 0xe
 1871 0141 3A       		.uleb128 0x3a
 1872 0142 0B       		.uleb128 0xb
 1873 0143 3B       		.uleb128 0x3b
 1874 0144 0B       		.uleb128 0xb
 1875 0145 49       		.uleb128 0x49
 1876 0146 13       		.uleb128 0x13
 1877 0147 3F       		.uleb128 0x3f
 1878 0148 19       		.uleb128 0x19
 1879 0149 3C       		.uleb128 0x3c
 1880 014a 19       		.uleb128 0x19
 1881 014b 00       		.byte	0
 1882 014c 00       		.byte	0
 1883 014d 18       		.uleb128 0x18
 1884 014e 34       		.uleb128 0x34
 1885 014f 00       		.byte	0
 1886 0150 03       		.uleb128 0x3
 1887 0151 0E       		.uleb128 0xe
 1888 0152 3A       		.uleb128 0x3a
 1889 0153 0B       		.uleb128 0xb
 1890 0154 3B       		.uleb128 0x3b
 1891 0155 05       		.uleb128 0x5
 1892 0156 49       		.uleb128 0x49
 1893 0157 13       		.uleb128 0x13
 1894 0158 3F       		.uleb128 0x3f
 1895 0159 19       		.uleb128 0x19
 1896 015a 3C       		.uleb128 0x3c
 1897 015b 19       		.uleb128 0x19
 1898 015c 00       		.byte	0
 1899 015d 00       		.byte	0
 1900 015e 19       		.uleb128 0x19
ARM GAS  C:\Users\sela847\AppData\Local\Temp\ccmw0Jyb.s 			page 39


 1901 015f 35       		.uleb128 0x35
 1902 0160 00       		.byte	0
 1903 0161 49       		.uleb128 0x49
 1904 0162 13       		.uleb128 0x13
 1905 0163 00       		.byte	0
 1906 0164 00       		.byte	0
 1907 0165 1A       		.uleb128 0x1a
 1908 0166 34       		.uleb128 0x34
 1909 0167 00       		.byte	0
 1910 0168 03       		.uleb128 0x3
 1911 0169 08       		.uleb128 0x8
 1912 016a 3A       		.uleb128 0x3a
 1913 016b 0B       		.uleb128 0xb
 1914 016c 3B       		.uleb128 0x3b
 1915 016d 0B       		.uleb128 0xb
 1916 016e 49       		.uleb128 0x49
 1917 016f 13       		.uleb128 0x13
 1918 0170 3F       		.uleb128 0x3f
 1919 0171 19       		.uleb128 0x19
 1920 0172 02       		.uleb128 0x2
 1921 0173 18       		.uleb128 0x18
 1922 0174 00       		.byte	0
 1923 0175 00       		.byte	0
 1924 0176 1B       		.uleb128 0x1b
 1925 0177 34       		.uleb128 0x34
 1926 0178 00       		.byte	0
 1927 0179 03       		.uleb128 0x3
 1928 017a 0E       		.uleb128 0xe
 1929 017b 3A       		.uleb128 0x3a
 1930 017c 0B       		.uleb128 0xb
 1931 017d 3B       		.uleb128 0x3b
 1932 017e 0B       		.uleb128 0xb
 1933 017f 49       		.uleb128 0x49
 1934 0180 13       		.uleb128 0x13
 1935 0181 3F       		.uleb128 0x3f
 1936 0182 19       		.uleb128 0x19
 1937 0183 02       		.uleb128 0x2
 1938 0184 18       		.uleb128 0x18
 1939 0185 00       		.byte	0
 1940 0186 00       		.byte	0
 1941 0187 00       		.byte	0
 1942              		.section	.debug_aranges,"",%progbits
 1943 0000 54000000 		.4byte	0x54
 1944 0004 0200     		.2byte	0x2
 1945 0006 00000000 		.4byte	.Ldebug_info0
 1946 000a 04       		.byte	0x4
 1947 000b 00       		.byte	0
 1948 000c 0000     		.2byte	0
 1949 000e 0000     		.2byte	0
 1950 0010 00000000 		.4byte	.LFB64
 1951 0014 40000000 		.4byte	.LFE64-.LFB64
 1952 0018 00000000 		.4byte	.LFB65
 1953 001c 24000000 		.4byte	.LFE65-.LFB65
 1954 0020 00000000 		.4byte	.LFB66
 1955 0024 04010000 		.4byte	.LFE66-.LFB66
 1956 0028 00000000 		.4byte	.LFB67
 1957 002c EC000000 		.4byte	.LFE67-.LFB67
ARM GAS  C:\Users\sela847\AppData\Local\Temp\ccmw0Jyb.s 			page 40


 1958 0030 00000000 		.4byte	.LFB68
 1959 0034 AC000000 		.4byte	.LFE68-.LFB68
 1960 0038 00000000 		.4byte	.LFB69
 1961 003c 3E000000 		.4byte	.LFE69-.LFB69
 1962 0040 00000000 		.4byte	.LFB70
 1963 0044 26000000 		.4byte	.LFE70-.LFB70
 1964 0048 00000000 		.4byte	.LFB71
 1965 004c C8000000 		.4byte	.LFE71-.LFB71
 1966 0050 00000000 		.4byte	0
 1967 0054 00000000 		.4byte	0
 1968              		.section	.debug_ranges,"",%progbits
 1969              	.Ldebug_ranges0:
 1970 0000 24000000 		.4byte	.LBB3
 1971 0004 D0000000 		.4byte	.LBE3
 1972 0008 D6000000 		.4byte	.LBB4
 1973 000c D8000000 		.4byte	.LBE4
 1974 0010 00000000 		.4byte	0
 1975 0014 00000000 		.4byte	0
 1976 0018 00000000 		.4byte	.LFB64
 1977 001c 40000000 		.4byte	.LFE64
 1978 0020 00000000 		.4byte	.LFB65
 1979 0024 24000000 		.4byte	.LFE65
 1980 0028 00000000 		.4byte	.LFB66
 1981 002c 04010000 		.4byte	.LFE66
 1982 0030 00000000 		.4byte	.LFB67
 1983 0034 EC000000 		.4byte	.LFE67
 1984 0038 00000000 		.4byte	.LFB68
 1985 003c AC000000 		.4byte	.LFE68
 1986 0040 00000000 		.4byte	.LFB69
 1987 0044 3E000000 		.4byte	.LFE69
 1988 0048 00000000 		.4byte	.LFB70
 1989 004c 26000000 		.4byte	.LFE70
 1990 0050 00000000 		.4byte	.LFB71
 1991 0054 C8000000 		.4byte	.LFE71
 1992 0058 00000000 		.4byte	0
 1993 005c 00000000 		.4byte	0
 1994              		.section	.debug_line,"",%progbits
 1995              	.Ldebug_line0:
 1996 0000 E2020000 		.section	.debug_str,"MS",%progbits,1
 1996      0200C901 
 1996      00000201 
 1996      FB0E0D00 
 1996      01010101 
 1997              	.LASF53:
 1998 0000 75736250 		.ascii	"usbPutChar\000"
 1998      75744368 
 1998      617200
 1999              	.LASF47:
 2000 000b 63757272 		.ascii	"currentchar\000"
 2000      656E7463 
 2000      68617200 
 2001              	.LASF21:
 2002 0017 646F7562 		.ascii	"double\000"
 2002      6C6500
 2003              	.LASF67:
 2004 001e 666C6167 		.ascii	"flag_packet\000"
 2004      5F706163 
ARM GAS  C:\Users\sela847\AppData\Local\Temp\ccmw0Jyb.s 			page 41


 2004      6B657400 
 2005              	.LASF64:
 2006 002a 666C6167 		.ascii	"flag_ts_speed\000"
 2006      5F74735F 
 2006      73706565 
 2006      6400
 2007              	.LASF35:
 2008 0038 67325F78 		.ascii	"g2_xpos\000"
 2008      706F7300 
 2009              	.LASF2:
 2010 0040 73686F72 		.ascii	"short int\000"
 2010      7420696E 
 2010      7400
 2011              	.LASF50:
 2012 004a 696E7075 		.ascii	"input\000"
 2012      7400
 2013              	.LASF75:
 2014 0050 73797374 		.ascii	"system_state\000"
 2014      656D5F73 
 2014      74617465 
 2014      00
 2015              	.LASF12:
 2016 005d 73697A65 		.ascii	"sizetype\000"
 2016      74797065 
 2016      00
 2017              	.LASF74:
 2018 0066 75736242 		.ascii	"usbBuffer\000"
 2018      75666665 
 2018      7200
 2019              	.LASF56:
 2020 0070 5F5F6374 		.ascii	"__ctype_ptr__\000"
 2020      7970655F 
 2020      7074725F 
 2020      5F00
 2021              	.LASF77:
 2022 007e 474E5520 		.ascii	"GNU C11 5.4.1 20160609 (release) [ARM/embedded-5-br"
 2022      43313120 
 2022      352E342E 
 2022      31203230 
 2022      31363036 
 2023 00b1 616E6368 		.ascii	"anch revision 237715] -mcpu=cortex-m3 -mthumb -g -O"
 2023      20726576 
 2023      6973696F 
 2023      6E203233 
 2023      37373135 
 2024 00e4 30202D66 		.ascii	"0 -ffunction-sections -ffat-lto-objects\000"
 2024      66756E63 
 2024      74696F6E 
 2024      2D736563 
 2024      74696F6E 
 2025              	.LASF41:
 2026 010c 6D61696E 		.ascii	"main\000"
 2026      00
 2027              	.LASF4:
 2028 0111 5F5F7569 		.ascii	"__uint16_t\000"
 2028      6E743136 
 2028      5F7400
ARM GAS  C:\Users\sela847\AppData\Local\Temp\ccmw0Jyb.s 			page 42


 2029              	.LASF42:
 2030 011c 63686563 		.ascii	"checkPWMCommand\000"
 2030      6B50574D 
 2030      436F6D6D 
 2030      616E6400 
 2031              	.LASF17:
 2032 012c 75696E74 		.ascii	"uint16\000"
 2032      313600
 2033              	.LASF23:
 2034 0133 696E6465 		.ascii	"index\000"
 2034      7800
 2035              	.LASF19:
 2036 0139 696E7431 		.ascii	"int16\000"
 2036      3600
 2037              	.LASF16:
 2038 013f 75696E74 		.ascii	"uint8\000"
 2038      3800
 2039              	.LASF34:
 2040 0145 67315F64 		.ascii	"g1_direction\000"
 2040      69726563 
 2040      74696F6E 
 2040      00
 2041              	.LASF49:
 2042 0152 73657450 		.ascii	"setPWMDuty\000"
 2042      574D4475 
 2042      747900
 2043              	.LASF72:
 2044 015d 6C696E65 		.ascii	"line\000"
 2044      00
 2045              	.LASF20:
 2046 0162 666C6F61 		.ascii	"float\000"
 2046      7400
 2047              	.LASF8:
 2048 0168 6C6F6E67 		.ascii	"long long int\000"
 2048      206C6F6E 
 2048      6720696E 
 2048      7400
 2049              	.LASF52:
 2050 0176 75736250 		.ascii	"usbPutString\000"
 2050      75745374 
 2050      72696E67 
 2050      00
 2051              	.LASF18:
 2052 0183 696E7438 		.ascii	"int8\000"
 2052      00
 2053              	.LASF63:
 2054 0188 666C6167 		.ascii	"flag_ts_update\000"
 2054      5F74735F 
 2054      75706461 
 2054      746500
 2055              	.LASF36:
 2056 0197 67325F79 		.ascii	"g2_ypos\000"
 2056      706F7300 
 2057              	.LASF30:
 2058 019f 67305F64 		.ascii	"g0_direction\000"
 2058      69726563 
 2058      74696F6E 
ARM GAS  C:\Users\sela847\AppData\Local\Temp\ccmw0Jyb.s 			page 43


 2058      00
 2059              	.LASF27:
 2060 01ac 67305F78 		.ascii	"g0_xpos\000"
 2060      706F7300 
 2061              	.LASF6:
 2062 01b4 6C6F6E67 		.ascii	"long int\000"
 2062      20696E74 
 2062      00
 2063              	.LASF40:
 2064 01bd 7072696E 		.ascii	"printUart\000"
 2064      74556172 
 2064      7400
 2065              	.LASF65:
 2066 01c7 666C6167 		.ascii	"flag_ts_display\000"
 2066      5F74735F 
 2066      64697370 
 2066      6C617900 
 2067              	.LASF66:
 2068 01d7 666C6167 		.ascii	"flag_rx\000"
 2068      5F727800 
 2069              	.LASF73:
 2070 01df 656E7472 		.ascii	"entry\000"
 2070      7900
 2071              	.LASF11:
 2072 01e5 6C6F6E67 		.ascii	"long double\000"
 2072      20646F75 
 2072      626C6500 
 2073              	.LASF1:
 2074 01f1 756E7369 		.ascii	"unsigned char\000"
 2074      676E6564 
 2074      20636861 
 2074      7200
 2075              	.LASF51:
 2076 01ff 64757479 		.ascii	"duty\000"
 2076      00
 2077              	.LASF29:
 2078 0204 67305F73 		.ascii	"g0_speed\000"
 2078      70656564 
 2078      00
 2079              	.LASF44:
 2080 020d 64757479 		.ascii	"duty_command_found\000"
 2080      5F636F6D 
 2080      6D616E64 
 2080      5F666F75 
 2080      6E6400
 2081              	.LASF0:
 2082 0220 7369676E 		.ascii	"signed char\000"
 2082      65642063 
 2082      68617200 
 2083              	.LASF9:
 2084 022c 6C6F6E67 		.ascii	"long long unsigned int\000"
 2084      206C6F6E 
 2084      6720756E 
 2084      7369676E 
 2084      65642069 
 2085              	.LASF10:
 2086 0243 756E7369 		.ascii	"unsigned int\000"
ARM GAS  C:\Users\sela847\AppData\Local\Temp\ccmw0Jyb.s 			page 44


 2086      676E6564 
 2086      20696E74 
 2086      00
 2087              	.LASF14:
 2088 0250 75696E74 		.ascii	"uint16_t\000"
 2088      31365F74 
 2088      00
 2089              	.LASF55:
 2090 0259 75736242 		.ascii	"usbBufCount\000"
 2090      7566436F 
 2090      756E7400 
 2091              	.LASF76:
 2092 0265 7072696E 		.ascii	"printSpeed\000"
 2092      74537065 
 2092      656400
 2093              	.LASF37:
 2094 0270 67325F73 		.ascii	"g2_speed\000"
 2094      70656564 
 2094      00
 2095              	.LASF68:
 2096 0279 666C6167 		.ascii	"flag_KB_string\000"
 2096      5F4B425F 
 2096      73747269 
 2096      6E6700
 2097              	.LASF31:
 2098 0288 67315F78 		.ascii	"g1_xpos\000"
 2098      706F7300 
 2099              	.LASF48:
 2100 0290 63686172 		.ascii	"char_nums\000"
 2100      5F6E756D 
 2100      7300
 2101              	.LASF3:
 2102 029a 73686F72 		.ascii	"short unsigned int\000"
 2102      7420756E 
 2102      7369676E 
 2102      65642069 
 2102      6E7400
 2103              	.LASF80:
 2104 02ad 64617461 		.ascii	"data_main\000"
 2104      5F6D6169 
 2104      6E00
 2105              	.LASF13:
 2106 02b7 63686172 		.ascii	"char\000"
 2106      00
 2107              	.LASF24:
 2108 02bc 726F626F 		.ascii	"robot_xpos\000"
 2108      745F7870 
 2108      6F7300
 2109              	.LASF15:
 2110 02c7 696E7433 		.ascii	"int32_t\000"
 2110      325F7400 
 2111              	.LASF32:
 2112 02cf 67315F79 		.ascii	"g1_ypos\000"
 2112      706F7300 
 2113              	.LASF38:
 2114 02d7 67325F64 		.ascii	"g2_direction\000"
 2114      69726563 
ARM GAS  C:\Users\sela847\AppData\Local\Temp\ccmw0Jyb.s 			page 45


 2114      74696F6E 
 2114      00
 2115              	.LASF33:
 2116 02e4 67315F73 		.ascii	"g1_speed\000"
 2116      70656564 
 2116      00
 2117              	.LASF71:
 2118 02ed 64697370 		.ascii	"displaystring\000"
 2118      6C617973 
 2118      7472696E 
 2118      6700
 2119              	.LASF45:
 2120 02fb 70657269 		.ascii	"period_command_found\000"
 2120      6F645F63 
 2120      6F6D6D61 
 2120      6E645F66 
 2120      6F756E64 
 2121              	.LASF43:
 2122 0310 62756666 		.ascii	"buffer\000"
 2122      657200
 2123              	.LASF78:
 2124 0317 6D61696E 		.ascii	"main.c\000"
 2124      2E6300
 2125              	.LASF7:
 2126 031e 6C6F6E67 		.ascii	"long unsigned int\000"
 2126      20756E73 
 2126      69676E65 
 2126      6420696E 
 2126      7400
 2127              	.LASF54:
 2128 0330 75736253 		.ascii	"usbStarted\000"
 2128      74617274 
 2128      656400
 2129              	.LASF69:
 2130 033b 64617461 		.ascii	"dataready_flag\000"
 2130      72656164 
 2130      795F666C 
 2130      616700
 2131              	.LASF60:
 2132 034a 74735F73 		.ascii	"ts_speed\000"
 2132      70656564 
 2132      00
 2133              	.LASF46:
 2134 0353 636F756E 		.ascii	"count\000"
 2134      7400
 2135              	.LASF62:
 2136 0359 666C6167 		.ascii	"flag_ts_enc\000"
 2136      5F74735F 
 2136      656E6300 
 2137              	.LASF5:
 2138 0365 5F5F696E 		.ascii	"__int32_t\000"
 2138      7433325F 
 2138      7400
 2139              	.LASF79:
 2140 036f 483A5C44 		.ascii	"H:\\Documents\\12_Cypress_LineFollowingRobot\\Janit"
 2140      6F63756D 
 2140      656E7473 
ARM GAS  C:\Users\sela847\AppData\Local\Temp\ccmw0Jyb.s 			page 46


 2140      5C31325F 
 2140      43797072 
 2141 039f 685C5053 		.ascii	"h\\PSOC\\CS301_Class.cydsn\000"
 2141      4F435C43 
 2141      53333031 
 2141      5F436C61 
 2141      73732E63 
 2142              	.LASF28:
 2143 03b8 67305F79 		.ascii	"g0_ypos\000"
 2143      706F7300 
 2144              	.LASF61:
 2145 03c0 74735F64 		.ascii	"ts_display\000"
 2145      6973706C 
 2145      617900
 2146              	.LASF58:
 2147 03cb 74735F65 		.ascii	"ts_enc\000"
 2147      6E6300
 2148              	.LASF59:
 2149 03d2 74735F75 		.ascii	"ts_update\000"
 2149      70646174 
 2149      6500
 2150              	.LASF81:
 2151 03dc 68616E64 		.ascii	"handle_usb\000"
 2151      6C655F75 
 2151      736200
 2152              	.LASF70:
 2153 03e7 666C6167 		.ascii	"flag_rf_transmission_active\000"
 2153      5F72665F 
 2153      7472616E 
 2153      736D6973 
 2153      73696F6E 
 2154              	.LASF25:
 2155 0403 726F626F 		.ascii	"robot_ypos\000"
 2155      745F7970 
 2155      6F7300
 2156              	.LASF57:
 2157 040e 49544D5F 		.ascii	"ITM_RxBuffer\000"
 2157      52784275 
 2157      66666572 
 2157      00
 2158              	.LASF39:
 2159 041b 67617262 		.ascii	"garb\000"
 2159      00
 2160              	.LASF22:
 2161 0420 72737369 		.ascii	"rssi\000"
 2161      00
 2162              	.LASF26:
 2163 0425 726F626F 		.ascii	"robot_orientation\000"
 2163      745F6F72 
 2163      69656E74 
 2163      6174696F 
 2163      6E00
 2164              		.ident	"GCC: (GNU Tools for ARM Embedded Processors) 5.4.1 20160609 (release) [ARM/embedded-5-bran
