Removed Pin From Net: NetName=+5V Pin=Q1-1
Removed Pin From Net: NetName=+5V Pin=Q3-1
Removed Pin From Net: NetName=+5V Pin=Q4-1
Removed Pin From Net: NetName=+5V Pin=Q5-1
Removed Pin From Net: NetName=+5V Pin=Q6-1
Removed Pin From Net: NetName=+5V Pin=Q7-1
Change component parameters: Designator = "Q1" ("Q1"); Footprint = "VEMT3700"; UniqueID = "\GLMKGKRW" ("\GLMKGKRW")
Change component parameters (AddParameter): Name = "Availability"; Value = "Good"; VariantName = "[No Variations]"
Change component parameters (AddParameter): Name = "Check_prices"; Value = "https://www.snapeda.com/parts/TEMT6200FX01/Vishay%20Semiconductor%20Opto%20Division/view-part/43955/?ref=eda"; VariantName = "[No Variations]"
Change component parameters (AddParameter): Name = "MF"; Value = "Vishay Semiconductor"; VariantName = "[No Variations]"
Change component parameters (AddParameter): Name = "MP"; Value = "TEMT6200FX01"; VariantName = "[No Variations]"
Change component parameters (AddParameter): Name = "Package"; Value = "0805 Vishay Semiconductor"; VariantName = "[No Variations]"
Change component parameters (AddParameter): Name = "Price"; Value = "None"; VariantName = "[No Variations]"
Change component parameters (AddParameter): Name = "Purchase-URL"; Value = "https://pricing.snapeda.com/search/part/TEMT6200FX01/?ref=eda"; VariantName = "[No Variations]"
Change component parameters (AddParameter): Name = "SnapEDA_Link"; Value = "https://www.snapeda.com/parts/TEMT6200FX01/Vishay%20Semiconductor%20Opto%20Division/view-part/43955/?ref=snap"; VariantName = "[No Variations]"
Change component parameters (AddParameter): Name = "Value"; Value = ""; VariantName = "[No Variations]"
Change component parameters: Designator = "Q3" ("Q3"); Footprint = "VEMT3700"; UniqueID = "\USWGMSIA" ("\USWGMSIA")
Change component parameters (AddParameter): Name = "Availability"; Value = "Good"; VariantName = "[No Variations]"
Change component parameters (AddParameter): Name = "Check_prices"; Value = "https://www.snapeda.com/parts/TEMT6200FX01/Vishay%20Semiconductor%20Opto%20Division/view-part/43955/?ref=eda"; VariantName = "[No Variations]"
Change component parameters (AddParameter): Name = "MF"; Value = "Vishay Semiconductor"; VariantName = "[No Variations]"
Change component parameters (AddParameter): Name = "MP"; Value = "TEMT6200FX01"; VariantName = "[No Variations]"
Change component parameters (AddParameter): Name = "Package"; Value = "0805 Vishay Semiconductor"; VariantName = "[No Variations]"
Change component parameters (AddParameter): Name = "Price"; Value = "None"; VariantName = "[No Variations]"
Change component parameters (AddParameter): Name = "Purchase-URL"; Value = "https://pricing.snapeda.com/search/part/TEMT6200FX01/?ref=eda"; VariantName = "[No Variations]"
Change component parameters (AddParameter): Name = "SnapEDA_Link"; Value = "https://www.snapeda.com/parts/TEMT6200FX01/Vishay%20Semiconductor%20Opto%20Division/view-part/43955/?ref=snap"; VariantName = "[No Variations]"
Change component parameters (AddParameter): Name = "Value"; Value = ""; VariantName = "[No Variations]"
Change component parameters: Designator = "Q4" ("Q4"); Footprint = "VEMT3700"; UniqueID = "\JRQLHMHI" ("\JRQLHMHI")
Change component parameters (AddParameter): Name = "Availability"; Value = "Good"; VariantName = "[No Variations]"
Change component parameters (AddParameter): Name = "Check_prices"; Value = "https://www.snapeda.com/parts/TEMT6200FX01/Vishay%20Semiconductor%20Opto%20Division/view-part/43955/?ref=eda"; VariantName = "[No Variations]"
Change component parameters (AddParameter): Name = "MF"; Value = "Vishay Semiconductor"; VariantName = "[No Variations]"
Change component parameters (AddParameter): Name = "MP"; Value = "TEMT6200FX01"; VariantName = "[No Variations]"
Change component parameters (AddParameter): Name = "Package"; Value = "0805 Vishay Semiconductor"; VariantName = "[No Variations]"
Change component parameters (AddParameter): Name = "Price"; Value = "None"; VariantName = "[No Variations]"
Change component parameters (AddParameter): Name = "Purchase-URL"; Value = "https://pricing.snapeda.com/search/part/TEMT6200FX01/?ref=eda"; VariantName = "[No Variations]"
Change component parameters (AddParameter): Name = "SnapEDA_Link"; Value = "https://www.snapeda.com/parts/TEMT6200FX01/Vishay%20Semiconductor%20Opto%20Division/view-part/43955/?ref=snap"; VariantName = "[No Variations]"
Change component parameters (AddParameter): Name = "Value"; Value = ""; VariantName = "[No Variations]"
Change component parameters: Designator = "Q5" ("Q5"); Footprint = "VEMT3700"; UniqueID = "\ZQEVDSWU" ("\ZQEVDSWU")
Change component parameters (AddParameter): Name = "Availability"; Value = "Good"; VariantName = "[No Variations]"
Change component parameters (AddParameter): Name = "Check_prices"; Value = "https://www.snapeda.com/parts/TEMT6200FX01/Vishay%20Semiconductor%20Opto%20Division/view-part/43955/?ref=eda"; VariantName = "[No Variations]"
Change component parameters (AddParameter): Name = "MF"; Value = "Vishay Semiconductor"; VariantName = "[No Variations]"
Change component parameters (AddParameter): Name = "MP"; Value = "TEMT6200FX01"; VariantName = "[No Variations]"
Change component parameters (AddParameter): Name = "Package"; Value = "0805 Vishay Semiconductor"; VariantName = "[No Variations]"
Change component parameters (AddParameter): Name = "Price"; Value = "None"; VariantName = "[No Variations]"
Change component parameters (AddParameter): Name = "Purchase-URL"; Value = "https://pricing.snapeda.com/search/part/TEMT6200FX01/?ref=eda"; VariantName = "[No Variations]"
Change component parameters (AddParameter): Name = "SnapEDA_Link"; Value = "https://www.snapeda.com/parts/TEMT6200FX01/Vishay%20Semiconductor%20Opto%20Division/view-part/43955/?ref=snap"; VariantName = "[No Variations]"
Change component parameters (AddParameter): Name = "Value"; Value = ""; VariantName = "[No Variations]"
Change component parameters: Designator = "Q6" ("Q6"); Footprint = "VEMT3700"; UniqueID = "\GIJSGZLH" ("\GIJSGZLH")
Change component parameters (AddParameter): Name = "Availability"; Value = "Good"; VariantName = "[No Variations]"
Change component parameters (AddParameter): Name = "Check_prices"; Value = "https://www.snapeda.com/parts/TEMT6200FX01/Vishay%20Semiconductor%20Opto%20Division/view-part/43955/?ref=eda"; VariantName = "[No Variations]"
Change component parameters (AddParameter): Name = "MF"; Value = "Vishay Semiconductor"; VariantName = "[No Variations]"
Change component parameters (AddParameter): Name = "MP"; Value = "TEMT6200FX01"; VariantName = "[No Variations]"
Change component parameters (AddParameter): Name = "Package"; Value = "0805 Vishay Semiconductor"; VariantName = "[No Variations]"
Change component parameters (AddParameter): Name = "Price"; Value = "None"; VariantName = "[No Variations]"
Change component parameters (AddParameter): Name = "Purchase-URL"; Value = "https://pricing.snapeda.com/search/part/TEMT6200FX01/?ref=eda"; VariantName = "[No Variations]"
Change component parameters (AddParameter): Name = "SnapEDA_Link"; Value = "https://www.snapeda.com/parts/TEMT6200FX01/Vishay%20Semiconductor%20Opto%20Division/view-part/43955/?ref=snap"; VariantName = "[No Variations]"
Change component parameters (AddParameter): Name = "Value"; Value = ""; VariantName = "[No Variations]"
Change component parameters: Designator = "Q7" ("Q7"); Footprint = "VEMT3700"; UniqueID = "\NCZZBBCU" ("\NCZZBBCU")
Change component parameters (AddParameter): Name = "Availability"; Value = "Good"; VariantName = "[No Variations]"
Change component parameters (AddParameter): Name = "Check_prices"; Value = "https://www.snapeda.com/parts/TEMT6200FX01/Vishay%20Semiconductor%20Opto%20Division/view-part/43955/?ref=eda"; VariantName = "[No Variations]"
Change component parameters (AddParameter): Name = "MF"; Value = "Vishay Semiconductor"; VariantName = "[No Variations]"
Change component parameters (AddParameter): Name = "MP"; Value = "TEMT6200FX01"; VariantName = "[No Variations]"
Change component parameters (AddParameter): Name = "Package"; Value = "0805 Vishay Semiconductor"; VariantName = "[No Variations]"
Change component parameters (AddParameter): Name = "Price"; Value = "None"; VariantName = "[No Variations]"
Change component parameters (AddParameter): Name = "Purchase-URL"; Value = "https://pricing.snapeda.com/search/part/TEMT6200FX01/?ref=eda"; VariantName = "[No Variations]"
Change component parameters (AddParameter): Name = "SnapEDA_Link"; Value = "https://www.snapeda.com/parts/TEMT6200FX01/Vishay%20Semiconductor%20Opto%20Division/view-part/43955/?ref=snap"; VariantName = "[No Variations]"
Change component parameters (AddParameter): Name = "Value"; Value = ""; VariantName = "[No Variations]"
Added Pin To Net: NetName=+5V Pin=J13-9
Added Pin To Net: NetName=+5V Pin=J18-7
Add Pin To Net: Unknown Pin: Pin Q1-C
Add Pin To Net: Unknown Pin: Pin Q3-C
Add Pin To Net: Unknown Pin: Pin Q4-C
Add Pin To Net: Unknown Pin: Pin Q5-C
Add Pin To Net: Unknown Pin: Pin Q6-C
Add Pin To Net: Unknown Pin: Pin Q7-C
Added Pin To Net: NetName=NetJ13_3 Pin=J13-3
Added Pin To Net: NetName=NetJ13_3 Pin=P3-4
Added Net: Name=NetJ13_3
Added Pin To Net: NetName=NetJ13_4 Pin=J13-4
Added Pin To Net: NetName=NetJ13_4 Pin=P3-6
Added Net: Name=NetJ13_4
Added Pin To Net: NetName=NetJ13_5 Pin=J13-5
Added Pin To Net: NetName=NetJ13_5 Pin=P3-5
Added Net: Name=NetJ13_5
Added Pin To Net: NetName=NetJ13_7 Pin=J13-7
Added Pin To Net: NetName=NetJ13_7 Pin=P3-8
Added Net: Name=NetJ13_7
Added Pin To Net: NetName=NetJ18_1 Pin=J18-1
Added Pin To Net: NetName=NetJ18_1 Pin=P1-3
Added Net: Name=NetJ18_1
Added Pin To Net: NetName=NetJ18_2 Pin=J18-2
Added Pin To Net: NetName=NetJ18_2 Pin=P1-6
Added Net: Name=NetJ18_2
Added Pin To Net: NetName=NetJ18_3 Pin=J18-3
Added Pin To Net: NetName=NetJ18_3 Pin=P1-5
Added Net: Name=NetJ18_3
Added Pin To Net: NetName=NetJ18_5 Pin=J18-5
Added Pin To Net: NetName=NetJ18_5 Pin=P1-8
Added Net: Name=NetJ18_5
Added Pin To Net: NetName=NetQ1_E Pin=R5-2
Added Pin To Net: NetName=NetQ1_E Pin=U1-3
Added Net: Name=NetQ1_E
Added Pin To Net: NetName=NetQ3_E Pin=R34-2
Added Pin To Net: NetName=NetQ3_E Pin=U2-10
Added Net: Name=NetQ3_E
Added Pin To Net: NetName=NetQ4_E Pin=R35-2
Added Pin To Net: NetName=NetQ4_E Pin=U2-3
Added Net: Name=NetQ4_E
Added Pin To Net: NetName=NetQ5_E Pin=R50-2
Added Pin To Net: NetName=NetQ5_E Pin=U3-10
Added Net: Name=NetQ5_E
Added Pin To Net: NetName=NetQ6_E Pin=R51-2
Added Pin To Net: NetName=NetQ6_E Pin=U3-3
Added Net: Name=NetQ6_E
Added Pin To Net: NetName=NetQ7_E Pin=R59-2
Added Pin To Net: NetName=NetQ7_E Pin=U4-3
Added Net: Name=NetQ7_E
Added Member To Class: ClassName=Sensors Member=Component U3 LM324DR2G
Added Member To Class: ClassName=Sensors Member=Component U4 LM324DR2G
Added Room: Name=Sensors
