ARM GAS  C:\Users\schoo\AppData\Local\Temp\cc0jXQkC.s 			page 1


   1              		.syntax unified
   2              		.cpu cortex-m3
   3              		.fpu softvfp
   4              		.eabi_attribute 20, 1
   5              		.eabi_attribute 21, 1
   6              		.eabi_attribute 23, 3
   7              		.eabi_attribute 24, 1
   8              		.eabi_attribute 25, 1
   9              		.eabi_attribute 26, 1
  10              		.eabi_attribute 30, 6
  11              		.eabi_attribute 34, 1
  12              		.eabi_attribute 18, 4
  13              		.thumb
  14              		.syntax unified
  15              		.file	"main.c"
  16              		.text
  17              	.Ltext0:
  18              		.cfi_sections	.debug_frame
  19              		.global	ts
  20              		.bss
  21              		.type	ts, %object
  22              		.size	ts, 1
  23              	ts:
  24 0000 00       		.space	1
  25              		.global	ts_enc
  26 0001 00       		.align	1
  27              		.type	ts_enc, %object
  28              		.size	ts_enc, 2
  29              	ts_enc:
  30 0002 0000     		.space	2
  31              		.global	ts_update
  32              		.align	1
  33              		.type	ts_update, %object
  34              		.size	ts_update, 2
  35              	ts_update:
  36 0004 0000     		.space	2
  37              		.global	ts_speed
  38              		.align	1
  39              		.type	ts_speed, %object
  40              		.size	ts_speed, 2
  41              	ts_speed:
  42 0006 0000     		.space	2
  43              		.global	ts_display
  44              		.align	1
  45              		.type	ts_display, %object
  46              		.size	ts_display, 2
  47              	ts_display:
  48 0008 0000     		.space	2
  49              		.global	flag_ts_enc
  50              		.type	flag_ts_enc, %object
  51              		.size	flag_ts_enc, 1
  52              	flag_ts_enc:
  53 000a 00       		.space	1
  54              		.global	flag_ts_update
  55              		.type	flag_ts_update, %object
  56              		.size	flag_ts_update, 1
  57              	flag_ts_update:
ARM GAS  C:\Users\schoo\AppData\Local\Temp\cc0jXQkC.s 			page 2


  58 000b 00       		.space	1
  59              		.global	flag_ts_speed
  60              		.type	flag_ts_speed, %object
  61              		.size	flag_ts_speed, 1
  62              	flag_ts_speed:
  63 000c 00       		.space	1
  64              		.global	flag_ts_display
  65              		.type	flag_ts_display, %object
  66              		.size	flag_ts_display, 1
  67              	flag_ts_display:
  68 000d 00       		.space	1
  69              		.global	flag_rx
  70              		.type	flag_rx, %object
  71              		.size	flag_rx, 1
  72              	flag_rx:
  73 000e 00       		.space	1
  74              		.global	flag_packet
  75              		.type	flag_packet, %object
  76              		.size	flag_packet, 1
  77              	flag_packet:
  78 000f 00       		.space	1
  79              		.global	flag_KB_string
  80              		.type	flag_KB_string, %object
  81              		.size	flag_KB_string, 1
  82              	flag_KB_string:
  83 0010 00       		.space	1
  84              		.global	dataready_flag
  85              		.type	dataready_flag, %object
  86              		.size	dataready_flag, 1
  87              	dataready_flag:
  88 0011 00       		.space	1
  89              		.global	flag_rf_transmission_active
  90              		.data
  91              		.type	flag_rf_transmission_active, %object
  92              		.size	flag_rf_transmission_active, 1
  93              	flag_rf_transmission_active:
  94 0000 0A       		.byte	10
  95              		.global	displaystring
  96 0001 000000   		.align	2
  97              		.type	displaystring, %object
  98              		.size	displaystring, 64
  99              	displaystring:
 100 0004 43533330 		.ascii	"CS301 2016\012\000"
 100      31203230 
 100      31360A00 
 101 0010 00000000 		.space	52
 101      00000000 
 101      00000000 
 101      00000000 
 101      00000000 
 102              		.comm	line,64,4
 103              		.comm	entry,64,4
 104              		.comm	usbBuffer,64,4
 105              		.comm	system_state,32,4
 106              		.global	currentState
 107              		.type	currentState, %object
 108              		.size	currentState, 1
ARM GAS  C:\Users\schoo\AppData\Local\Temp\cc0jXQkC.s 			page 3


 109              	currentState:
 110 0044 04       		.byte	4
 111              		.section	.text.main,"ax",%progbits
 112              		.align	2
 113              		.global	main
 114              		.thumb
 115              		.thumb_func
 116              		.type	main, %function
 117              	main:
 118              	.LFB64:
 119              		.file 1 "main.c"
   1:main.c        **** /* ========================================
   2:main.c        ****  * Fully working code: 
   3:main.c        ****  * PWM      : 
   4:main.c        ****  * Encoder  : 
   5:main.c        ****  * ADC      :
   6:main.c        ****  * USB      : port displays speed and position.
   7:main.c        ****  * CMD: "PW xx"
   8:main.c        ****  * Copyright Univ of Auckland, 2016
   9:main.c        ****  * All Rights Reserved
  10:main.c        ****  * UNPUBLISHED, LICENSED SOFTWARE.
  11:main.c        ****  *
  12:main.c        ****  * CONFIDENTIAL AND PROPRIETARY INFORMATION
  13:main.c        ****  * WHICH IS THE PROPERTY OF Univ of Auckland.
  14:main.c        ****  *
  15:main.c        ****  * ========================================
  16:main.c        **** */
  17:main.c        **** #include <stdio.h>
  18:main.c        **** #include <string.h>
  19:main.c        **** #include <stdlib.h>
  20:main.c        **** #include <project.h>
  21:main.c        **** //* ========================================
  22:main.c        **** #include "defines.h"
  23:main.c        **** #include "vars.h"
  24:main.c        **** //* ========================================
  25:main.c        **** //* ==== Our functionsality Includes =======
  26:main.c        **** #include "movement.h"
  27:main.c        **** #include "states.h"
  28:main.c        **** 
  29:main.c        **** //*=========================================
  30:main.c        **** void usbPutString(char *s);
  31:main.c        **** void usbPutChar(char c);
  32:main.c        **** void handle_usb();
  33:main.c        **** //* ========================================
  34:main.c        **** 
  35:main.c        **** uint8_t currentState = DRIVING;
  36:main.c        **** 
  37:main.c        **** int main(){
 120              		.loc 1 37 0
 121              		.cfi_startproc
 122              		@ args = 0, pretend = 0, frame = 0
 123              		@ frame_needed = 1, uses_anonymous_args = 0
 124 0000 80B5     		push	{r7, lr}
 125              		.cfi_def_cfa_offset 8
 126              		.cfi_offset 7, -8
 127              		.cfi_offset 14, -4
 128 0002 00AF     		add	r7, sp, #0
ARM GAS  C:\Users\schoo\AppData\Local\Temp\cc0jXQkC.s 			page 4


 129              		.cfi_def_cfa_register 7
  38:main.c        ****     
  39:main.c        **** // --------------------------------    
  40:main.c        **** // ----- INITIALIZATIONS ----------
  41:main.c        ****         CYGlobalIntEnable;   
 130              		.loc 1 41 0
 131              		.syntax unified
 132              	@ 41 "main.c" 1
 133 0004 62B6     		CPSIE   i
 134              	@ 0 "" 2
  42:main.c        ****     
  43:main.c        ****     M2_INV_Write(1);
 135              		.loc 1 43 0
 136              		.thumb
 137              		.syntax unified
 138 0006 0120     		movs	r0, #1
 139 0008 FFF7FEFF 		bl	M2_INV_Write
  44:main.c        ****     
  45:main.c        ****     //PWM1
  46:main.c        ****     PWM_1_Start();
 140              		.loc 1 46 0
 141 000c FFF7FEFF 		bl	PWM_1_Start
  47:main.c        ****     //PWM2
  48:main.c        ****     PWM_2_Start();   
 142              		.loc 1 48 0
 143 0010 FFF7FEFF 		bl	PWM_2_Start
  49:main.c        ****     
  50:main.c        ****     controlWheels(STOP, STOP);
 144              		.loc 1 50 0
 145 0014 3221     		movs	r1, #50
 146 0016 3220     		movs	r0, #50
 147 0018 FFF7FEFF 		bl	controlWheels
  51:main.c        ****     currentState = DRIVING;
 148              		.loc 1 51 0
 149 001c 364B     		ldr	r3, .L15
 150 001e 0422     		movs	r2, #4
 151 0020 1A70     		strb	r2, [r3]
 152              	.L12:
  52:main.c        ****     
  53:main.c        ****     for(;;){
  54:main.c        **** 
  55:main.c        ****         
  56:main.c        ****         
  57:main.c        ****         switch(currentState){
 153              		.loc 1 57 0
 154 0022 354B     		ldr	r3, .L15
 155 0024 1B78     		ldrb	r3, [r3]	@ zero_extendqisi2
 156 0026 032B     		cmp	r3, #3
 157 0028 32D0     		beq	.L3
 158 002a 042B     		cmp	r3, #4
 159 002c 62D1     		bne	.L2
  58:main.c        ****             case (DRIVING):
  59:main.c        ****             LED_GREEN_Write(1);
 160              		.loc 1 59 0
 161 002e 0120     		movs	r0, #1
 162 0030 FFF7FEFF 		bl	LED_GREEN_Write
  60:main.c        ****             LED_BLUE_Write(0);
ARM GAS  C:\Users\schoo\AppData\Local\Temp\cc0jXQkC.s 			page 5


 163              		.loc 1 60 0
 164 0034 0020     		movs	r0, #0
 165 0036 FFF7FEFF 		bl	LED_BLUE_Write
  61:main.c        ****                 
  62:main.c        ****                 controlWheels(64, MEDIUM_FORWARD);
 166              		.loc 1 62 0
 167 003a 4121     		movs	r1, #65
 168 003c 4020     		movs	r0, #64
 169 003e FFF7FEFF 		bl	controlWheels
  63:main.c        ****                 
  64:main.c        ****                 if (!(Q1_Read() && Q2_Read() && Q3_Read()) && ((Q1_Read() && Q2_Read()) || (Q2_Read
 170              		.loc 1 64 0
 171 0042 FFF7FEFF 		bl	Q1_Read
 172 0046 0346     		mov	r3, r0
 173 0048 002B     		cmp	r3, #0
 174 004a 09D0     		beq	.L5
 175              		.loc 1 64 0 is_stmt 0 discriminator 2
 176 004c FFF7FEFF 		bl	Q2_Read
 177 0050 0346     		mov	r3, r0
 178 0052 002B     		cmp	r3, #0
 179 0054 04D0     		beq	.L5
 180              		.loc 1 64 0 discriminator 4
 181 0056 FFF7FEFF 		bl	Q3_Read
 182 005a 0346     		mov	r3, r0
 183 005c 002B     		cmp	r3, #0
 184 005e 46D1     		bne	.L13
 185              	.L5:
 186              		.loc 1 64 0 discriminator 5
 187 0060 FFF7FEFF 		bl	Q1_Read
 188 0064 0346     		mov	r3, r0
 189 0066 002B     		cmp	r3, #0
 190 0068 04D0     		beq	.L7
 191              		.loc 1 64 0 discriminator 6
 192 006a FFF7FEFF 		bl	Q2_Read
 193 006e 0346     		mov	r3, r0
 194 0070 002B     		cmp	r3, #0
 195 0072 09D1     		bne	.L8
 196              	.L7:
 197              		.loc 1 64 0 discriminator 8
 198 0074 FFF7FEFF 		bl	Q2_Read
 199 0078 0346     		mov	r3, r0
 200 007a 002B     		cmp	r3, #0
 201 007c 37D0     		beq	.L13
 202              		.loc 1 64 0 discriminator 9
 203 007e FFF7FEFF 		bl	Q3_Read
 204 0082 0346     		mov	r3, r0
 205 0084 002B     		cmp	r3, #0
 206 0086 32D0     		beq	.L13
 207              	.L8:
  65:main.c        ****                     currentState = CALIBRATING;
 208              		.loc 1 65 0 is_stmt 1
 209 0088 1B4B     		ldr	r3, .L15
 210 008a 0322     		movs	r2, #3
 211 008c 1A70     		strb	r2, [r3]
  66:main.c        ****                 }
  67:main.c        ****                
  68:main.c        ****                 break;
ARM GAS  C:\Users\schoo\AppData\Local\Temp\cc0jXQkC.s 			page 6


 212              		.loc 1 68 0
 213 008e 2EE0     		b	.L13
 214              	.L3:
  69:main.c        ****                 
  70:main.c        ****             case (CALIBRATING):
  71:main.c        ****                 LED_GREEN_Write(0);
 215              		.loc 1 71 0
 216 0090 0020     		movs	r0, #0
 217 0092 FFF7FEFF 		bl	LED_GREEN_Write
  72:main.c        ****                 LED_BLUE_Write(1);
 218              		.loc 1 72 0
 219 0096 0120     		movs	r0, #1
 220 0098 FFF7FEFF 		bl	LED_BLUE_Write
  73:main.c        ****                 controlWheels(64, MEDIUM_FORWARD);
 221              		.loc 1 73 0
 222 009c 4121     		movs	r1, #65
 223 009e 4020     		movs	r0, #64
 224 00a0 FFF7FEFF 		bl	controlWheels
  74:main.c        ****                 
  75:main.c        ****                     if (Q1_Read() && Q2_Read() && Q3_Read()){
 225              		.loc 1 75 0
 226 00a4 FFF7FEFF 		bl	Q1_Read
 227 00a8 0346     		mov	r3, r0
 228 00aa 002B     		cmp	r3, #0
 229 00ac 0CD0     		beq	.L9
 230              		.loc 1 75 0 is_stmt 0 discriminator 1
 231 00ae FFF7FEFF 		bl	Q2_Read
 232 00b2 0346     		mov	r3, r0
 233 00b4 002B     		cmp	r3, #0
 234 00b6 07D0     		beq	.L9
 235              		.loc 1 75 0 discriminator 2
 236 00b8 FFF7FEFF 		bl	Q3_Read
 237 00bc 0346     		mov	r3, r0
 238 00be 002B     		cmp	r3, #0
 239 00c0 02D0     		beq	.L9
  76:main.c        ****                         currentState = DRIVING;
 240              		.loc 1 76 0 is_stmt 1
 241 00c2 0D4B     		ldr	r3, .L15
 242 00c4 0422     		movs	r2, #4
 243 00c6 1A70     		strb	r2, [r3]
 244              	.L9:
  77:main.c        ****                     }
  78:main.c        ****                     // right correction
  79:main.c        ****                     if (!Q3_Read()){
 245              		.loc 1 79 0
 246 00c8 FFF7FEFF 		bl	Q3_Read
 247 00cc 0346     		mov	r3, r0
 248 00ce 002B     		cmp	r3, #0
 249 00d0 03D1     		bne	.L10
  80:main.c        ****                             controlWheels(MEDIUM_FORWARD, SLOW_FORWARD);
 250              		.loc 1 80 0
 251 00d2 3721     		movs	r1, #55
 252 00d4 4120     		movs	r0, #65
 253 00d6 FFF7FEFF 		bl	controlWheels
 254              	.L10:
  81:main.c        ****                     }
  82:main.c        ****                     // left correction
ARM GAS  C:\Users\schoo\AppData\Local\Temp\cc0jXQkC.s 			page 7


  83:main.c        ****                     if (!Q1_Read()){
 255              		.loc 1 83 0
 256 00da FFF7FEFF 		bl	Q1_Read
 257 00de 0346     		mov	r3, r0
 258 00e0 002B     		cmp	r3, #0
 259 00e2 06D1     		bne	.L14
  84:main.c        ****                         controlWheels(SLOW_FORWARD, MEDIUM_FORWARD);  
 260              		.loc 1 84 0
 261 00e4 4121     		movs	r1, #65
 262 00e6 3720     		movs	r0, #55
 263 00e8 FFF7FEFF 		bl	controlWheels
  85:main.c        ****                     }
  86:main.c        ****                  
  87:main.c        ****                 break;
 264              		.loc 1 87 0
 265 00ec 01E0     		b	.L14
 266              	.L13:
  68:main.c        ****                 
 267              		.loc 1 68 0
 268 00ee 00BF     		nop
 269 00f0 97E7     		b	.L12
 270              	.L14:
 271              		.loc 1 87 0
 272 00f2 00BF     		nop
 273              	.L2:
  88:main.c        ****         }
  89:main.c        ****            
  90:main.c        ****     }
 274              		.loc 1 90 0 discriminator 1
 275 00f4 95E7     		b	.L12
 276              	.L16:
 277 00f6 00BF     		.align	2
 278              	.L15:
 279 00f8 00000000 		.word	currentState
 280              		.cfi_endproc
 281              	.LFE64:
 282              		.size	main, .-main
 283              		.section	.text.usbPutString,"ax",%progbits
 284              		.align	2
 285              		.global	usbPutString
 286              		.thumb
 287              		.thumb_func
 288              		.type	usbPutString, %function
 289              	usbPutString:
 290              	.LFB65:
  91:main.c        ****             
  92:main.c        ****         
  93:main.c        ****     
  94:main.c        **** }//End main
  95:main.c        **** 
  96:main.c        **** 
  97:main.c        **** 
  98:main.c        **** //* ========================================
  99:main.c        **** void usbPutString(char *s)
 100:main.c        **** {
 291              		.loc 1 100 0
 292              		.cfi_startproc
ARM GAS  C:\Users\schoo\AppData\Local\Temp\cc0jXQkC.s 			page 8


 293              		@ args = 0, pretend = 0, frame = 8
 294              		@ frame_needed = 1, uses_anonymous_args = 0
 295 0000 80B5     		push	{r7, lr}
 296              		.cfi_def_cfa_offset 8
 297              		.cfi_offset 7, -8
 298              		.cfi_offset 14, -4
 299 0002 82B0     		sub	sp, sp, #8
 300              		.cfi_def_cfa_offset 16
 301 0004 00AF     		add	r7, sp, #0
 302              		.cfi_def_cfa_register 7
 303 0006 7860     		str	r0, [r7, #4]
 101:main.c        **** // !! Assumes that *s is a string with allocated space >=64 chars     
 102:main.c        **** //  Since USB implementation retricts data packets to 64 chars, this function truncates the
 103:main.c        **** //  length to 62 char (63rd char is a '!')
 104:main.c        **** 
 105:main.c        **** #ifdef USE_USB     
 106:main.c        ****     while (USBUART_CDCIsReady() == 0);
 304              		.loc 1 106 0
 305 0008 00BF     		nop
 306              	.L18:
 307              		.loc 1 106 0 is_stmt 0 discriminator 1
 308 000a FFF7FEFF 		bl	USBUART_CDCIsReady
 309 000e 0346     		mov	r3, r0
 310 0010 002B     		cmp	r3, #0
 311 0012 FAD0     		beq	.L18
 107:main.c        ****     s[63]='\0';
 312              		.loc 1 107 0 is_stmt 1
 313 0014 7B68     		ldr	r3, [r7, #4]
 314 0016 3F33     		adds	r3, r3, #63
 315 0018 0022     		movs	r2, #0
 316 001a 1A70     		strb	r2, [r3]
 108:main.c        ****     s[62]='!';
 317              		.loc 1 108 0
 318 001c 7B68     		ldr	r3, [r7, #4]
 319 001e 3E33     		adds	r3, r3, #62
 320 0020 2122     		movs	r2, #33
 321 0022 1A70     		strb	r2, [r3]
 109:main.c        ****     USBUART_PutData((uint8*)s,strlen(s));
 322              		.loc 1 109 0
 323 0024 7868     		ldr	r0, [r7, #4]
 324 0026 FFF7FEFF 		bl	strlen
 325 002a 0346     		mov	r3, r0
 326 002c 9BB2     		uxth	r3, r3
 327 002e 1946     		mov	r1, r3
 328 0030 7868     		ldr	r0, [r7, #4]
 329 0032 FFF7FEFF 		bl	USBUART_PutData
 110:main.c        **** #endif
 111:main.c        **** }
 330              		.loc 1 111 0
 331 0036 00BF     		nop
 332 0038 0837     		adds	r7, r7, #8
 333              		.cfi_def_cfa_offset 8
 334 003a BD46     		mov	sp, r7
 335              		.cfi_def_cfa_register 13
 336              		@ sp needed
 337 003c 80BD     		pop	{r7, pc}
 338              		.cfi_endproc
ARM GAS  C:\Users\schoo\AppData\Local\Temp\cc0jXQkC.s 			page 9


 339              	.LFE65:
 340              		.size	usbPutString, .-usbPutString
 341 003e 00BF     		.section	.text.usbPutChar,"ax",%progbits
 342              		.align	2
 343              		.global	usbPutChar
 344              		.thumb
 345              		.thumb_func
 346              		.type	usbPutChar, %function
 347              	usbPutChar:
 348              	.LFB66:
 112:main.c        **** //* ========================================
 113:main.c        **** void usbPutChar(char c)
 114:main.c        **** {
 349              		.loc 1 114 0
 350              		.cfi_startproc
 351              		@ args = 0, pretend = 0, frame = 8
 352              		@ frame_needed = 1, uses_anonymous_args = 0
 353 0000 80B5     		push	{r7, lr}
 354              		.cfi_def_cfa_offset 8
 355              		.cfi_offset 7, -8
 356              		.cfi_offset 14, -4
 357 0002 82B0     		sub	sp, sp, #8
 358              		.cfi_def_cfa_offset 16
 359 0004 00AF     		add	r7, sp, #0
 360              		.cfi_def_cfa_register 7
 361 0006 0346     		mov	r3, r0
 362 0008 FB71     		strb	r3, [r7, #7]
 115:main.c        **** #ifdef USE_USB     
 116:main.c        ****     while (USBUART_CDCIsReady() == 0);
 363              		.loc 1 116 0
 364 000a 00BF     		nop
 365              	.L20:
 366              		.loc 1 116 0 is_stmt 0 discriminator 1
 367 000c FFF7FEFF 		bl	USBUART_CDCIsReady
 368 0010 0346     		mov	r3, r0
 369 0012 002B     		cmp	r3, #0
 370 0014 FAD0     		beq	.L20
 117:main.c        ****     USBUART_PutChar(c);
 371              		.loc 1 117 0 is_stmt 1
 372 0016 FB79     		ldrb	r3, [r7, #7]	@ zero_extendqisi2
 373 0018 1846     		mov	r0, r3
 374 001a FFF7FEFF 		bl	USBUART_PutChar
 118:main.c        **** #endif    
 119:main.c        **** }
 375              		.loc 1 119 0
 376 001e 00BF     		nop
 377 0020 0837     		adds	r7, r7, #8
 378              		.cfi_def_cfa_offset 8
 379 0022 BD46     		mov	sp, r7
 380              		.cfi_def_cfa_register 13
 381              		@ sp needed
 382 0024 80BD     		pop	{r7, pc}
 383              		.cfi_endproc
 384              	.LFE66:
 385              		.size	usbPutChar, .-usbPutChar
 386 0026 00BF     		.text
 387              	.Letext0:
ARM GAS  C:\Users\schoo\AppData\Local\Temp\cc0jXQkC.s 			page 10


 388              		.file 2 "c:\\program files (x86)\\cypress\\psoc creator\\4.2\\psoc creator\\import\\gnu\\arm\\5.4.
 389              		.file 3 "c:\\program files (x86)\\cypress\\psoc creator\\4.2\\psoc creator\\import\\gnu\\arm\\5.4.
 390              		.file 4 "Generated_Source\\PSoC5/cytypes.h"
 391              		.file 5 "vars.h"
 392              		.file 6 "Generated_Source\\PSoC5/core_cm3.h"
 393              		.section	.debug_info,"",%progbits
 394              	.Ldebug_info0:
 395 0000 A3030000 		.4byte	0x3a3
 396 0004 0400     		.2byte	0x4
 397 0006 00000000 		.4byte	.Ldebug_abbrev0
 398 000a 04       		.byte	0x4
 399 000b 01       		.uleb128 0x1
 400 000c 5E000000 		.4byte	.LASF61
 401 0010 0C       		.byte	0xc
 402 0011 08030000 		.4byte	.LASF62
 403 0015 B8010000 		.4byte	.LASF63
 404 0019 00000000 		.4byte	.Ldebug_ranges0+0
 405 001d 00000000 		.4byte	0
 406 0021 00000000 		.4byte	.Ldebug_line0
 407 0025 02       		.uleb128 0x2
 408 0026 01       		.byte	0x1
 409 0027 06       		.byte	0x6
 410 0028 57020000 		.4byte	.LASF0
 411 002c 03       		.uleb128 0x3
 412 002d 7F010000 		.4byte	.LASF4
 413 0031 02       		.byte	0x2
 414 0032 1D       		.byte	0x1d
 415 0033 37000000 		.4byte	0x37
 416 0037 02       		.uleb128 0x2
 417 0038 01       		.byte	0x1
 418 0039 08       		.byte	0x8
 419 003a 31020000 		.4byte	.LASF1
 420 003e 02       		.uleb128 0x2
 421 003f 02       		.byte	0x2
 422 0040 05       		.byte	0x5
 423 0041 34000000 		.4byte	.LASF2
 424 0045 02       		.uleb128 0x2
 425 0046 02       		.byte	0x2
 426 0047 07       		.byte	0x7
 427 0048 A7020000 		.4byte	.LASF3
 428 004c 03       		.uleb128 0x3
 429 004d 3D030000 		.4byte	.LASF5
 430 0051 02       		.byte	0x2
 431 0052 3F       		.byte	0x3f
 432 0053 57000000 		.4byte	0x57
 433 0057 02       		.uleb128 0x2
 434 0058 04       		.byte	0x4
 435 0059 05       		.byte	0x5
 436 005a 76010000 		.4byte	.LASF6
 437 005e 02       		.uleb128 0x2
 438 005f 04       		.byte	0x4
 439 0060 07       		.byte	0x7
 440 0061 0F030000 		.4byte	.LASF7
 441 0065 02       		.uleb128 0x2
 442 0066 08       		.byte	0x8
 443 0067 05       		.byte	0x5
 444 0068 2A010000 		.4byte	.LASF8
ARM GAS  C:\Users\schoo\AppData\Local\Temp\cc0jXQkC.s 			page 11


 445 006c 02       		.uleb128 0x2
 446 006d 08       		.byte	0x8
 447 006e 07       		.byte	0x7
 448 006f 63020000 		.4byte	.LASF9
 449 0073 04       		.uleb128 0x4
 450 0074 04       		.byte	0x4
 451 0075 05       		.byte	0x5
 452 0076 696E7400 		.ascii	"int\000"
 453 007a 02       		.uleb128 0x2
 454 007b 04       		.byte	0x4
 455 007c 07       		.byte	0x7
 456 007d 7A020000 		.4byte	.LASF10
 457 0081 02       		.uleb128 0x2
 458 0082 08       		.byte	0x8
 459 0083 04       		.byte	0x4
 460 0084 AC010000 		.4byte	.LASF11
 461 0088 02       		.uleb128 0x2
 462 0089 04       		.byte	0x4
 463 008a 07       		.byte	0x7
 464 008b 4B000000 		.4byte	.LASF12
 465 008f 05       		.uleb128 0x5
 466 0090 04       		.byte	0x4
 467 0091 95000000 		.4byte	0x95
 468 0095 02       		.uleb128 0x2
 469 0096 01       		.byte	0x1
 470 0097 08       		.byte	0x8
 471 0098 C4020000 		.4byte	.LASF13
 472 009c 03       		.uleb128 0x3
 473 009d 47030000 		.4byte	.LASF14
 474 00a1 03       		.byte	0x3
 475 00a2 18       		.byte	0x18
 476 00a3 2C000000 		.4byte	0x2c
 477 00a7 03       		.uleb128 0x3
 478 00a8 D4020000 		.4byte	.LASF15
 479 00ac 03       		.byte	0x3
 480 00ad 2C       		.byte	0x2c
 481 00ae 4C000000 		.4byte	0x4c
 482 00b2 06       		.uleb128 0x6
 483 00b3 04010000 		.4byte	.LASF16
 484 00b7 04       		.byte	0x4
 485 00b8 E701     		.2byte	0x1e7
 486 00ba 37000000 		.4byte	0x37
 487 00be 06       		.uleb128 0x6
 488 00bf F1000000 		.4byte	.LASF17
 489 00c3 04       		.byte	0x4
 490 00c4 E801     		.2byte	0x1e8
 491 00c6 45000000 		.4byte	0x45
 492 00ca 06       		.uleb128 0x6
 493 00cb 45010000 		.4byte	.LASF18
 494 00cf 04       		.byte	0x4
 495 00d0 EA01     		.2byte	0x1ea
 496 00d2 25000000 		.4byte	0x25
 497 00d6 06       		.uleb128 0x6
 498 00d7 FE000000 		.4byte	.LASF19
 499 00db 04       		.byte	0x4
 500 00dc EB01     		.2byte	0x1eb
 501 00de 3E000000 		.4byte	0x3e
ARM GAS  C:\Users\schoo\AppData\Local\Temp\cc0jXQkC.s 			page 12


 502 00e2 02       		.uleb128 0x2
 503 00e3 04       		.byte	0x4
 504 00e4 04       		.byte	0x4
 505 00e5 24010000 		.4byte	.LASF20
 506 00e9 02       		.uleb128 0x2
 507 00ea 08       		.byte	0x8
 508 00eb 04       		.byte	0x4
 509 00ec 21030000 		.4byte	.LASF21
 510 00f0 07       		.uleb128 0x7
 511 00f1 BA020000 		.4byte	.LASF64
 512 00f5 20       		.byte	0x20
 513 00f6 05       		.byte	0x5
 514 00f7 29       		.byte	0x29
 515 00f8 C9010000 		.4byte	0x1c9
 516 00fc 08       		.uleb128 0x8
 517 00fd A0030000 		.4byte	.LASF22
 518 0101 05       		.byte	0x5
 519 0102 2A       		.byte	0x2a
 520 0103 CA000000 		.4byte	0xca
 521 0107 00       		.byte	0
 522 0108 08       		.uleb128 0x8
 523 0109 F8000000 		.4byte	.LASF23
 524 010d 05       		.byte	0x5
 525 010e 2B       		.byte	0x2b
 526 010f B2000000 		.4byte	0xb2
 527 0113 01       		.byte	0x1
 528 0114 08       		.uleb128 0x8
 529 0115 C9020000 		.4byte	.LASF24
 530 0119 05       		.byte	0x5
 531 011a 2C       		.byte	0x2c
 532 011b D6000000 		.4byte	0xd6
 533 011f 02       		.byte	0x2
 534 0120 08       		.uleb128 0x8
 535 0121 88030000 		.4byte	.LASF25
 536 0125 05       		.byte	0x5
 537 0126 2D       		.byte	0x2d
 538 0127 D6000000 		.4byte	0xd6
 539 012b 04       		.byte	0x4
 540 012c 08       		.uleb128 0x8
 541 012d A5030000 		.4byte	.LASF26
 542 0131 05       		.byte	0x5
 543 0132 2E       		.byte	0x2e
 544 0133 D6000000 		.4byte	0xd6
 545 0137 06       		.byte	0x6
 546 0138 08       		.uleb128 0x8
 547 0139 6E010000 		.4byte	.LASF27
 548 013d 05       		.byte	0x5
 549 013e 2F       		.byte	0x2f
 550 013f D6000000 		.4byte	0xd6
 551 0143 08       		.byte	0x8
 552 0144 08       		.uleb128 0x8
 553 0145 4F030000 		.4byte	.LASF28
 554 0149 05       		.byte	0x5
 555 014a 30       		.byte	0x30
 556 014b D6000000 		.4byte	0xd6
 557 014f 0A       		.byte	0xa
 558 0150 08       		.uleb128 0x8
ARM GAS  C:\Users\schoo\AppData\Local\Temp\cc0jXQkC.s 			page 13


 559 0151 3F020000 		.4byte	.LASF29
 560 0155 05       		.byte	0x5
 561 0156 31       		.byte	0x31
 562 0157 D6000000 		.4byte	0xd6
 563 015b 0C       		.byte	0xc
 564 015c 08       		.uleb128 0x8
 565 015d 61010000 		.4byte	.LASF30
 566 0161 05       		.byte	0x5
 567 0162 32       		.byte	0x32
 568 0163 D6000000 		.4byte	0xd6
 569 0167 0E       		.byte	0xe
 570 0168 08       		.uleb128 0x8
 571 0169 9F020000 		.4byte	.LASF31
 572 016d 05       		.byte	0x5
 573 016e 33       		.byte	0x33
 574 016f D6000000 		.4byte	0xd6
 575 0173 10       		.byte	0x10
 576 0174 08       		.uleb128 0x8
 577 0175 DC020000 		.4byte	.LASF32
 578 0179 05       		.byte	0x5
 579 017a 34       		.byte	0x34
 580 017b D6000000 		.4byte	0xd6
 581 017f 12       		.byte	0x12
 582 0180 08       		.uleb128 0x8
 583 0181 F1020000 		.4byte	.LASF33
 584 0185 05       		.byte	0x5
 585 0186 35       		.byte	0x35
 586 0187 D6000000 		.4byte	0xd6
 587 018b 14       		.byte	0x14
 588 018c 08       		.uleb128 0x8
 589 018d 0A010000 		.4byte	.LASF34
 590 0191 05       		.byte	0x5
 591 0192 36       		.byte	0x36
 592 0193 D6000000 		.4byte	0xd6
 593 0197 16       		.byte	0x16
 594 0198 08       		.uleb128 0x8
 595 0199 2C000000 		.4byte	.LASF35
 596 019d 05       		.byte	0x5
 597 019e 37       		.byte	0x37
 598 019f D6000000 		.4byte	0xd6
 599 01a3 18       		.byte	0x18
 600 01a4 08       		.uleb128 0x8
 601 01a5 59010000 		.4byte	.LASF36
 602 01a9 05       		.byte	0x5
 603 01aa 38       		.byte	0x38
 604 01ab D6000000 		.4byte	0xd6
 605 01af 1A       		.byte	0x1a
 606 01b0 08       		.uleb128 0x8
 607 01b1 96020000 		.4byte	.LASF37
 608 01b5 05       		.byte	0x5
 609 01b6 39       		.byte	0x39
 610 01b7 D6000000 		.4byte	0xd6
 611 01bb 1C       		.byte	0x1c
 612 01bc 08       		.uleb128 0x8
 613 01bd E4020000 		.4byte	.LASF38
 614 01c1 05       		.byte	0x5
 615 01c2 3A       		.byte	0x3a
ARM GAS  C:\Users\schoo\AppData\Local\Temp\cc0jXQkC.s 			page 14


 616 01c3 D6000000 		.4byte	0xd6
 617 01c7 1E       		.byte	0x1e
 618 01c8 00       		.byte	0
 619 01c9 09       		.uleb128 0x9
 620 01ca EC000000 		.4byte	.LASF65
 621 01ce 01       		.byte	0x1
 622 01cf 25       		.byte	0x25
 623 01d0 73000000 		.4byte	0x73
 624 01d4 00000000 		.4byte	.LFB64
 625 01d8 FC000000 		.4byte	.LFE64-.LFB64
 626 01dc 01       		.uleb128 0x1
 627 01dd 9C       		.byte	0x9c
 628 01de 0A       		.uleb128 0xa
 629 01df 38010000 		.4byte	.LASF39
 630 01e3 01       		.byte	0x1
 631 01e4 63       		.byte	0x63
 632 01e5 00000000 		.4byte	.LFB65
 633 01e9 3E000000 		.4byte	.LFE65-.LFB65
 634 01ed 01       		.uleb128 0x1
 635 01ee 9C       		.byte	0x9c
 636 01ef 00020000 		.4byte	0x200
 637 01f3 0B       		.uleb128 0xb
 638 01f4 7300     		.ascii	"s\000"
 639 01f6 01       		.byte	0x1
 640 01f7 63       		.byte	0x63
 641 01f8 8F000000 		.4byte	0x8f
 642 01fc 02       		.uleb128 0x2
 643 01fd 91       		.byte	0x91
 644 01fe 74       		.sleb128 -12
 645 01ff 00       		.byte	0
 646 0200 0A       		.uleb128 0xa
 647 0201 00000000 		.4byte	.LASF40
 648 0205 01       		.byte	0x1
 649 0206 71       		.byte	0x71
 650 0207 00000000 		.4byte	.LFB66
 651 020b 26000000 		.4byte	.LFE66-.LFB66
 652 020f 01       		.uleb128 0x1
 653 0210 9C       		.byte	0x9c
 654 0211 22020000 		.4byte	0x222
 655 0215 0B       		.uleb128 0xb
 656 0216 6300     		.ascii	"c\000"
 657 0218 01       		.byte	0x1
 658 0219 71       		.byte	0x71
 659 021a 95000000 		.4byte	0x95
 660 021e 02       		.uleb128 0x2
 661 021f 91       		.byte	0x91
 662 0220 77       		.sleb128 -9
 663 0221 00       		.byte	0
 664 0222 0C       		.uleb128 0xc
 665 0223 93030000 		.4byte	.LASF41
 666 0227 06       		.byte	0x6
 667 0228 1207     		.2byte	0x712
 668 022a 2E020000 		.4byte	0x22e
 669 022e 0D       		.uleb128 0xd
 670 022f A7000000 		.4byte	0xa7
 671 0233 0E       		.uleb128 0xe
 672 0234 747300   		.ascii	"ts\000"
ARM GAS  C:\Users\schoo\AppData\Local\Temp\cc0jXQkC.s 			page 15


 673 0237 05       		.byte	0x5
 674 0238 10       		.byte	0x10
 675 0239 B2000000 		.4byte	0xb2
 676 023d 05       		.uleb128 0x5
 677 023e 03       		.byte	0x3
 678 023f 00000000 		.4byte	ts
 679 0243 0F       		.uleb128 0xf
 680 0244 0B000000 		.4byte	.LASF42
 681 0248 05       		.byte	0x5
 682 0249 11       		.byte	0x11
 683 024a BE000000 		.4byte	0xbe
 684 024e 05       		.uleb128 0x5
 685 024f 03       		.byte	0x3
 686 0250 00000000 		.4byte	ts_enc
 687 0254 0F       		.uleb128 0xf
 688 0255 62030000 		.4byte	.LASF43
 689 0259 05       		.byte	0x5
 690 025a 12       		.byte	0x12
 691 025b BE000000 		.4byte	0xbe
 692 025f 05       		.uleb128 0x5
 693 0260 03       		.byte	0x3
 694 0261 00000000 		.4byte	ts_update
 695 0265 0F       		.uleb128 0xf
 696 0266 28030000 		.4byte	.LASF44
 697 026a 05       		.byte	0x5
 698 026b 13       		.byte	0x13
 699 026c BE000000 		.4byte	0xbe
 700 0270 05       		.uleb128 0x5
 701 0271 03       		.byte	0x3
 702 0272 00000000 		.4byte	ts_speed
 703 0276 0F       		.uleb128 0xf
 704 0277 57030000 		.4byte	.LASF45
 705 027b 05       		.byte	0x5
 706 027c 14       		.byte	0x14
 707 027d BE000000 		.4byte	0xbe
 708 0281 05       		.uleb128 0x5
 709 0282 03       		.byte	0x3
 710 0283 00000000 		.4byte	ts_display
 711 0287 0F       		.uleb128 0xf
 712 0288 31030000 		.4byte	.LASF46
 713 028c 05       		.byte	0x5
 714 028d 16       		.byte	0x16
 715 028e B2000000 		.4byte	0xb2
 716 0292 05       		.uleb128 0x5
 717 0293 03       		.byte	0x3
 718 0294 00000000 		.4byte	flag_ts_enc
 719 0298 0F       		.uleb128 0xf
 720 0299 4A010000 		.4byte	.LASF47
 721 029d 05       		.byte	0x5
 722 029e 17       		.byte	0x17
 723 029f B2000000 		.4byte	0xb2
 724 02a3 05       		.uleb128 0x5
 725 02a4 03       		.byte	0x3
 726 02a5 00000000 		.4byte	flag_ts_update
 727 02a9 0F       		.uleb128 0xf
 728 02aa 1E000000 		.4byte	.LASF48
 729 02ae 05       		.byte	0x5
ARM GAS  C:\Users\schoo\AppData\Local\Temp\cc0jXQkC.s 			page 16


 730 02af 18       		.byte	0x18
 731 02b0 B2000000 		.4byte	0xb2
 732 02b4 05       		.uleb128 0x5
 733 02b5 03       		.byte	0x3
 734 02b6 00000000 		.4byte	flag_ts_speed
 735 02ba 0F       		.uleb128 0xf
 736 02bb 8E010000 		.4byte	.LASF49
 737 02bf 05       		.byte	0x5
 738 02c0 19       		.byte	0x19
 739 02c1 B2000000 		.4byte	0xb2
 740 02c5 05       		.uleb128 0x5
 741 02c6 03       		.byte	0x3
 742 02c7 00000000 		.4byte	flag_ts_display
 743 02cb 0F       		.uleb128 0xf
 744 02cc 9E010000 		.4byte	.LASF50
 745 02d0 05       		.byte	0x5
 746 02d1 1C       		.byte	0x1c
 747 02d2 B2000000 		.4byte	0xb2
 748 02d6 05       		.uleb128 0x5
 749 02d7 03       		.byte	0x3
 750 02d8 00000000 		.4byte	flag_rx
 751 02dc 0F       		.uleb128 0xf
 752 02dd 12000000 		.4byte	.LASF51
 753 02e1 05       		.byte	0x5
 754 02e2 1D       		.byte	0x1d
 755 02e3 B2000000 		.4byte	0xb2
 756 02e7 05       		.uleb128 0x5
 757 02e8 03       		.byte	0x3
 758 02e9 00000000 		.4byte	flag_packet
 759 02ed 0F       		.uleb128 0xf
 760 02ee 87020000 		.4byte	.LASF52
 761 02f2 05       		.byte	0x5
 762 02f3 1E       		.byte	0x1e
 763 02f4 B2000000 		.4byte	0xb2
 764 02f8 05       		.uleb128 0x5
 765 02f9 03       		.byte	0x3
 766 02fa 00000000 		.4byte	flag_KB_string
 767 02fe 0F       		.uleb128 0xf
 768 02ff 48020000 		.4byte	.LASF53
 769 0303 05       		.byte	0x5
 770 0304 20       		.byte	0x20
 771 0305 B2000000 		.4byte	0xb2
 772 0309 05       		.uleb128 0x5
 773 030a 03       		.byte	0x3
 774 030b 00000000 		.4byte	dataready_flag
 775 030f 0F       		.uleb128 0xf
 776 0310 6C030000 		.4byte	.LASF54
 777 0314 05       		.byte	0x5
 778 0315 22       		.byte	0x22
 779 0316 B2000000 		.4byte	0xb2
 780 031a 05       		.uleb128 0x5
 781 031b 03       		.byte	0x3
 782 031c 00000000 		.4byte	flag_rf_transmission_active
 783 0320 10       		.uleb128 0x10
 784 0321 95000000 		.4byte	0x95
 785 0325 30030000 		.4byte	0x330
 786 0329 11       		.uleb128 0x11
ARM GAS  C:\Users\schoo\AppData\Local\Temp\cc0jXQkC.s 			page 17


 787 032a 88000000 		.4byte	0x88
 788 032e 3F       		.byte	0x3f
 789 032f 00       		.byte	0
 790 0330 0F       		.uleb128 0xf
 791 0331 FA020000 		.4byte	.LASF55
 792 0335 05       		.byte	0x5
 793 0336 25       		.byte	0x25
 794 0337 20030000 		.4byte	0x320
 795 033b 05       		.uleb128 0x5
 796 033c 03       		.byte	0x3
 797 033d 00000000 		.4byte	displaystring
 798 0341 0F       		.uleb128 0xf
 799 0342 89010000 		.4byte	.LASF56
 800 0346 05       		.byte	0x5
 801 0347 26       		.byte	0x26
 802 0348 20030000 		.4byte	0x320
 803 034c 05       		.uleb128 0x5
 804 034d 03       		.byte	0x3
 805 034e 00000000 		.4byte	line
 806 0352 0F       		.uleb128 0xf
 807 0353 A6010000 		.4byte	.LASF57
 808 0357 05       		.byte	0x5
 809 0358 26       		.byte	0x26
 810 0359 20030000 		.4byte	0x320
 811 035d 05       		.uleb128 0x5
 812 035e 03       		.byte	0x3
 813 035f 00000000 		.4byte	entry
 814 0363 10       		.uleb128 0x10
 815 0364 B2000000 		.4byte	0xb2
 816 0368 73030000 		.4byte	0x373
 817 036c 11       		.uleb128 0x11
 818 036d 88000000 		.4byte	0x88
 819 0371 3F       		.byte	0x3f
 820 0372 00       		.byte	0
 821 0373 0F       		.uleb128 0xf
 822 0374 54000000 		.4byte	.LASF58
 823 0378 05       		.byte	0x5
 824 0379 27       		.byte	0x27
 825 037a 63030000 		.4byte	0x363
 826 037e 05       		.uleb128 0x5
 827 037f 03       		.byte	0x3
 828 0380 00000000 		.4byte	usbBuffer
 829 0384 0F       		.uleb128 0xf
 830 0385 3E000000 		.4byte	.LASF59
 831 0389 05       		.byte	0x5
 832 038a 3C       		.byte	0x3c
 833 038b F0000000 		.4byte	0xf0
 834 038f 05       		.uleb128 0x5
 835 0390 03       		.byte	0x3
 836 0391 00000000 		.4byte	system_state
 837 0395 0F       		.uleb128 0xf
 838 0396 17010000 		.4byte	.LASF60
 839 039a 01       		.byte	0x1
 840 039b 23       		.byte	0x23
 841 039c 9C000000 		.4byte	0x9c
 842 03a0 05       		.uleb128 0x5
 843 03a1 03       		.byte	0x3
ARM GAS  C:\Users\schoo\AppData\Local\Temp\cc0jXQkC.s 			page 18


 844 03a2 00000000 		.4byte	currentState
 845 03a6 00       		.byte	0
 846              		.section	.debug_abbrev,"",%progbits
 847              	.Ldebug_abbrev0:
 848 0000 01       		.uleb128 0x1
 849 0001 11       		.uleb128 0x11
 850 0002 01       		.byte	0x1
 851 0003 25       		.uleb128 0x25
 852 0004 0E       		.uleb128 0xe
 853 0005 13       		.uleb128 0x13
 854 0006 0B       		.uleb128 0xb
 855 0007 03       		.uleb128 0x3
 856 0008 0E       		.uleb128 0xe
 857 0009 1B       		.uleb128 0x1b
 858 000a 0E       		.uleb128 0xe
 859 000b 55       		.uleb128 0x55
 860 000c 17       		.uleb128 0x17
 861 000d 11       		.uleb128 0x11
 862 000e 01       		.uleb128 0x1
 863 000f 10       		.uleb128 0x10
 864 0010 17       		.uleb128 0x17
 865 0011 00       		.byte	0
 866 0012 00       		.byte	0
 867 0013 02       		.uleb128 0x2
 868 0014 24       		.uleb128 0x24
 869 0015 00       		.byte	0
 870 0016 0B       		.uleb128 0xb
 871 0017 0B       		.uleb128 0xb
 872 0018 3E       		.uleb128 0x3e
 873 0019 0B       		.uleb128 0xb
 874 001a 03       		.uleb128 0x3
 875 001b 0E       		.uleb128 0xe
 876 001c 00       		.byte	0
 877 001d 00       		.byte	0
 878 001e 03       		.uleb128 0x3
 879 001f 16       		.uleb128 0x16
 880 0020 00       		.byte	0
 881 0021 03       		.uleb128 0x3
 882 0022 0E       		.uleb128 0xe
 883 0023 3A       		.uleb128 0x3a
 884 0024 0B       		.uleb128 0xb
 885 0025 3B       		.uleb128 0x3b
 886 0026 0B       		.uleb128 0xb
 887 0027 49       		.uleb128 0x49
 888 0028 13       		.uleb128 0x13
 889 0029 00       		.byte	0
 890 002a 00       		.byte	0
 891 002b 04       		.uleb128 0x4
 892 002c 24       		.uleb128 0x24
 893 002d 00       		.byte	0
 894 002e 0B       		.uleb128 0xb
 895 002f 0B       		.uleb128 0xb
 896 0030 3E       		.uleb128 0x3e
 897 0031 0B       		.uleb128 0xb
 898 0032 03       		.uleb128 0x3
 899 0033 08       		.uleb128 0x8
 900 0034 00       		.byte	0
ARM GAS  C:\Users\schoo\AppData\Local\Temp\cc0jXQkC.s 			page 19


 901 0035 00       		.byte	0
 902 0036 05       		.uleb128 0x5
 903 0037 0F       		.uleb128 0xf
 904 0038 00       		.byte	0
 905 0039 0B       		.uleb128 0xb
 906 003a 0B       		.uleb128 0xb
 907 003b 49       		.uleb128 0x49
 908 003c 13       		.uleb128 0x13
 909 003d 00       		.byte	0
 910 003e 00       		.byte	0
 911 003f 06       		.uleb128 0x6
 912 0040 16       		.uleb128 0x16
 913 0041 00       		.byte	0
 914 0042 03       		.uleb128 0x3
 915 0043 0E       		.uleb128 0xe
 916 0044 3A       		.uleb128 0x3a
 917 0045 0B       		.uleb128 0xb
 918 0046 3B       		.uleb128 0x3b
 919 0047 05       		.uleb128 0x5
 920 0048 49       		.uleb128 0x49
 921 0049 13       		.uleb128 0x13
 922 004a 00       		.byte	0
 923 004b 00       		.byte	0
 924 004c 07       		.uleb128 0x7
 925 004d 13       		.uleb128 0x13
 926 004e 01       		.byte	0x1
 927 004f 03       		.uleb128 0x3
 928 0050 0E       		.uleb128 0xe
 929 0051 0B       		.uleb128 0xb
 930 0052 0B       		.uleb128 0xb
 931 0053 3A       		.uleb128 0x3a
 932 0054 0B       		.uleb128 0xb
 933 0055 3B       		.uleb128 0x3b
 934 0056 0B       		.uleb128 0xb
 935 0057 01       		.uleb128 0x1
 936 0058 13       		.uleb128 0x13
 937 0059 00       		.byte	0
 938 005a 00       		.byte	0
 939 005b 08       		.uleb128 0x8
 940 005c 0D       		.uleb128 0xd
 941 005d 00       		.byte	0
 942 005e 03       		.uleb128 0x3
 943 005f 0E       		.uleb128 0xe
 944 0060 3A       		.uleb128 0x3a
 945 0061 0B       		.uleb128 0xb
 946 0062 3B       		.uleb128 0x3b
 947 0063 0B       		.uleb128 0xb
 948 0064 49       		.uleb128 0x49
 949 0065 13       		.uleb128 0x13
 950 0066 38       		.uleb128 0x38
 951 0067 0B       		.uleb128 0xb
 952 0068 00       		.byte	0
 953 0069 00       		.byte	0
 954 006a 09       		.uleb128 0x9
 955 006b 2E       		.uleb128 0x2e
 956 006c 00       		.byte	0
 957 006d 3F       		.uleb128 0x3f
ARM GAS  C:\Users\schoo\AppData\Local\Temp\cc0jXQkC.s 			page 20


 958 006e 19       		.uleb128 0x19
 959 006f 03       		.uleb128 0x3
 960 0070 0E       		.uleb128 0xe
 961 0071 3A       		.uleb128 0x3a
 962 0072 0B       		.uleb128 0xb
 963 0073 3B       		.uleb128 0x3b
 964 0074 0B       		.uleb128 0xb
 965 0075 49       		.uleb128 0x49
 966 0076 13       		.uleb128 0x13
 967 0077 11       		.uleb128 0x11
 968 0078 01       		.uleb128 0x1
 969 0079 12       		.uleb128 0x12
 970 007a 06       		.uleb128 0x6
 971 007b 40       		.uleb128 0x40
 972 007c 18       		.uleb128 0x18
 973 007d 9642     		.uleb128 0x2116
 974 007f 19       		.uleb128 0x19
 975 0080 00       		.byte	0
 976 0081 00       		.byte	0
 977 0082 0A       		.uleb128 0xa
 978 0083 2E       		.uleb128 0x2e
 979 0084 01       		.byte	0x1
 980 0085 3F       		.uleb128 0x3f
 981 0086 19       		.uleb128 0x19
 982 0087 03       		.uleb128 0x3
 983 0088 0E       		.uleb128 0xe
 984 0089 3A       		.uleb128 0x3a
 985 008a 0B       		.uleb128 0xb
 986 008b 3B       		.uleb128 0x3b
 987 008c 0B       		.uleb128 0xb
 988 008d 27       		.uleb128 0x27
 989 008e 19       		.uleb128 0x19
 990 008f 11       		.uleb128 0x11
 991 0090 01       		.uleb128 0x1
 992 0091 12       		.uleb128 0x12
 993 0092 06       		.uleb128 0x6
 994 0093 40       		.uleb128 0x40
 995 0094 18       		.uleb128 0x18
 996 0095 9642     		.uleb128 0x2116
 997 0097 19       		.uleb128 0x19
 998 0098 01       		.uleb128 0x1
 999 0099 13       		.uleb128 0x13
 1000 009a 00       		.byte	0
 1001 009b 00       		.byte	0
 1002 009c 0B       		.uleb128 0xb
 1003 009d 05       		.uleb128 0x5
 1004 009e 00       		.byte	0
 1005 009f 03       		.uleb128 0x3
 1006 00a0 08       		.uleb128 0x8
 1007 00a1 3A       		.uleb128 0x3a
 1008 00a2 0B       		.uleb128 0xb
 1009 00a3 3B       		.uleb128 0x3b
 1010 00a4 0B       		.uleb128 0xb
 1011 00a5 49       		.uleb128 0x49
 1012 00a6 13       		.uleb128 0x13
 1013 00a7 02       		.uleb128 0x2
 1014 00a8 18       		.uleb128 0x18
ARM GAS  C:\Users\schoo\AppData\Local\Temp\cc0jXQkC.s 			page 21


 1015 00a9 00       		.byte	0
 1016 00aa 00       		.byte	0
 1017 00ab 0C       		.uleb128 0xc
 1018 00ac 34       		.uleb128 0x34
 1019 00ad 00       		.byte	0
 1020 00ae 03       		.uleb128 0x3
 1021 00af 0E       		.uleb128 0xe
 1022 00b0 3A       		.uleb128 0x3a
 1023 00b1 0B       		.uleb128 0xb
 1024 00b2 3B       		.uleb128 0x3b
 1025 00b3 05       		.uleb128 0x5
 1026 00b4 49       		.uleb128 0x49
 1027 00b5 13       		.uleb128 0x13
 1028 00b6 3F       		.uleb128 0x3f
 1029 00b7 19       		.uleb128 0x19
 1030 00b8 3C       		.uleb128 0x3c
 1031 00b9 19       		.uleb128 0x19
 1032 00ba 00       		.byte	0
 1033 00bb 00       		.byte	0
 1034 00bc 0D       		.uleb128 0xd
 1035 00bd 35       		.uleb128 0x35
 1036 00be 00       		.byte	0
 1037 00bf 49       		.uleb128 0x49
 1038 00c0 13       		.uleb128 0x13
 1039 00c1 00       		.byte	0
 1040 00c2 00       		.byte	0
 1041 00c3 0E       		.uleb128 0xe
 1042 00c4 34       		.uleb128 0x34
 1043 00c5 00       		.byte	0
 1044 00c6 03       		.uleb128 0x3
 1045 00c7 08       		.uleb128 0x8
 1046 00c8 3A       		.uleb128 0x3a
 1047 00c9 0B       		.uleb128 0xb
 1048 00ca 3B       		.uleb128 0x3b
 1049 00cb 0B       		.uleb128 0xb
 1050 00cc 49       		.uleb128 0x49
 1051 00cd 13       		.uleb128 0x13
 1052 00ce 3F       		.uleb128 0x3f
 1053 00cf 19       		.uleb128 0x19
 1054 00d0 02       		.uleb128 0x2
 1055 00d1 18       		.uleb128 0x18
 1056 00d2 00       		.byte	0
 1057 00d3 00       		.byte	0
 1058 00d4 0F       		.uleb128 0xf
 1059 00d5 34       		.uleb128 0x34
 1060 00d6 00       		.byte	0
 1061 00d7 03       		.uleb128 0x3
 1062 00d8 0E       		.uleb128 0xe
 1063 00d9 3A       		.uleb128 0x3a
 1064 00da 0B       		.uleb128 0xb
 1065 00db 3B       		.uleb128 0x3b
 1066 00dc 0B       		.uleb128 0xb
 1067 00dd 49       		.uleb128 0x49
 1068 00de 13       		.uleb128 0x13
 1069 00df 3F       		.uleb128 0x3f
 1070 00e0 19       		.uleb128 0x19
 1071 00e1 02       		.uleb128 0x2
ARM GAS  C:\Users\schoo\AppData\Local\Temp\cc0jXQkC.s 			page 22


 1072 00e2 18       		.uleb128 0x18
 1073 00e3 00       		.byte	0
 1074 00e4 00       		.byte	0
 1075 00e5 10       		.uleb128 0x10
 1076 00e6 01       		.uleb128 0x1
 1077 00e7 01       		.byte	0x1
 1078 00e8 49       		.uleb128 0x49
 1079 00e9 13       		.uleb128 0x13
 1080 00ea 01       		.uleb128 0x1
 1081 00eb 13       		.uleb128 0x13
 1082 00ec 00       		.byte	0
 1083 00ed 00       		.byte	0
 1084 00ee 11       		.uleb128 0x11
 1085 00ef 21       		.uleb128 0x21
 1086 00f0 00       		.byte	0
 1087 00f1 49       		.uleb128 0x49
 1088 00f2 13       		.uleb128 0x13
 1089 00f3 2F       		.uleb128 0x2f
 1090 00f4 0B       		.uleb128 0xb
 1091 00f5 00       		.byte	0
 1092 00f6 00       		.byte	0
 1093 00f7 00       		.byte	0
 1094              		.section	.debug_aranges,"",%progbits
 1095 0000 2C000000 		.4byte	0x2c
 1096 0004 0200     		.2byte	0x2
 1097 0006 00000000 		.4byte	.Ldebug_info0
 1098 000a 04       		.byte	0x4
 1099 000b 00       		.byte	0
 1100 000c 0000     		.2byte	0
 1101 000e 0000     		.2byte	0
 1102 0010 00000000 		.4byte	.LFB64
 1103 0014 FC000000 		.4byte	.LFE64-.LFB64
 1104 0018 00000000 		.4byte	.LFB65
 1105 001c 3E000000 		.4byte	.LFE65-.LFB65
 1106 0020 00000000 		.4byte	.LFB66
 1107 0024 26000000 		.4byte	.LFE66-.LFB66
 1108 0028 00000000 		.4byte	0
 1109 002c 00000000 		.4byte	0
 1110              		.section	.debug_ranges,"",%progbits
 1111              	.Ldebug_ranges0:
 1112 0000 00000000 		.4byte	.LFB64
 1113 0004 FC000000 		.4byte	.LFE64
 1114 0008 00000000 		.4byte	.LFB65
 1115 000c 3E000000 		.4byte	.LFE65
 1116 0010 00000000 		.4byte	.LFB66
 1117 0014 26000000 		.4byte	.LFE66
 1118 0018 00000000 		.4byte	0
 1119 001c 00000000 		.4byte	0
 1120              		.section	.debug_line,"",%progbits
 1121              	.Ldebug_line0:
 1122 0000 EF010000 		.section	.debug_str,"MS",%progbits,1
 1122      02005601 
 1122      00000201 
 1122      FB0E0D00 
 1122      01010101 
 1123              	.LASF40:
 1124 0000 75736250 		.ascii	"usbPutChar\000"
ARM GAS  C:\Users\schoo\AppData\Local\Temp\cc0jXQkC.s 			page 23


 1124      75744368 
 1124      617200
 1125              	.LASF42:
 1126 000b 74735F65 		.ascii	"ts_enc\000"
 1126      6E6300
 1127              	.LASF51:
 1128 0012 666C6167 		.ascii	"flag_packet\000"
 1128      5F706163 
 1128      6B657400 
 1129              	.LASF48:
 1130 001e 666C6167 		.ascii	"flag_ts_speed\000"
 1130      5F74735F 
 1130      73706565 
 1130      6400
 1131              	.LASF35:
 1132 002c 67325F78 		.ascii	"g2_xpos\000"
 1132      706F7300 
 1133              	.LASF2:
 1134 0034 73686F72 		.ascii	"short int\000"
 1134      7420696E 
 1134      7400
 1135              	.LASF59:
 1136 003e 73797374 		.ascii	"system_state\000"
 1136      656D5F73 
 1136      74617465 
 1136      00
 1137              	.LASF12:
 1138 004b 73697A65 		.ascii	"sizetype\000"
 1138      74797065 
 1138      00
 1139              	.LASF58:
 1140 0054 75736242 		.ascii	"usbBuffer\000"
 1140      75666665 
 1140      7200
 1141              	.LASF61:
 1142 005e 474E5520 		.ascii	"GNU C11 5.4.1 20160609 (release) [ARM/embedded-5-br"
 1142      43313120 
 1142      352E342E 
 1142      31203230 
 1142      31363036 
 1143 0091 616E6368 		.ascii	"anch revision 237715] -mcpu=cortex-m3 -mthumb -g -O"
 1143      20726576 
 1143      6973696F 
 1143      6E203233 
 1143      37373135 
 1144 00c4 30202D66 		.ascii	"0 -ffunction-sections -ffat-lto-objects\000"
 1144      66756E63 
 1144      74696F6E 
 1144      2D736563 
 1144      74696F6E 
 1145              	.LASF65:
 1146 00ec 6D61696E 		.ascii	"main\000"
 1146      00
 1147              	.LASF17:
 1148 00f1 75696E74 		.ascii	"uint16\000"
 1148      313600
 1149              	.LASF23:
ARM GAS  C:\Users\schoo\AppData\Local\Temp\cc0jXQkC.s 			page 24


 1150 00f8 696E6465 		.ascii	"index\000"
 1150      7800
 1151              	.LASF19:
 1152 00fe 696E7431 		.ascii	"int16\000"
 1152      3600
 1153              	.LASF16:
 1154 0104 75696E74 		.ascii	"uint8\000"
 1154      3800
 1155              	.LASF34:
 1156 010a 67315F64 		.ascii	"g1_direction\000"
 1156      69726563 
 1156      74696F6E 
 1156      00
 1157              	.LASF60:
 1158 0117 63757272 		.ascii	"currentState\000"
 1158      656E7453 
 1158      74617465 
 1158      00
 1159              	.LASF20:
 1160 0124 666C6F61 		.ascii	"float\000"
 1160      7400
 1161              	.LASF8:
 1162 012a 6C6F6E67 		.ascii	"long long int\000"
 1162      206C6F6E 
 1162      6720696E 
 1162      7400
 1163              	.LASF39:
 1164 0138 75736250 		.ascii	"usbPutString\000"
 1164      75745374 
 1164      72696E67 
 1164      00
 1165              	.LASF18:
 1166 0145 696E7438 		.ascii	"int8\000"
 1166      00
 1167              	.LASF47:
 1168 014a 666C6167 		.ascii	"flag_ts_update\000"
 1168      5F74735F 
 1168      75706461 
 1168      746500
 1169              	.LASF36:
 1170 0159 67325F79 		.ascii	"g2_ypos\000"
 1170      706F7300 
 1171              	.LASF30:
 1172 0161 67305F64 		.ascii	"g0_direction\000"
 1172      69726563 
 1172      74696F6E 
 1172      00
 1173              	.LASF27:
 1174 016e 67305F78 		.ascii	"g0_xpos\000"
 1174      706F7300 
 1175              	.LASF6:
 1176 0176 6C6F6E67 		.ascii	"long int\000"
 1176      20696E74 
 1176      00
 1177              	.LASF4:
 1178 017f 5F5F7569 		.ascii	"__uint8_t\000"
 1178      6E74385F 
ARM GAS  C:\Users\schoo\AppData\Local\Temp\cc0jXQkC.s 			page 25


 1178      7400
 1179              	.LASF56:
 1180 0189 6C696E65 		.ascii	"line\000"
 1180      00
 1181              	.LASF49:
 1182 018e 666C6167 		.ascii	"flag_ts_display\000"
 1182      5F74735F 
 1182      64697370 
 1182      6C617900 
 1183              	.LASF50:
 1184 019e 666C6167 		.ascii	"flag_rx\000"
 1184      5F727800 
 1185              	.LASF57:
 1186 01a6 656E7472 		.ascii	"entry\000"
 1186      7900
 1187              	.LASF11:
 1188 01ac 6C6F6E67 		.ascii	"long double\000"
 1188      20646F75 
 1188      626C6500 
 1189              	.LASF63:
 1190 01b8 433A5C55 		.ascii	"C:\\Users\\schoo\\OneDrive\\Desktop\\12_Cypress_Lin"
 1190      73657273 
 1190      5C736368 
 1190      6F6F5C4F 
 1190      6E654472 
 1191 01e6 65466F6C 		.ascii	"eFollowingRobot\\Final_implementation\\Team12_PsoC_"
 1191      6C6F7769 
 1191      6E67526F 
 1191      626F745C 
 1191      46696E61 
 1192 0217 46696E61 		.ascii	"FinalImplementation.cydsn\000"
 1192      6C496D70 
 1192      6C656D65 
 1192      6E746174 
 1192      696F6E2E 
 1193              	.LASF1:
 1194 0231 756E7369 		.ascii	"unsigned char\000"
 1194      676E6564 
 1194      20636861 
 1194      7200
 1195              	.LASF29:
 1196 023f 67305F73 		.ascii	"g0_speed\000"
 1196      70656564 
 1196      00
 1197              	.LASF53:
 1198 0248 64617461 		.ascii	"dataready_flag\000"
 1198      72656164 
 1198      795F666C 
 1198      616700
 1199              	.LASF0:
 1200 0257 7369676E 		.ascii	"signed char\000"
 1200      65642063 
 1200      68617200 
 1201              	.LASF9:
 1202 0263 6C6F6E67 		.ascii	"long long unsigned int\000"
 1202      206C6F6E 
 1202      6720756E 
ARM GAS  C:\Users\schoo\AppData\Local\Temp\cc0jXQkC.s 			page 26


 1202      7369676E 
 1202      65642069 
 1203              	.LASF10:
 1204 027a 756E7369 		.ascii	"unsigned int\000"
 1204      676E6564 
 1204      20696E74 
 1204      00
 1205              	.LASF52:
 1206 0287 666C6167 		.ascii	"flag_KB_string\000"
 1206      5F4B425F 
 1206      73747269 
 1206      6E6700
 1207              	.LASF37:
 1208 0296 67325F73 		.ascii	"g2_speed\000"
 1208      70656564 
 1208      00
 1209              	.LASF31:
 1210 029f 67315F78 		.ascii	"g1_xpos\000"
 1210      706F7300 
 1211              	.LASF3:
 1212 02a7 73686F72 		.ascii	"short unsigned int\000"
 1212      7420756E 
 1212      7369676E 
 1212      65642069 
 1212      6E7400
 1213              	.LASF64:
 1214 02ba 64617461 		.ascii	"data_main\000"
 1214      5F6D6169 
 1214      6E00
 1215              	.LASF13:
 1216 02c4 63686172 		.ascii	"char\000"
 1216      00
 1217              	.LASF24:
 1218 02c9 726F626F 		.ascii	"robot_xpos\000"
 1218      745F7870 
 1218      6F7300
 1219              	.LASF15:
 1220 02d4 696E7433 		.ascii	"int32_t\000"
 1220      325F7400 
 1221              	.LASF32:
 1222 02dc 67315F79 		.ascii	"g1_ypos\000"
 1222      706F7300 
 1223              	.LASF38:
 1224 02e4 67325F64 		.ascii	"g2_direction\000"
 1224      69726563 
 1224      74696F6E 
 1224      00
 1225              	.LASF33:
 1226 02f1 67315F73 		.ascii	"g1_speed\000"
 1226      70656564 
 1226      00
 1227              	.LASF55:
 1228 02fa 64697370 		.ascii	"displaystring\000"
 1228      6C617973 
 1228      7472696E 
 1228      6700
 1229              	.LASF62:
ARM GAS  C:\Users\schoo\AppData\Local\Temp\cc0jXQkC.s 			page 27


 1230 0308 6D61696E 		.ascii	"main.c\000"
 1230      2E6300
 1231              	.LASF7:
 1232 030f 6C6F6E67 		.ascii	"long unsigned int\000"
 1232      20756E73 
 1232      69676E65 
 1232      6420696E 
 1232      7400
 1233              	.LASF21:
 1234 0321 646F7562 		.ascii	"double\000"
 1234      6C6500
 1235              	.LASF44:
 1236 0328 74735F73 		.ascii	"ts_speed\000"
 1236      70656564 
 1236      00
 1237              	.LASF46:
 1238 0331 666C6167 		.ascii	"flag_ts_enc\000"
 1238      5F74735F 
 1238      656E6300 
 1239              	.LASF5:
 1240 033d 5F5F696E 		.ascii	"__int32_t\000"
 1240      7433325F 
 1240      7400
 1241              	.LASF14:
 1242 0347 75696E74 		.ascii	"uint8_t\000"
 1242      385F7400 
 1243              	.LASF28:
 1244 034f 67305F79 		.ascii	"g0_ypos\000"
 1244      706F7300 
 1245              	.LASF45:
 1246 0357 74735F64 		.ascii	"ts_display\000"
 1246      6973706C 
 1246      617900
 1247              	.LASF43:
 1248 0362 74735F75 		.ascii	"ts_update\000"
 1248      70646174 
 1248      6500
 1249              	.LASF54:
 1250 036c 666C6167 		.ascii	"flag_rf_transmission_active\000"
 1250      5F72665F 
 1250      7472616E 
 1250      736D6973 
 1250      73696F6E 
 1251              	.LASF25:
 1252 0388 726F626F 		.ascii	"robot_ypos\000"
 1252      745F7970 
 1252      6F7300
 1253              	.LASF41:
 1254 0393 49544D5F 		.ascii	"ITM_RxBuffer\000"
 1254      52784275 
 1254      66666572 
 1254      00
 1255              	.LASF22:
 1256 03a0 72737369 		.ascii	"rssi\000"
 1256      00
 1257              	.LASF26:
 1258 03a5 726F626F 		.ascii	"robot_orientation\000"
ARM GAS  C:\Users\schoo\AppData\Local\Temp\cc0jXQkC.s 			page 28


 1258      745F6F72 
 1258      69656E74 
 1258      6174696F 
 1258      6E00
 1259              		.ident	"GCC: (GNU Tools for ARM Embedded Processors) 5.4.1 20160609 (release) [ARM/embedded-5-bran
