ARM GAS  C:\Users\sela847\AppData\Local\Temp\ccnMzewD.s 			page 1


   1              		.syntax unified
   2              		.cpu cortex-m3
   3              		.fpu softvfp
   4              		.eabi_attribute 20, 1
   5              		.eabi_attribute 21, 1
   6              		.eabi_attribute 23, 3
   7              		.eabi_attribute 24, 1
   8              		.eabi_attribute 25, 1
   9              		.eabi_attribute 26, 1
  10              		.eabi_attribute 30, 6
  11              		.eabi_attribute 34, 1
  12              		.eabi_attribute 18, 4
  13              		.thumb
  14              		.syntax unified
  15              		.file	"movement.c"
  16              		.text
  17              	.Ltext0:
  18              		.cfi_sections	.debug_frame
  19              		.global	__aeabi_ui2f
  20              		.global	__aeabi_f2d
  21              		.global	__aeabi_i2d
  22              		.global	__aeabi_ddiv
  23              		.global	__aeabi_dmul
  24              		.global	__aeabi_d2uiz
  25              		.section	.text.controlWheels,"ax",%progbits
  26              		.align	2
  27              		.global	controlWheels
  28              		.thumb
  29              		.thumb_func
  30              		.type	controlWheels, %function
  31              	controlWheels:
  32              	.LFB64:
  33              		.file 1 "movement.c"
   1:movement.c    **** /* ========================================
   2:movement.c    ****  *
   3:movement.c    ****  * Copyright YOUR COMPANY, THE YEAR
   4:movement.c    ****  * All Rights Reserved
   5:movement.c    ****  * UNPUBLISHED, LICENSED SOFTWARE.
   6:movement.c    ****  *
   7:movement.c    ****  * CONFIDENTIAL AND PROPRIETARY INFORMATION
   8:movement.c    ****  * WHICH IS THE PROPERTY OF your company.
   9:movement.c    ****  *
  10:movement.c    ****  * ========================================
  11:movement.c    **** */
  12:movement.c    **** #include <stdio.h>
  13:movement.c    **** #include <string.h>
  14:movement.c    **** #include <stdlib.h>
  15:movement.c    **** #include <project.h>
  16:movement.c    **** 
  17:movement.c    **** #include "movement.h"
  18:movement.c    **** 
  19:movement.c    **** 
  20:movement.c    **** void controlWheels(uint8_t wheel1Duty, uint8_t wheel2Duty){
  34              		.loc 1 20 0
  35              		.cfi_startproc
  36              		@ args = 0, pretend = 0, frame = 16
  37              		@ frame_needed = 1, uses_anonymous_args = 0
ARM GAS  C:\Users\sela847\AppData\Local\Temp\ccnMzewD.s 			page 2


  38 0000 B0B5     		push	{r4, r5, r7, lr}
  39              		.cfi_def_cfa_offset 16
  40              		.cfi_offset 4, -16
  41              		.cfi_offset 5, -12
  42              		.cfi_offset 7, -8
  43              		.cfi_offset 14, -4
  44 0002 84B0     		sub	sp, sp, #16
  45              		.cfi_def_cfa_offset 32
  46 0004 00AF     		add	r7, sp, #0
  47              		.cfi_def_cfa_register 7
  48 0006 0346     		mov	r3, r0
  49 0008 0A46     		mov	r2, r1
  50 000a FB71     		strb	r3, [r7, #7]
  51 000c 1346     		mov	r3, r2
  52 000e BB71     		strb	r3, [r7, #6]
  21:movement.c    ****     
  22:movement.c    ****     //find the compare value, i.e count number of each PWM
  23:movement.c    ****     uint8_t compareValue1 = ((float)PWM_1_ReadPeriod() * (wheel1Duty/100.0));
  53              		.loc 1 23 0
  54 0010 FFF7FEFF 		bl	PWM_1_ReadPeriod
  55 0014 0346     		mov	r3, r0
  56 0016 1846     		mov	r0, r3
  57 0018 FFF7FEFF 		bl	__aeabi_ui2f
  58 001c 0346     		mov	r3, r0
  59 001e 1846     		mov	r0, r3
  60 0020 FFF7FEFF 		bl	__aeabi_f2d
  61 0024 0446     		mov	r4, r0
  62 0026 0D46     		mov	r5, r1
  63 0028 FB79     		ldrb	r3, [r7, #7]	@ zero_extendqisi2
  64 002a 1846     		mov	r0, r3
  65 002c FFF7FEFF 		bl	__aeabi_i2d
  66 0030 4FF00002 		mov	r2, #0
  67 0034 1F4B     		ldr	r3, .L2
  68 0036 FFF7FEFF 		bl	__aeabi_ddiv
  69 003a 0246     		mov	r2, r0
  70 003c 0B46     		mov	r3, r1
  71 003e 2046     		mov	r0, r4
  72 0040 2946     		mov	r1, r5
  73 0042 FFF7FEFF 		bl	__aeabi_dmul
  74 0046 0346     		mov	r3, r0
  75 0048 0C46     		mov	r4, r1
  76 004a 1846     		mov	r0, r3
  77 004c 2146     		mov	r1, r4
  78 004e FFF7FEFF 		bl	__aeabi_d2uiz
  79 0052 0346     		mov	r3, r0
  80 0054 FB73     		strb	r3, [r7, #15]
  24:movement.c    ****     uint8_t compareValue2 = ((float)PWM_2_ReadPeriod() * (wheel2Duty/100.0));
  81              		.loc 1 24 0
  82 0056 FFF7FEFF 		bl	PWM_2_ReadPeriod
  83 005a 0346     		mov	r3, r0
  84 005c 1846     		mov	r0, r3
  85 005e FFF7FEFF 		bl	__aeabi_ui2f
  86 0062 0346     		mov	r3, r0
  87 0064 1846     		mov	r0, r3
  88 0066 FFF7FEFF 		bl	__aeabi_f2d
  89 006a 0446     		mov	r4, r0
  90 006c 0D46     		mov	r5, r1
ARM GAS  C:\Users\sela847\AppData\Local\Temp\ccnMzewD.s 			page 3


  91 006e BB79     		ldrb	r3, [r7, #6]	@ zero_extendqisi2
  92 0070 1846     		mov	r0, r3
  93 0072 FFF7FEFF 		bl	__aeabi_i2d
  94 0076 4FF00002 		mov	r2, #0
  95 007a 0E4B     		ldr	r3, .L2
  96 007c FFF7FEFF 		bl	__aeabi_ddiv
  97 0080 0246     		mov	r2, r0
  98 0082 0B46     		mov	r3, r1
  99 0084 2046     		mov	r0, r4
 100 0086 2946     		mov	r1, r5
 101 0088 FFF7FEFF 		bl	__aeabi_dmul
 102 008c 0346     		mov	r3, r0
 103 008e 0C46     		mov	r4, r1
 104 0090 1846     		mov	r0, r3
 105 0092 2146     		mov	r1, r4
 106 0094 FFF7FEFF 		bl	__aeabi_d2uiz
 107 0098 0346     		mov	r3, r0
 108 009a BB73     		strb	r3, [r7, #14]
  25:movement.c    ****     //set the PWM to the found value
  26:movement.c    ****     PWM_1_WriteCompare(compareValue1);
 109              		.loc 1 26 0
 110 009c FB7B     		ldrb	r3, [r7, #15]	@ zero_extendqisi2
 111 009e 1846     		mov	r0, r3
 112 00a0 FFF7FEFF 		bl	PWM_1_WriteCompare
  27:movement.c    ****     PWM_2_WriteCompare(compareValue2);
 113              		.loc 1 27 0
 114 00a4 BB7B     		ldrb	r3, [r7, #14]	@ zero_extendqisi2
 115 00a6 1846     		mov	r0, r3
 116 00a8 FFF7FEFF 		bl	PWM_2_WriteCompare
  28:movement.c    ****  
  29:movement.c    **** }
 117              		.loc 1 29 0
 118 00ac 00BF     		nop
 119 00ae 1037     		adds	r7, r7, #16
 120              		.cfi_def_cfa_offset 16
 121 00b0 BD46     		mov	sp, r7
 122              		.cfi_def_cfa_register 13
 123              		@ sp needed
 124 00b2 B0BD     		pop	{r4, r5, r7, pc}
 125              	.L3:
 126              		.align	2
 127              	.L2:
 128 00b4 00005940 		.word	1079574528
 129              		.cfi_endproc
 130              	.LFE64:
 131              		.size	controlWheels, .-controlWheels
 132              		.section	.text.turn,"ax",%progbits
 133              		.align	2
 134              		.global	turn
 135              		.thumb
 136              		.thumb_func
 137              		.type	turn, %function
 138              	turn:
 139              	.LFB65:
  30:movement.c    **** 
  31:movement.c    **** void turn(uint8_t dierection){
 140              		.loc 1 31 0
ARM GAS  C:\Users\sela847\AppData\Local\Temp\ccnMzewD.s 			page 4


 141              		.cfi_startproc
 142              		@ args = 0, pretend = 0, frame = 8
 143              		@ frame_needed = 1, uses_anonymous_args = 0
 144 0000 80B5     		push	{r7, lr}
 145              		.cfi_def_cfa_offset 8
 146              		.cfi_offset 7, -8
 147              		.cfi_offset 14, -4
 148 0002 82B0     		sub	sp, sp, #8
 149              		.cfi_def_cfa_offset 16
 150 0004 00AF     		add	r7, sp, #0
 151              		.cfi_def_cfa_register 7
 152 0006 0346     		mov	r3, r0
 153 0008 FB71     		strb	r3, [r7, #7]
  32:movement.c    ****     switch (dierection){
 154              		.loc 1 32 0
 155 000a FB79     		ldrb	r3, [r7, #7]	@ zero_extendqisi2
 156 000c 012B     		cmp	r3, #1
 157 000e 02D0     		beq	.L6
 158 0010 022B     		cmp	r3, #2
 159 0012 05D0     		beq	.L7
  33:movement.c    ****         case(TURN_RIGHT):
  34:movement.c    ****         controlWheels(MEDIUM_FORWARD, STOP);
  35:movement.c    ****         break;
  36:movement.c    ****         
  37:movement.c    ****         case(TURN_LEFT):
  38:movement.c    ****         controlWheels(STOP, MEDIUM_FORWARD);
  39:movement.c    ****         break;
  40:movement.c    ****         
  41:movement.c    ****     }
  42:movement.c    **** }
 160              		.loc 1 42 0
 161 0014 09E0     		b	.L8
 162              	.L6:
  34:movement.c    ****         break;
 163              		.loc 1 34 0
 164 0016 3221     		movs	r1, #50
 165 0018 4220     		movs	r0, #66
 166 001a FFF7FEFF 		bl	controlWheels
  35:movement.c    ****         
 167              		.loc 1 35 0
 168 001e 04E0     		b	.L5
 169              	.L7:
  38:movement.c    ****         break;
 170              		.loc 1 38 0
 171 0020 4221     		movs	r1, #66
 172 0022 3220     		movs	r0, #50
 173 0024 FFF7FEFF 		bl	controlWheels
  39:movement.c    ****         
 174              		.loc 1 39 0
 175 0028 00BF     		nop
 176              	.L5:
 177              	.L8:
 178              		.loc 1 42 0
 179 002a 00BF     		nop
 180 002c 0837     		adds	r7, r7, #8
 181              		.cfi_def_cfa_offset 8
 182 002e BD46     		mov	sp, r7
ARM GAS  C:\Users\sela847\AppData\Local\Temp\ccnMzewD.s 			page 5


 183              		.cfi_def_cfa_register 13
 184              		@ sp needed
 185 0030 80BD     		pop	{r7, pc}
 186              		.cfi_endproc
 187              	.LFE65:
 188              		.size	turn, .-turn
 189 0032 00BF     		.text
 190              	.Letext0:
 191              		.file 2 "c:\\program files (x86)\\cypress\\psoc creator\\4.2\\psoc creator\\import\\gnu\\arm\\5.4.
 192              		.file 3 "c:\\program files (x86)\\cypress\\psoc creator\\4.2\\psoc creator\\import\\gnu\\arm\\5.4.
 193              		.file 4 "Generated_Source\\PSoC5/core_cm3.h"
 194              		.section	.debug_info,"",%progbits
 195              	.Ldebug_info0:
 196 0000 3A010000 		.4byte	0x13a
 197 0004 0400     		.2byte	0x4
 198 0006 00000000 		.4byte	.Ldebug_abbrev0
 199 000a 04       		.byte	0x4
 200 000b 01       		.uleb128 0x1
 201 000c FE000000 		.4byte	.LASF25
 202 0010 0C       		.byte	0xc
 203 0011 F3000000 		.4byte	.LASF26
 204 0015 4F000000 		.4byte	.LASF27
 205 0019 00000000 		.4byte	.Ldebug_ranges0+0
 206 001d 00000000 		.4byte	0
 207 0021 00000000 		.4byte	.Ldebug_line0
 208 0025 02       		.uleb128 0x2
 209 0026 01       		.byte	0x1
 210 0027 06       		.byte	0x6
 211 0028 DA010000 		.4byte	.LASF0
 212 002c 03       		.uleb128 0x3
 213 002d DE000000 		.4byte	.LASF4
 214 0031 02       		.byte	0x2
 215 0032 1D       		.byte	0x1d
 216 0033 37000000 		.4byte	0x37
 217 0037 02       		.uleb128 0x2
 218 0038 01       		.byte	0x1
 219 0039 08       		.byte	0x8
 220 003a 94010000 		.4byte	.LASF1
 221 003e 02       		.uleb128 0x2
 222 003f 02       		.byte	0x2
 223 0040 05       		.byte	0x5
 224 0041 10020000 		.4byte	.LASF2
 225 0045 02       		.uleb128 0x2
 226 0046 02       		.byte	0x2
 227 0047 07       		.byte	0x7
 228 0048 0E000000 		.4byte	.LASF3
 229 004c 03       		.uleb128 0x3
 230 004d F2010000 		.4byte	.LASF5
 231 0051 02       		.byte	0x2
 232 0052 3F       		.byte	0x3f
 233 0053 57000000 		.4byte	0x57
 234 0057 02       		.uleb128 0x2
 235 0058 04       		.byte	0x4
 236 0059 05       		.byte	0x5
 237 005a A7010000 		.4byte	.LASF6
 238 005e 02       		.uleb128 0x2
 239 005f 04       		.byte	0x4
ARM GAS  C:\Users\sela847\AppData\Local\Temp\ccnMzewD.s 			page 6


 240 0060 07       		.byte	0x7
 241 0061 B5000000 		.4byte	.LASF7
 242 0065 02       		.uleb128 0x2
 243 0066 08       		.byte	0x8
 244 0067 05       		.byte	0x5
 245 0068 00000000 		.4byte	.LASF8
 246 006c 02       		.uleb128 0x2
 247 006d 08       		.byte	0x8
 248 006e 07       		.byte	0x7
 249 006f C7000000 		.4byte	.LASF9
 250 0073 04       		.uleb128 0x4
 251 0074 04       		.byte	0x4
 252 0075 05       		.byte	0x5
 253 0076 696E7400 		.ascii	"int\000"
 254 007a 02       		.uleb128 0x2
 255 007b 04       		.byte	0x4
 256 007c 07       		.byte	0x7
 257 007d 26000000 		.4byte	.LASF10
 258 0081 02       		.uleb128 0x2
 259 0082 08       		.byte	0x8
 260 0083 04       		.byte	0x4
 261 0084 E6010000 		.4byte	.LASF11
 262 0088 02       		.uleb128 0x2
 263 0089 04       		.byte	0x4
 264 008a 07       		.byte	0x7
 265 008b 22020000 		.4byte	.LASF12
 266 008f 02       		.uleb128 0x2
 267 0090 01       		.byte	0x1
 268 0091 08       		.byte	0x8
 269 0092 A2010000 		.4byte	.LASF13
 270 0096 03       		.uleb128 0x3
 271 0097 8C010000 		.4byte	.LASF14
 272 009b 03       		.byte	0x3
 273 009c 18       		.byte	0x18
 274 009d 2C000000 		.4byte	0x2c
 275 00a1 03       		.uleb128 0x3
 276 00a2 1A020000 		.4byte	.LASF15
 277 00a6 03       		.byte	0x3
 278 00a7 2C       		.byte	0x2c
 279 00a8 4C000000 		.4byte	0x4c
 280 00ac 02       		.uleb128 0x2
 281 00ad 04       		.byte	0x4
 282 00ae 04       		.byte	0x4
 283 00af FC010000 		.4byte	.LASF16
 284 00b3 02       		.uleb128 0x2
 285 00b4 08       		.byte	0x8
 286 00b5 04       		.byte	0x4
 287 00b6 BB010000 		.4byte	.LASF17
 288 00ba 05       		.uleb128 0x5
 289 00bb 02020000 		.4byte	.LASF22
 290 00bf 01       		.byte	0x1
 291 00c0 14       		.byte	0x14
 292 00c1 00000000 		.4byte	.LFB64
 293 00c5 B8000000 		.4byte	.LFE64-.LFB64
 294 00c9 01       		.uleb128 0x1
 295 00ca 9C       		.byte	0x9c
 296 00cb 08010000 		.4byte	0x108
ARM GAS  C:\Users\sela847\AppData\Local\Temp\ccnMzewD.s 			page 7


 297 00cf 06       		.uleb128 0x6
 298 00d0 E8000000 		.4byte	.LASF18
 299 00d4 01       		.byte	0x1
 300 00d5 14       		.byte	0x14
 301 00d6 96000000 		.4byte	0x96
 302 00da 02       		.uleb128 0x2
 303 00db 91       		.byte	0x91
 304 00dc 67       		.sleb128 -25
 305 00dd 06       		.uleb128 0x6
 306 00de B0010000 		.4byte	.LASF19
 307 00e2 01       		.byte	0x1
 308 00e3 14       		.byte	0x14
 309 00e4 96000000 		.4byte	0x96
 310 00e8 02       		.uleb128 0x2
 311 00e9 91       		.byte	0x91
 312 00ea 66       		.sleb128 -26
 313 00eb 07       		.uleb128 0x7
 314 00ec 33000000 		.4byte	.LASF20
 315 00f0 01       		.byte	0x1
 316 00f1 17       		.byte	0x17
 317 00f2 96000000 		.4byte	0x96
 318 00f6 02       		.uleb128 0x2
 319 00f7 91       		.byte	0x91
 320 00f8 6F       		.sleb128 -17
 321 00f9 07       		.uleb128 0x7
 322 00fa 41000000 		.4byte	.LASF21
 323 00fe 01       		.byte	0x1
 324 00ff 18       		.byte	0x18
 325 0100 96000000 		.4byte	0x96
 326 0104 02       		.uleb128 0x2
 327 0105 91       		.byte	0x91
 328 0106 6E       		.sleb128 -18
 329 0107 00       		.byte	0
 330 0108 05       		.uleb128 0x5
 331 0109 21000000 		.4byte	.LASF23
 332 010d 01       		.byte	0x1
 333 010e 1F       		.byte	0x1f
 334 010f 00000000 		.4byte	.LFB65
 335 0113 32000000 		.4byte	.LFE65-.LFB65
 336 0117 01       		.uleb128 0x1
 337 0118 9C       		.byte	0x9c
 338 0119 2C010000 		.4byte	0x12c
 339 011d 06       		.uleb128 0x6
 340 011e C2010000 		.4byte	.LASF24
 341 0122 01       		.byte	0x1
 342 0123 1F       		.byte	0x1f
 343 0124 96000000 		.4byte	0x96
 344 0128 02       		.uleb128 0x2
 345 0129 91       		.byte	0x91
 346 012a 77       		.sleb128 -9
 347 012b 00       		.byte	0
 348 012c 08       		.uleb128 0x8
 349 012d CD010000 		.4byte	.LASF28
 350 0131 04       		.byte	0x4
 351 0132 1207     		.2byte	0x712
 352 0134 38010000 		.4byte	0x138
 353 0138 09       		.uleb128 0x9
ARM GAS  C:\Users\sela847\AppData\Local\Temp\ccnMzewD.s 			page 8


 354 0139 A1000000 		.4byte	0xa1
 355 013d 00       		.byte	0
 356              		.section	.debug_abbrev,"",%progbits
 357              	.Ldebug_abbrev0:
 358 0000 01       		.uleb128 0x1
 359 0001 11       		.uleb128 0x11
 360 0002 01       		.byte	0x1
 361 0003 25       		.uleb128 0x25
 362 0004 0E       		.uleb128 0xe
 363 0005 13       		.uleb128 0x13
 364 0006 0B       		.uleb128 0xb
 365 0007 03       		.uleb128 0x3
 366 0008 0E       		.uleb128 0xe
 367 0009 1B       		.uleb128 0x1b
 368 000a 0E       		.uleb128 0xe
 369 000b 55       		.uleb128 0x55
 370 000c 17       		.uleb128 0x17
 371 000d 11       		.uleb128 0x11
 372 000e 01       		.uleb128 0x1
 373 000f 10       		.uleb128 0x10
 374 0010 17       		.uleb128 0x17
 375 0011 00       		.byte	0
 376 0012 00       		.byte	0
 377 0013 02       		.uleb128 0x2
 378 0014 24       		.uleb128 0x24
 379 0015 00       		.byte	0
 380 0016 0B       		.uleb128 0xb
 381 0017 0B       		.uleb128 0xb
 382 0018 3E       		.uleb128 0x3e
 383 0019 0B       		.uleb128 0xb
 384 001a 03       		.uleb128 0x3
 385 001b 0E       		.uleb128 0xe
 386 001c 00       		.byte	0
 387 001d 00       		.byte	0
 388 001e 03       		.uleb128 0x3
 389 001f 16       		.uleb128 0x16
 390 0020 00       		.byte	0
 391 0021 03       		.uleb128 0x3
 392 0022 0E       		.uleb128 0xe
 393 0023 3A       		.uleb128 0x3a
 394 0024 0B       		.uleb128 0xb
 395 0025 3B       		.uleb128 0x3b
 396 0026 0B       		.uleb128 0xb
 397 0027 49       		.uleb128 0x49
 398 0028 13       		.uleb128 0x13
 399 0029 00       		.byte	0
 400 002a 00       		.byte	0
 401 002b 04       		.uleb128 0x4
 402 002c 24       		.uleb128 0x24
 403 002d 00       		.byte	0
 404 002e 0B       		.uleb128 0xb
 405 002f 0B       		.uleb128 0xb
 406 0030 3E       		.uleb128 0x3e
 407 0031 0B       		.uleb128 0xb
 408 0032 03       		.uleb128 0x3
 409 0033 08       		.uleb128 0x8
 410 0034 00       		.byte	0
ARM GAS  C:\Users\sela847\AppData\Local\Temp\ccnMzewD.s 			page 9


 411 0035 00       		.byte	0
 412 0036 05       		.uleb128 0x5
 413 0037 2E       		.uleb128 0x2e
 414 0038 01       		.byte	0x1
 415 0039 3F       		.uleb128 0x3f
 416 003a 19       		.uleb128 0x19
 417 003b 03       		.uleb128 0x3
 418 003c 0E       		.uleb128 0xe
 419 003d 3A       		.uleb128 0x3a
 420 003e 0B       		.uleb128 0xb
 421 003f 3B       		.uleb128 0x3b
 422 0040 0B       		.uleb128 0xb
 423 0041 27       		.uleb128 0x27
 424 0042 19       		.uleb128 0x19
 425 0043 11       		.uleb128 0x11
 426 0044 01       		.uleb128 0x1
 427 0045 12       		.uleb128 0x12
 428 0046 06       		.uleb128 0x6
 429 0047 40       		.uleb128 0x40
 430 0048 18       		.uleb128 0x18
 431 0049 9642     		.uleb128 0x2116
 432 004b 19       		.uleb128 0x19
 433 004c 01       		.uleb128 0x1
 434 004d 13       		.uleb128 0x13
 435 004e 00       		.byte	0
 436 004f 00       		.byte	0
 437 0050 06       		.uleb128 0x6
 438 0051 05       		.uleb128 0x5
 439 0052 00       		.byte	0
 440 0053 03       		.uleb128 0x3
 441 0054 0E       		.uleb128 0xe
 442 0055 3A       		.uleb128 0x3a
 443 0056 0B       		.uleb128 0xb
 444 0057 3B       		.uleb128 0x3b
 445 0058 0B       		.uleb128 0xb
 446 0059 49       		.uleb128 0x49
 447 005a 13       		.uleb128 0x13
 448 005b 02       		.uleb128 0x2
 449 005c 18       		.uleb128 0x18
 450 005d 00       		.byte	0
 451 005e 00       		.byte	0
 452 005f 07       		.uleb128 0x7
 453 0060 34       		.uleb128 0x34
 454 0061 00       		.byte	0
 455 0062 03       		.uleb128 0x3
 456 0063 0E       		.uleb128 0xe
 457 0064 3A       		.uleb128 0x3a
 458 0065 0B       		.uleb128 0xb
 459 0066 3B       		.uleb128 0x3b
 460 0067 0B       		.uleb128 0xb
 461 0068 49       		.uleb128 0x49
 462 0069 13       		.uleb128 0x13
 463 006a 02       		.uleb128 0x2
 464 006b 18       		.uleb128 0x18
 465 006c 00       		.byte	0
 466 006d 00       		.byte	0
 467 006e 08       		.uleb128 0x8
ARM GAS  C:\Users\sela847\AppData\Local\Temp\ccnMzewD.s 			page 10


 468 006f 34       		.uleb128 0x34
 469 0070 00       		.byte	0
 470 0071 03       		.uleb128 0x3
 471 0072 0E       		.uleb128 0xe
 472 0073 3A       		.uleb128 0x3a
 473 0074 0B       		.uleb128 0xb
 474 0075 3B       		.uleb128 0x3b
 475 0076 05       		.uleb128 0x5
 476 0077 49       		.uleb128 0x49
 477 0078 13       		.uleb128 0x13
 478 0079 3F       		.uleb128 0x3f
 479 007a 19       		.uleb128 0x19
 480 007b 3C       		.uleb128 0x3c
 481 007c 19       		.uleb128 0x19
 482 007d 00       		.byte	0
 483 007e 00       		.byte	0
 484 007f 09       		.uleb128 0x9
 485 0080 35       		.uleb128 0x35
 486 0081 00       		.byte	0
 487 0082 49       		.uleb128 0x49
 488 0083 13       		.uleb128 0x13
 489 0084 00       		.byte	0
 490 0085 00       		.byte	0
 491 0086 00       		.byte	0
 492              		.section	.debug_aranges,"",%progbits
 493 0000 24000000 		.4byte	0x24
 494 0004 0200     		.2byte	0x2
 495 0006 00000000 		.4byte	.Ldebug_info0
 496 000a 04       		.byte	0x4
 497 000b 00       		.byte	0
 498 000c 0000     		.2byte	0
 499 000e 0000     		.2byte	0
 500 0010 00000000 		.4byte	.LFB64
 501 0014 B8000000 		.4byte	.LFE64-.LFB64
 502 0018 00000000 		.4byte	.LFB65
 503 001c 32000000 		.4byte	.LFE65-.LFB65
 504 0020 00000000 		.4byte	0
 505 0024 00000000 		.4byte	0
 506              		.section	.debug_ranges,"",%progbits
 507              	.Ldebug_ranges0:
 508 0000 00000000 		.4byte	.LFB64
 509 0004 B8000000 		.4byte	.LFE64
 510 0008 00000000 		.4byte	.LFB65
 511 000c 32000000 		.4byte	.LFE65
 512 0010 00000000 		.4byte	0
 513 0014 00000000 		.4byte	0
 514              		.section	.debug_line,"",%progbits
 515              	.Ldebug_line0:
 516 0000 7B010000 		.section	.debug_str,"MS",%progbits,1
 516      02004301 
 516      00000201 
 516      FB0E0D00 
 516      01010101 
 517              	.LASF8:
 518 0000 6C6F6E67 		.ascii	"long long int\000"
 518      206C6F6E 
 518      6720696E 
ARM GAS  C:\Users\sela847\AppData\Local\Temp\ccnMzewD.s 			page 11


 518      7400
 519              	.LASF3:
 520 000e 73686F72 		.ascii	"short unsigned int\000"
 520      7420756E 
 520      7369676E 
 520      65642069 
 520      6E7400
 521              	.LASF23:
 522 0021 7475726E 		.ascii	"turn\000"
 522      00
 523              	.LASF10:
 524 0026 756E7369 		.ascii	"unsigned int\000"
 524      676E6564 
 524      20696E74 
 524      00
 525              	.LASF20:
 526 0033 636F6D70 		.ascii	"compareValue1\000"
 526      61726556 
 526      616C7565 
 526      3100
 527              	.LASF21:
 528 0041 636F6D70 		.ascii	"compareValue2\000"
 528      61726556 
 528      616C7565 
 528      3200
 529              	.LASF27:
 530 004f 483A5C44 		.ascii	"H:\\Documents\\12_Cypress_LineFollowingRobot\\Final"
 530      6F63756D 
 530      656E7473 
 530      5C31325F 
 530      43797072 
 531 007f 5F696D70 		.ascii	"_implementation\\Team12_PsoC_FinalImplementation.cy"
 531      6C656D65 
 531      6E746174 
 531      696F6E5C 
 531      5465616D 
 532 00b1 64736E00 		.ascii	"dsn\000"
 533              	.LASF7:
 534 00b5 6C6F6E67 		.ascii	"long unsigned int\000"
 534      20756E73 
 534      69676E65 
 534      6420696E 
 534      7400
 535              	.LASF9:
 536 00c7 6C6F6E67 		.ascii	"long long unsigned int\000"
 536      206C6F6E 
 536      6720756E 
 536      7369676E 
 536      65642069 
 537              	.LASF4:
 538 00de 5F5F7569 		.ascii	"__uint8_t\000"
 538      6E74385F 
 538      7400
 539              	.LASF18:
 540 00e8 77686565 		.ascii	"wheel1Duty\000"
 540      6C314475 
 540      747900
ARM GAS  C:\Users\sela847\AppData\Local\Temp\ccnMzewD.s 			page 12


 541              	.LASF26:
 542 00f3 6D6F7665 		.ascii	"movement.c\000"
 542      6D656E74 
 542      2E6300
 543              	.LASF25:
 544 00fe 474E5520 		.ascii	"GNU C11 5.4.1 20160609 (release) [ARM/embedded-5-br"
 544      43313120 
 544      352E342E 
 544      31203230 
 544      31363036 
 545 0131 616E6368 		.ascii	"anch revision 237715] -mcpu=cortex-m3 -mthumb -g -O"
 545      20726576 
 545      6973696F 
 545      6E203233 
 545      37373135 
 546 0164 30202D66 		.ascii	"0 -ffunction-sections -ffat-lto-objects\000"
 546      66756E63 
 546      74696F6E 
 546      2D736563 
 546      74696F6E 
 547              	.LASF14:
 548 018c 75696E74 		.ascii	"uint8_t\000"
 548      385F7400 
 549              	.LASF1:
 550 0194 756E7369 		.ascii	"unsigned char\000"
 550      676E6564 
 550      20636861 
 550      7200
 551              	.LASF13:
 552 01a2 63686172 		.ascii	"char\000"
 552      00
 553              	.LASF6:
 554 01a7 6C6F6E67 		.ascii	"long int\000"
 554      20696E74 
 554      00
 555              	.LASF19:
 556 01b0 77686565 		.ascii	"wheel2Duty\000"
 556      6C324475 
 556      747900
 557              	.LASF17:
 558 01bb 646F7562 		.ascii	"double\000"
 558      6C6500
 559              	.LASF24:
 560 01c2 64696572 		.ascii	"dierection\000"
 560      65637469 
 560      6F6E00
 561              	.LASF28:
 562 01cd 49544D5F 		.ascii	"ITM_RxBuffer\000"
 562      52784275 
 562      66666572 
 562      00
 563              	.LASF0:
 564 01da 7369676E 		.ascii	"signed char\000"
 564      65642063 
 564      68617200 
 565              	.LASF11:
 566 01e6 6C6F6E67 		.ascii	"long double\000"
ARM GAS  C:\Users\sela847\AppData\Local\Temp\ccnMzewD.s 			page 13


 566      20646F75 
 566      626C6500 
 567              	.LASF5:
 568 01f2 5F5F696E 		.ascii	"__int32_t\000"
 568      7433325F 
 568      7400
 569              	.LASF16:
 570 01fc 666C6F61 		.ascii	"float\000"
 570      7400
 571              	.LASF22:
 572 0202 636F6E74 		.ascii	"controlWheels\000"
 572      726F6C57 
 572      6865656C 
 572      7300
 573              	.LASF2:
 574 0210 73686F72 		.ascii	"short int\000"
 574      7420696E 
 574      7400
 575              	.LASF15:
 576 021a 696E7433 		.ascii	"int32_t\000"
 576      325F7400 
 577              	.LASF12:
 578 0222 73697A65 		.ascii	"sizetype\000"
 578      74797065 
 578      00
 579              		.ident	"GCC: (GNU Tools for ARM Embedded Processors) 5.4.1 20160609 (release) [ARM/embedded-5-bran
