ARM GAS  C:\Users\sela847\AppData\Local\Temp\ccCKQGv1.s 			page 1


   1              		.syntax unified
   2              		.cpu cortex-m3
   3              		.fpu softvfp
   4              		.eabi_attribute 20, 1
   5              		.eabi_attribute 21, 1
   6              		.eabi_attribute 23, 3
   7              		.eabi_attribute 24, 1
   8              		.eabi_attribute 25, 1
   9              		.eabi_attribute 26, 1
  10              		.eabi_attribute 30, 6
  11              		.eabi_attribute 34, 1
  12              		.eabi_attribute 18, 4
  13              		.thumb
  14              		.syntax unified
  15              		.file	"QuadEncoder.c"
  16              		.text
  17              	.Ltext0:
  18              		.cfi_sections	.debug_frame
  19              	.Letext0:
  20              		.section	.debug_line,"",%progbits
  21              	.Ldebug_line0:
  22              		.section	.debug_str,"MS",%progbits,1
  23              	.LASF0:
  24 0000 51756164 		.ascii	"QuadEncoder.c\000"
  24      456E636F 
  24      6465722E 
  24      6300
  25              	.LASF1:
  26 000e 474E5520 		.ascii	"GNU C11 5.4.1 20160609 (release) [ARM/embedded-5-br"
  26      43313120 
  26      352E342E 
  26      31203230 
  26      31363036 
  27 0041 616E6368 		.ascii	"anch revision 237715] -mcpu=cortex-m3 -mthumb -g -O"
  27      20726576 
  27      6973696F 
  27      6E203233 
  27      37373135 
  28 0074 30202D66 		.ascii	"0 -ffunction-sections -ffat-lto-objects\000"
  28      66756E63 
  28      74696F6E 
  28      2D736563 
  28      74696F6E 
  29              	.LASF2:
  30 009c 483A5C44 		.ascii	"H:\\Documents\\12_Cypress_LineFollowingRobot\\Final"
  30      6F63756D 
  30      656E7473 
  30      5C31325F 
  30      43797072 
  31 00cc 5F696D70 		.ascii	"_implementation\\Team12_PsoC_FinalImplementation.cy"
  31      6C656D65 
  31      6E746174 
  31      696F6E5C 
  31      5465616D 
  32 00fe 64736E00 		.ascii	"dsn\000"
  33              		.ident	"GCC: (GNU Tools for ARM Embedded Processors) 5.4.1 20160609 (release) [ARM/embedded-5-bran
