--------------- Build Started: 07/28/2023 21:04:00 Project: CS301_Class_Copy_01, Configuration: ARM GCC 5.4-2016-q2-update Debug ---------------
cydsfit.exe -.appdatapath "C:\Users\schoo\AppData\Local\Cypress Semiconductor\PSoC Creator\4.2" -.fdsnotice -.fdswarpdepfile=warp_dependencies.txt -.fdselabdepfile=elab_dependencies.txt -.fdsbldfile=generated_files.txt -.fdsreffile=referenced_files.txt -p "C:\Users\schoo\302OffOnedrive\301 Project\12_Cypress_LineFollowingRobot\Robert\CS301_Class_Copy_01.cydsn\CS301_Class_Copy_01.cyprj" -d CY8C5888LTI-LP097 -s "C:\Users\schoo\302OffOnedrive\301 Project\12_Cypress_LineFollowingRobot\Robert\CS301_Class_Copy_01.cydsn\Generated_Source\PSoC5" -- -yv2 -q10 -ygs -o2 -v3 -.fftcfgtype=LE
Elaborating Design...
ADD: sdb.M0065: information: Analog terminal "A7.analog_0" on TopDesign is unconnected.
 * C:\Users\schoo\302OffOnedrive\301 Project\12_Cypress_LineFollowingRobot\Robert\CS301_Class_Copy_01.cydsn\TopDesign\TopDesign.cysch (Signal: Net_1173)
 * C:\Users\schoo\302OffOnedrive\301 Project\12_Cypress_LineFollowingRobot\Robert\CS301_Class_Copy_01.cydsn\TopDesign\TopDesign.cysch (Shape_1167)
 * C:\Users\schoo\302OffOnedrive\301 Project\12_Cypress_LineFollowingRobot\Robert\CS301_Class_Copy_01.cydsn\TopDesign\TopDesign.cysch (Shape_212.1)
ADD: sdb.M0065: information: Analog terminal "A1.analog_0" on TopDesign is unconnected.
 * C:\Users\schoo\302OffOnedrive\301 Project\12_Cypress_LineFollowingRobot\Robert\CS301_Class_Copy_01.cydsn\TopDesign\TopDesign.cysch (Signal: Net_4342)
 * C:\Users\schoo\302OffOnedrive\301 Project\12_Cypress_LineFollowingRobot\Robert\CS301_Class_Copy_01.cydsn\TopDesign\TopDesign.cysch (Shape_1161)
 * C:\Users\schoo\302OffOnedrive\301 Project\12_Cypress_LineFollowingRobot\Robert\CS301_Class_Copy_01.cydsn\TopDesign\TopDesign.cysch (Shape_206.1)
ADD: sdb.M0065: information: Analog terminal "A2.analog_0" on TopDesign is unconnected.
 * C:\Users\schoo\302OffOnedrive\301 Project\12_Cypress_LineFollowingRobot\Robert\CS301_Class_Copy_01.cydsn\TopDesign\TopDesign.cysch (Signal: Net_4341)
 * C:\Users\schoo\302OffOnedrive\301 Project\12_Cypress_LineFollowingRobot\Robert\CS301_Class_Copy_01.cydsn\TopDesign\TopDesign.cysch (Shape_1162)
 * C:\Users\schoo\302OffOnedrive\301 Project\12_Cypress_LineFollowingRobot\Robert\CS301_Class_Copy_01.cydsn\TopDesign\TopDesign.cysch (Shape_207.1)
ADD: sdb.M0065: information: Analog terminal "A3.analog_0" on TopDesign is unconnected.
 * C:\Users\schoo\302OffOnedrive\301 Project\12_Cypress_LineFollowingRobot\Robert\CS301_Class_Copy_01.cydsn\TopDesign\TopDesign.cysch (Signal: Net_4340)
 * C:\Users\schoo\302OffOnedrive\301 Project\12_Cypress_LineFollowingRobot\Robert\CS301_Class_Copy_01.cydsn\TopDesign\TopDesign.cysch (Shape_1163)
 * C:\Users\schoo\302OffOnedrive\301 Project\12_Cypress_LineFollowingRobot\Robert\CS301_Class_Copy_01.cydsn\TopDesign\TopDesign.cysch (Shape_208.1)
ADD: sdb.M0065: information: Analog terminal "A4.analog_0" on TopDesign is unconnected.
 * C:\Users\schoo\302OffOnedrive\301 Project\12_Cypress_LineFollowingRobot\Robert\CS301_Class_Copy_01.cydsn\TopDesign\TopDesign.cysch (Signal: Net_4339)
 * C:\Users\schoo\302OffOnedrive\301 Project\12_Cypress_LineFollowingRobot\Robert\CS301_Class_Copy_01.cydsn\TopDesign\TopDesign.cysch (Shape_1164)
 * C:\Users\schoo\302OffOnedrive\301 Project\12_Cypress_LineFollowingRobot\Robert\CS301_Class_Copy_01.cydsn\TopDesign\TopDesign.cysch (Shape_209.1)
ADD: sdb.M0065: information: Analog terminal "A5.analog_0" on TopDesign is unconnected.
 * C:\Users\schoo\302OffOnedrive\301 Project\12_Cypress_LineFollowingRobot\Robert\CS301_Class_Copy_01.cydsn\TopDesign\TopDesign.cysch (Signal: Net_4338)
 * C:\Users\schoo\302OffOnedrive\301 Project\12_Cypress_LineFollowingRobot\Robert\CS301_Class_Copy_01.cydsn\TopDesign\TopDesign.cysch (Shape_1165)
 * C:\Users\schoo\302OffOnedrive\301 Project\12_Cypress_LineFollowingRobot\Robert\CS301_Class_Copy_01.cydsn\TopDesign\TopDesign.cysch (Shape_210.1)
ADD: sdb.M0065: information: Analog terminal "A6.analog_0" on TopDesign is unconnected.
 * C:\Users\schoo\302OffOnedrive\301 Project\12_Cypress_LineFollowingRobot\Robert\CS301_Class_Copy_01.cydsn\TopDesign\TopDesign.cysch (Signal: Net_4337)
 * C:\Users\schoo\302OffOnedrive\301 Project\12_Cypress_LineFollowingRobot\Robert\CS301_Class_Copy_01.cydsn\TopDesign\TopDesign.cysch (Shape_1166)
 * C:\Users\schoo\302OffOnedrive\301 Project\12_Cypress_LineFollowingRobot\Robert\CS301_Class_Copy_01.cydsn\TopDesign\TopDesign.cysch (Shape_211.1)
ADD: sdb.M0065: information: Analog terminal "vdac_ref" on ADC_SAR_SEQ_v2_10 is unconnected.
 * C:\Program Files (x86)\Cypress\PSoC Creator\4.2\PSoC Creator\psoc\content\CyComponentLibrary\CyComponentLibrary.cylib\ADC_SAR_SEQ_v2_10\PSoC5\ADC_SAR_SEQ_v2_10.cysch (Signal: vdac_ref)
 * C:\Program Files (x86)\Cypress\PSoC Creator\4.2\PSoC Creator\psoc\content\CyComponentLibrary\CyComponentLibrary.cylib\ADC_SAR_SEQ_v2_10\PSoC5\ADC_SAR_SEQ_v2_10.cysch (Shape_798)
 * C:\Program Files (x86)\Cypress\PSoC Creator\4.2\PSoC Creator\psoc\content\CyComponentLibrary\CyComponentLibrary.cylib\ADC_SAR_SEQ_v2_10\PSoC5\ADC_SAR_SEQ_v2_10.cysch (Shape_885)
HDL Generation...
Synthesis...
Tech Mapping...
Analog Placement...
Info: apr.M0002: Analog signal "Net_4347" is connected to one terminal only. (App=cydsfit)
Info: apr.M0002: Analog signal "Net_4348" is connected to one terminal only. (App=cydsfit)
Info: apr.M0002: Analog signal "Net_4349" is connected to one terminal only. (App=cydsfit)
Info: apr.M0002: Analog signal "Net_4350" is connected to one terminal only. (App=cydsfit)
Info: apr.M0002: Analog signal "Net_4351" is connected to one terminal only. (App=cydsfit)
Info: apr.M0002: Analog signal "Net_4352" is connected to one terminal only. (App=cydsfit)
Info: apr.M0002: Analog signal "Net_4353" is connected to one terminal only. (App=cydsfit)
Info: apr.M0002: Analog signal "Net_1503" is connected to one terminal only. (App=cydsfit)
Info: apr.M0002: Analog signal "Net_1504" is connected to one terminal only. (App=cydsfit)
Info: apr.M0002: Analog signal "Net_1506" is connected to one terminal only. (App=cydsfit)
Info: apr.M0002: Analog signal "Net_1508" is connected to one terminal only. (App=cydsfit)
Info: apr.M0002: Analog signal "Net_1509" is connected to one terminal only. (App=cydsfit)
Info: apr.M0002: Analog signal "Net_1511" is connected to one terminal only. (App=cydsfit)
Info: apr.M0002: Analog signal "Net_1513" is connected to one terminal only. (App=cydsfit)
Info: apr.M0002: Analog signal "Net_1514" is connected to one terminal only. (App=cydsfit)
Info: apr.M0002: Analog signal "Net_1516" is connected to one terminal only. (App=cydsfit)
Info: apr.M0002: Analog signal "Net_1518" is connected to one terminal only. (App=cydsfit)
Info: apr.M0002: Analog signal "Net_1519" is connected to one terminal only. (App=cydsfit)
Info: apr.M0002: Analog signal "Net_1521" is connected to one terminal only. (App=cydsfit)
Info: apr.M0002: Analog signal "Net_1523" is connected to one terminal only. (App=cydsfit)
Info: apr.M0002: Analog signal "Net_1524" is connected to one terminal only. (App=cydsfit)
Info: apr.M0002: Analog signal "Net_1526" is connected to one terminal only. (App=cydsfit)
Info: apr.M0002: Analog signal "Net_1528" is connected to one terminal only. (App=cydsfit)
Info: apr.M0002: Analog signal "Net_1529" is connected to one terminal only. (App=cydsfit)
Info: apr.M0002: Analog signal "Net_1531" is connected to one terminal only. (App=cydsfit)
Info: apr.M0002: Analog signal "Net_1533" is connected to one terminal only. (App=cydsfit)
Info: apr.M0002: Analog signal "Net_1534" is connected to one terminal only. (App=cydsfit)
Info: apr.M0002: Analog signal "Net_1536" is connected to one terminal only. (App=cydsfit)
Info: apr.M0002: Analog signal "Net_1538" is connected to one terminal only. (App=cydsfit)
Info: apr.M0002: Analog signal "Net_1539" is connected to one terminal only. (App=cydsfit)
Info: apr.M0002: Analog signal "Net_1541" is connected to one terminal only. (App=cydsfit)
Info: apr.M0002: Analog signal "Net_1543" is connected to one terminal only. (App=cydsfit)
Info: apr.M0002: Analog signal "Net_1544" is connected to one terminal only. (App=cydsfit)
Info: apr.M0002: Analog signal "Net_1546" is connected to one terminal only. (App=cydsfit)
Info: apr.M0002: Analog signal "Net_1548" is connected to one terminal only. (App=cydsfit)
Info: apr.M0002: Analog signal "Net_1549" is connected to one terminal only. (App=cydsfit)
Info: apr.M0002: Analog signal "Net_1551" is connected to one terminal only. (App=cydsfit)
Info: apr.M0002: Analog signal "Net_1553" is connected to one terminal only. (App=cydsfit)
Info: apr.M0002: Analog signal "Net_1554" is connected to one terminal only. (App=cydsfit)
Info: apr.M0002: Analog signal "Net_1556" is connected to one terminal only. (App=cydsfit)
Info: apr.M0002: Analog signal "Net_1558" is connected to one terminal only. (App=cydsfit)
Info: apr.M0002: Analog signal "Net_1559" is connected to one terminal only. (App=cydsfit)
Info: apr.M0002: Analog signal "Net_1561" is connected to one terminal only. (App=cydsfit)
Info: apr.M0002: Analog signal "Net_1563" is connected to one terminal only. (App=cydsfit)
Info: apr.M0002: Analog signal "Net_1564" is connected to one terminal only. (App=cydsfit)
Info: apr.M0002: Analog signal "Net_1566" is connected to one terminal only. (App=cydsfit)
Info: apr.M0002: Analog signal "Net_1568" is connected to one terminal only. (App=cydsfit)
Info: apr.M0002: Analog signal "Net_1569" is connected to one terminal only. (App=cydsfit)
Info: apr.M0002: Analog signal "Net_1570" is connected to one terminal only. (App=cydsfit)
Info: apr.M0002: Analog signal "Net_1571" is connected to one terminal only. (App=cydsfit)
Info: apr.M0002: Analog signal "Net_1572" is connected to one terminal only. (App=cydsfit)
Info: apr.M0002: Analog signal "Net_1573" is connected to one terminal only. (App=cydsfit)
Info: apr.M0002: Analog signal "Net_1574" is connected to one terminal only. (App=cydsfit)
Info: apr.M0002: Analog signal "Net_1575" is connected to one terminal only. (App=cydsfit)
Info: apr.M0002: Analog signal "Net_1576" is connected to one terminal only. (App=cydsfit)
Info: apr.M0002: Analog signal "Net_1577" is connected to one terminal only. (App=cydsfit)
Info: apr.M0002: Analog signal "Net_1578" is connected to one terminal only. (App=cydsfit)
Info: apr.M0002: Analog signal "Net_1579" is connected to one terminal only. (App=cydsfit)
Info: apr.M0002: Analog signal "Net_1580" is connected to one terminal only. (App=cydsfit)
Info: apr.M0002: Analog signal "Net_1581" is connected to one terminal only. (App=cydsfit)
Info: apr.M0002: Analog signal "Net_1582" is connected to one terminal only. (App=cydsfit)
Info: apr.M0002: Analog signal "Net_1583" is connected to one terminal only. (App=cydsfit)
Info: apr.M0002: Analog signal "Net_1584" is connected to one terminal only. (App=cydsfit)
Log: apr.M0058: The analog placement iterative improvement is 44% done. (App=cydsfit)
Analog Routing...
Analog Code Generation...
Digital Placement...
Digital Routing...
Bitstream Generation...
Bitstream Verification...
Static timing analysis...
Warning: sta.M0021: CS301_Class_Copy_01_timing.html: Warning-1350: Asynchronous path(s) exist from "ClockBlock/dclk_glb_ff_4" to "ADC_IntClock". See the timing report for details. (File=C:\Users\schoo\302OffOnedrive\301 Project\12_Cypress_LineFollowingRobot\Robert\CS301_Class_Copy_01.cydsn\CS301_Class_Copy_01_timing.html)
API Generation...
Dependency Generation...
Cleanup...
The compile step is up to date, no work needs to be done.
arm-none-eabi-ar.exe -rs .\CortexM3\ARM_GCC_541\Debug\CS301_Class_Copy_01.a .\CortexM3\ARM_GCC_541\Debug\A0.o .\CortexM3\ARM_GCC_541\Debug\ADC.o .\CortexM3\ARM_GCC_541\Debug\ADC_PM.o .\CortexM3\ARM_GCC_541\Debug\ADC_INT.o .\CortexM3\ARM_GCC_541\Debug\A1.o .\CortexM3\ARM_GCC_541\Debug\A2.o .\CortexM3\ARM_GCC_541\Debug\A3.o .\CortexM3\ARM_GCC_541\Debug\A4.o .\CortexM3\ARM_GCC_541\Debug\A5.o .\CortexM3\ARM_GCC_541\Debug\A6.o .\CortexM3\ARM_GCC_541\Debug\A7.o .\CortexM3\ARM_GCC_541\Debug\isr_TS.o .\CortexM3\ARM_GCC_541\Debug\Timer_TS.o .\CortexM3\ARM_GCC_541\Debug\Timer_TS_PM.o .\CortexM3\ARM_GCC_541\Debug\USBUART.o .\CortexM3\ARM_GCC_541\Debug\USBUART_audio.o .\CortexM3\ARM_GCC_541\Debug\USBUART_boot.o .\CortexM3\ARM_GCC_541\Debug\USBUART_cdc.o .\CortexM3\ARM_GCC_541\Debug\USBUART_cls.o .\CortexM3\ARM_GCC_541\Debug\USBUART_descr.o .\CortexM3\ARM_GCC_541\Debug\USBUART_drv.o .\CortexM3\ARM_GCC_541\Debug\USBUART_episr.o .\CortexM3\ARM_GCC_541\Debug\USBUART_hid.o .\CortexM3\ARM_GCC_541\Debug\USBUART_pm.o .\CortexM3\ARM_GCC_541\Debug\USBUART_std.o .\CortexM3\ARM_GCC_541\Debug\USBUART_vnd.o .\CortexM3\ARM_GCC_541\Debug\USBUART_midi.o .\CortexM3\ARM_GCC_541\Debug\USBUART_msc.o .\CortexM3\ARM_GCC_541\Debug\Clock2.o .\CortexM3\ARM_GCC_541\Debug\CONTROL.o .\CortexM3\ARM_GCC_541\Debug\CONTROL_PM.o .\CortexM3\ARM_GCC_541\Debug\ADC_SAR.o .\CortexM3\ARM_GCC_541\Debug\ADC_SAR_INT.o .\CortexM3\ARM_GCC_541\Debug\ADC_SAR_PM.o .\CortexM3\ARM_GCC_541\Debug\ADC_IntClock.o .\CortexM3\ARM_GCC_541\Debug\ADC_TempBuf_dma.o .\CortexM3\ARM_GCC_541\Debug\ADC_FinalBuf_dma.o .\CortexM3\ARM_GCC_541\Debug\ADC_IRQ.o .\CortexM3\ARM_GCC_541\Debug\USBUART_Dm.o .\CortexM3\ARM_GCC_541\Debug\USBUART_Dp.o .\CortexM3\ARM_GCC_541\Debug\CyDmac.o .\CortexM3\ARM_GCC_541\Debug\CyFlash.o .\CortexM3\ARM_GCC_541\Debug\CyLib.o .\CortexM3\ARM_GCC_541\Debug\cyPm.o .\CortexM3\ARM_GCC_541\Debug\CySpc.o .\CortexM3\ARM_GCC_541\Debug\cyutils.o .\CortexM3\ARM_GCC_541\Debug\PWM_1.o .\CortexM3\ARM_GCC_541\Debug\PWM_1_PM.o .\CortexM3\ARM_GCC_541\Debug\Clock_PWM.o .\CortexM3\ARM_GCC_541\Debug\Clock_QENC.o .\CortexM3\ARM_GCC_541\Debug\M1_IN1.o .\CortexM3\ARM_GCC_541\Debug\M1_IN2.o .\CortexM3\ARM_GCC_541\Debug\M2_IN1.o .\CortexM3\ARM_GCC_541\Debug\M2_IN2.o .\CortexM3\ARM_GCC_541\Debug\M2_D1.o .\CortexM3\ARM_GCC_541\Debug\M1_QA.o .\CortexM3\ARM_GCC_541\Debug\M1_QB.o .\CortexM3\ARM_GCC_541\Debug\M2_QA.o .\CortexM3\ARM_GCC_541\Debug\M2_QB.o .\CortexM3\ARM_GCC_541\Debug\M1_D1.o .\CortexM3\ARM_GCC_541\Debug\isr_eoc.o .\CortexM3\ARM_GCC_541\Debug\PWM_2.o .\CortexM3\ARM_GCC_541\Debug\PWM_2_PM.o .\CortexM3\ARM_GCC_541\Debug\LED.o .\CortexM3\ARM_GCC_541\Debug\QuadDec_M1.o .\CortexM3\ARM_GCC_541\Debug\QuadDec_M1_PM.o .\CortexM3\ARM_GCC_541\Debug\QuadDec_M2.o .\CortexM3\ARM_GCC_541\Debug\QuadDec_M2_PM.o .\CortexM3\ARM_GCC_541\Debug\QuadDec_M1_Cnt16.o .\CortexM3\ARM_GCC_541\Debug\QuadDec_M1_Cnt16_PM.o .\CortexM3\ARM_GCC_541\Debug\QuadDec_M2_Cnt16.o .\CortexM3\ARM_GCC_541\Debug\QuadDec_M2_Cnt16_PM.o .\CortexM3\ARM_GCC_541\Debug\DB0.o .\CortexM3\ARM_GCC_541\Debug\DB1.o .\CortexM3\ARM_GCC_541\Debug\DB2.o .\CortexM3\ARM_GCC_541\Debug\isrRF_TX.o .\CortexM3\ARM_GCC_541\Debug\isrRF_RX.o .\CortexM3\ARM_GCC_541\Debug\UART.o .\CortexM3\ARM_GCC_541\Debug\UART_PM.o .\CortexM3\ARM_GCC_541\Debug\UART_INT.o .\CortexM3\ARM_GCC_541\Debug\UART_BOOT.o .\CortexM3\ARM_GCC_541\Debug\UART_IntClock.o .\CortexM3\ARM_GCC_541\Debug\RF_BT_SELECT.o .\CortexM3\ARM_GCC_541\Debug\RF_BT_SELECT_PM.o .\CortexM3\ARM_GCC_541\Debug\cy_em_eeprom.o .\CortexM3\ARM_GCC_541\Debug\CyBootAsmGnu.o
arm-none-eabi-ar.exe: creating .\CortexM3\ARM_GCC_541\Debug\CS301_Class_Copy_01.a
arm-none-eabi-gcc.exe -Wl,--start-group -o "C:\Users\schoo\302OffOnedrive\301 Project\12_Cypress_LineFollowingRobot\Robert\CS301_Class_Copy_01.cydsn\CortexM3\ARM_GCC_541\Debug\CS301_Class_Copy_01.elf" .\CortexM3\ARM_GCC_541\Debug\main.o .\CortexM3\ARM_GCC_541\Debug\tacho.o .\CortexM3\ARM_GCC_541\Debug\cyfitter_cfg.o .\CortexM3\ARM_GCC_541\Debug\cymetadata.o .\CortexM3\ARM_GCC_541\Debug\Cm3Start.o .\CortexM3\ARM_GCC_541\Debug\CS301_Class_Copy_01.a "C:\Program Files (x86)\Cypress\PSoC Creator\4.2\PSoC Creator\psoc\content\cycomponentlibrary\CyComponentLibrary.cylib\CortexM3\ARM_GCC_541\Debug\CyComponentLibrary.a" -mcpu=cortex-m3 -mthumb -L Generated_Source\PSoC5 -Wl,-Map,.\CortexM3\ARM_GCC_541\Debug/CS301_Class_Copy_01.map -T Generated_Source\PSoC5\cm3gcc.ld -specs=nano.specs -Wl,--gc-sections -g -ffunction-sections -O0 -ffat-lto-objects -Wl,--end-group
cyelftool.exe -C "C:\Users\schoo\302OffOnedrive\301 Project\12_Cypress_LineFollowingRobot\Robert\CS301_Class_Copy_01.cydsn\CortexM3\ARM_GCC_541\Debug\CS301_Class_Copy_01.elf" --flash_row_size 256 --flash_size 262144 --flash_offset 0x00000000
No ELF section .cychecksum found, creating one
Application checksum calculated and stored in ELF section .cychecksum
Checksum calculated and stored in ELF section .cymeta
cyelftool.exe -S "C:\Users\schoo\302OffOnedrive\301 Project\12_Cypress_LineFollowingRobot\Robert\CS301_Class_Copy_01.cydsn\CortexM3\ARM_GCC_541\Debug\CS301_Class_Copy_01.elf"
Flash used: 16488 of 262144 bytes (6.3%).
SRAM used: 3085 of 65536 bytes (4.7%). Stack: 2048 bytes. Heap: 128 bytes.
--------------- Build Succeeded: 07/28/2023 21:04:32 ---------------
