--------------- Build Started: 08/04/2023 18:21:15 Project: CS301_Class_Copy_01, Configuration: ARM GCC 5.4-2016-q2-update Debug ---------------
cydsfit.exe -.appdatapath "C:\Users\schoo\AppData\Local\Cypress Semiconductor\PSoC Creator\4.2" -.fdsnotice -.fdswarpdepfile=warp_dependencies.txt -.fdselabdepfile=elab_dependencies.txt -.fdsbldfile=generated_files.txt -.fdsreffile=referenced_files.txt -p "C:\Users\schoo\302OffOnedrive\301 Project\12_Cypress_LineFollowingRobot\Robert\CS301_Class_Copy_01.cydsn\CS301_Class_Copy_01.cyprj" -d CY8C5888LTI-LP097 -s "C:\Users\schoo\302OffOnedrive\301 Project\12_Cypress_LineFollowingRobot\Robert\CS301_Class_Copy_01.cydsn\Generated_Source\PSoC5" -- -yv2 -q10 -ygs -o2 -v3 -.fftcfgtype=LE
Elaborating Design...
ADD: sdb.M0065: information: Analog terminal "A7.analog_0" on TopDesign is unconnected.
 * C:\Users\schoo\302OffOnedrive\301 Project\12_Cypress_LineFollowingRobot\Robert\CS301_Class_Copy_01.cydsn\TopDesign\TopDesign.cysch (Signal: Net_1173)
 * C:\Users\schoo\302OffOnedrive\301 Project\12_Cypress_LineFollowingRobot\Robert\CS301_Class_Copy_01.cydsn\TopDesign\TopDesign.cysch (Shape_1167)
 * C:\Users\schoo\302OffOnedrive\301 Project\12_Cypress_LineFollowingRobot\Robert\CS301_Class_Copy_01.cydsn\TopDesign\TopDesign.cysch (Shape_212.1)
ADD: sdb.M0065: information: Analog terminal "A6.analog_0" on TopDesign is unconnected.
 * C:\Users\schoo\302OffOnedrive\301 Project\12_Cypress_LineFollowingRobot\Robert\CS301_Class_Copy_01.cydsn\TopDesign\TopDesign.cysch (Signal: Net_4337)
 * C:\Users\schoo\302OffOnedrive\301 Project\12_Cypress_LineFollowingRobot\Robert\CS301_Class_Copy_01.cydsn\TopDesign\TopDesign.cysch (Shape_1166)
 * C:\Users\schoo\302OffOnedrive\301 Project\12_Cypress_LineFollowingRobot\Robert\CS301_Class_Copy_01.cydsn\TopDesign\TopDesign.cysch (Shape_211.1)
ADD: sdb.M0065: information: Analog terminal "A5.analog_0" on TopDesign is unconnected.
 * C:\Users\schoo\302OffOnedrive\301 Project\12_Cypress_LineFollowingRobot\Robert\CS301_Class_Copy_01.cydsn\TopDesign\TopDesign.cysch (Signal: Net_4338)
 * C:\Users\schoo\302OffOnedrive\301 Project\12_Cypress_LineFollowingRobot\Robert\CS301_Class_Copy_01.cydsn\TopDesign\TopDesign.cysch (Shape_1165)
 * C:\Users\schoo\302OffOnedrive\301 Project\12_Cypress_LineFollowingRobot\Robert\CS301_Class_Copy_01.cydsn\TopDesign\TopDesign.cysch (Shape_210.1)
ADD: sdb.M0065: information: Analog terminal "A4.analog_0" on TopDesign is unconnected.
 * C:\Users\schoo\302OffOnedrive\301 Project\12_Cypress_LineFollowingRobot\Robert\CS301_Class_Copy_01.cydsn\TopDesign\TopDesign.cysch (Signal: Net_4339)
 * C:\Users\schoo\302OffOnedrive\301 Project\12_Cypress_LineFollowingRobot\Robert\CS301_Class_Copy_01.cydsn\TopDesign\TopDesign.cysch (Shape_1164)
 * C:\Users\schoo\302OffOnedrive\301 Project\12_Cypress_LineFollowingRobot\Robert\CS301_Class_Copy_01.cydsn\TopDesign\TopDesign.cysch (Shape_209.1)
ADD: sdb.M0065: information: Analog terminal "A3.analog_0" on TopDesign is unconnected.
 * C:\Users\schoo\302OffOnedrive\301 Project\12_Cypress_LineFollowingRobot\Robert\CS301_Class_Copy_01.cydsn\TopDesign\TopDesign.cysch (Signal: Net_4340)
 * C:\Users\schoo\302OffOnedrive\301 Project\12_Cypress_LineFollowingRobot\Robert\CS301_Class_Copy_01.cydsn\TopDesign\TopDesign.cysch (Shape_1163)
 * C:\Users\schoo\302OffOnedrive\301 Project\12_Cypress_LineFollowingRobot\Robert\CS301_Class_Copy_01.cydsn\TopDesign\TopDesign.cysch (Shape_208.1)
ADD: sdb.M0065: information: Analog terminal "A2.analog_0" on TopDesign is unconnected.
 * C:\Users\schoo\302OffOnedrive\301 Project\12_Cypress_LineFollowingRobot\Robert\CS301_Class_Copy_01.cydsn\TopDesign\TopDesign.cysch (Signal: Net_4341)
 * C:\Users\schoo\302OffOnedrive\301 Project\12_Cypress_LineFollowingRobot\Robert\CS301_Class_Copy_01.cydsn\TopDesign\TopDesign.cysch (Shape_1162)
 * C:\Users\schoo\302OffOnedrive\301 Project\12_Cypress_LineFollowingRobot\Robert\CS301_Class_Copy_01.cydsn\TopDesign\TopDesign.cysch (Shape_207.1)
ADD: sdb.M0065: information: Analog terminal "A1.analog_0" on TopDesign is unconnected.
 * C:\Users\schoo\302OffOnedrive\301 Project\12_Cypress_LineFollowingRobot\Robert\CS301_Class_Copy_01.cydsn\TopDesign\TopDesign.cysch (Signal: Net_4342)
 * C:\Users\schoo\302OffOnedrive\301 Project\12_Cypress_LineFollowingRobot\Robert\CS301_Class_Copy_01.cydsn\TopDesign\TopDesign.cysch (Shape_1161)
 * C:\Users\schoo\302OffOnedrive\301 Project\12_Cypress_LineFollowingRobot\Robert\CS301_Class_Copy_01.cydsn\TopDesign\TopDesign.cysch (Shape_206.1)
ADD: sdb.M0065: information: Analog terminal "vdac_ref" on ADC_SAR_SEQ_v2_10 is unconnected.
 * C:\Program Files (x86)\Cypress\PSoC Creator\4.2\PSoC Creator\psoc\content\CyComponentLibrary\CyComponentLibrary.cylib\ADC_SAR_SEQ_v2_10\PSoC5\ADC_SAR_SEQ_v2_10.cysch (Signal: vdac_ref)
 * C:\Program Files (x86)\Cypress\PSoC Creator\4.2\PSoC Creator\psoc\content\CyComponentLibrary\CyComponentLibrary.cylib\ADC_SAR_SEQ_v2_10\PSoC5\ADC_SAR_SEQ_v2_10.cysch (Shape_798)
 * C:\Program Files (x86)\Cypress\PSoC Creator\4.2\PSoC Creator\psoc\content\CyComponentLibrary\CyComponentLibrary.cylib\ADC_SAR_SEQ_v2_10\PSoC5\ADC_SAR_SEQ_v2_10.cysch (Shape_885)
HDL Generation...
Synthesis...
Tech Mapping...
ADD: pft.M0040: information: The following 1 pin(s) will be assigned a location by the fitter: \ADC:SAR:Bypass(0)\
Analog Placement...
Info: apr.M0002: Analog signal "Net_4347" is connected to one terminal only. (App=cydsfit)
Info: apr.M0002: Analog signal "Net_4348" is connected to one terminal only. (App=cydsfit)
Info: apr.M0002: Analog signal "Net_4349" is connected to one terminal only. (App=cydsfit)
Info: apr.M0002: Analog signal "Net_4350" is connected to one terminal only. (App=cydsfit)
Info: apr.M0002: Analog signal "Net_4351" is connected to one terminal only. (App=cydsfit)
Info: apr.M0002: Analog signal "Net_4352" is connected to one terminal only. (App=cydsfit)
Info: apr.M0002: Analog signal "Net_4353" is connected to one terminal only. (App=cydsfit)
Info: apr.M0002: Analog signal "Net_1503" is connected to one terminal only. (App=cydsfit)
Info: apr.M0002: Analog signal "Net_1504" is connected to one terminal only. (App=cydsfit)
Info: apr.M0002: Analog signal "Net_1506" is connected to one terminal only. (App=cydsfit)
Info: apr.M0002: Analog signal "Net_1508" is connected to one terminal only. (App=cydsfit)
Info: apr.M0002: Analog signal "Net_1509" is connected to one terminal only. (App=cydsfit)
Info: apr.M0002: Analog signal "Net_1511" is connected to one terminal only. (App=cydsfit)
Info: apr.M0002: Analog signal "Net_1513" is connected to one terminal only. (App=cydsfit)
Info: apr.M0002: Analog signal "Net_1514" is connected to one terminal only. (App=cydsfit)
Info: apr.M0002: Analog signal "Net_1516" is connected to one terminal only. (App=cydsfit)
Info: apr.M0002: Analog signal "Net_1518" is connected to one terminal only. (App=cydsfit)
Info: apr.M0002: Analog signal "Net_1519" is connected to one terminal only. (App=cydsfit)
Info: apr.M0002: Analog signal "Net_1521" is connected to one terminal only. (App=cydsfit)
Info: apr.M0002: Analog signal "Net_1523" is connected to one terminal only. (App=cydsfit)
Info: apr.M0002: Analog signal "Net_1524" is connected to one terminal only. (App=cydsfit)
Info: apr.M0002: Analog signal "Net_1526" is connected to one terminal only. (App=cydsfit)
Info: apr.M0002: Analog signal "Net_1528" is connected to one terminal only. (App=cydsfit)
Info: apr.M0002: Analog signal "Net_1529" is connected to one terminal only. (App=cydsfit)
Info: apr.M0002: Analog signal "Net_1531" is connected to one terminal only. (App=cydsfit)
Info: apr.M0002: Analog signal "Net_1533" is connected to one terminal only. (App=cydsfit)
Info: apr.M0002: Analog signal "Net_1534" is connected to one terminal only. (App=cydsfit)
Info: apr.M0002: Analog signal "Net_1536" is connected to one terminal only. (App=cydsfit)
Info: apr.M0002: Analog signal "Net_1538" is connected to one terminal only. (App=cydsfit)
Info: apr.M0002: Analog signal "Net_1539" is connected to one terminal only. (App=cydsfit)
Info: apr.M0002: Analog signal "Net_1541" is connected to one terminal only. (App=cydsfit)
Info: apr.M0002: Analog signal "Net_1543" is connected to one terminal only. (App=cydsfit)
Info: apr.M0002: Analog signal "Net_1544" is connected to one terminal only. (App=cydsfit)
Info: apr.M0002: Analog signal "Net_1546" is connected to one terminal only. (App=cydsfit)
Info: apr.M0002: Analog signal "Net_1548" is connected to one terminal only. (App=cydsfit)
Info: apr.M0002: Analog signal "Net_1549" is connected to one terminal only. (App=cydsfit)
Info: apr.M0002: Analog signal "Net_1551" is connected to one terminal only. (App=cydsfit)
Info: apr.M0002: Analog signal "Net_1553" is connected to one terminal only. (App=cydsfit)
Info: apr.M0002: Analog signal "Net_1554" is connected to one terminal only. (App=cydsfit)
Info: apr.M0002: Analog signal "Net_1556" is connected to one terminal only. (App=cydsfit)
Info: apr.M0002: Analog signal "Net_1558" is connected to one terminal only. (App=cydsfit)
Info: apr.M0002: Analog signal "Net_1559" is connected to one terminal only. (App=cydsfit)
Info: apr.M0002: Analog signal "Net_1561" is connected to one terminal only. (App=cydsfit)
Info: apr.M0002: Analog signal "Net_1563" is connected to one terminal only. (App=cydsfit)
Info: apr.M0002: Analog signal "Net_1564" is connected to one terminal only. (App=cydsfit)
Info: apr.M0002: Analog signal "Net_1566" is connected to one terminal only. (App=cydsfit)
Info: apr.M0002: Analog signal "Net_1568" is connected to one terminal only. (App=cydsfit)
Info: apr.M0002: Analog signal "Net_1569" is connected to one terminal only. (App=cydsfit)
Info: apr.M0002: Analog signal "Net_1570" is connected to one terminal only. (App=cydsfit)
Info: apr.M0002: Analog signal "Net_1571" is connected to one terminal only. (App=cydsfit)
Info: apr.M0002: Analog signal "Net_1572" is connected to one terminal only. (App=cydsfit)
Info: apr.M0002: Analog signal "Net_1573" is connected to one terminal only. (App=cydsfit)
Info: apr.M0002: Analog signal "Net_1574" is connected to one terminal only. (App=cydsfit)
Info: apr.M0002: Analog signal "Net_1575" is connected to one terminal only. (App=cydsfit)
Info: apr.M0002: Analog signal "Net_1576" is connected to one terminal only. (App=cydsfit)
Info: apr.M0002: Analog signal "Net_1577" is connected to one terminal only. (App=cydsfit)
Info: apr.M0002: Analog signal "Net_1578" is connected to one terminal only. (App=cydsfit)
Info: apr.M0002: Analog signal "Net_1579" is connected to one terminal only. (App=cydsfit)
Info: apr.M0002: Analog signal "Net_1580" is connected to one terminal only. (App=cydsfit)
Info: apr.M0002: Analog signal "Net_1581" is connected to one terminal only. (App=cydsfit)
Info: apr.M0002: Analog signal "Net_1582" is connected to one terminal only. (App=cydsfit)
Info: apr.M0002: Analog signal "Net_1583" is connected to one terminal only. (App=cydsfit)
Info: apr.M0002: Analog signal "Net_1584" is connected to one terminal only. (App=cydsfit)
Analog Routing...
Analog Code Generation...
Digital Placement...
Digital Routing...
Bitstream Generation...
Bitstream Verification...
Static timing analysis...
Warning: sta.M0021: CS301_Class_Copy_01_timing.html: Warning-1350: Asynchronous path(s) exist from "ClockBlock/dclk_glb_ff_3" to "ADC_IntClock". See the timing report for details. (File=C:\Users\schoo\302OffOnedrive\301 Project\12_Cypress_LineFollowingRobot\Robert\CS301_Class_Copy_01.cydsn\CS301_Class_Copy_01_timing.html)
API Generation...
Dependency Generation...
Cleanup...
--------------- Build Succeeded: 08/04/2023 18:22:20 ---------------
