ARM GAS  C:\Users\NITISH~1\AppData\Local\Temp\ccNthRps.s 			page 1


   1              		.syntax unified
   2              		.cpu cortex-m3
   3              		.fpu softvfp
   4              		.eabi_attribute 20, 1
   5              		.eabi_attribute 21, 1
   6              		.eabi_attribute 23, 3
   7              		.eabi_attribute 24, 1
   8              		.eabi_attribute 25, 1
   9              		.eabi_attribute 26, 1
  10              		.eabi_attribute 30, 1
  11              		.eabi_attribute 34, 1
  12              		.eabi_attribute 18, 4
  13              		.thumb
  14              		.file	"cymetadata.c"
  15              		.text
  16              	.Ltext0:
  17              		.cfi_sections	.debug_frame
  18              		.global	cy_metadata
  19              		.global	cy_meta_flashprotect
  20              		.global	cy_meta_wonvl
  21              		.global	cy_meta_custnvl
  22              		.global	cy_meta_configecc
  23              		.section	.cyconfigecc,"a",%progbits
  24              		.align	2
  25              		.type	cy_meta_configecc, %object
  26              		.size	cy_meta_configecc, 204
  27              	cy_meta_configecc:
  28 0000 02       		.byte	2
  29 0001 52       		.byte	82
  30 0002 00       		.byte	0
  31 0003 40       		.byte	64
  32 0004 01       		.byte	1
  33 0005 64       		.byte	100
  34 0006 00       		.byte	0
  35 0007 40       		.byte	64
  36 0008 01       		.byte	1
  37 0009 0D       		.byte	13
  38 000a 01       		.byte	1
  39 000b 40       		.byte	64
  40 000c 32       		.byte	50
  41 000d 0E       		.byte	14
  42 000e 01       		.byte	1
  43 000f 40       		.byte	64
  44 0010 17       		.byte	23
  45 0011 0F       		.byte	15
  46 0012 01       		.byte	1
  47 0013 40       		.byte	64
  48 0014 05       		.byte	5
  49 0015 45       		.byte	69
  50 0016 01       		.byte	1
  51 0017 40       		.byte	64
  52 0018 02       		.byte	2
  53 0019 50       		.byte	80
  54 001a 01       		.byte	1
  55 001b 40       		.byte	64
  56 001c 10       		.byte	16
  57 001d 02       		.byte	2
ARM GAS  C:\Users\NITISH~1\AppData\Local\Temp\ccNthRps.s 			page 2


  58 001e 11       		.byte	17
  59 001f 02       		.byte	2
  60 0020 8F       		.byte	-113
  61 0021 0D       		.byte	13
  62 0022 B4       		.byte	-76
  63 0023 01       		.byte	1
  64 0024 3A       		.byte	58
  65 0025 C0       		.byte	-64
  66 0026 40       		.byte	64
  67 0027 54       		.byte	84
  68 0028 49       		.byte	73
  69 0029 FF       		.byte	-1
  70 002a 4A       		.byte	74
  71 002b FF       		.byte	-1
  72 002c 4B       		.byte	75
  73 002d FF       		.byte	-1
  74 002e 4F       		.byte	79
  75 002f 01       		.byte	1
  76 0030 50       		.byte	80
  77 0031 18       		.byte	24
  78 0032 58       		.byte	88
  79 0033 0A       		.byte	10
  80 0034 5A       		.byte	90
  81 0035 04       		.byte	4
  82 0036 5F       		.byte	95
  83 0037 01       		.byte	1
  84 0038 60       		.byte	96
  85 0039 40       		.byte	64
  86 003a 62       		.byte	98
  87 003b 40       		.byte	64
  88 003c 64       		.byte	100
  89 003d 40       		.byte	64
  90 003e 65       		.byte	101
  91 003f 40       		.byte	64
  92 0040 66       		.byte	102
  93 0041 80       		.byte	-128
  94 0042 68       		.byte	104
  95 0043 80       		.byte	-128
  96 0044 6A       		.byte	106
  97 0045 80       		.byte	-128
  98 0046 6C       		.byte	108
  99 0047 80       		.byte	-128
 100 0048 6E       		.byte	110
 101 0049 80       		.byte	-128
 102 004a 92       		.byte	-110
 103 004b 01       		.byte	1
 104 004c AE       		.byte	-82
 105 004d 01       		.byte	1
 106 004e B0       		.byte	-80
 107 004f 01       		.byte	1
 108 0050 B2       		.byte	-78
 109 0051 01       		.byte	1
 110 0052 BE       		.byte	-66
 111 0053 01       		.byte	1
 112 0054 C0       		.byte	-64
 113 0055 15       		.byte	21
 114 0056 C5       		.byte	-59
ARM GAS  C:\Users\NITISH~1\AppData\Local\Temp\ccNthRps.s 			page 3


 115 0057 EC       		.byte	-20
 116 0058 C6       		.byte	-58
 117 0059 02       		.byte	2
 118 005a C8       		.byte	-56
 119 005b 07       		.byte	7
 120 005c C9       		.byte	-55
 121 005d FF       		.byte	-1
 122 005e CA       		.byte	-54
 123 005f FF       		.byte	-1
 124 0060 CB       		.byte	-53
 125 0061 FF       		.byte	-1
 126 0062 CD       		.byte	-51
 127 0063 83       		.byte	-125
 128 0064 CE       		.byte	-50
 129 0065 03       		.byte	3
 130 0066 CF       		.byte	-49
 131 0067 01       		.byte	1
 132 0068 D0       		.byte	-48
 133 0069 18       		.byte	24
 134 006a D2       		.byte	-46
 135 006b 80       		.byte	-128
 136 006c D4       		.byte	-44
 137 006d 01       		.byte	1
 138 006e D8       		.byte	-40
 139 006f 04       		.byte	4
 140 0070 DA       		.byte	-38
 141 0071 04       		.byte	4
 142 0072 DB       		.byte	-37
 143 0073 04       		.byte	4
 144 0074 DF       		.byte	-33
 145 0075 01       		.byte	1
 146 0076 E0       		.byte	-32
 147 0077 40       		.byte	64
 148 0078 E2       		.byte	-30
 149 0079 40       		.byte	64
 150 007a E4       		.byte	-28
 151 007b 40       		.byte	64
 152 007c E5       		.byte	-27
 153 007d 40       		.byte	64
 154 007e E6       		.byte	-26
 155 007f 80       		.byte	-128
 156 0080 E8       		.byte	-24
 157 0081 80       		.byte	-128
 158 0082 EA       		.byte	-22
 159 0083 80       		.byte	-128
 160 0084 EC       		.byte	-20
 161 0085 80       		.byte	-128
 162 0086 EE       		.byte	-18
 163 0087 80       		.byte	-128
 164 0088 0F       		.byte	15
 165 0089 80       		.byte	-128
 166 008a 17       		.byte	23
 167 008b 80       		.byte	-128
 168 008c 18       		.byte	24
 169 008d 02       		.byte	2
 170 008e 1E       		.byte	30
 171 008f A0       		.byte	-96
ARM GAS  C:\Users\NITISH~1\AppData\Local\Temp\ccNthRps.s 			page 4


 172 0090 42       		.byte	66
 173 0091 80       		.byte	-128
 174 0092 47       		.byte	71
 175 0093 80       		.byte	-128
 176 0094 48       		.byte	72
 177 0095 01       		.byte	1
 178 0096 4D       		.byte	77
 179 0097 04       		.byte	4
 180 0098 4F       		.byte	79
 181 0099 81       		.byte	-127
 182 009a 56       		.byte	86
 183 009b 80       		.byte	-128
 184 009c 57       		.byte	87
 185 009d 40       		.byte	64
 186 009e 5D       		.byte	93
 187 009f 04       		.byte	4
 188 00a0 5E       		.byte	94
 189 00a1 80       		.byte	-128
 190 00a2 5F       		.byte	95
 191 00a3 01       		.byte	1
 192 00a4 74       		.byte	116
 193 00a5 01       		.byte	1
 194 00a6 77       		.byte	119
 195 00a7 80       		.byte	-128
 196 00a8 7A       		.byte	122
 197 00a9 10       		.byte	16
 198 00aa C2       		.byte	-62
 199 00ab 10       		.byte	16
 200 00ac C4       		.byte	-60
 201 00ad 80       		.byte	-128
 202 00ae D0       		.byte	-48
 203 00af 11       		.byte	17
 204 00b0 D2       		.byte	-46
 205 00b1 18       		.byte	24
 206 00b2 D6       		.byte	-42
 207 00b3 D0       		.byte	-48
 208 00b4 DE       		.byte	-34
 209 00b5 02       		.byte	2
 210 00b6 5C       		.byte	92
 211 00b7 40       		.byte	64
 212 00b8 90       		.byte	-112
 213 00b9 40       		.byte	64
 214 00ba B4       		.byte	-76
 215 00bb 40       		.byte	64
 216 00bc D6       		.byte	-42
 217 00bd 04       		.byte	4
 218 00be E8       		.byte	-24
 219 00bf 02       		.byte	2
 220 00c0 00       		.byte	0
 221 00c1 01       		.byte	1
 222 00c2 0E       		.byte	14
 223 00c3 01       		.byte	1
 224 00c4 00       		.byte	0
 225 00c5 02       		.byte	2
 226 00c6 02       		.byte	2
 227 00c7 00       		.byte	0
 228 00c8 02       		.byte	2
ARM GAS  C:\Users\NITISH~1\AppData\Local\Temp\ccNthRps.s 			page 5


 229 00c9 00       		.byte	0
 230 00ca 00       		.byte	0
 231 00cb 00       		.byte	0
 232              		.section	.cywolatch,"a",%progbits
 233              		.align	2
 234              		.type	cy_meta_wonvl, %object
 235              		.size	cy_meta_wonvl, 4
 236              	cy_meta_wonvl:
 237 0000 BC       		.byte	-68
 238 0001 90       		.byte	-112
 239 0002 AC       		.byte	-84
 240 0003 AF       		.byte	-81
 241              		.section	.cycustnvl,"a",%progbits
 242              		.align	2
 243              		.type	cy_meta_custnvl, %object
 244              		.size	cy_meta_custnvl, 4
 245              	cy_meta_custnvl:
 246 0000 00       		.byte	0
 247 0001 00       		.byte	0
 248 0002 40       		.byte	64
 249 0003 05       		.byte	5
 250              		.section	.cymeta,"a",%progbits
 251              		.align	2
 252              		.type	cy_metadata, %object
 253              		.size	cy_metadata, 12
 254              	cy_metadata:
 255 0000 00       		.byte	0
 256 0001 01       		.byte	1
 257 0002 2E       		.byte	46
 258 0003 16       		.byte	22
 259 0004 10       		.byte	16
 260 0005 69       		.byte	105
 261 0006 00       		.byte	0
 262 0007 01       		.byte	1
 263 0008 00       		.byte	0
 264 0009 00       		.byte	0
 265 000a 00       		.byte	0
 266 000b 00       		.byte	0
 267              		.section	.cyflashprotect,"a",%progbits
 268              		.align	2
 269              		.type	cy_meta_flashprotect, %object
 270              		.size	cy_meta_flashprotect, 256
 271              	cy_meta_flashprotect:
 272 0000 00000000 		.space	256
 272      00000000 
 272      00000000 
 272      00000000 
 272      00000000 
 273              		.text
 274              	.Letext0:
 275              		.file 1 ".\\Generated_Source\\PSoC5\\cymetadata.c"
 276              		.file 2 ".\\Generated_Source\\PSoC5\\cytypes.h"
 277              		.section	.debug_info,"",%progbits
 278              	.Ldebug_info0:
 279 0000 36010000 		.4byte	0x136
 280 0004 0400     		.2byte	0x4
 281 0006 00000000 		.4byte	.Ldebug_abbrev0
ARM GAS  C:\Users\NITISH~1\AppData\Local\Temp\ccNthRps.s 			page 6


 282 000a 04       		.byte	0x4
 283 000b 01       		.uleb128 0x1
 284 000c AB000000 		.4byte	.LASF18
 285 0010 01       		.byte	0x1
 286 0011 00000000 		.4byte	.LASF19
 287 0015 46010000 		.4byte	.LASF20
 288 0019 00000000 		.4byte	.Ldebug_line0
 289 001d 02       		.uleb128 0x2
 290 001e 01       		.byte	0x1
 291 001f 06       		.byte	0x6
 292 0020 E9010000 		.4byte	.LASF0
 293 0024 02       		.uleb128 0x2
 294 0025 01       		.byte	0x1
 295 0026 08       		.byte	0x8
 296 0027 4F000000 		.4byte	.LASF1
 297 002b 02       		.uleb128 0x2
 298 002c 02       		.byte	0x2
 299 002d 05       		.byte	0x5
 300 002e D0010000 		.4byte	.LASF2
 301 0032 02       		.uleb128 0x2
 302 0033 02       		.byte	0x2
 303 0034 07       		.byte	0x7
 304 0035 6F000000 		.4byte	.LASF3
 305 0039 02       		.uleb128 0x2
 306 003a 04       		.byte	0x4
 307 003b 05       		.byte	0x5
 308 003c E0010000 		.4byte	.LASF4
 309 0040 02       		.uleb128 0x2
 310 0041 04       		.byte	0x4
 311 0042 07       		.byte	0x7
 312 0043 5D000000 		.4byte	.LASF5
 313 0047 02       		.uleb128 0x2
 314 0048 08       		.byte	0x8
 315 0049 05       		.byte	0x5
 316 004a BD010000 		.4byte	.LASF6
 317 004e 02       		.uleb128 0x2
 318 004f 08       		.byte	0x8
 319 0050 07       		.byte	0x7
 320 0051 38000000 		.4byte	.LASF7
 321 0055 03       		.uleb128 0x3
 322 0056 04       		.byte	0x4
 323 0057 05       		.byte	0x5
 324 0058 696E7400 		.ascii	"int\000"
 325 005c 02       		.uleb128 0x2
 326 005d 04       		.byte	0x4
 327 005e 07       		.byte	0x7
 328 005f 39010000 		.4byte	.LASF8
 329 0063 04       		.uleb128 0x4
 330 0064 DA010000 		.4byte	.LASF21
 331 0068 02       		.byte	0x2
 332 0069 9201     		.2byte	0x192
 333 006b 24000000 		.4byte	0x24
 334 006f 02       		.uleb128 0x2
 335 0070 04       		.byte	0x4
 336 0071 04       		.byte	0x4
 337 0072 32000000 		.4byte	.LASF9
 338 0076 02       		.uleb128 0x2
ARM GAS  C:\Users\NITISH~1\AppData\Local\Temp\ccNthRps.s 			page 7


 339 0077 08       		.byte	0x8
 340 0078 04       		.byte	0x4
 341 0079 82000000 		.4byte	.LASF10
 342 007d 02       		.uleb128 0x2
 343 007e 01       		.byte	0x1
 344 007f 08       		.byte	0x8
 345 0080 CB010000 		.4byte	.LASF11
 346 0084 05       		.uleb128 0x5
 347 0085 63000000 		.4byte	0x63
 348 0089 94000000 		.4byte	0x94
 349 008d 06       		.uleb128 0x6
 350 008e 94000000 		.4byte	0x94
 351 0092 CB       		.byte	0xcb
 352 0093 00       		.byte	0
 353 0094 02       		.uleb128 0x2
 354 0095 04       		.byte	0x4
 355 0096 07       		.byte	0x7
 356 0097 B4010000 		.4byte	.LASF12
 357 009b 07       		.uleb128 0x7
 358 009c 99000000 		.4byte	.LASF13
 359 00a0 01       		.byte	0x1
 360 00a1 1F       		.byte	0x1f
 361 00a2 AC000000 		.4byte	0xac
 362 00a6 05       		.uleb128 0x5
 363 00a7 03       		.byte	0x3
 364 00a8 00000000 		.4byte	cy_meta_configecc
 365 00ac 08       		.uleb128 0x8
 366 00ad 84000000 		.4byte	0x84
 367 00b1 05       		.uleb128 0x5
 368 00b2 63000000 		.4byte	0x63
 369 00b6 C1000000 		.4byte	0xc1
 370 00ba 06       		.uleb128 0x6
 371 00bb 94000000 		.4byte	0x94
 372 00bf 03       		.byte	0x3
 373 00c0 00       		.byte	0
 374 00c1 07       		.uleb128 0x7
 375 00c2 89000000 		.4byte	.LASF14
 376 00c6 01       		.byte	0x1
 377 00c7 46       		.byte	0x46
 378 00c8 D2000000 		.4byte	0xd2
 379 00cc 05       		.uleb128 0x5
 380 00cd 03       		.byte	0x3
 381 00ce 00000000 		.4byte	cy_meta_custnvl
 382 00d2 08       		.uleb128 0x8
 383 00d3 B1000000 		.4byte	0xb1
 384 00d7 07       		.uleb128 0x7
 385 00d8 A6010000 		.4byte	.LASF15
 386 00dc 01       		.byte	0x1
 387 00dd 54       		.byte	0x54
 388 00de E8000000 		.4byte	0xe8
 389 00e2 05       		.uleb128 0x5
 390 00e3 03       		.byte	0x3
 391 00e4 00000000 		.4byte	cy_meta_wonvl
 392 00e8 08       		.uleb128 0x8
 393 00e9 B1000000 		.4byte	0xb1
 394 00ed 05       		.uleb128 0x5
 395 00ee 63000000 		.4byte	0x63
ARM GAS  C:\Users\NITISH~1\AppData\Local\Temp\ccNthRps.s 			page 8


 396 00f2 FD000000 		.4byte	0xfd
 397 00f6 06       		.uleb128 0x6
 398 00f7 94000000 		.4byte	0x94
 399 00fb FF       		.byte	0xff
 400 00fc 00       		.byte	0
 401 00fd 07       		.uleb128 0x7
 402 00fe 91010000 		.4byte	.LASF16
 403 0102 01       		.byte	0x1
 404 0103 62       		.byte	0x62
 405 0104 0E010000 		.4byte	0x10e
 406 0108 05       		.uleb128 0x5
 407 0109 03       		.byte	0x3
 408 010a 00000000 		.4byte	cy_meta_flashprotect
 409 010e 08       		.uleb128 0x8
 410 010f ED000000 		.4byte	0xed
 411 0113 05       		.uleb128 0x5
 412 0114 63000000 		.4byte	0x63
 413 0118 23010000 		.4byte	0x123
 414 011c 06       		.uleb128 0x6
 415 011d 94000000 		.4byte	0x94
 416 0121 0B       		.byte	0xb
 417 0122 00       		.byte	0
 418 0123 07       		.uleb128 0x7
 419 0124 26000000 		.4byte	.LASF17
 420 0128 01       		.byte	0x1
 421 0129 8F       		.byte	0x8f
 422 012a 34010000 		.4byte	0x134
 423 012e 05       		.uleb128 0x5
 424 012f 03       		.byte	0x3
 425 0130 00000000 		.4byte	cy_metadata
 426 0134 08       		.uleb128 0x8
 427 0135 13010000 		.4byte	0x113
 428 0139 00       		.byte	0
 429              		.section	.debug_abbrev,"",%progbits
 430              	.Ldebug_abbrev0:
 431 0000 01       		.uleb128 0x1
 432 0001 11       		.uleb128 0x11
 433 0002 01       		.byte	0x1
 434 0003 25       		.uleb128 0x25
 435 0004 0E       		.uleb128 0xe
 436 0005 13       		.uleb128 0x13
 437 0006 0B       		.uleb128 0xb
 438 0007 03       		.uleb128 0x3
 439 0008 0E       		.uleb128 0xe
 440 0009 1B       		.uleb128 0x1b
 441 000a 0E       		.uleb128 0xe
 442 000b 10       		.uleb128 0x10
 443 000c 17       		.uleb128 0x17
 444 000d 00       		.byte	0
 445 000e 00       		.byte	0
 446 000f 02       		.uleb128 0x2
 447 0010 24       		.uleb128 0x24
 448 0011 00       		.byte	0
 449 0012 0B       		.uleb128 0xb
 450 0013 0B       		.uleb128 0xb
 451 0014 3E       		.uleb128 0x3e
 452 0015 0B       		.uleb128 0xb
ARM GAS  C:\Users\NITISH~1\AppData\Local\Temp\ccNthRps.s 			page 9


 453 0016 03       		.uleb128 0x3
 454 0017 0E       		.uleb128 0xe
 455 0018 00       		.byte	0
 456 0019 00       		.byte	0
 457 001a 03       		.uleb128 0x3
 458 001b 24       		.uleb128 0x24
 459 001c 00       		.byte	0
 460 001d 0B       		.uleb128 0xb
 461 001e 0B       		.uleb128 0xb
 462 001f 3E       		.uleb128 0x3e
 463 0020 0B       		.uleb128 0xb
 464 0021 03       		.uleb128 0x3
 465 0022 08       		.uleb128 0x8
 466 0023 00       		.byte	0
 467 0024 00       		.byte	0
 468 0025 04       		.uleb128 0x4
 469 0026 16       		.uleb128 0x16
 470 0027 00       		.byte	0
 471 0028 03       		.uleb128 0x3
 472 0029 0E       		.uleb128 0xe
 473 002a 3A       		.uleb128 0x3a
 474 002b 0B       		.uleb128 0xb
 475 002c 3B       		.uleb128 0x3b
 476 002d 05       		.uleb128 0x5
 477 002e 49       		.uleb128 0x49
 478 002f 13       		.uleb128 0x13
 479 0030 00       		.byte	0
 480 0031 00       		.byte	0
 481 0032 05       		.uleb128 0x5
 482 0033 01       		.uleb128 0x1
 483 0034 01       		.byte	0x1
 484 0035 49       		.uleb128 0x49
 485 0036 13       		.uleb128 0x13
 486 0037 01       		.uleb128 0x1
 487 0038 13       		.uleb128 0x13
 488 0039 00       		.byte	0
 489 003a 00       		.byte	0
 490 003b 06       		.uleb128 0x6
 491 003c 21       		.uleb128 0x21
 492 003d 00       		.byte	0
 493 003e 49       		.uleb128 0x49
 494 003f 13       		.uleb128 0x13
 495 0040 2F       		.uleb128 0x2f
 496 0041 0B       		.uleb128 0xb
 497 0042 00       		.byte	0
 498 0043 00       		.byte	0
 499 0044 07       		.uleb128 0x7
 500 0045 34       		.uleb128 0x34
 501 0046 00       		.byte	0
 502 0047 03       		.uleb128 0x3
 503 0048 0E       		.uleb128 0xe
 504 0049 3A       		.uleb128 0x3a
 505 004a 0B       		.uleb128 0xb
 506 004b 3B       		.uleb128 0x3b
 507 004c 0B       		.uleb128 0xb
 508 004d 49       		.uleb128 0x49
 509 004e 13       		.uleb128 0x13
ARM GAS  C:\Users\NITISH~1\AppData\Local\Temp\ccNthRps.s 			page 10


 510 004f 3F       		.uleb128 0x3f
 511 0050 19       		.uleb128 0x19
 512 0051 02       		.uleb128 0x2
 513 0052 18       		.uleb128 0x18
 514 0053 00       		.byte	0
 515 0054 00       		.byte	0
 516 0055 08       		.uleb128 0x8
 517 0056 26       		.uleb128 0x26
 518 0057 00       		.byte	0
 519 0058 49       		.uleb128 0x49
 520 0059 13       		.uleb128 0x13
 521 005a 00       		.byte	0
 522 005b 00       		.byte	0
 523 005c 00       		.byte	0
 524              		.section	.debug_aranges,"",%progbits
 525 0000 14000000 		.4byte	0x14
 526 0004 0200     		.2byte	0x2
 527 0006 00000000 		.4byte	.Ldebug_info0
 528 000a 04       		.byte	0x4
 529 000b 00       		.byte	0
 530 000c 0000     		.2byte	0
 531 000e 0000     		.2byte	0
 532 0010 00000000 		.4byte	0
 533 0014 00000000 		.4byte	0
 534              		.section	.debug_line,"",%progbits
 535              	.Ldebug_line0:
 536 0000 4F000000 		.section	.debug_str,"MS",%progbits,1
 536      02004900 
 536      00000201 
 536      FB0E0D00 
 536      01010101 
 537              	.LASF19:
 538 0000 2E5C4765 		.ascii	".\\Generated_Source\\PSoC5\\cymetadata.c\000"
 538      6E657261 
 538      7465645F 
 538      536F7572 
 538      63655C50 
 539              	.LASF17:
 540 0026 63795F6D 		.ascii	"cy_metadata\000"
 540      65746164 
 540      61746100 
 541              	.LASF9:
 542 0032 666C6F61 		.ascii	"float\000"
 542      7400
 543              	.LASF7:
 544 0038 6C6F6E67 		.ascii	"long long unsigned int\000"
 544      206C6F6E 
 544      6720756E 
 544      7369676E 
 544      65642069 
 545              	.LASF1:
 546 004f 756E7369 		.ascii	"unsigned char\000"
 546      676E6564 
 546      20636861 
 546      7200
 547              	.LASF5:
 548 005d 6C6F6E67 		.ascii	"long unsigned int\000"
ARM GAS  C:\Users\NITISH~1\AppData\Local\Temp\ccNthRps.s 			page 11


 548      20756E73 
 548      69676E65 
 548      6420696E 
 548      7400
 549              	.LASF3:
 550 006f 73686F72 		.ascii	"short unsigned int\000"
 550      7420756E 
 550      7369676E 
 550      65642069 
 550      6E7400
 551              	.LASF10:
 552 0082 646F7562 		.ascii	"double\000"
 552      6C6500
 553              	.LASF14:
 554 0089 63795F6D 		.ascii	"cy_meta_custnvl\000"
 554      6574615F 
 554      63757374 
 554      6E766C00 
 555              	.LASF13:
 556 0099 63795F6D 		.ascii	"cy_meta_configecc\000"
 556      6574615F 
 556      636F6E66 
 556      69676563 
 556      6300
 557              	.LASF18:
 558 00ab 474E5520 		.ascii	"GNU C 4.9.3 20150303 (release) [ARM/embedded-4_9-br"
 558      4320342E 
 558      392E3320 
 558      32303135 
 558      30333033 
 559 00de 616E6368 		.ascii	"anch revision 221220] -mcpu=cortex-m3 -mthumb -g -O"
 559      20726576 
 559      6973696F 
 559      6E203232 
 559      31323230 
 560 0111 67202D66 		.ascii	"g -ffunction-sections -ffat-lto-objects\000"
 560      66756E63 
 560      74696F6E 
 560      2D736563 
 560      74696F6E 
 561              	.LASF8:
 562 0139 756E7369 		.ascii	"unsigned int\000"
 562      676E6564 
 562      20696E74 
 562      00
 563              	.LASF20:
 564 0146 5A3A5C6E 		.ascii	"Z:\\npat025\\Documents\\teaching\\designcs301\\2016"
 564      70617430 
 564      32355C44 
 564      6F63756D 
 564      656E7473 
 565 0174 5C70736F 		.ascii	"\\psoc\\CS301.cydsn\\lab2.cydsn\000"
 565      635C4353 
 565      3330312E 
 565      63796473 
 565      6E5C6C61 
 566              	.LASF16:
ARM GAS  C:\Users\NITISH~1\AppData\Local\Temp\ccNthRps.s 			page 12


 567 0191 63795F6D 		.ascii	"cy_meta_flashprotect\000"
 567      6574615F 
 567      666C6173 
 567      6870726F 
 567      74656374 
 568              	.LASF15:
 569 01a6 63795F6D 		.ascii	"cy_meta_wonvl\000"
 569      6574615F 
 569      776F6E76 
 569      6C00
 570              	.LASF12:
 571 01b4 73697A65 		.ascii	"sizetype\000"
 571      74797065 
 571      00
 572              	.LASF6:
 573 01bd 6C6F6E67 		.ascii	"long long int\000"
 573      206C6F6E 
 573      6720696E 
 573      7400
 574              	.LASF11:
 575 01cb 63686172 		.ascii	"char\000"
 575      00
 576              	.LASF2:
 577 01d0 73686F72 		.ascii	"short int\000"
 577      7420696E 
 577      7400
 578              	.LASF21:
 579 01da 75696E74 		.ascii	"uint8\000"
 579      3800
 580              	.LASF4:
 581 01e0 6C6F6E67 		.ascii	"long int\000"
 581      20696E74 
 581      00
 582              	.LASF0:
 583 01e9 7369676E 		.ascii	"signed char\000"
 583      65642063 
 583      68617200 
 584              		.ident	"GCC: (GNU Tools for ARM Embedded Processors) 4.9.3 20150303 (release) [ARM/embedded-4_9-br
