ARM GAS  C:\Users\schoo\AppData\Local\Temp\ccOudU8e.s 			page 1


   1              		.syntax unified
   2              		.cpu cortex-m3
   3              		.fpu softvfp
   4              		.eabi_attribute 20, 1
   5              		.eabi_attribute 21, 1
   6              		.eabi_attribute 23, 3
   7              		.eabi_attribute 24, 1
   8              		.eabi_attribute 25, 1
   9              		.eabi_attribute 26, 1
  10              		.eabi_attribute 30, 1
  11              		.eabi_attribute 34, 1
  12              		.eabi_attribute 18, 4
  13              		.thumb
  14              		.syntax unified
  15              		.file	"main.c"
  16              		.text
  17              	.Ltext0:
  18              		.cfi_sections	.debug_frame
  19              		.section	.text.main,"ax",%progbits
  20              		.align	2
  21              		.global	main
  22              		.thumb
  23              		.thumb_func
  24              		.type	main, %function
  25              	main:
  26              	.LFB63:
  27              		.file 1 "main.c"
   1:main.c        **** 
   2:main.c        **** /* ========================================
   3:main.c        ****  * Laboratory Exercise 1
   4:main.c        ****  *
   5:main.c        ****  * Build and download project
   6:main.c        ****  * Push SW1 to light led
   7:main.c        ****  * 
   8:main.c        ****  * Copyright Univ of Auckland, 2016
   9:main.c        ****  * All Rights Reserved
  10:main.c        ****  * UNPUBLISHED, LICENSED SOFTWARE.
  11:main.c        ****  *
  12:main.c        ****  * CONFIDENTIAL AND PROPRIETARY INFORMATION
  13:main.c        ****  * WHICH IS THE PROPERTY OF Univ of Auckland.
  14:main.c        ****  *
  15:main.c        ****  * ========================================
  16:main.c        **** */
  17:main.c        **** #include <project.h>
  18:main.c        **** 
  19:main.c        **** int main()
  20:main.c        **** {
  28              		.loc 1 20 0
  29              		.cfi_startproc
  30              		@ Volatile: function does not return.
  31              		@ args = 0, pretend = 0, frame = 0
  32              		@ frame_needed = 0, uses_anonymous_args = 0
  33 0000 08B5     		push	{r3, lr}
  34              		.cfi_def_cfa_offset 8
  35              		.cfi_offset 3, -8
  36              		.cfi_offset 14, -4
  21:main.c        ****     CyGlobalIntEnable; /* Enable global interrupts. */
ARM GAS  C:\Users\schoo\AppData\Local\Temp\ccOudU8e.s 			page 2


  37              		.loc 1 21 0
  38              		.syntax unified
  39              	@ 21 "main.c" 1
  40 0002 62B6     		CPSIE   i
  41              	@ 0 "" 2
  22:main.c        **** 
  23:main.c        ****     /* Place your initialization/startup code here (e.g. MyInst_Start()) */
  24:main.c        ****     IN1A_Write(0);
  42              		.loc 1 24 0
  43              		.thumb
  44              		.syntax unified
  45 0004 0020     		movs	r0, #0
  46 0006 FFF7FEFF 		bl	IN1A_Write
  47              	.LVL0:
  25:main.c        ****     IN2A_Write(1);
  48              		.loc 1 25 0
  49 000a 0120     		movs	r0, #1
  50 000c FFF7FEFF 		bl	IN2A_Write
  51              	.LVL1:
  26:main.c        ****     IN1B_Write(0);
  52              		.loc 1 26 0
  53 0010 0020     		movs	r0, #0
  54 0012 FFF7FEFF 		bl	IN1B_Write
  55              	.LVL2:
  27:main.c        ****     IN2B_Write(1);
  56              		.loc 1 27 0
  57 0016 0120     		movs	r0, #1
  58 0018 FFF7FEFF 		bl	IN2B_Write
  59              	.LVL3:
  60              	.L2:
  61 001c FEE7     		b	.L2
  62              		.cfi_endproc
  63              	.LFE63:
  64              		.size	main, .-main
  65 001e 00BF     		.text
  66              	.Letext0:
  67              		.file 2 "c:\\program files (x86)\\cypress\\psoc creator\\4.2\\psoc creator\\import\\gnu\\arm\\5.4.
  68              		.file 3 "c:\\program files (x86)\\cypress\\psoc creator\\4.2\\psoc creator\\import\\gnu\\arm\\5.4.
  69              		.file 4 "Generated_Source\\PSoC5/IN1A.h"
  70              		.file 5 "Generated_Source\\PSoC5/IN2A.h"
  71              		.file 6 "Generated_Source\\PSoC5/IN1B.h"
  72              		.file 7 "Generated_Source\\PSoC5/IN2B.h"
  73              		.file 8 "Generated_Source\\PSoC5/core_cm3.h"
  74              		.section	.debug_info,"",%progbits
  75              	.Ldebug_info0:
  76 0000 40010000 		.4byte	0x140
  77 0004 0400     		.2byte	0x4
  78 0006 00000000 		.4byte	.Ldebug_abbrev0
  79 000a 04       		.byte	0x4
  80 000b 01       		.uleb128 0x1
  81 000c 37000000 		.4byte	.LASF20
  82 0010 0C       		.byte	0xc
  83 0011 2B000000 		.4byte	.LASF21
  84 0015 3F010000 		.4byte	.LASF22
  85 0019 00000000 		.4byte	.Ldebug_ranges0+0
  86 001d 00000000 		.4byte	0
  87 0021 00000000 		.4byte	.Ldebug_line0
ARM GAS  C:\Users\schoo\AppData\Local\Temp\ccOudU8e.s 			page 3


  88 0025 02       		.uleb128 0x2
  89 0026 01       		.byte	0x1
  90 0027 06       		.byte	0x6
  91 0028 C5010000 		.4byte	.LASF0
  92 002c 02       		.uleb128 0x2
  93 002d 01       		.byte	0x1
  94 002e 08       		.byte	0x8
  95 002f F9000000 		.4byte	.LASF1
  96 0033 02       		.uleb128 0x2
  97 0034 02       		.byte	0x2
  98 0035 05       		.byte	0x5
  99 0036 1C010000 		.4byte	.LASF2
 100 003a 02       		.uleb128 0x2
 101 003b 02       		.byte	0x2
 102 003c 07       		.byte	0x7
 103 003d 0B000000 		.4byte	.LASF3
 104 0041 03       		.uleb128 0x3
 105 0042 DD010000 		.4byte	.LASF9
 106 0046 02       		.byte	0x2
 107 0047 3F       		.byte	0x3f
 108 0048 4C000000 		.4byte	0x4c
 109 004c 02       		.uleb128 0x2
 110 004d 04       		.byte	0x4
 111 004e 05       		.byte	0x5
 112 004f 13010000 		.4byte	.LASF4
 113 0053 02       		.uleb128 0x2
 114 0054 04       		.byte	0x4
 115 0055 07       		.byte	0x7
 116 0056 C5000000 		.4byte	.LASF5
 117 005a 02       		.uleb128 0x2
 118 005b 08       		.byte	0x8
 119 005c 05       		.byte	0x5
 120 005d 31010000 		.4byte	.LASF6
 121 0061 02       		.uleb128 0x2
 122 0062 08       		.byte	0x8
 123 0063 07       		.byte	0x7
 124 0064 D7000000 		.4byte	.LASF7
 125 0068 04       		.uleb128 0x4
 126 0069 04       		.byte	0x4
 127 006a 05       		.byte	0x5
 128 006b 696E7400 		.ascii	"int\000"
 129 006f 02       		.uleb128 0x2
 130 0070 04       		.byte	0x4
 131 0071 07       		.byte	0x7
 132 0072 1E000000 		.4byte	.LASF8
 133 0076 03       		.uleb128 0x3
 134 0077 F8010000 		.4byte	.LASF10
 135 007b 03       		.byte	0x3
 136 007c 2C       		.byte	0x2c
 137 007d 41000000 		.4byte	0x41
 138 0081 02       		.uleb128 0x2
 139 0082 04       		.byte	0x4
 140 0083 04       		.byte	0x4
 141 0084 E7010000 		.4byte	.LASF11
 142 0088 02       		.uleb128 0x2
 143 0089 08       		.byte	0x8
 144 008a 04       		.byte	0x4
ARM GAS  C:\Users\schoo\AppData\Local\Temp\ccOudU8e.s 			page 4


 145 008b 0C010000 		.4byte	.LASF12
 146 008f 02       		.uleb128 0x2
 147 0090 01       		.byte	0x1
 148 0091 08       		.byte	0x8
 149 0092 07010000 		.4byte	.LASF13
 150 0096 02       		.uleb128 0x2
 151 0097 08       		.byte	0x8
 152 0098 04       		.byte	0x4
 153 0099 D1010000 		.4byte	.LASF14
 154 009d 02       		.uleb128 0x2
 155 009e 04       		.byte	0x4
 156 009f 07       		.byte	0x7
 157 00a0 00020000 		.4byte	.LASF15
 158 00a4 05       		.uleb128 0x5
 159 00a5 32000000 		.4byte	.LASF23
 160 00a9 01       		.byte	0x1
 161 00aa 13       		.byte	0x13
 162 00ab 68000000 		.4byte	0x68
 163 00af 00000000 		.4byte	.LFB63
 164 00b3 1E000000 		.4byte	.LFE63-.LFB63
 165 00b7 01       		.uleb128 0x1
 166 00b8 9C       		.byte	0x9c
 167 00b9 06010000 		.4byte	0x106
 168 00bd 06       		.uleb128 0x6
 169 00be 0A000000 		.4byte	.LVL0
 170 00c2 17010000 		.4byte	0x117
 171 00c6 D0000000 		.4byte	0xd0
 172 00ca 07       		.uleb128 0x7
 173 00cb 01       		.uleb128 0x1
 174 00cc 50       		.byte	0x50
 175 00cd 01       		.uleb128 0x1
 176 00ce 30       		.byte	0x30
 177 00cf 00       		.byte	0
 178 00d0 06       		.uleb128 0x6
 179 00d1 10000000 		.4byte	.LVL1
 180 00d5 22010000 		.4byte	0x122
 181 00d9 E3000000 		.4byte	0xe3
 182 00dd 07       		.uleb128 0x7
 183 00de 01       		.uleb128 0x1
 184 00df 50       		.byte	0x50
 185 00e0 01       		.uleb128 0x1
 186 00e1 31       		.byte	0x31
 187 00e2 00       		.byte	0
 188 00e3 06       		.uleb128 0x6
 189 00e4 16000000 		.4byte	.LVL2
 190 00e8 2D010000 		.4byte	0x12d
 191 00ec F6000000 		.4byte	0xf6
 192 00f0 07       		.uleb128 0x7
 193 00f1 01       		.uleb128 0x1
 194 00f2 50       		.byte	0x50
 195 00f3 01       		.uleb128 0x1
 196 00f4 30       		.byte	0x30
 197 00f5 00       		.byte	0
 198 00f6 08       		.uleb128 0x8
 199 00f7 1C000000 		.4byte	.LVL3
 200 00fb 38010000 		.4byte	0x138
 201 00ff 07       		.uleb128 0x7
ARM GAS  C:\Users\schoo\AppData\Local\Temp\ccOudU8e.s 			page 5


 202 0100 01       		.uleb128 0x1
 203 0101 50       		.byte	0x50
 204 0102 01       		.uleb128 0x1
 205 0103 31       		.byte	0x31
 206 0104 00       		.byte	0
 207 0105 00       		.byte	0
 208 0106 09       		.uleb128 0x9
 209 0107 B8010000 		.4byte	.LASF24
 210 010b 08       		.byte	0x8
 211 010c 1207     		.2byte	0x712
 212 010e 12010000 		.4byte	0x112
 213 0112 0A       		.uleb128 0xa
 214 0113 76000000 		.4byte	0x76
 215 0117 0B       		.uleb128 0xb
 216 0118 00000000 		.4byte	.LASF16
 217 011c 00000000 		.4byte	.LASF16
 218 0120 04       		.byte	0x4
 219 0121 26       		.byte	0x26
 220 0122 0B       		.uleb128 0xb
 221 0123 EE000000 		.4byte	.LASF17
 222 0127 EE000000 		.4byte	.LASF17
 223 012b 05       		.byte	0x5
 224 012c 26       		.byte	0x26
 225 012d 0B       		.uleb128 0xb
 226 012e 26010000 		.4byte	.LASF18
 227 0132 26010000 		.4byte	.LASF18
 228 0136 06       		.byte	0x6
 229 0137 26       		.byte	0x26
 230 0138 0B       		.uleb128 0xb
 231 0139 ED010000 		.4byte	.LASF19
 232 013d ED010000 		.4byte	.LASF19
 233 0141 07       		.byte	0x7
 234 0142 26       		.byte	0x26
 235 0143 00       		.byte	0
 236              		.section	.debug_abbrev,"",%progbits
 237              	.Ldebug_abbrev0:
 238 0000 01       		.uleb128 0x1
 239 0001 11       		.uleb128 0x11
 240 0002 01       		.byte	0x1
 241 0003 25       		.uleb128 0x25
 242 0004 0E       		.uleb128 0xe
 243 0005 13       		.uleb128 0x13
 244 0006 0B       		.uleb128 0xb
 245 0007 03       		.uleb128 0x3
 246 0008 0E       		.uleb128 0xe
 247 0009 1B       		.uleb128 0x1b
 248 000a 0E       		.uleb128 0xe
 249 000b 55       		.uleb128 0x55
 250 000c 17       		.uleb128 0x17
 251 000d 11       		.uleb128 0x11
 252 000e 01       		.uleb128 0x1
 253 000f 10       		.uleb128 0x10
 254 0010 17       		.uleb128 0x17
 255 0011 00       		.byte	0
 256 0012 00       		.byte	0
 257 0013 02       		.uleb128 0x2
 258 0014 24       		.uleb128 0x24
ARM GAS  C:\Users\schoo\AppData\Local\Temp\ccOudU8e.s 			page 6


 259 0015 00       		.byte	0
 260 0016 0B       		.uleb128 0xb
 261 0017 0B       		.uleb128 0xb
 262 0018 3E       		.uleb128 0x3e
 263 0019 0B       		.uleb128 0xb
 264 001a 03       		.uleb128 0x3
 265 001b 0E       		.uleb128 0xe
 266 001c 00       		.byte	0
 267 001d 00       		.byte	0
 268 001e 03       		.uleb128 0x3
 269 001f 16       		.uleb128 0x16
 270 0020 00       		.byte	0
 271 0021 03       		.uleb128 0x3
 272 0022 0E       		.uleb128 0xe
 273 0023 3A       		.uleb128 0x3a
 274 0024 0B       		.uleb128 0xb
 275 0025 3B       		.uleb128 0x3b
 276 0026 0B       		.uleb128 0xb
 277 0027 49       		.uleb128 0x49
 278 0028 13       		.uleb128 0x13
 279 0029 00       		.byte	0
 280 002a 00       		.byte	0
 281 002b 04       		.uleb128 0x4
 282 002c 24       		.uleb128 0x24
 283 002d 00       		.byte	0
 284 002e 0B       		.uleb128 0xb
 285 002f 0B       		.uleb128 0xb
 286 0030 3E       		.uleb128 0x3e
 287 0031 0B       		.uleb128 0xb
 288 0032 03       		.uleb128 0x3
 289 0033 08       		.uleb128 0x8
 290 0034 00       		.byte	0
 291 0035 00       		.byte	0
 292 0036 05       		.uleb128 0x5
 293 0037 2E       		.uleb128 0x2e
 294 0038 01       		.byte	0x1
 295 0039 3F       		.uleb128 0x3f
 296 003a 19       		.uleb128 0x19
 297 003b 03       		.uleb128 0x3
 298 003c 0E       		.uleb128 0xe
 299 003d 3A       		.uleb128 0x3a
 300 003e 0B       		.uleb128 0xb
 301 003f 3B       		.uleb128 0x3b
 302 0040 0B       		.uleb128 0xb
 303 0041 49       		.uleb128 0x49
 304 0042 13       		.uleb128 0x13
 305 0043 8701     		.uleb128 0x87
 306 0045 19       		.uleb128 0x19
 307 0046 11       		.uleb128 0x11
 308 0047 01       		.uleb128 0x1
 309 0048 12       		.uleb128 0x12
 310 0049 06       		.uleb128 0x6
 311 004a 40       		.uleb128 0x40
 312 004b 18       		.uleb128 0x18
 313 004c 9742     		.uleb128 0x2117
 314 004e 19       		.uleb128 0x19
 315 004f 01       		.uleb128 0x1
ARM GAS  C:\Users\schoo\AppData\Local\Temp\ccOudU8e.s 			page 7


 316 0050 13       		.uleb128 0x13
 317 0051 00       		.byte	0
 318 0052 00       		.byte	0
 319 0053 06       		.uleb128 0x6
 320 0054 898201   		.uleb128 0x4109
 321 0057 01       		.byte	0x1
 322 0058 11       		.uleb128 0x11
 323 0059 01       		.uleb128 0x1
 324 005a 31       		.uleb128 0x31
 325 005b 13       		.uleb128 0x13
 326 005c 01       		.uleb128 0x1
 327 005d 13       		.uleb128 0x13
 328 005e 00       		.byte	0
 329 005f 00       		.byte	0
 330 0060 07       		.uleb128 0x7
 331 0061 8A8201   		.uleb128 0x410a
 332 0064 00       		.byte	0
 333 0065 02       		.uleb128 0x2
 334 0066 18       		.uleb128 0x18
 335 0067 9142     		.uleb128 0x2111
 336 0069 18       		.uleb128 0x18
 337 006a 00       		.byte	0
 338 006b 00       		.byte	0
 339 006c 08       		.uleb128 0x8
 340 006d 898201   		.uleb128 0x4109
 341 0070 01       		.byte	0x1
 342 0071 11       		.uleb128 0x11
 343 0072 01       		.uleb128 0x1
 344 0073 31       		.uleb128 0x31
 345 0074 13       		.uleb128 0x13
 346 0075 00       		.byte	0
 347 0076 00       		.byte	0
 348 0077 09       		.uleb128 0x9
 349 0078 34       		.uleb128 0x34
 350 0079 00       		.byte	0
 351 007a 03       		.uleb128 0x3
 352 007b 0E       		.uleb128 0xe
 353 007c 3A       		.uleb128 0x3a
 354 007d 0B       		.uleb128 0xb
 355 007e 3B       		.uleb128 0x3b
 356 007f 05       		.uleb128 0x5
 357 0080 49       		.uleb128 0x49
 358 0081 13       		.uleb128 0x13
 359 0082 3F       		.uleb128 0x3f
 360 0083 19       		.uleb128 0x19
 361 0084 3C       		.uleb128 0x3c
 362 0085 19       		.uleb128 0x19
 363 0086 00       		.byte	0
 364 0087 00       		.byte	0
 365 0088 0A       		.uleb128 0xa
 366 0089 35       		.uleb128 0x35
 367 008a 00       		.byte	0
 368 008b 49       		.uleb128 0x49
 369 008c 13       		.uleb128 0x13
 370 008d 00       		.byte	0
 371 008e 00       		.byte	0
 372 008f 0B       		.uleb128 0xb
ARM GAS  C:\Users\schoo\AppData\Local\Temp\ccOudU8e.s 			page 8


 373 0090 2E       		.uleb128 0x2e
 374 0091 00       		.byte	0
 375 0092 3F       		.uleb128 0x3f
 376 0093 19       		.uleb128 0x19
 377 0094 3C       		.uleb128 0x3c
 378 0095 19       		.uleb128 0x19
 379 0096 6E       		.uleb128 0x6e
 380 0097 0E       		.uleb128 0xe
 381 0098 03       		.uleb128 0x3
 382 0099 0E       		.uleb128 0xe
 383 009a 3A       		.uleb128 0x3a
 384 009b 0B       		.uleb128 0xb
 385 009c 3B       		.uleb128 0x3b
 386 009d 0B       		.uleb128 0xb
 387 009e 00       		.byte	0
 388 009f 00       		.byte	0
 389 00a0 00       		.byte	0
 390              		.section	.debug_aranges,"",%progbits
 391 0000 1C000000 		.4byte	0x1c
 392 0004 0200     		.2byte	0x2
 393 0006 00000000 		.4byte	.Ldebug_info0
 394 000a 04       		.byte	0x4
 395 000b 00       		.byte	0
 396 000c 0000     		.2byte	0
 397 000e 0000     		.2byte	0
 398 0010 00000000 		.4byte	.LFB63
 399 0014 1E000000 		.4byte	.LFE63-.LFB63
 400 0018 00000000 		.4byte	0
 401 001c 00000000 		.4byte	0
 402              		.section	.debug_ranges,"",%progbits
 403              	.Ldebug_ranges0:
 404 0000 00000000 		.4byte	.LFB63
 405 0004 1E000000 		.4byte	.LFE63
 406 0008 00000000 		.4byte	0
 407 000c 00000000 		.4byte	0
 408              		.section	.debug_line,"",%progbits
 409              	.Ldebug_line0:
 410 0000 81010000 		.section	.debug_str,"MS",%progbits,1
 410      02006701 
 410      00000201 
 410      FB0E0D00 
 410      01010101 
 411              	.LASF16:
 412 0000 494E3141 		.ascii	"IN1A_Write\000"
 412      5F577269 
 412      746500
 413              	.LASF3:
 414 000b 73686F72 		.ascii	"short unsigned int\000"
 414      7420756E 
 414      7369676E 
 414      65642069 
 414      6E7400
 415              	.LASF8:
 416 001e 756E7369 		.ascii	"unsigned int\000"
 416      676E6564 
 416      20696E74 
 416      00
ARM GAS  C:\Users\schoo\AppData\Local\Temp\ccOudU8e.s 			page 9


 417              	.LASF21:
 418 002b 6D61696E 		.ascii	"main.c\000"
 418      2E6300
 419              	.LASF23:
 420 0032 6D61696E 		.ascii	"main\000"
 420      00
 421              	.LASF20:
 422 0037 474E5520 		.ascii	"GNU C11 5.4.1 20160609 (release) [ARM/embedded-5-br"
 422      43313120 
 422      352E342E 
 422      31203230 
 422      31363036 
 423 006a 616E6368 		.ascii	"anch revision 237715] -mcpu=cortex-m3 -mthumb -g -O"
 423      20726576 
 423      6973696F 
 423      6E203233 
 423      37373135 
 424 009d 67202D66 		.ascii	"g -ffunction-sections -ffat-lto-objects\000"
 424      66756E63 
 424      74696F6E 
 424      2D736563 
 424      74696F6E 
 425              	.LASF5:
 426 00c5 6C6F6E67 		.ascii	"long unsigned int\000"
 426      20756E73 
 426      69676E65 
 426      6420696E 
 426      7400
 427              	.LASF7:
 428 00d7 6C6F6E67 		.ascii	"long long unsigned int\000"
 428      206C6F6E 
 428      6720756E 
 428      7369676E 
 428      65642069 
 429              	.LASF17:
 430 00ee 494E3241 		.ascii	"IN2A_Write\000"
 430      5F577269 
 430      746500
 431              	.LASF1:
 432 00f9 756E7369 		.ascii	"unsigned char\000"
 432      676E6564 
 432      20636861 
 432      7200
 433              	.LASF13:
 434 0107 63686172 		.ascii	"char\000"
 434      00
 435              	.LASF12:
 436 010c 646F7562 		.ascii	"double\000"
 436      6C6500
 437              	.LASF4:
 438 0113 6C6F6E67 		.ascii	"long int\000"
 438      20696E74 
 438      00
 439              	.LASF2:
 440 011c 73686F72 		.ascii	"short int\000"
 440      7420696E 
 440      7400
ARM GAS  C:\Users\schoo\AppData\Local\Temp\ccOudU8e.s 			page 10


 441              	.LASF18:
 442 0126 494E3142 		.ascii	"IN1B_Write\000"
 442      5F577269 
 442      746500
 443              	.LASF6:
 444 0131 6C6F6E67 		.ascii	"long long int\000"
 444      206C6F6E 
 444      6720696E 
 444      7400
 445              	.LASF22:
 446 013f 433A5C55 		.ascii	"C:\\Users\\schoo\\302OffOnedrive\\301 Project\\12_C"
 446      73657273 
 446      5C736368 
 446      6F6F5C33 
 446      30324F66 
 447 016d 79707265 		.ascii	"ypress_LineFollowingRobot\\Robert\\HArdware_Task2\\"
 447      73735F4C 
 447      696E6546 
 447      6F6C6C6F 
 447      77696E67 
 448 019d 48617264 		.ascii	"HardwareTask2Project.cydsn\000"
 448      77617265 
 448      5461736B 
 448      3250726F 
 448      6A656374 
 449              	.LASF24:
 450 01b8 49544D5F 		.ascii	"ITM_RxBuffer\000"
 450      52784275 
 450      66666572 
 450      00
 451              	.LASF0:
 452 01c5 7369676E 		.ascii	"signed char\000"
 452      65642063 
 452      68617200 
 453              	.LASF14:
 454 01d1 6C6F6E67 		.ascii	"long double\000"
 454      20646F75 
 454      626C6500 
 455              	.LASF9:
 456 01dd 5F5F696E 		.ascii	"__int32_t\000"
 456      7433325F 
 456      7400
 457              	.LASF11:
 458 01e7 666C6F61 		.ascii	"float\000"
 458      7400
 459              	.LASF19:
 460 01ed 494E3242 		.ascii	"IN2B_Write\000"
 460      5F577269 
 460      746500
 461              	.LASF10:
 462 01f8 696E7433 		.ascii	"int32_t\000"
 462      325F7400 
 463              	.LASF15:
 464 0200 73697A65 		.ascii	"sizetype\000"
 464      74797065 
 464      00
 465              		.ident	"GCC: (GNU Tools for ARM Embedded Processors) 5.4.1 20160609 (release) [ARM/embedded-5-bran
ARM GAS  C:\Users\schoo\AppData\Local\Temp\ccOudU8e.s 			page 11


