ARM GAS  C:\Users\rsef899\AppData\Local\Temp\ccsZlBAC.s 			page 1


   1              		.syntax unified
   2              		.cpu cortex-m3
   3              		.fpu softvfp
   4              		.eabi_attribute 20, 1
   5              		.eabi_attribute 21, 1
   6              		.eabi_attribute 23, 3
   7              		.eabi_attribute 24, 1
   8              		.eabi_attribute 25, 1
   9              		.eabi_attribute 26, 1
  10              		.eabi_attribute 30, 6
  11              		.eabi_attribute 34, 1
  12              		.eabi_attribute 18, 4
  13              		.thumb
  14              		.syntax unified
  15              		.file	"main.c"
  16              		.text
  17              	.Ltext0:
  18              		.cfi_sections	.debug_frame
  19              		.global	ts
  20              		.bss
  21              		.type	ts, %object
  22              		.size	ts, 1
  23              	ts:
  24 0000 00       		.space	1
  25              		.global	ts_enc
  26 0001 00       		.align	1
  27              		.type	ts_enc, %object
  28              		.size	ts_enc, 2
  29              	ts_enc:
  30 0002 0000     		.space	2
  31              		.global	ts_update
  32              		.align	1
  33              		.type	ts_update, %object
  34              		.size	ts_update, 2
  35              	ts_update:
  36 0004 0000     		.space	2
  37              		.global	ts_speed
  38              		.align	1
  39              		.type	ts_speed, %object
  40              		.size	ts_speed, 2
  41              	ts_speed:
  42 0006 0000     		.space	2
  43              		.global	ts_display
  44              		.align	1
  45              		.type	ts_display, %object
  46              		.size	ts_display, 2
  47              	ts_display:
  48 0008 0000     		.space	2
  49              		.global	flag_ts_enc
  50              		.type	flag_ts_enc, %object
  51              		.size	flag_ts_enc, 1
  52              	flag_ts_enc:
  53 000a 00       		.space	1
  54              		.global	flag_ts_update
  55              		.type	flag_ts_update, %object
  56              		.size	flag_ts_update, 1
  57              	flag_ts_update:
ARM GAS  C:\Users\rsef899\AppData\Local\Temp\ccsZlBAC.s 			page 2


  58 000b 00       		.space	1
  59              		.global	flag_ts_speed
  60              		.type	flag_ts_speed, %object
  61              		.size	flag_ts_speed, 1
  62              	flag_ts_speed:
  63 000c 00       		.space	1
  64              		.global	flag_ts_display
  65              		.type	flag_ts_display, %object
  66              		.size	flag_ts_display, 1
  67              	flag_ts_display:
  68 000d 00       		.space	1
  69              		.global	flag_rx
  70              		.type	flag_rx, %object
  71              		.size	flag_rx, 1
  72              	flag_rx:
  73 000e 00       		.space	1
  74              		.global	flag_packet
  75              		.type	flag_packet, %object
  76              		.size	flag_packet, 1
  77              	flag_packet:
  78 000f 00       		.space	1
  79              		.global	flag_KB_string
  80              		.type	flag_KB_string, %object
  81              		.size	flag_KB_string, 1
  82              	flag_KB_string:
  83 0010 00       		.space	1
  84              		.global	dataready_flag
  85              		.type	dataready_flag, %object
  86              		.size	dataready_flag, 1
  87              	dataready_flag:
  88 0011 00       		.space	1
  89              		.global	flag_rf_transmission_active
  90              		.data
  91              		.type	flag_rf_transmission_active, %object
  92              		.size	flag_rf_transmission_active, 1
  93              	flag_rf_transmission_active:
  94 0000 0A       		.byte	10
  95              		.global	displaystring
  96 0001 000000   		.align	2
  97              		.type	displaystring, %object
  98              		.size	displaystring, 64
  99              	displaystring:
 100 0004 43533330 		.ascii	"CS301 2016\012\000"
 100      31203230 
 100      31360A00 
 101 0010 00000000 		.space	52
 101      00000000 
 101      00000000 
 101      00000000 
 101      00000000 
 102              		.comm	line,64,4
 103              		.comm	entry,64,4
 104              		.comm	usbBuffer,64,4
 105              		.comm	system_state,32,4
 106              		.global	printFlag
 107              		.bss
 108              		.type	printFlag, %object
ARM GAS  C:\Users\rsef899\AppData\Local\Temp\ccsZlBAC.s 			page 3


 109              		.size	printFlag, 1
 110              	printFlag:
 111 0012 00       		.space	1
 112              		.comm	buffer,2048,4
 113              		.global	bufferIndex
 114 0013 00       		.align	1
 115              		.type	bufferIndex, %object
 116              		.size	bufferIndex, 2
 117              	bufferIndex:
 118 0014 0000     		.space	2
 119              		.section	.text.ADCInterupt,"ax",%progbits
 120              		.align	2
 121              		.global	ADCInterupt
 122              		.thumb
 123              		.thumb_func
 124              		.type	ADCInterupt, %function
 125              	ADCInterupt:
 126              	.LFB64:
 127              		.file 1 "main.c"
   1:main.c        **** /* ========================================
   2:main.c        ****  * Fully working code: 
   3:main.c        ****  * PWM      : 
   4:main.c        ****  * Encoder  : 
   5:main.c        ****  * ADC      :
   6:main.c        ****  * USB      : port displays speed and position.
   7:main.c        ****  * CMD: "PW xx"
   8:main.c        ****  * Copyright Univ of Auckland, 2016
   9:main.c        ****  * All Rights Reserved
  10:main.c        ****  * UNPUBLISHED, LICENSED SOFTWARE.
  11:main.c        ****  *
  12:main.c        ****  * CONFIDENTIAL AND PROPRIETARY INFORMATION
  13:main.c        ****  * WHICH IS THE PROPERTY OF Univ of Auckland.
  14:main.c        ****  *
  15:main.c        ****  * ========================================
  16:main.c        **** */
  17:main.c        **** #include <stdio.h>
  18:main.c        **** #include <string.h>
  19:main.c        **** #include <stdlib.h>
  20:main.c        **** #include <project.h>
  21:main.c        **** //* ========================================
  22:main.c        **** #include "defines.h"
  23:main.c        **** #include "vars.h"
  24:main.c        **** //* ========================================
  25:main.c        **** void usbPutString(char *s);
  26:main.c        **** void usbPutChar(char c);
  27:main.c        **** void handle_usb();
  28:main.c        **** //* ========================================
  29:main.c        **** void changeDutyCycle(char* dutyValue);
  30:main.c        **** 
  31:main.c        **** volatile uint8_t printFlag = 0;
  32:main.c        **** volatile uint16_t buffer[1024];
  33:main.c        **** volatile uint16_t bufferIndex = 0;
  34:main.c        **** 
  35:main.c        **** //define teh TImer Interuprt
  36:main.c        **** CY_ISR(ADCInterupt){
 128              		.loc 1 36 0
 129              		.cfi_startproc
ARM GAS  C:\Users\rsef899\AppData\Local\Temp\ccsZlBAC.s 			page 4


 130              		@ args = 0, pretend = 0, frame = 8
 131              		@ frame_needed = 1, uses_anonymous_args = 0
 132 0000 90B5     		push	{r4, r7, lr}
 133              		.cfi_def_cfa_offset 12
 134              		.cfi_offset 4, -12
 135              		.cfi_offset 7, -8
 136              		.cfi_offset 14, -4
 137 0002 83B0     		sub	sp, sp, #12
 138              		.cfi_def_cfa_offset 24
 139 0004 00AF     		add	r7, sp, #0
 140              		.cfi_def_cfa_register 7
  37:main.c        ****     //if we are printing pdmt store ADC values
  38:main.c        ****     if(printFlag == 1) return;
 141              		.loc 1 38 0
 142 0006 164B     		ldr	r3, .L5
 143 0008 1B78     		ldrb	r3, [r3]
 144 000a DBB2     		uxtb	r3, r3
 145 000c 012B     		cmp	r3, #1
 146 000e 23D0     		beq	.L4
  39:main.c        ****     uint16_t ADCReturn = ADC_GetResult16((uint16_t)0);
 147              		.loc 1 39 0
 148 0010 0020     		movs	r0, #0
 149 0012 FFF7FEFF 		bl	ADC_GetResult16
 150 0016 0346     		mov	r3, r0
 151 0018 FB80     		strh	r3, [r7, #6]	@ movhi
  40:main.c        ****     //add the result to the buffer
  41:main.c        ****     buffer[bufferIndex++] = ADC_CountsTo_mVolts(ADCReturn);
 152              		.loc 1 41 0
 153 001a 124B     		ldr	r3, .L5+4
 154 001c 1B88     		ldrh	r3, [r3]	@ movhi
 155 001e 9BB2     		uxth	r3, r3
 156 0020 5A1C     		adds	r2, r3, #1
 157 0022 91B2     		uxth	r1, r2
 158 0024 0F4A     		ldr	r2, .L5+4
 159 0026 1180     		strh	r1, [r2]	@ movhi
 160 0028 1C46     		mov	r4, r3
 161 002a B7F90630 		ldrsh	r3, [r7, #6]
 162 002e 1846     		mov	r0, r3
 163 0030 FFF7FEFF 		bl	ADC_CountsTo_mVolts
 164 0034 0346     		mov	r3, r0
 165 0036 9AB2     		uxth	r2, r3
 166 0038 0B4B     		ldr	r3, .L5+8
 167 003a 23F81420 		strh	r2, [r3, r4, lsl #1]	@ movhi
  42:main.c        ****     //when the buffer is full set the prin flag, start the buffer aggain
  43:main.c        ****     if(bufferIndex == 1024) {
 168              		.loc 1 43 0
 169 003e 094B     		ldr	r3, .L5+4
 170 0040 1B88     		ldrh	r3, [r3]	@ movhi
 171 0042 9BB2     		uxth	r3, r3
 172 0044 B3F5806F 		cmp	r3, #1024
 173 0048 07D1     		bne	.L1
  44:main.c        ****         printFlag = 1;
 174              		.loc 1 44 0
 175 004a 054B     		ldr	r3, .L5
 176 004c 0122     		movs	r2, #1
 177 004e 1A70     		strb	r2, [r3]
  45:main.c        ****         bufferIndex = 0;
ARM GAS  C:\Users\rsef899\AppData\Local\Temp\ccsZlBAC.s 			page 5


 178              		.loc 1 45 0
 179 0050 044B     		ldr	r3, .L5+4
 180 0052 0022     		movs	r2, #0
 181 0054 1A80     		strh	r2, [r3]	@ movhi
 182 0056 00E0     		b	.L1
 183              	.L4:
  38:main.c        ****     uint16_t ADCReturn = ADC_GetResult16((uint16_t)0);
 184              		.loc 1 38 0
 185 0058 00BF     		nop
 186              	.L1:
  46:main.c        ****     }
  47:main.c        **** }
 187              		.loc 1 47 0
 188 005a 0C37     		adds	r7, r7, #12
 189              		.cfi_def_cfa_offset 12
 190 005c BD46     		mov	sp, r7
 191              		.cfi_def_cfa_register 13
 192              		@ sp needed
 193 005e 90BD     		pop	{r4, r7, pc}
 194              	.L6:
 195              		.align	2
 196              	.L5:
 197 0060 00000000 		.word	printFlag
 198 0064 00000000 		.word	bufferIndex
 199 0068 00000000 		.word	buffer
 200              		.cfi_endproc
 201              	.LFE64:
 202              		.size	ADCInterupt, .-ADCInterupt
 203              		.section	.rodata
 204              		.align	2
 205              	.LC0:
 206 0000 2A2D2D2D 		.ascii	"*--- ROBERT IS GAY ----*\000"
 206      20524F42 
 206      45525420 
 206      49532047 
 206      4159202D 
 207 0019 000000   		.align	2
 208              	.LC1:
 209 001c 2D2D2D2D 		.ascii	"---------------------Sample Start------------------"
 209      2D2D2D2D 
 209      2D2D2D2D 
 209      2D2D2D2D 
 209      2D2D2D2D 
 210 004f 2D2D2D2D 		.ascii	"-------------\000"
 210      2D2D2D2D 
 210      2D2D2D2D 
 210      2D00
 211 005d 000000   		.align	2
 212              	.LC2:
 213 0060 0A0D00   		.ascii	"\012\015\000"
 214 0063 00       		.align	2
 215              	.LC3:
 216 0064 0D0A00   		.ascii	"\015\012\000"
 217              		.section	.text.main,"ax",%progbits
 218              		.align	2
 219              		.global	main
 220              		.thumb
ARM GAS  C:\Users\rsef899\AppData\Local\Temp\ccsZlBAC.s 			page 6


 221              		.thumb_func
 222              		.type	main, %function
 223              	main:
 224              	.LFB65:
  48:main.c        **** 
  49:main.c        **** 
  50:main.c        **** int main(){
 225              		.loc 1 50 0
 226              		.cfi_startproc
 227              		@ args = 0, pretend = 0, frame = 16
 228              		@ frame_needed = 1, uses_anonymous_args = 0
 229 0000 80B5     		push	{r7, lr}
 230              		.cfi_def_cfa_offset 8
 231              		.cfi_offset 7, -8
 232              		.cfi_offset 14, -4
 233 0002 84B0     		sub	sp, sp, #16
 234              		.cfi_def_cfa_offset 24
 235 0004 00AF     		add	r7, sp, #0
 236              		.cfi_def_cfa_register 7
  51:main.c        ****     
  52:main.c        **** 
  53:main.c        **** // --------------------------------    
  54:main.c        **** // ----- INITIALIZATIONS ----------
  55:main.c        ****     CYGlobalIntEnable;
 237              		.loc 1 55 0
 238              		.syntax unified
 239              	@ 55 "main.c" 1
 240 0006 62B6     		CPSIE   i
 241              	@ 0 "" 2
  56:main.c        **** 
  57:main.c        ****     USBUART_Start(0,USBUART_5V_OPERATION);
 242              		.loc 1 57 0
 243              		.thumb
 244              		.syntax unified
 245 0008 0121     		movs	r1, #1
 246 000a 0020     		movs	r0, #0
 247 000c FFF7FEFF 		bl	USBUART_Start
  58:main.c        ****     //Default message to see if terminal connection is working
  59:main.c        ****     usbPutString("*--- ROBERT IS GAY ----*");
 248              		.loc 1 59 0
 249 0010 2A48     		ldr	r0, .L13
 250 0012 FFF7FEFF 		bl	usbPutString
  60:main.c        ****     
  61:main.c        ****     //Start the timer and initialise its interupt
  62:main.c        ****     Timer_TS_Start();
 251              		.loc 1 62 0
 252 0016 FFF7FEFF 		bl	Timer_TS_Start
  63:main.c        ****     //initialise the ADC timer
  64:main.c        ****     isr_eoc_StartEx(ADCInterupt);
 253              		.loc 1 64 0
 254 001a 2948     		ldr	r0, .L13+4
 255 001c FFF7FEFF 		bl	isr_eoc_StartEx
  65:main.c        ****     
  66:main.c        ****     ADC_Start();
 256              		.loc 1 66 0
 257 0020 FFF7FEFF 		bl	ADC_Start
  67:main.c        ****     VDAC8_Start();
ARM GAS  C:\Users\rsef899\AppData\Local\Temp\ccsZlBAC.s 			page 7


 258              		.loc 1 67 0
 259 0024 FFF7FEFF 		bl	VDAC8_Start
  68:main.c        ****     
  69:main.c        ****     uint16_t bufferFollow = 1;
 260              		.loc 1 69 0
 261 0028 0123     		movs	r3, #1
 262 002a FB81     		strh	r3, [r7, #14]	@ movhi
 263              	.L12:
  70:main.c        ****     
  71:main.c        ****     for(;;)
  72:main.c        ****     {
  73:main.c        ****         //print the data
  74:main.c        ****         if (printFlag == 1){
 264              		.loc 1 74 0
 265 002c 254B     		ldr	r3, .L13+8
 266 002e 1B78     		ldrb	r3, [r3]
 267 0030 DBB2     		uxtb	r3, r3
 268 0032 012B     		cmp	r3, #1
 269 0034 29D1     		bne	.L8
  75:main.c        ****             usbPutString("---------------------Sample Start-------------------------------");
 270              		.loc 1 75 0
 271 0036 2448     		ldr	r0, .L13+12
 272 0038 FFF7FEFF 		bl	usbPutString
 273              	.LBB2:
  76:main.c        ****             for(uint16_t i = 0; i < 1024; i++) {
 274              		.loc 1 76 0
 275 003c 0023     		movs	r3, #0
 276 003e BB81     		strh	r3, [r7, #12]	@ movhi
 277 0040 16E0     		b	.L9
 278              	.L10:
 279              	.LBB3:
  77:main.c        ****                 char numBuffer[6];
  78:main.c        ****                 
  79:main.c        ****                 //COnvert the value in the buffer to a string
  80:main.c        ****                 itoa(buffer[i], numBuffer, 10);
 280              		.loc 1 80 0 discriminator 3
 281 0042 BB89     		ldrh	r3, [r7, #12]
 282 0044 214A     		ldr	r2, .L13+16
 283 0046 32F81330 		ldrh	r3, [r2, r3, lsl #1]	@ movhi
 284 004a 9BB2     		uxth	r3, r3
 285 004c 1846     		mov	r0, r3
 286 004e 3B1D     		adds	r3, r7, #4
 287 0050 0A22     		movs	r2, #10
 288 0052 1946     		mov	r1, r3
 289 0054 FFF7FEFF 		bl	itoa
  81:main.c        ****                 numBuffer[5] = '\0';
 290              		.loc 1 81 0 discriminator 3
 291 0058 0023     		movs	r3, #0
 292 005a 7B72     		strb	r3, [r7, #9]
  82:main.c        ****                 //print the value
  83:main.c        ****                 usbPutString(numBuffer);
 293              		.loc 1 83 0 discriminator 3
 294 005c 3B1D     		adds	r3, r7, #4
 295 005e 1846     		mov	r0, r3
 296 0060 FFF7FEFF 		bl	usbPutString
  84:main.c        ****                 usbPutString("\n\r");
 297              		.loc 1 84 0 discriminator 3
ARM GAS  C:\Users\rsef899\AppData\Local\Temp\ccsZlBAC.s 			page 8


 298 0064 1A48     		ldr	r0, .L13+20
 299 0066 FFF7FEFF 		bl	usbPutString
 300              	.LBE3:
  76:main.c        ****                 char numBuffer[6];
 301              		.loc 1 76 0 discriminator 3
 302 006a BB89     		ldrh	r3, [r7, #12]
 303 006c 0133     		adds	r3, r3, #1
 304 006e BB81     		strh	r3, [r7, #12]	@ movhi
 305              	.L9:
  76:main.c        ****                 char numBuffer[6];
 306              		.loc 1 76 0 is_stmt 0 discriminator 1
 307 0070 BB89     		ldrh	r3, [r7, #12]
 308 0072 B3F5806F 		cmp	r3, #1024
 309 0076 E4D3     		bcc	.L10
 310              	.LBE2:
  85:main.c        ****             }
  86:main.c        ****             usbPutString("\r\n");
 311              		.loc 1 86 0 is_stmt 1
 312 0078 1648     		ldr	r0, .L13+24
 313 007a FFF7FEFF 		bl	usbPutString
  87:main.c        ****             printFlag = 0;
 314              		.loc 1 87 0
 315 007e 114B     		ldr	r3, .L13+8
 316 0080 0022     		movs	r2, #0
 317 0082 1A70     		strb	r2, [r3]
  88:main.c        ****             bufferFollow = 1;
 318              		.loc 1 88 0
 319 0084 0123     		movs	r3, #1
 320 0086 FB81     		strh	r3, [r7, #14]	@ movhi
 321 0088 D0E7     		b	.L12
 322              	.L8:
  89:main.c        ****         } 
  90:main.c        ****           //This will run after the adc takes one sample, **not filing one buffer
  91:main.c        ****         else if (bufferFollow != bufferIndex){
 323              		.loc 1 91 0
 324 008a 134B     		ldr	r3, .L13+28
 325 008c 1B88     		ldrh	r3, [r3]	@ movhi
 326 008e 9BB2     		uxth	r3, r3
 327 0090 FA89     		ldrh	r2, [r7, #14]
 328 0092 9A42     		cmp	r2, r3
 329 0094 CAD0     		beq	.L12
  92:main.c        ****             // Set DAC value
  93:main.c        ****             // (1/16 = Numb bits / total voltage resolution)
  94:main.c        ****             VDAC8_SetValue((buffer[bufferIndex - 1])/16);
 330              		.loc 1 94 0
 331 0096 104B     		ldr	r3, .L13+28
 332 0098 1B88     		ldrh	r3, [r3]	@ movhi
 333 009a 9BB2     		uxth	r3, r3
 334 009c 013B     		subs	r3, r3, #1
 335 009e 0B4A     		ldr	r2, .L13+16
 336 00a0 32F81330 		ldrh	r3, [r2, r3, lsl #1]	@ movhi
 337 00a4 9BB2     		uxth	r3, r3
 338 00a6 1B09     		lsrs	r3, r3, #4
 339 00a8 9BB2     		uxth	r3, r3
 340 00aa DBB2     		uxtb	r3, r3
 341 00ac 1846     		mov	r0, r3
 342 00ae FFF7FEFF 		bl	VDAC8_SetValue
ARM GAS  C:\Users\rsef899\AppData\Local\Temp\ccsZlBAC.s 			page 9


  95:main.c        ****             //Sample has been taken, also sample has been converted back, so wait for next conversi
  96:main.c        ****             bufferFollow = bufferIndex;
 343              		.loc 1 96 0
 344 00b2 094B     		ldr	r3, .L13+28
 345 00b4 1B88     		ldrh	r3, [r3]	@ movhi
 346 00b6 FB81     		strh	r3, [r7, #14]	@ movhi
  97:main.c        ****         }
  98:main.c        ****     }  
 347              		.loc 1 98 0
 348 00b8 B8E7     		b	.L12
 349              	.L14:
 350 00ba 00BF     		.align	2
 351              	.L13:
 352 00bc 00000000 		.word	.LC0
 353 00c0 00000000 		.word	ADCInterupt
 354 00c4 00000000 		.word	printFlag
 355 00c8 1C000000 		.word	.LC1
 356 00cc 00000000 		.word	buffer
 357 00d0 60000000 		.word	.LC2
 358 00d4 64000000 		.word	.LC3
 359 00d8 00000000 		.word	bufferIndex
 360              		.cfi_endproc
 361              	.LFE65:
 362              		.size	main, .-main
 363              		.section	.text.usbPutString,"ax",%progbits
 364              		.align	2
 365              		.global	usbPutString
 366              		.thumb
 367              		.thumb_func
 368              		.type	usbPutString, %function
 369              	usbPutString:
 370              	.LFB66:
  99:main.c        **** }//End main
 100:main.c        **** 
 101:main.c        **** //* ========================================
 102:main.c        **** void usbPutString(char *s)
 103:main.c        **** {
 371              		.loc 1 103 0
 372              		.cfi_startproc
 373              		@ args = 0, pretend = 0, frame = 8
 374              		@ frame_needed = 1, uses_anonymous_args = 0
 375 0000 80B5     		push	{r7, lr}
 376              		.cfi_def_cfa_offset 8
 377              		.cfi_offset 7, -8
 378              		.cfi_offset 14, -4
 379 0002 82B0     		sub	sp, sp, #8
 380              		.cfi_def_cfa_offset 16
 381 0004 00AF     		add	r7, sp, #0
 382              		.cfi_def_cfa_register 7
 383 0006 7860     		str	r0, [r7, #4]
 104:main.c        **** // !! Assumes that *s is a string with allocated space >=64 chars     
 105:main.c        **** //  Since USB implementation retricts data packets to 64 chars, this function truncates the
 106:main.c        **** //  length to 62 char (63rd char is a '!')
 107:main.c        **** 
 108:main.c        **** #ifdef USE_USB     
 109:main.c        ****     while (USBUART_CDCIsReady() == 0);
 384              		.loc 1 109 0
ARM GAS  C:\Users\rsef899\AppData\Local\Temp\ccsZlBAC.s 			page 10


 385 0008 00BF     		nop
 386              	.L16:
 387              		.loc 1 109 0 is_stmt 0 discriminator 1
 388 000a FFF7FEFF 		bl	USBUART_CDCIsReady
 389 000e 0346     		mov	r3, r0
 390 0010 002B     		cmp	r3, #0
 391 0012 FAD0     		beq	.L16
 110:main.c        ****     s[63]='\0';
 392              		.loc 1 110 0 is_stmt 1
 393 0014 7B68     		ldr	r3, [r7, #4]
 394 0016 3F33     		adds	r3, r3, #63
 395 0018 0022     		movs	r2, #0
 396 001a 1A70     		strb	r2, [r3]
 111:main.c        ****     s[62]='!';
 397              		.loc 1 111 0
 398 001c 7B68     		ldr	r3, [r7, #4]
 399 001e 3E33     		adds	r3, r3, #62
 400 0020 2122     		movs	r2, #33
 401 0022 1A70     		strb	r2, [r3]
 112:main.c        ****     USBUART_PutData((uint8*)s,strlen(s));
 402              		.loc 1 112 0
 403 0024 7868     		ldr	r0, [r7, #4]
 404 0026 FFF7FEFF 		bl	strlen
 405 002a 0346     		mov	r3, r0
 406 002c 9BB2     		uxth	r3, r3
 407 002e 1946     		mov	r1, r3
 408 0030 7868     		ldr	r0, [r7, #4]
 409 0032 FFF7FEFF 		bl	USBUART_PutData
 113:main.c        **** #endif
 114:main.c        **** }
 410              		.loc 1 114 0
 411 0036 00BF     		nop
 412 0038 0837     		adds	r7, r7, #8
 413              		.cfi_def_cfa_offset 8
 414 003a BD46     		mov	sp, r7
 415              		.cfi_def_cfa_register 13
 416              		@ sp needed
 417 003c 80BD     		pop	{r7, pc}
 418              		.cfi_endproc
 419              	.LFE66:
 420              		.size	usbPutString, .-usbPutString
 421 003e 00BF     		.section	.text.usbPutChar,"ax",%progbits
 422              		.align	2
 423              		.global	usbPutChar
 424              		.thumb
 425              		.thumb_func
 426              		.type	usbPutChar, %function
 427              	usbPutChar:
 428              	.LFB67:
 115:main.c        **** //* ========================================
 116:main.c        **** void usbPutChar(char c)
 117:main.c        **** {
 429              		.loc 1 117 0
 430              		.cfi_startproc
 431              		@ args = 0, pretend = 0, frame = 8
 432              		@ frame_needed = 1, uses_anonymous_args = 0
 433 0000 80B5     		push	{r7, lr}
ARM GAS  C:\Users\rsef899\AppData\Local\Temp\ccsZlBAC.s 			page 11


 434              		.cfi_def_cfa_offset 8
 435              		.cfi_offset 7, -8
 436              		.cfi_offset 14, -4
 437 0002 82B0     		sub	sp, sp, #8
 438              		.cfi_def_cfa_offset 16
 439 0004 00AF     		add	r7, sp, #0
 440              		.cfi_def_cfa_register 7
 441 0006 0346     		mov	r3, r0
 442 0008 FB71     		strb	r3, [r7, #7]
 118:main.c        **** #ifdef USE_USB     
 119:main.c        ****     while (USBUART_CDCIsReady() == 0);
 443              		.loc 1 119 0
 444 000a 00BF     		nop
 445              	.L18:
 446              		.loc 1 119 0 is_stmt 0 discriminator 1
 447 000c FFF7FEFF 		bl	USBUART_CDCIsReady
 448 0010 0346     		mov	r3, r0
 449 0012 002B     		cmp	r3, #0
 450 0014 FAD0     		beq	.L18
 120:main.c        ****     USBUART_PutChar(c);
 451              		.loc 1 120 0 is_stmt 1
 452 0016 FB79     		ldrb	r3, [r7, #7]	@ zero_extendqisi2
 453 0018 1846     		mov	r0, r3
 454 001a FFF7FEFF 		bl	USBUART_PutChar
 121:main.c        **** #endif    
 122:main.c        **** }
 455              		.loc 1 122 0
 456 001e 00BF     		nop
 457 0020 0837     		adds	r7, r7, #8
 458              		.cfi_def_cfa_offset 8
 459 0022 BD46     		mov	sp, r7
 460              		.cfi_def_cfa_register 13
 461              		@ sp needed
 462 0024 80BD     		pop	{r7, pc}
 463              		.cfi_endproc
 464              	.LFE67:
 465              		.size	usbPutChar, .-usbPutChar
 466 0026 00BF     		.text
 467              	.Letext0:
 468              		.file 2 "c:\\program files (x86)\\cypress\\psoc creator\\4.2\\psoc creator\\import\\gnu\\arm\\5.4.
 469              		.file 3 "c:\\program files (x86)\\cypress\\psoc creator\\4.2\\psoc creator\\import\\gnu\\arm\\5.4.
 470              		.file 4 "Generated_Source\\PSoC5/cytypes.h"
 471              		.file 5 "vars.h"
 472              		.file 6 "Generated_Source\\PSoC5/core_cm3.h"
 473              		.section	.debug_info,"",%progbits
 474              	.Ldebug_info0:
 475 0000 70040000 		.4byte	0x470
 476 0004 0400     		.2byte	0x4
 477 0006 00000000 		.4byte	.Ldebug_abbrev0
 478 000a 04       		.byte	0x4
 479 000b 01       		.uleb128 0x1
 480 000c 6D000000 		.4byte	.LASF70
 481 0010 0C       		.byte	0xc
 482 0011 18030000 		.4byte	.LASF71
 483 0015 9B010000 		.4byte	.LASF72
 484 0019 00000000 		.4byte	.Ldebug_ranges0+0
 485 001d 00000000 		.4byte	0
ARM GAS  C:\Users\rsef899\AppData\Local\Temp\ccsZlBAC.s 			page 12


 486 0021 00000000 		.4byte	.Ldebug_line0
 487 0025 02       		.uleb128 0x2
 488 0026 01       		.byte	0x1
 489 0027 06       		.byte	0x6
 490 0028 40020000 		.4byte	.LASF0
 491 002c 03       		.uleb128 0x3
 492 002d E6010000 		.4byte	.LASF3
 493 0031 02       		.byte	0x2
 494 0032 1D       		.byte	0x1d
 495 0033 37000000 		.4byte	0x37
 496 0037 02       		.uleb128 0x2
 497 0038 01       		.byte	0x1
 498 0039 08       		.byte	0x8
 499 003a 1A020000 		.4byte	.LASF1
 500 003e 02       		.uleb128 0x2
 501 003f 02       		.byte	0x2
 502 0040 05       		.byte	0x5
 503 0041 37000000 		.4byte	.LASF2
 504 0045 03       		.uleb128 0x3
 505 0046 00010000 		.4byte	.LASF4
 506 004a 02       		.byte	0x2
 507 004b 2B       		.byte	0x2b
 508 004c 50000000 		.4byte	0x50
 509 0050 02       		.uleb128 0x2
 510 0051 02       		.byte	0x2
 511 0052 07       		.byte	0x7
 512 0053 B0020000 		.4byte	.LASF5
 513 0057 03       		.uleb128 0x3
 514 0058 5A030000 		.4byte	.LASF6
 515 005c 02       		.byte	0x2
 516 005d 3F       		.byte	0x3f
 517 005e 62000000 		.4byte	0x62
 518 0062 02       		.uleb128 0x2
 519 0063 04       		.byte	0x4
 520 0064 05       		.byte	0x5
 521 0065 92010000 		.4byte	.LASF7
 522 0069 02       		.uleb128 0x2
 523 006a 04       		.byte	0x4
 524 006b 07       		.byte	0x7
 525 006c 1F030000 		.4byte	.LASF8
 526 0070 02       		.uleb128 0x2
 527 0071 08       		.byte	0x8
 528 0072 05       		.byte	0x5
 529 0073 46010000 		.4byte	.LASF9
 530 0077 02       		.uleb128 0x2
 531 0078 08       		.byte	0x8
 532 0079 07       		.byte	0x7
 533 007a 4C020000 		.4byte	.LASF10
 534 007e 04       		.uleb128 0x4
 535 007f 04       		.byte	0x4
 536 0080 05       		.byte	0x5
 537 0081 696E7400 		.ascii	"int\000"
 538 0085 02       		.uleb128 0x2
 539 0086 04       		.byte	0x4
 540 0087 07       		.byte	0x7
 541 0088 63020000 		.4byte	.LASF11
 542 008c 02       		.uleb128 0x2
ARM GAS  C:\Users\rsef899\AppData\Local\Temp\ccsZlBAC.s 			page 13


 543 008d 08       		.byte	0x8
 544 008e 04       		.byte	0x4
 545 008f 08020000 		.4byte	.LASF12
 546 0093 02       		.uleb128 0x2
 547 0094 04       		.byte	0x4
 548 0095 07       		.byte	0x7
 549 0096 4E000000 		.4byte	.LASF13
 550 009a 05       		.uleb128 0x5
 551 009b 04       		.byte	0x4
 552 009c A0000000 		.4byte	0xa0
 553 00a0 02       		.uleb128 0x2
 554 00a1 01       		.byte	0x1
 555 00a2 08       		.byte	0x8
 556 00a3 CD020000 		.4byte	.LASF14
 557 00a7 03       		.uleb128 0x3
 558 00a8 64030000 		.4byte	.LASF15
 559 00ac 03       		.byte	0x3
 560 00ad 18       		.byte	0x18
 561 00ae 2C000000 		.4byte	0x2c
 562 00b2 03       		.uleb128 0x3
 563 00b3 7A020000 		.4byte	.LASF16
 564 00b7 03       		.byte	0x3
 565 00b8 24       		.byte	0x24
 566 00b9 45000000 		.4byte	0x45
 567 00bd 03       		.uleb128 0x3
 568 00be DD020000 		.4byte	.LASF17
 569 00c2 03       		.byte	0x3
 570 00c3 2C       		.byte	0x2c
 571 00c4 57000000 		.4byte	0x57
 572 00c8 06       		.uleb128 0x6
 573 00c9 28010000 		.4byte	.LASF18
 574 00cd 04       		.byte	0x4
 575 00ce E701     		.2byte	0x1e7
 576 00d0 37000000 		.4byte	0x37
 577 00d4 06       		.uleb128 0x6
 578 00d5 0B010000 		.4byte	.LASF19
 579 00d9 04       		.byte	0x4
 580 00da E801     		.2byte	0x1e8
 581 00dc 50000000 		.4byte	0x50
 582 00e0 06       		.uleb128 0x6
 583 00e1 61010000 		.4byte	.LASF20
 584 00e5 04       		.byte	0x4
 585 00e6 EA01     		.2byte	0x1ea
 586 00e8 25000000 		.4byte	0x25
 587 00ec 06       		.uleb128 0x6
 588 00ed 22010000 		.4byte	.LASF21
 589 00f1 04       		.byte	0x4
 590 00f2 EB01     		.2byte	0x1eb
 591 00f4 3E000000 		.4byte	0x3e
 592 00f8 02       		.uleb128 0x2
 593 00f9 04       		.byte	0x4
 594 00fa 04       		.byte	0x4
 595 00fb 40010000 		.4byte	.LASF22
 596 00ff 02       		.uleb128 0x2
 597 0100 08       		.byte	0x8
 598 0101 04       		.byte	0x4
 599 0102 31030000 		.4byte	.LASF23
ARM GAS  C:\Users\rsef899\AppData\Local\Temp\ccsZlBAC.s 			page 14


 600 0106 07       		.uleb128 0x7
 601 0107 A7000000 		.4byte	0xa7
 602 010b 07       		.uleb128 0x7
 603 010c B2000000 		.4byte	0xb2
 604 0110 08       		.uleb128 0x8
 605 0111 C3020000 		.4byte	.LASF73
 606 0115 20       		.byte	0x20
 607 0116 05       		.byte	0x5
 608 0117 29       		.byte	0x29
 609 0118 E9010000 		.4byte	0x1e9
 610 011c 09       		.uleb128 0x9
 611 011d C3030000 		.4byte	.LASF24
 612 0121 05       		.byte	0x5
 613 0122 2A       		.byte	0x2a
 614 0123 E0000000 		.4byte	0xe0
 615 0127 00       		.byte	0
 616 0128 09       		.uleb128 0x9
 617 0129 1C010000 		.4byte	.LASF25
 618 012d 05       		.byte	0x5
 619 012e 2B       		.byte	0x2b
 620 012f C8000000 		.4byte	0xc8
 621 0133 01       		.byte	0x1
 622 0134 09       		.uleb128 0x9
 623 0135 D2020000 		.4byte	.LASF26
 624 0139 05       		.byte	0x5
 625 013a 2C       		.byte	0x2c
 626 013b EC000000 		.4byte	0xec
 627 013f 02       		.byte	0x2
 628 0140 09       		.uleb128 0x9
 629 0141 AE030000 		.4byte	.LASF27
 630 0145 05       		.byte	0x5
 631 0146 2D       		.byte	0x2d
 632 0147 EC000000 		.4byte	0xec
 633 014b 04       		.byte	0x4
 634 014c 09       		.uleb128 0x9
 635 014d C8030000 		.4byte	.LASF28
 636 0151 05       		.byte	0x5
 637 0152 2E       		.byte	0x2e
 638 0153 EC000000 		.4byte	0xec
 639 0157 06       		.byte	0x6
 640 0158 09       		.uleb128 0x9
 641 0159 8A010000 		.4byte	.LASF29
 642 015d 05       		.byte	0x5
 643 015e 2F       		.byte	0x2f
 644 015f EC000000 		.4byte	0xec
 645 0163 08       		.byte	0x8
 646 0164 09       		.uleb128 0x9
 647 0165 6C030000 		.4byte	.LASF30
 648 0169 05       		.byte	0x5
 649 016a 30       		.byte	0x30
 650 016b EC000000 		.4byte	0xec
 651 016f 0A       		.byte	0xa
 652 0170 09       		.uleb128 0x9
 653 0171 28020000 		.4byte	.LASF31
 654 0175 05       		.byte	0x5
 655 0176 31       		.byte	0x31
 656 0177 EC000000 		.4byte	0xec
ARM GAS  C:\Users\rsef899\AppData\Local\Temp\ccsZlBAC.s 			page 15


 657 017b 0C       		.byte	0xc
 658 017c 09       		.uleb128 0x9
 659 017d 7D010000 		.4byte	.LASF32
 660 0181 05       		.byte	0x5
 661 0182 32       		.byte	0x32
 662 0183 EC000000 		.4byte	0xec
 663 0187 0E       		.byte	0xe
 664 0188 09       		.uleb128 0x9
 665 0189 A8020000 		.4byte	.LASF33
 666 018d 05       		.byte	0x5
 667 018e 33       		.byte	0x33
 668 018f EC000000 		.4byte	0xec
 669 0193 10       		.byte	0x10
 670 0194 09       		.uleb128 0x9
 671 0195 E5020000 		.4byte	.LASF34
 672 0199 05       		.byte	0x5
 673 019a 34       		.byte	0x34
 674 019b EC000000 		.4byte	0xec
 675 019f 12       		.byte	0x12
 676 01a0 09       		.uleb128 0x9
 677 01a1 FA020000 		.4byte	.LASF35
 678 01a5 05       		.byte	0x5
 679 01a6 35       		.byte	0x35
 680 01a7 EC000000 		.4byte	0xec
 681 01ab 14       		.byte	0x14
 682 01ac 09       		.uleb128 0x9
 683 01ad 2E010000 		.4byte	.LASF36
 684 01b1 05       		.byte	0x5
 685 01b2 36       		.byte	0x36
 686 01b3 EC000000 		.4byte	0xec
 687 01b7 16       		.byte	0x16
 688 01b8 09       		.uleb128 0x9
 689 01b9 2F000000 		.4byte	.LASF37
 690 01bd 05       		.byte	0x5
 691 01be 37       		.byte	0x37
 692 01bf EC000000 		.4byte	0xec
 693 01c3 18       		.byte	0x18
 694 01c4 09       		.uleb128 0x9
 695 01c5 75010000 		.4byte	.LASF38
 696 01c9 05       		.byte	0x5
 697 01ca 38       		.byte	0x38
 698 01cb EC000000 		.4byte	0xec
 699 01cf 1A       		.byte	0x1a
 700 01d0 09       		.uleb128 0x9
 701 01d1 90020000 		.4byte	.LASF39
 702 01d5 05       		.byte	0x5
 703 01d6 39       		.byte	0x39
 704 01d7 EC000000 		.4byte	0xec
 705 01db 1C       		.byte	0x1c
 706 01dc 09       		.uleb128 0x9
 707 01dd ED020000 		.4byte	.LASF40
 708 01e1 05       		.byte	0x5
 709 01e2 3A       		.byte	0x3a
 710 01e3 EC000000 		.4byte	0xec
 711 01e7 1E       		.byte	0x1e
 712 01e8 00       		.byte	0
 713 01e9 0A       		.uleb128 0xa
ARM GAS  C:\Users\rsef899\AppData\Local\Temp\ccsZlBAC.s 			page 16


 714 01ea 57000000 		.4byte	.LASF41
 715 01ee 01       		.byte	0x1
 716 01ef 24       		.byte	0x24
 717 01f0 00000000 		.4byte	.LFB64
 718 01f4 6C000000 		.4byte	.LFE64-.LFB64
 719 01f8 01       		.uleb128 0x1
 720 01f9 9C       		.byte	0x9c
 721 01fa 0D020000 		.4byte	0x20d
 722 01fe 0B       		.uleb128 0xb
 723 01ff B9030000 		.4byte	.LASF43
 724 0203 01       		.byte	0x1
 725 0204 27       		.byte	0x27
 726 0205 B2000000 		.4byte	0xb2
 727 0209 02       		.uleb128 0x2
 728 020a 91       		.byte	0x91
 729 020b 6E       		.sleb128 -18
 730 020c 00       		.byte	0
 731 020d 0C       		.uleb128 0xc
 732 020e FB000000 		.4byte	.LASF42
 733 0212 01       		.byte	0x1
 734 0213 32       		.byte	0x32
 735 0214 7E000000 		.4byte	0x7e
 736 0218 00000000 		.4byte	.LFB65
 737 021c DC000000 		.4byte	.LFE65-.LFB65
 738 0220 01       		.uleb128 0x1
 739 0221 9C       		.byte	0x9c
 740 0222 63020000 		.4byte	0x263
 741 0226 0B       		.uleb128 0xb
 742 0227 83020000 		.4byte	.LASF44
 743 022b 01       		.byte	0x1
 744 022c 45       		.byte	0x45
 745 022d B2000000 		.4byte	0xb2
 746 0231 02       		.uleb128 0x2
 747 0232 91       		.byte	0x91
 748 0233 76       		.sleb128 -10
 749 0234 0D       		.uleb128 0xd
 750 0235 3C000000 		.4byte	.LBB2
 751 0239 3C000000 		.4byte	.LBE2-.LBB2
 752 023d 0E       		.uleb128 0xe
 753 023e 6900     		.ascii	"i\000"
 754 0240 01       		.byte	0x1
 755 0241 4C       		.byte	0x4c
 756 0242 B2000000 		.4byte	0xb2
 757 0246 02       		.uleb128 0x2
 758 0247 91       		.byte	0x91
 759 0248 74       		.sleb128 -12
 760 0249 0D       		.uleb128 0xd
 761 024a 42000000 		.4byte	.LBB3
 762 024e 28000000 		.4byte	.LBE3-.LBB3
 763 0252 0B       		.uleb128 0xb
 764 0253 0B000000 		.4byte	.LASF45
 765 0257 01       		.byte	0x1
 766 0258 4D       		.byte	0x4d
 767 0259 63020000 		.4byte	0x263
 768 025d 02       		.uleb128 0x2
 769 025e 91       		.byte	0x91
 770 025f 6C       		.sleb128 -20
ARM GAS  C:\Users\rsef899\AppData\Local\Temp\ccsZlBAC.s 			page 17


 771 0260 00       		.byte	0
 772 0261 00       		.byte	0
 773 0262 00       		.byte	0
 774 0263 0F       		.uleb128 0xf
 775 0264 A0000000 		.4byte	0xa0
 776 0268 73020000 		.4byte	0x273
 777 026c 10       		.uleb128 0x10
 778 026d 93000000 		.4byte	0x93
 779 0271 05       		.byte	0x5
 780 0272 00       		.byte	0
 781 0273 0A       		.uleb128 0xa
 782 0274 54010000 		.4byte	.LASF46
 783 0278 01       		.byte	0x1
 784 0279 66       		.byte	0x66
 785 027a 00000000 		.4byte	.LFB66
 786 027e 3E000000 		.4byte	.LFE66-.LFB66
 787 0282 01       		.uleb128 0x1
 788 0283 9C       		.byte	0x9c
 789 0284 95020000 		.4byte	0x295
 790 0288 11       		.uleb128 0x11
 791 0289 7300     		.ascii	"s\000"
 792 028b 01       		.byte	0x1
 793 028c 66       		.byte	0x66
 794 028d 9A000000 		.4byte	0x9a
 795 0291 02       		.uleb128 0x2
 796 0292 91       		.byte	0x91
 797 0293 74       		.sleb128 -12
 798 0294 00       		.byte	0
 799 0295 0A       		.uleb128 0xa
 800 0296 00000000 		.4byte	.LASF47
 801 029a 01       		.byte	0x1
 802 029b 74       		.byte	0x74
 803 029c 00000000 		.4byte	.LFB67
 804 02a0 26000000 		.4byte	.LFE67-.LFB67
 805 02a4 01       		.uleb128 0x1
 806 02a5 9C       		.byte	0x9c
 807 02a6 B7020000 		.4byte	0x2b7
 808 02aa 11       		.uleb128 0x11
 809 02ab 6300     		.ascii	"c\000"
 810 02ad 01       		.byte	0x1
 811 02ae 74       		.byte	0x74
 812 02af A0000000 		.4byte	0xa0
 813 02b3 02       		.uleb128 0x2
 814 02b4 91       		.byte	0x91
 815 02b5 77       		.sleb128 -9
 816 02b6 00       		.byte	0
 817 02b7 12       		.uleb128 0x12
 818 02b8 38030000 		.4byte	.LASF48
 819 02bc 06       		.byte	0x6
 820 02bd 1207     		.2byte	0x712
 821 02bf C3020000 		.4byte	0x2c3
 822 02c3 07       		.uleb128 0x7
 823 02c4 BD000000 		.4byte	0xbd
 824 02c8 13       		.uleb128 0x13
 825 02c9 747300   		.ascii	"ts\000"
 826 02cc 05       		.byte	0x5
 827 02cd 10       		.byte	0x10
ARM GAS  C:\Users\rsef899\AppData\Local\Temp\ccsZlBAC.s 			page 18


 828 02ce C8000000 		.4byte	0xc8
 829 02d2 05       		.uleb128 0x5
 830 02d3 03       		.byte	0x3
 831 02d4 00000000 		.4byte	ts
 832 02d8 14       		.uleb128 0x14
 833 02d9 7F030000 		.4byte	.LASF49
 834 02dd 05       		.byte	0x5
 835 02de 11       		.byte	0x11
 836 02df D4000000 		.4byte	0xd4
 837 02e3 05       		.uleb128 0x5
 838 02e4 03       		.byte	0x3
 839 02e5 00000000 		.4byte	ts_enc
 840 02e9 14       		.uleb128 0x14
 841 02ea 70020000 		.4byte	.LASF50
 842 02ee 05       		.byte	0x5
 843 02ef 12       		.byte	0x12
 844 02f0 D4000000 		.4byte	0xd4
 845 02f4 05       		.uleb128 0x5
 846 02f5 03       		.byte	0x3
 847 02f6 00000000 		.4byte	ts_update
 848 02fa 14       		.uleb128 0x14
 849 02fb 45030000 		.4byte	.LASF51
 850 02ff 05       		.byte	0x5
 851 0300 13       		.byte	0x13
 852 0301 D4000000 		.4byte	0xd4
 853 0305 05       		.uleb128 0x5
 854 0306 03       		.byte	0x3
 855 0307 00000000 		.4byte	ts_speed
 856 030b 14       		.uleb128 0x14
 857 030c 74030000 		.4byte	.LASF52
 858 0310 05       		.byte	0x5
 859 0311 14       		.byte	0x14
 860 0312 D4000000 		.4byte	0xd4
 861 0316 05       		.uleb128 0x5
 862 0317 03       		.byte	0x3
 863 0318 00000000 		.4byte	ts_display
 864 031c 14       		.uleb128 0x14
 865 031d 4E030000 		.4byte	.LASF53
 866 0321 05       		.byte	0x5
 867 0322 16       		.byte	0x16
 868 0323 C8000000 		.4byte	0xc8
 869 0327 05       		.uleb128 0x5
 870 0328 03       		.byte	0x3
 871 0329 00000000 		.4byte	flag_ts_enc
 872 032d 14       		.uleb128 0x14
 873 032e 66010000 		.4byte	.LASF54
 874 0332 05       		.byte	0x5
 875 0333 17       		.byte	0x17
 876 0334 C8000000 		.4byte	0xc8
 877 0338 05       		.uleb128 0x5
 878 0339 03       		.byte	0x3
 879 033a 00000000 		.4byte	flag_ts_update
 880 033e 14       		.uleb128 0x14
 881 033f 21000000 		.4byte	.LASF55
 882 0343 05       		.byte	0x5
 883 0344 18       		.byte	0x18
 884 0345 C8000000 		.4byte	0xc8
ARM GAS  C:\Users\rsef899\AppData\Local\Temp\ccsZlBAC.s 			page 19


 885 0349 05       		.uleb128 0x5
 886 034a 03       		.byte	0x3
 887 034b 00000000 		.4byte	flag_ts_speed
 888 034f 14       		.uleb128 0x14
 889 0350 F0010000 		.4byte	.LASF56
 890 0354 05       		.byte	0x5
 891 0355 19       		.byte	0x19
 892 0356 C8000000 		.4byte	0xc8
 893 035a 05       		.uleb128 0x5
 894 035b 03       		.byte	0x3
 895 035c 00000000 		.4byte	flag_ts_display
 896 0360 14       		.uleb128 0x14
 897 0361 00020000 		.4byte	.LASF57
 898 0365 05       		.byte	0x5
 899 0366 1C       		.byte	0x1c
 900 0367 C8000000 		.4byte	0xc8
 901 036b 05       		.uleb128 0x5
 902 036c 03       		.byte	0x3
 903 036d 00000000 		.4byte	flag_rx
 904 0371 14       		.uleb128 0x14
 905 0372 15000000 		.4byte	.LASF58
 906 0376 05       		.byte	0x5
 907 0377 1D       		.byte	0x1d
 908 0378 C8000000 		.4byte	0xc8
 909 037c 05       		.uleb128 0x5
 910 037d 03       		.byte	0x3
 911 037e 00000000 		.4byte	flag_packet
 912 0382 14       		.uleb128 0x14
 913 0383 99020000 		.4byte	.LASF59
 914 0387 05       		.byte	0x5
 915 0388 1E       		.byte	0x1e
 916 0389 C8000000 		.4byte	0xc8
 917 038d 05       		.uleb128 0x5
 918 038e 03       		.byte	0x3
 919 038f 00000000 		.4byte	flag_KB_string
 920 0393 14       		.uleb128 0x14
 921 0394 31020000 		.4byte	.LASF60
 922 0398 05       		.byte	0x5
 923 0399 20       		.byte	0x20
 924 039a C8000000 		.4byte	0xc8
 925 039e 05       		.uleb128 0x5
 926 039f 03       		.byte	0x3
 927 03a0 00000000 		.4byte	dataready_flag
 928 03a4 14       		.uleb128 0x14
 929 03a5 92030000 		.4byte	.LASF61
 930 03a9 05       		.byte	0x5
 931 03aa 22       		.byte	0x22
 932 03ab C8000000 		.4byte	0xc8
 933 03af 05       		.uleb128 0x5
 934 03b0 03       		.byte	0x3
 935 03b1 00000000 		.4byte	flag_rf_transmission_active
 936 03b5 0F       		.uleb128 0xf
 937 03b6 A0000000 		.4byte	0xa0
 938 03ba C5030000 		.4byte	0x3c5
 939 03be 10       		.uleb128 0x10
 940 03bf 93000000 		.4byte	0x93
 941 03c3 3F       		.byte	0x3f
ARM GAS  C:\Users\rsef899\AppData\Local\Temp\ccsZlBAC.s 			page 20


 942 03c4 00       		.byte	0
 943 03c5 14       		.uleb128 0x14
 944 03c6 03030000 		.4byte	.LASF62
 945 03ca 05       		.byte	0x5
 946 03cb 25       		.byte	0x25
 947 03cc B5030000 		.4byte	0x3b5
 948 03d0 05       		.uleb128 0x5
 949 03d1 03       		.byte	0x3
 950 03d2 00000000 		.4byte	displaystring
 951 03d6 14       		.uleb128 0x14
 952 03d7 3B010000 		.4byte	.LASF63
 953 03db 05       		.byte	0x5
 954 03dc 26       		.byte	0x26
 955 03dd B5030000 		.4byte	0x3b5
 956 03e1 05       		.uleb128 0x5
 957 03e2 03       		.byte	0x3
 958 03e3 00000000 		.4byte	line
 959 03e7 14       		.uleb128 0x14
 960 03e8 14020000 		.4byte	.LASF64
 961 03ec 05       		.byte	0x5
 962 03ed 26       		.byte	0x26
 963 03ee B5030000 		.4byte	0x3b5
 964 03f2 05       		.uleb128 0x5
 965 03f3 03       		.byte	0x3
 966 03f4 00000000 		.4byte	entry
 967 03f8 0F       		.uleb128 0xf
 968 03f9 C8000000 		.4byte	0xc8
 969 03fd 08040000 		.4byte	0x408
 970 0401 10       		.uleb128 0x10
 971 0402 93000000 		.4byte	0x93
 972 0406 3F       		.byte	0x3f
 973 0407 00       		.byte	0
 974 0408 14       		.uleb128 0x14
 975 0409 63000000 		.4byte	.LASF65
 976 040d 05       		.byte	0x5
 977 040e 27       		.byte	0x27
 978 040f F8030000 		.4byte	0x3f8
 979 0413 05       		.uleb128 0x5
 980 0414 03       		.byte	0x3
 981 0415 00000000 		.4byte	usbBuffer
 982 0419 14       		.uleb128 0x14
 983 041a 41000000 		.4byte	.LASF66
 984 041e 05       		.byte	0x5
 985 041f 3C       		.byte	0x3c
 986 0420 10010000 		.4byte	0x110
 987 0424 05       		.uleb128 0x5
 988 0425 03       		.byte	0x3
 989 0426 00000000 		.4byte	system_state
 990 042a 14       		.uleb128 0x14
 991 042b 12010000 		.4byte	.LASF67
 992 042f 01       		.byte	0x1
 993 0430 1F       		.byte	0x1f
 994 0431 06010000 		.4byte	0x106
 995 0435 05       		.uleb128 0x5
 996 0436 03       		.byte	0x3
 997 0437 00000000 		.4byte	printFlag
 998 043b 0F       		.uleb128 0xf
ARM GAS  C:\Users\rsef899\AppData\Local\Temp\ccsZlBAC.s 			page 21


 999 043c 0B010000 		.4byte	0x10b
 1000 0440 4C040000 		.4byte	0x44c
 1001 0444 15       		.uleb128 0x15
 1002 0445 93000000 		.4byte	0x93
 1003 0449 FF03     		.2byte	0x3ff
 1004 044b 00       		.byte	0
 1005 044c 14       		.uleb128 0x14
 1006 044d 11030000 		.4byte	.LASF68
 1007 0451 01       		.byte	0x1
 1008 0452 20       		.byte	0x20
 1009 0453 5D040000 		.4byte	0x45d
 1010 0457 05       		.uleb128 0x5
 1011 0458 03       		.byte	0x3
 1012 0459 00000000 		.4byte	buffer
 1013 045d 07       		.uleb128 0x7
 1014 045e 3B040000 		.4byte	0x43b
 1015 0462 14       		.uleb128 0x14
 1016 0463 86030000 		.4byte	.LASF69
 1017 0467 01       		.byte	0x1
 1018 0468 21       		.byte	0x21
 1019 0469 0B010000 		.4byte	0x10b
 1020 046d 05       		.uleb128 0x5
 1021 046e 03       		.byte	0x3
 1022 046f 00000000 		.4byte	bufferIndex
 1023 0473 00       		.byte	0
 1024              		.section	.debug_abbrev,"",%progbits
 1025              	.Ldebug_abbrev0:
 1026 0000 01       		.uleb128 0x1
 1027 0001 11       		.uleb128 0x11
 1028 0002 01       		.byte	0x1
 1029 0003 25       		.uleb128 0x25
 1030 0004 0E       		.uleb128 0xe
 1031 0005 13       		.uleb128 0x13
 1032 0006 0B       		.uleb128 0xb
 1033 0007 03       		.uleb128 0x3
 1034 0008 0E       		.uleb128 0xe
 1035 0009 1B       		.uleb128 0x1b
 1036 000a 0E       		.uleb128 0xe
 1037 000b 55       		.uleb128 0x55
 1038 000c 17       		.uleb128 0x17
 1039 000d 11       		.uleb128 0x11
 1040 000e 01       		.uleb128 0x1
 1041 000f 10       		.uleb128 0x10
 1042 0010 17       		.uleb128 0x17
 1043 0011 00       		.byte	0
 1044 0012 00       		.byte	0
 1045 0013 02       		.uleb128 0x2
 1046 0014 24       		.uleb128 0x24
 1047 0015 00       		.byte	0
 1048 0016 0B       		.uleb128 0xb
 1049 0017 0B       		.uleb128 0xb
 1050 0018 3E       		.uleb128 0x3e
 1051 0019 0B       		.uleb128 0xb
 1052 001a 03       		.uleb128 0x3
 1053 001b 0E       		.uleb128 0xe
 1054 001c 00       		.byte	0
 1055 001d 00       		.byte	0
ARM GAS  C:\Users\rsef899\AppData\Local\Temp\ccsZlBAC.s 			page 22


 1056 001e 03       		.uleb128 0x3
 1057 001f 16       		.uleb128 0x16
 1058 0020 00       		.byte	0
 1059 0021 03       		.uleb128 0x3
 1060 0022 0E       		.uleb128 0xe
 1061 0023 3A       		.uleb128 0x3a
 1062 0024 0B       		.uleb128 0xb
 1063 0025 3B       		.uleb128 0x3b
 1064 0026 0B       		.uleb128 0xb
 1065 0027 49       		.uleb128 0x49
 1066 0028 13       		.uleb128 0x13
 1067 0029 00       		.byte	0
 1068 002a 00       		.byte	0
 1069 002b 04       		.uleb128 0x4
 1070 002c 24       		.uleb128 0x24
 1071 002d 00       		.byte	0
 1072 002e 0B       		.uleb128 0xb
 1073 002f 0B       		.uleb128 0xb
 1074 0030 3E       		.uleb128 0x3e
 1075 0031 0B       		.uleb128 0xb
 1076 0032 03       		.uleb128 0x3
 1077 0033 08       		.uleb128 0x8
 1078 0034 00       		.byte	0
 1079 0035 00       		.byte	0
 1080 0036 05       		.uleb128 0x5
 1081 0037 0F       		.uleb128 0xf
 1082 0038 00       		.byte	0
 1083 0039 0B       		.uleb128 0xb
 1084 003a 0B       		.uleb128 0xb
 1085 003b 49       		.uleb128 0x49
 1086 003c 13       		.uleb128 0x13
 1087 003d 00       		.byte	0
 1088 003e 00       		.byte	0
 1089 003f 06       		.uleb128 0x6
 1090 0040 16       		.uleb128 0x16
 1091 0041 00       		.byte	0
 1092 0042 03       		.uleb128 0x3
 1093 0043 0E       		.uleb128 0xe
 1094 0044 3A       		.uleb128 0x3a
 1095 0045 0B       		.uleb128 0xb
 1096 0046 3B       		.uleb128 0x3b
 1097 0047 05       		.uleb128 0x5
 1098 0048 49       		.uleb128 0x49
 1099 0049 13       		.uleb128 0x13
 1100 004a 00       		.byte	0
 1101 004b 00       		.byte	0
 1102 004c 07       		.uleb128 0x7
 1103 004d 35       		.uleb128 0x35
 1104 004e 00       		.byte	0
 1105 004f 49       		.uleb128 0x49
 1106 0050 13       		.uleb128 0x13
 1107 0051 00       		.byte	0
 1108 0052 00       		.byte	0
 1109 0053 08       		.uleb128 0x8
 1110 0054 13       		.uleb128 0x13
 1111 0055 01       		.byte	0x1
 1112 0056 03       		.uleb128 0x3
ARM GAS  C:\Users\rsef899\AppData\Local\Temp\ccsZlBAC.s 			page 23


 1113 0057 0E       		.uleb128 0xe
 1114 0058 0B       		.uleb128 0xb
 1115 0059 0B       		.uleb128 0xb
 1116 005a 3A       		.uleb128 0x3a
 1117 005b 0B       		.uleb128 0xb
 1118 005c 3B       		.uleb128 0x3b
 1119 005d 0B       		.uleb128 0xb
 1120 005e 01       		.uleb128 0x1
 1121 005f 13       		.uleb128 0x13
 1122 0060 00       		.byte	0
 1123 0061 00       		.byte	0
 1124 0062 09       		.uleb128 0x9
 1125 0063 0D       		.uleb128 0xd
 1126 0064 00       		.byte	0
 1127 0065 03       		.uleb128 0x3
 1128 0066 0E       		.uleb128 0xe
 1129 0067 3A       		.uleb128 0x3a
 1130 0068 0B       		.uleb128 0xb
 1131 0069 3B       		.uleb128 0x3b
 1132 006a 0B       		.uleb128 0xb
 1133 006b 49       		.uleb128 0x49
 1134 006c 13       		.uleb128 0x13
 1135 006d 38       		.uleb128 0x38
 1136 006e 0B       		.uleb128 0xb
 1137 006f 00       		.byte	0
 1138 0070 00       		.byte	0
 1139 0071 0A       		.uleb128 0xa
 1140 0072 2E       		.uleb128 0x2e
 1141 0073 01       		.byte	0x1
 1142 0074 3F       		.uleb128 0x3f
 1143 0075 19       		.uleb128 0x19
 1144 0076 03       		.uleb128 0x3
 1145 0077 0E       		.uleb128 0xe
 1146 0078 3A       		.uleb128 0x3a
 1147 0079 0B       		.uleb128 0xb
 1148 007a 3B       		.uleb128 0x3b
 1149 007b 0B       		.uleb128 0xb
 1150 007c 27       		.uleb128 0x27
 1151 007d 19       		.uleb128 0x19
 1152 007e 11       		.uleb128 0x11
 1153 007f 01       		.uleb128 0x1
 1154 0080 12       		.uleb128 0x12
 1155 0081 06       		.uleb128 0x6
 1156 0082 40       		.uleb128 0x40
 1157 0083 18       		.uleb128 0x18
 1158 0084 9642     		.uleb128 0x2116
 1159 0086 19       		.uleb128 0x19
 1160 0087 01       		.uleb128 0x1
 1161 0088 13       		.uleb128 0x13
 1162 0089 00       		.byte	0
 1163 008a 00       		.byte	0
 1164 008b 0B       		.uleb128 0xb
 1165 008c 34       		.uleb128 0x34
 1166 008d 00       		.byte	0
 1167 008e 03       		.uleb128 0x3
 1168 008f 0E       		.uleb128 0xe
 1169 0090 3A       		.uleb128 0x3a
ARM GAS  C:\Users\rsef899\AppData\Local\Temp\ccsZlBAC.s 			page 24


 1170 0091 0B       		.uleb128 0xb
 1171 0092 3B       		.uleb128 0x3b
 1172 0093 0B       		.uleb128 0xb
 1173 0094 49       		.uleb128 0x49
 1174 0095 13       		.uleb128 0x13
 1175 0096 02       		.uleb128 0x2
 1176 0097 18       		.uleb128 0x18
 1177 0098 00       		.byte	0
 1178 0099 00       		.byte	0
 1179 009a 0C       		.uleb128 0xc
 1180 009b 2E       		.uleb128 0x2e
 1181 009c 01       		.byte	0x1
 1182 009d 3F       		.uleb128 0x3f
 1183 009e 19       		.uleb128 0x19
 1184 009f 03       		.uleb128 0x3
 1185 00a0 0E       		.uleb128 0xe
 1186 00a1 3A       		.uleb128 0x3a
 1187 00a2 0B       		.uleb128 0xb
 1188 00a3 3B       		.uleb128 0x3b
 1189 00a4 0B       		.uleb128 0xb
 1190 00a5 49       		.uleb128 0x49
 1191 00a6 13       		.uleb128 0x13
 1192 00a7 11       		.uleb128 0x11
 1193 00a8 01       		.uleb128 0x1
 1194 00a9 12       		.uleb128 0x12
 1195 00aa 06       		.uleb128 0x6
 1196 00ab 40       		.uleb128 0x40
 1197 00ac 18       		.uleb128 0x18
 1198 00ad 9642     		.uleb128 0x2116
 1199 00af 19       		.uleb128 0x19
 1200 00b0 01       		.uleb128 0x1
 1201 00b1 13       		.uleb128 0x13
 1202 00b2 00       		.byte	0
 1203 00b3 00       		.byte	0
 1204 00b4 0D       		.uleb128 0xd
 1205 00b5 0B       		.uleb128 0xb
 1206 00b6 01       		.byte	0x1
 1207 00b7 11       		.uleb128 0x11
 1208 00b8 01       		.uleb128 0x1
 1209 00b9 12       		.uleb128 0x12
 1210 00ba 06       		.uleb128 0x6
 1211 00bb 00       		.byte	0
 1212 00bc 00       		.byte	0
 1213 00bd 0E       		.uleb128 0xe
 1214 00be 34       		.uleb128 0x34
 1215 00bf 00       		.byte	0
 1216 00c0 03       		.uleb128 0x3
 1217 00c1 08       		.uleb128 0x8
 1218 00c2 3A       		.uleb128 0x3a
 1219 00c3 0B       		.uleb128 0xb
 1220 00c4 3B       		.uleb128 0x3b
 1221 00c5 0B       		.uleb128 0xb
 1222 00c6 49       		.uleb128 0x49
 1223 00c7 13       		.uleb128 0x13
 1224 00c8 02       		.uleb128 0x2
 1225 00c9 18       		.uleb128 0x18
 1226 00ca 00       		.byte	0
ARM GAS  C:\Users\rsef899\AppData\Local\Temp\ccsZlBAC.s 			page 25


 1227 00cb 00       		.byte	0
 1228 00cc 0F       		.uleb128 0xf
 1229 00cd 01       		.uleb128 0x1
 1230 00ce 01       		.byte	0x1
 1231 00cf 49       		.uleb128 0x49
 1232 00d0 13       		.uleb128 0x13
 1233 00d1 01       		.uleb128 0x1
 1234 00d2 13       		.uleb128 0x13
 1235 00d3 00       		.byte	0
 1236 00d4 00       		.byte	0
 1237 00d5 10       		.uleb128 0x10
 1238 00d6 21       		.uleb128 0x21
 1239 00d7 00       		.byte	0
 1240 00d8 49       		.uleb128 0x49
 1241 00d9 13       		.uleb128 0x13
 1242 00da 2F       		.uleb128 0x2f
 1243 00db 0B       		.uleb128 0xb
 1244 00dc 00       		.byte	0
 1245 00dd 00       		.byte	0
 1246 00de 11       		.uleb128 0x11
 1247 00df 05       		.uleb128 0x5
 1248 00e0 00       		.byte	0
 1249 00e1 03       		.uleb128 0x3
 1250 00e2 08       		.uleb128 0x8
 1251 00e3 3A       		.uleb128 0x3a
 1252 00e4 0B       		.uleb128 0xb
 1253 00e5 3B       		.uleb128 0x3b
 1254 00e6 0B       		.uleb128 0xb
 1255 00e7 49       		.uleb128 0x49
 1256 00e8 13       		.uleb128 0x13
 1257 00e9 02       		.uleb128 0x2
 1258 00ea 18       		.uleb128 0x18
 1259 00eb 00       		.byte	0
 1260 00ec 00       		.byte	0
 1261 00ed 12       		.uleb128 0x12
 1262 00ee 34       		.uleb128 0x34
 1263 00ef 00       		.byte	0
 1264 00f0 03       		.uleb128 0x3
 1265 00f1 0E       		.uleb128 0xe
 1266 00f2 3A       		.uleb128 0x3a
 1267 00f3 0B       		.uleb128 0xb
 1268 00f4 3B       		.uleb128 0x3b
 1269 00f5 05       		.uleb128 0x5
 1270 00f6 49       		.uleb128 0x49
 1271 00f7 13       		.uleb128 0x13
 1272 00f8 3F       		.uleb128 0x3f
 1273 00f9 19       		.uleb128 0x19
 1274 00fa 3C       		.uleb128 0x3c
 1275 00fb 19       		.uleb128 0x19
 1276 00fc 00       		.byte	0
 1277 00fd 00       		.byte	0
 1278 00fe 13       		.uleb128 0x13
 1279 00ff 34       		.uleb128 0x34
 1280 0100 00       		.byte	0
 1281 0101 03       		.uleb128 0x3
 1282 0102 08       		.uleb128 0x8
 1283 0103 3A       		.uleb128 0x3a
ARM GAS  C:\Users\rsef899\AppData\Local\Temp\ccsZlBAC.s 			page 26


 1284 0104 0B       		.uleb128 0xb
 1285 0105 3B       		.uleb128 0x3b
 1286 0106 0B       		.uleb128 0xb
 1287 0107 49       		.uleb128 0x49
 1288 0108 13       		.uleb128 0x13
 1289 0109 3F       		.uleb128 0x3f
 1290 010a 19       		.uleb128 0x19
 1291 010b 02       		.uleb128 0x2
 1292 010c 18       		.uleb128 0x18
 1293 010d 00       		.byte	0
 1294 010e 00       		.byte	0
 1295 010f 14       		.uleb128 0x14
 1296 0110 34       		.uleb128 0x34
 1297 0111 00       		.byte	0
 1298 0112 03       		.uleb128 0x3
 1299 0113 0E       		.uleb128 0xe
 1300 0114 3A       		.uleb128 0x3a
 1301 0115 0B       		.uleb128 0xb
 1302 0116 3B       		.uleb128 0x3b
 1303 0117 0B       		.uleb128 0xb
 1304 0118 49       		.uleb128 0x49
 1305 0119 13       		.uleb128 0x13
 1306 011a 3F       		.uleb128 0x3f
 1307 011b 19       		.uleb128 0x19
 1308 011c 02       		.uleb128 0x2
 1309 011d 18       		.uleb128 0x18
 1310 011e 00       		.byte	0
 1311 011f 00       		.byte	0
 1312 0120 15       		.uleb128 0x15
 1313 0121 21       		.uleb128 0x21
 1314 0122 00       		.byte	0
 1315 0123 49       		.uleb128 0x49
 1316 0124 13       		.uleb128 0x13
 1317 0125 2F       		.uleb128 0x2f
 1318 0126 05       		.uleb128 0x5
 1319 0127 00       		.byte	0
 1320 0128 00       		.byte	0
 1321 0129 00       		.byte	0
 1322              		.section	.debug_aranges,"",%progbits
 1323 0000 34000000 		.4byte	0x34
 1324 0004 0200     		.2byte	0x2
 1325 0006 00000000 		.4byte	.Ldebug_info0
 1326 000a 04       		.byte	0x4
 1327 000b 00       		.byte	0
 1328 000c 0000     		.2byte	0
 1329 000e 0000     		.2byte	0
 1330 0010 00000000 		.4byte	.LFB64
 1331 0014 6C000000 		.4byte	.LFE64-.LFB64
 1332 0018 00000000 		.4byte	.LFB65
 1333 001c DC000000 		.4byte	.LFE65-.LFB65
 1334 0020 00000000 		.4byte	.LFB66
 1335 0024 3E000000 		.4byte	.LFE66-.LFB66
 1336 0028 00000000 		.4byte	.LFB67
 1337 002c 26000000 		.4byte	.LFE67-.LFB67
 1338 0030 00000000 		.4byte	0
 1339 0034 00000000 		.4byte	0
 1340              		.section	.debug_ranges,"",%progbits
ARM GAS  C:\Users\rsef899\AppData\Local\Temp\ccsZlBAC.s 			page 27


 1341              	.Ldebug_ranges0:
 1342 0000 00000000 		.4byte	.LFB64
 1343 0004 6C000000 		.4byte	.LFE64
 1344 0008 00000000 		.4byte	.LFB65
 1345 000c DC000000 		.4byte	.LFE65
 1346 0010 00000000 		.4byte	.LFB66
 1347 0014 3E000000 		.4byte	.LFE66
 1348 0018 00000000 		.4byte	.LFB67
 1349 001c 26000000 		.4byte	.LFE67
 1350 0020 00000000 		.4byte	0
 1351 0024 00000000 		.4byte	0
 1352              		.section	.debug_line,"",%progbits
 1353              	.Ldebug_line0:
 1354 0000 F3010000 		.section	.debug_str,"MS",%progbits,1
 1354      02005601 
 1354      00000201 
 1354      FB0E0D00 
 1354      01010101 
 1355              	.LASF47:
 1356 0000 75736250 		.ascii	"usbPutChar\000"
 1356      75744368 
 1356      617200
 1357              	.LASF45:
 1358 000b 6E756D42 		.ascii	"numBuffer\000"
 1358      75666665 
 1358      7200
 1359              	.LASF58:
 1360 0015 666C6167 		.ascii	"flag_packet\000"
 1360      5F706163 
 1360      6B657400 
 1361              	.LASF55:
 1362 0021 666C6167 		.ascii	"flag_ts_speed\000"
 1362      5F74735F 
 1362      73706565 
 1362      6400
 1363              	.LASF37:
 1364 002f 67325F78 		.ascii	"g2_xpos\000"
 1364      706F7300 
 1365              	.LASF2:
 1366 0037 73686F72 		.ascii	"short int\000"
 1366      7420696E 
 1366      7400
 1367              	.LASF66:
 1368 0041 73797374 		.ascii	"system_state\000"
 1368      656D5F73 
 1368      74617465 
 1368      00
 1369              	.LASF13:
 1370 004e 73697A65 		.ascii	"sizetype\000"
 1370      74797065 
 1370      00
 1371              	.LASF41:
 1372 0057 41444349 		.ascii	"ADCInterupt\000"
 1372      6E746572 
 1372      75707400 
 1373              	.LASF65:
 1374 0063 75736242 		.ascii	"usbBuffer\000"
ARM GAS  C:\Users\rsef899\AppData\Local\Temp\ccsZlBAC.s 			page 28


 1374      75666665 
 1374      7200
 1375              	.LASF70:
 1376 006d 474E5520 		.ascii	"GNU C11 5.4.1 20160609 (release) [ARM/embedded-5-br"
 1376      43313120 
 1376      352E342E 
 1376      31203230 
 1376      31363036 
 1377 00a0 616E6368 		.ascii	"anch revision 237715] -mcpu=cortex-m3 -mthumb -g -O"
 1377      20726576 
 1377      6973696F 
 1377      6E203233 
 1377      37373135 
 1378 00d3 30202D66 		.ascii	"0 -ffunction-sections -ffat-lto-objects\000"
 1378      66756E63 
 1378      74696F6E 
 1378      2D736563 
 1378      74696F6E 
 1379              	.LASF42:
 1380 00fb 6D61696E 		.ascii	"main\000"
 1380      00
 1381              	.LASF4:
 1382 0100 5F5F7569 		.ascii	"__uint16_t\000"
 1382      6E743136 
 1382      5F7400
 1383              	.LASF19:
 1384 010b 75696E74 		.ascii	"uint16\000"
 1384      313600
 1385              	.LASF67:
 1386 0112 7072696E 		.ascii	"printFlag\000"
 1386      74466C61 
 1386      6700
 1387              	.LASF25:
 1388 011c 696E6465 		.ascii	"index\000"
 1388      7800
 1389              	.LASF21:
 1390 0122 696E7431 		.ascii	"int16\000"
 1390      3600
 1391              	.LASF18:
 1392 0128 75696E74 		.ascii	"uint8\000"
 1392      3800
 1393              	.LASF36:
 1394 012e 67315F64 		.ascii	"g1_direction\000"
 1394      69726563 
 1394      74696F6E 
 1394      00
 1395              	.LASF63:
 1396 013b 6C696E65 		.ascii	"line\000"
 1396      00
 1397              	.LASF22:
 1398 0140 666C6F61 		.ascii	"float\000"
 1398      7400
 1399              	.LASF9:
 1400 0146 6C6F6E67 		.ascii	"long long int\000"
 1400      206C6F6E 
 1400      6720696E 
 1400      7400
ARM GAS  C:\Users\rsef899\AppData\Local\Temp\ccsZlBAC.s 			page 29


 1401              	.LASF46:
 1402 0154 75736250 		.ascii	"usbPutString\000"
 1402      75745374 
 1402      72696E67 
 1402      00
 1403              	.LASF20:
 1404 0161 696E7438 		.ascii	"int8\000"
 1404      00
 1405              	.LASF54:
 1406 0166 666C6167 		.ascii	"flag_ts_update\000"
 1406      5F74735F 
 1406      75706461 
 1406      746500
 1407              	.LASF38:
 1408 0175 67325F79 		.ascii	"g2_ypos\000"
 1408      706F7300 
 1409              	.LASF32:
 1410 017d 67305F64 		.ascii	"g0_direction\000"
 1410      69726563 
 1410      74696F6E 
 1410      00
 1411              	.LASF29:
 1412 018a 67305F78 		.ascii	"g0_xpos\000"
 1412      706F7300 
 1413              	.LASF7:
 1414 0192 6C6F6E67 		.ascii	"long int\000"
 1414      20696E74 
 1414      00
 1415              	.LASF72:
 1416 019b 483A5C44 		.ascii	"H:\\Documents\\301\\12_Cypress_LineFollowingRobot\\"
 1416      6F63756D 
 1416      656E7473 
 1416      5C333031 
 1416      5C31325F 
 1417 01ca 526F6265 		.ascii	"Robert\\Hardware_Task1.cydsn\000"
 1417      72745C48 
 1417      61726477 
 1417      6172655F 
 1417      5461736B 
 1418              	.LASF3:
 1419 01e6 5F5F7569 		.ascii	"__uint8_t\000"
 1419      6E74385F 
 1419      7400
 1420              	.LASF56:
 1421 01f0 666C6167 		.ascii	"flag_ts_display\000"
 1421      5F74735F 
 1421      64697370 
 1421      6C617900 
 1422              	.LASF57:
 1423 0200 666C6167 		.ascii	"flag_rx\000"
 1423      5F727800 
 1424              	.LASF12:
 1425 0208 6C6F6E67 		.ascii	"long double\000"
 1425      20646F75 
 1425      626C6500 
 1426              	.LASF64:
 1427 0214 656E7472 		.ascii	"entry\000"
ARM GAS  C:\Users\rsef899\AppData\Local\Temp\ccsZlBAC.s 			page 30


 1427      7900
 1428              	.LASF1:
 1429 021a 756E7369 		.ascii	"unsigned char\000"
 1429      676E6564 
 1429      20636861 
 1429      7200
 1430              	.LASF31:
 1431 0228 67305F73 		.ascii	"g0_speed\000"
 1431      70656564 
 1431      00
 1432              	.LASF60:
 1433 0231 64617461 		.ascii	"dataready_flag\000"
 1433      72656164 
 1433      795F666C 
 1433      616700
 1434              	.LASF0:
 1435 0240 7369676E 		.ascii	"signed char\000"
 1435      65642063 
 1435      68617200 
 1436              	.LASF10:
 1437 024c 6C6F6E67 		.ascii	"long long unsigned int\000"
 1437      206C6F6E 
 1437      6720756E 
 1437      7369676E 
 1437      65642069 
 1438              	.LASF11:
 1439 0263 756E7369 		.ascii	"unsigned int\000"
 1439      676E6564 
 1439      20696E74 
 1439      00
 1440              	.LASF50:
 1441 0270 74735F75 		.ascii	"ts_update\000"
 1441      70646174 
 1441      6500
 1442              	.LASF16:
 1443 027a 75696E74 		.ascii	"uint16_t\000"
 1443      31365F74 
 1443      00
 1444              	.LASF44:
 1445 0283 62756666 		.ascii	"bufferFollow\000"
 1445      6572466F 
 1445      6C6C6F77 
 1445      00
 1446              	.LASF39:
 1447 0290 67325F73 		.ascii	"g2_speed\000"
 1447      70656564 
 1447      00
 1448              	.LASF59:
 1449 0299 666C6167 		.ascii	"flag_KB_string\000"
 1449      5F4B425F 
 1449      73747269 
 1449      6E6700
 1450              	.LASF33:
 1451 02a8 67315F78 		.ascii	"g1_xpos\000"
 1451      706F7300 
 1452              	.LASF5:
 1453 02b0 73686F72 		.ascii	"short unsigned int\000"
ARM GAS  C:\Users\rsef899\AppData\Local\Temp\ccsZlBAC.s 			page 31


 1453      7420756E 
 1453      7369676E 
 1453      65642069 
 1453      6E7400
 1454              	.LASF73:
 1455 02c3 64617461 		.ascii	"data_main\000"
 1455      5F6D6169 
 1455      6E00
 1456              	.LASF14:
 1457 02cd 63686172 		.ascii	"char\000"
 1457      00
 1458              	.LASF26:
 1459 02d2 726F626F 		.ascii	"robot_xpos\000"
 1459      745F7870 
 1459      6F7300
 1460              	.LASF17:
 1461 02dd 696E7433 		.ascii	"int32_t\000"
 1461      325F7400 
 1462              	.LASF34:
 1463 02e5 67315F79 		.ascii	"g1_ypos\000"
 1463      706F7300 
 1464              	.LASF40:
 1465 02ed 67325F64 		.ascii	"g2_direction\000"
 1465      69726563 
 1465      74696F6E 
 1465      00
 1466              	.LASF35:
 1467 02fa 67315F73 		.ascii	"g1_speed\000"
 1467      70656564 
 1467      00
 1468              	.LASF62:
 1469 0303 64697370 		.ascii	"displaystring\000"
 1469      6C617973 
 1469      7472696E 
 1469      6700
 1470              	.LASF68:
 1471 0311 62756666 		.ascii	"buffer\000"
 1471      657200
 1472              	.LASF71:
 1473 0318 6D61696E 		.ascii	"main.c\000"
 1473      2E6300
 1474              	.LASF8:
 1475 031f 6C6F6E67 		.ascii	"long unsigned int\000"
 1475      20756E73 
 1475      69676E65 
 1475      6420696E 
 1475      7400
 1476              	.LASF23:
 1477 0331 646F7562 		.ascii	"double\000"
 1477      6C6500
 1478              	.LASF48:
 1479 0338 49544D5F 		.ascii	"ITM_RxBuffer\000"
 1479      52784275 
 1479      66666572 
 1479      00
 1480              	.LASF51:
 1481 0345 74735F73 		.ascii	"ts_speed\000"
ARM GAS  C:\Users\rsef899\AppData\Local\Temp\ccsZlBAC.s 			page 32


 1481      70656564 
 1481      00
 1482              	.LASF53:
 1483 034e 666C6167 		.ascii	"flag_ts_enc\000"
 1483      5F74735F 
 1483      656E6300 
 1484              	.LASF6:
 1485 035a 5F5F696E 		.ascii	"__int32_t\000"
 1485      7433325F 
 1485      7400
 1486              	.LASF15:
 1487 0364 75696E74 		.ascii	"uint8_t\000"
 1487      385F7400 
 1488              	.LASF30:
 1489 036c 67305F79 		.ascii	"g0_ypos\000"
 1489      706F7300 
 1490              	.LASF52:
 1491 0374 74735F64 		.ascii	"ts_display\000"
 1491      6973706C 
 1491      617900
 1492              	.LASF49:
 1493 037f 74735F65 		.ascii	"ts_enc\000"
 1493      6E6300
 1494              	.LASF69:
 1495 0386 62756666 		.ascii	"bufferIndex\000"
 1495      6572496E 
 1495      64657800 
 1496              	.LASF61:
 1497 0392 666C6167 		.ascii	"flag_rf_transmission_active\000"
 1497      5F72665F 
 1497      7472616E 
 1497      736D6973 
 1497      73696F6E 
 1498              	.LASF27:
 1499 03ae 726F626F 		.ascii	"robot_ypos\000"
 1499      745F7970 
 1499      6F7300
 1500              	.LASF43:
 1501 03b9 41444352 		.ascii	"ADCReturn\000"
 1501      65747572 
 1501      6E00
 1502              	.LASF24:
 1503 03c3 72737369 		.ascii	"rssi\000"
 1503      00
 1504              	.LASF28:
 1505 03c8 726F626F 		.ascii	"robot_orientation\000"
 1505      745F6F72 
 1505      69656E74 
 1505      6174696F 
 1505      6E00
 1506              		.ident	"GCC: (GNU Tools for ARM Embedded Processors) 5.4.1 20160609 (release) [ARM/embedded-5-bran
