--------------- Build Started: 09/15/2023 17:59:48 Project: Team12_PsoC_final, Configuration: ARM GCC 5.4-2016-q2-update Debug ---------------
cydsfit.exe -.appdatapath "C:\Users\schoo\AppData\Local\Cypress Semiconductor\PSoC Creator\4.2" -.fdsnotice -.fdswarpdepfile=warp_dependencies.txt -.fdselabdepfile=elab_dependencies.txt -.fdsbldfile=generated_files.txt -.fdsreffile=referenced_files.txt -p "C:\Users\schoo\302OffOnedrive\301 Project\12_Cypress_LineFollowingRobot\Final_implementation\Team12_PsoC_final.cydsn\Team12_PsoC_final.cyprj" -d CY8C5888LTI-LP097 -s "C:\Users\schoo\302OffOnedrive\301 Project\12_Cypress_LineFollowingRobot\Final_implementation\Team12_PsoC_final.cydsn\Generated_Source\PSoC5" -- -yv2 -q10 -ygs -o2 -v3 -.fftcfgtype=LE
Elaborating Design...
ADD: sdb.M0065: information: Analog terminal "A6.analog_0" on TopDesign is unconnected.
 * C:\Users\schoo\302OffOnedrive\301 Project\12_Cypress_LineFollowingRobot\Final_implementation\Team12_PsoC_final.cydsn\TopDesign\TopDesign.cysch (Signal: Net_4337)
 * C:\Users\schoo\302OffOnedrive\301 Project\12_Cypress_LineFollowingRobot\Final_implementation\Team12_PsoC_final.cydsn\TopDesign\TopDesign.cysch (Shape_1166)
 * C:\Users\schoo\302OffOnedrive\301 Project\12_Cypress_LineFollowingRobot\Final_implementation\Team12_PsoC_final.cydsn\TopDesign\TopDesign.cysch (Shape_211.1)
ADD: sdb.M0065: information: Analog terminal "A5.analog_0" on TopDesign is unconnected.
 * C:\Users\schoo\302OffOnedrive\301 Project\12_Cypress_LineFollowingRobot\Final_implementation\Team12_PsoC_final.cydsn\TopDesign\TopDesign.cysch (Signal: Net_4338)
 * C:\Users\schoo\302OffOnedrive\301 Project\12_Cypress_LineFollowingRobot\Final_implementation\Team12_PsoC_final.cydsn\TopDesign\TopDesign.cysch (Shape_1165)
 * C:\Users\schoo\302OffOnedrive\301 Project\12_Cypress_LineFollowingRobot\Final_implementation\Team12_PsoC_final.cydsn\TopDesign\TopDesign.cysch (Shape_210.1)
ADD: sdb.M0065: information: Analog terminal "A4.analog_0" on TopDesign is unconnected.
 * C:\Users\schoo\302OffOnedrive\301 Project\12_Cypress_LineFollowingRobot\Final_implementation\Team12_PsoC_final.cydsn\TopDesign\TopDesign.cysch (Signal: Net_4339)
 * C:\Users\schoo\302OffOnedrive\301 Project\12_Cypress_LineFollowingRobot\Final_implementation\Team12_PsoC_final.cydsn\TopDesign\TopDesign.cysch (Shape_1164)
 * C:\Users\schoo\302OffOnedrive\301 Project\12_Cypress_LineFollowingRobot\Final_implementation\Team12_PsoC_final.cydsn\TopDesign\TopDesign.cysch (Shape_209.1)
ADD: sdb.M0065: information: Analog terminal "A3.analog_0" on TopDesign is unconnected.
 * C:\Users\schoo\302OffOnedrive\301 Project\12_Cypress_LineFollowingRobot\Final_implementation\Team12_PsoC_final.cydsn\TopDesign\TopDesign.cysch (Signal: Net_4340)
 * C:\Users\schoo\302OffOnedrive\301 Project\12_Cypress_LineFollowingRobot\Final_implementation\Team12_PsoC_final.cydsn\TopDesign\TopDesign.cysch (Shape_1163)
 * C:\Users\schoo\302OffOnedrive\301 Project\12_Cypress_LineFollowingRobot\Final_implementation\Team12_PsoC_final.cydsn\TopDesign\TopDesign.cysch (Shape_208.1)
ADD: sdb.M0065: information: Analog terminal "A2.analog_0" on TopDesign is unconnected.
 * C:\Users\schoo\302OffOnedrive\301 Project\12_Cypress_LineFollowingRobot\Final_implementation\Team12_PsoC_final.cydsn\TopDesign\TopDesign.cysch (Signal: Net_4341)
 * C:\Users\schoo\302OffOnedrive\301 Project\12_Cypress_LineFollowingRobot\Final_implementation\Team12_PsoC_final.cydsn\TopDesign\TopDesign.cysch (Shape_1162)
 * C:\Users\schoo\302OffOnedrive\301 Project\12_Cypress_LineFollowingRobot\Final_implementation\Team12_PsoC_final.cydsn\TopDesign\TopDesign.cysch (Shape_207.1)
ADD: sdb.M0065: information: Analog terminal "A1.analog_0" on TopDesign is unconnected.
 * C:\Users\schoo\302OffOnedrive\301 Project\12_Cypress_LineFollowingRobot\Final_implementation\Team12_PsoC_final.cydsn\TopDesign\TopDesign.cysch (Signal: Net_4342)
 * C:\Users\schoo\302OffOnedrive\301 Project\12_Cypress_LineFollowingRobot\Final_implementation\Team12_PsoC_final.cydsn\TopDesign\TopDesign.cysch (Shape_1161)
 * C:\Users\schoo\302OffOnedrive\301 Project\12_Cypress_LineFollowingRobot\Final_implementation\Team12_PsoC_final.cydsn\TopDesign\TopDesign.cysch (Shape_206.1)
ADD: sdb.M0065: information: Analog terminal "vdac_ref" on ADC_SAR_SEQ_v2_10 is unconnected.
 * C:\Program Files (x86)\Cypress\PSoC Creator\4.2\PSoC Creator\psoc\content\CyComponentLibrary\CyComponentLibrary.cylib\ADC_SAR_SEQ_v2_10\PSoC5\ADC_SAR_SEQ_v2_10.cysch (Signal: vdac_ref)
 * C:\Program Files (x86)\Cypress\PSoC Creator\4.2\PSoC Creator\psoc\content\CyComponentLibrary\CyComponentLibrary.cylib\ADC_SAR_SEQ_v2_10\PSoC5\ADC_SAR_SEQ_v2_10.cysch (Shape_798)
 * C:\Program Files (x86)\Cypress\PSoC Creator\4.2\PSoC Creator\psoc\content\CyComponentLibrary\CyComponentLibrary.cylib\ADC_SAR_SEQ_v2_10\PSoC5\ADC_SAR_SEQ_v2_10.cysch (Shape_885)
ADD: fit.M0032: warning: Clock Warning: (Quad_Timer_clk's accuracy range '1.526  Hz -55% +100%, (0.687  Hz - 3.052  Hz)' is not within the specified tolerance range '1  Hz +/- 10%, (0.9  Hz - 1.1  Hz)'.).
 * C:\Users\schoo\302OffOnedrive\301 Project\12_Cypress_LineFollowingRobot\Final_implementation\Team12_PsoC_final.cydsn\Team12_PsoC_final.cydwr (Quad_Timer_clk)
 * C:\Users\schoo\302OffOnedrive\301 Project\12_Cypress_LineFollowingRobot\Final_implementation\Team12_PsoC_final.cydsn\TopDesign\TopDesign.cysch (Instance:Quad_Timer_clk)
HDL Generation...
Synthesis...
Tech Mapping...
ADD: pft.M0040: information: The following 12 pin(s) will be assigned a location by the fitter: \ADC:SAR:Bypass(0)\, A2(0), A3(0), A4(0), A5(0), A6(0), A7(0), DB0(0), DB1(0), M1_QA(0), M1_QB(0), M2_INV(0)
Analog Placement...
Info: apr.M0002: Analog signal "Net_4347" is connected to one terminal only. (App=cydsfit)
Info: apr.M0002: Analog signal "Net_4348" is connected to one terminal only. (App=cydsfit)
Info: apr.M0002: Analog signal "Net_4349" is connected to one terminal only. (App=cydsfit)
Info: apr.M0002: Analog signal "Net_4350" is connected to one terminal only. (App=cydsfit)
Info: apr.M0002: Analog signal "Net_4351" is connected to one terminal only. (App=cydsfit)
Info: apr.M0002: Analog signal "Net_4352" is connected to one terminal only. (App=cydsfit)
Info: apr.M0002: Analog signal "Net_4353" is connected to one terminal only. (App=cydsfit)
Info: apr.M0002: Analog signal "Net_1503" is connected to one terminal only. (App=cydsfit)
Info: apr.M0002: Analog signal "Net_1504" is connected to one terminal only. (App=cydsfit)
Info: apr.M0002: Analog signal "Net_1506" is connected to one terminal only. (App=cydsfit)
Info: apr.M0002: Analog signal "Net_1508" is connected to one terminal only. (App=cydsfit)
Info: apr.M0002: Analog signal "Net_1509" is connected to one terminal only. (App=cydsfit)
Info: apr.M0002: Analog signal "Net_1511" is connected to one terminal only. (App=cydsfit)
Info: apr.M0002: Analog signal "Net_1513" is connected to one terminal only. (App=cydsfit)
Info: apr.M0002: Analog signal "Net_1514" is connected to one terminal only. (App=cydsfit)
Info: apr.M0002: Analog signal "Net_1516" is connected to one terminal only. (App=cydsfit)
Info: apr.M0002: Analog signal "Net_1518" is connected to one terminal only. (App=cydsfit)
Info: apr.M0002: Analog signal "Net_1519" is connected to one terminal only. (App=cydsfit)
Info: apr.M0002: Analog signal "Net_1521" is connected to one terminal only. (App=cydsfit)
Info: apr.M0002: Analog signal "Net_1523" is connected to one terminal only. (App=cydsfit)
Info: apr.M0002: Analog signal "Net_1524" is connected to one terminal only. (App=cydsfit)
Info: apr.M0002: Analog signal "Net_1526" is connected to one terminal only. (App=cydsfit)
Info: apr.M0002: Analog signal "Net_1528" is connected to one terminal only. (App=cydsfit)
Info: apr.M0002: Analog signal "Net_1529" is connected to one terminal only. (App=cydsfit)
Info: apr.M0002: Analog signal "Net_1531" is connected to one terminal only. (App=cydsfit)
Info: apr.M0002: Analog signal "Net_1533" is connected to one terminal only. (App=cydsfit)
Info: apr.M0002: Analog signal "Net_1534" is connected to one terminal only. (App=cydsfit)
Info: apr.M0002: Analog signal "Net_1536" is connected to one terminal only. (App=cydsfit)
Info: apr.M0002: Analog signal "Net_1538" is connected to one terminal only. (App=cydsfit)
Info: apr.M0002: Analog signal "Net_1539" is connected to one terminal only. (App=cydsfit)
Info: apr.M0002: Analog signal "Net_1541" is connected to one terminal only. (App=cydsfit)
Info: apr.M0002: Analog signal "Net_1543" is connected to one terminal only. (App=cydsfit)
Info: apr.M0002: Analog signal "Net_1544" is connected to one terminal only. (App=cydsfit)
Info: apr.M0002: Analog signal "Net_1546" is connected to one terminal only. (App=cydsfit)
Info: apr.M0002: Analog signal "Net_1548" is connected to one terminal only. (App=cydsfit)
Info: apr.M0002: Analog signal "Net_1549" is connected to one terminal only. (App=cydsfit)
Info: apr.M0002: Analog signal "Net_1551" is connected to one terminal only. (App=cydsfit)
Info: apr.M0002: Analog signal "Net_1553" is connected to one terminal only. (App=cydsfit)
Info: apr.M0002: Analog signal "Net_1554" is connected to one terminal only. (App=cydsfit)
Info: apr.M0002: Analog signal "Net_1556" is connected to one terminal only. (App=cydsfit)
Info: apr.M0002: Analog signal "Net_1558" is connected to one terminal only. (App=cydsfit)
Info: apr.M0002: Analog signal "Net_1559" is connected to one terminal only. (App=cydsfit)
Info: apr.M0002: Analog signal "Net_1561" is connected to one terminal only. (App=cydsfit)
Info: apr.M0002: Analog signal "Net_1563" is connected to one terminal only. (App=cydsfit)
Info: apr.M0002: Analog signal "Net_1564" is connected to one terminal only. (App=cydsfit)
Info: apr.M0002: Analog signal "Net_1566" is connected to one terminal only. (App=cydsfit)
Info: apr.M0002: Analog signal "Net_1568" is connected to one terminal only. (App=cydsfit)
Info: apr.M0002: Analog signal "Net_1569" is connected to one terminal only. (App=cydsfit)
Info: apr.M0002: Analog signal "Net_1570" is connected to one terminal only. (App=cydsfit)
Info: apr.M0002: Analog signal "Net_1571" is connected to one terminal only. (App=cydsfit)
Info: apr.M0002: Analog signal "Net_1572" is connected to one terminal only. (App=cydsfit)
Info: apr.M0002: Analog signal "Net_1573" is connected to one terminal only. (App=cydsfit)
Info: apr.M0002: Analog signal "Net_1574" is connected to one terminal only. (App=cydsfit)
Info: apr.M0002: Analog signal "Net_1575" is connected to one terminal only. (App=cydsfit)
Info: apr.M0002: Analog signal "Net_1576" is connected to one terminal only. (App=cydsfit)
Info: apr.M0002: Analog signal "Net_1577" is connected to one terminal only. (App=cydsfit)
Info: apr.M0002: Analog signal "Net_1578" is connected to one terminal only. (App=cydsfit)
Info: apr.M0002: Analog signal "Net_1579" is connected to one terminal only. (App=cydsfit)
Info: apr.M0002: Analog signal "Net_1580" is connected to one terminal only. (App=cydsfit)
Info: apr.M0002: Analog signal "Net_1581" is connected to one terminal only. (App=cydsfit)
Info: apr.M0002: Analog signal "Net_1582" is connected to one terminal only. (App=cydsfit)
Info: apr.M0002: Analog signal "Net_1583" is connected to one terminal only. (App=cydsfit)
Info: apr.M0002: Analog signal "Net_1584" is connected to one terminal only. (App=cydsfit)
Log: apr.M0058: The analog placement iterative improvement is 64% done. (App=cydsfit)
Log: apr.M0058: The analog placement iterative improvement is 85% done. (App=cydsfit)
Analog Routing...
Analog Code Generation...
Digital Placement...
Digital Routing...
Bitstream Generation...
Bitstream Verification...
Static timing analysis...
Warning: sta.M0021: Team12_PsoC_final_timing.html: Warning-1350: Asynchronous path(s) exist from "ClockBlock/dclk_glb_ff_3" to "ADC_IntClock". See the timing report for details. (File=C:\Users\schoo\302OffOnedrive\301 Project\12_Cypress_LineFollowingRobot\Final_implementation\Team12_PsoC_final.cydsn\Team12_PsoC_final_timing.html)
API Generation...
Dependency Generation...
Cleanup...
arm-none-eabi-gcc.exe -mcpu=cortex-m3 -mthumb -I. -IGenerated_Source\PSoC5 -Wa,-alh=.\CortexM3\ARM_GCC_541\Debug/cymetadata.lst -g -D DEBUG -Wall -ffunction-sections -ffat-lto-objects -O0 -c Generated_Source\PSoC5\cymetadata.c -o .\CortexM3\ARM_GCC_541\Debug\cymetadata.o
arm-none-eabi-ar.exe -rs .\CortexM3\ARM_GCC_541\Debug\Team12_PsoC_final.a .\CortexM3\ARM_GCC_541\Debug\A0.o .\CortexM3\ARM_GCC_541\Debug\ADC.o .\CortexM3\ARM_GCC_541\Debug\ADC_PM.o .\CortexM3\ARM_GCC_541\Debug\ADC_INT.o .\CortexM3\ARM_GCC_541\Debug\A1.o .\CortexM3\ARM_GCC_541\Debug\A2.o .\CortexM3\ARM_GCC_541\Debug\A3.o .\CortexM3\ARM_GCC_541\Debug\A4.o .\CortexM3\ARM_GCC_541\Debug\A5.o .\CortexM3\ARM_GCC_541\Debug\A6.o .\CortexM3\ARM_GCC_541\Debug\A7.o .\CortexM3\ARM_GCC_541\Debug\isr_TS.o .\CortexM3\ARM_GCC_541\Debug\Timer_TS.o .\CortexM3\ARM_GCC_541\Debug\Timer_TS_PM.o .\CortexM3\ARM_GCC_541\Debug\USBUART.o .\CortexM3\ARM_GCC_541\Debug\USBUART_audio.o .\CortexM3\ARM_GCC_541\Debug\USBUART_boot.o .\CortexM3\ARM_GCC_541\Debug\USBUART_cdc.o .\CortexM3\ARM_GCC_541\Debug\USBUART_cls.o .\CortexM3\ARM_GCC_541\Debug\USBUART_descr.o .\CortexM3\ARM_GCC_541\Debug\USBUART_drv.o .\CortexM3\ARM_GCC_541\Debug\USBUART_episr.o .\CortexM3\ARM_GCC_541\Debug\USBUART_hid.o .\CortexM3\ARM_GCC_541\Debug\USBUART_pm.o .\CortexM3\ARM_GCC_541\Debug\USBUART_std.o .\CortexM3\ARM_GCC_541\Debug\USBUART_vnd.o .\CortexM3\ARM_GCC_541\Debug\USBUART_midi.o .\CortexM3\ARM_GCC_541\Debug\USBUART_msc.o .\CortexM3\ARM_GCC_541\Debug\Clock2.o .\CortexM3\ARM_GCC_541\Debug\CONTROL.o .\CortexM3\ARM_GCC_541\Debug\CONTROL_PM.o .\CortexM3\ARM_GCC_541\Debug\ADC_SAR.o .\CortexM3\ARM_GCC_541\Debug\ADC_SAR_INT.o .\CortexM3\ARM_GCC_541\Debug\ADC_SAR_PM.o .\CortexM3\ARM_GCC_541\Debug\ADC_IntClock.o .\CortexM3\ARM_GCC_541\Debug\ADC_TempBuf_dma.o .\CortexM3\ARM_GCC_541\Debug\ADC_FinalBuf_dma.o .\CortexM3\ARM_GCC_541\Debug\ADC_IRQ.o .\CortexM3\ARM_GCC_541\Debug\USBUART_Dm.o .\CortexM3\ARM_GCC_541\Debug\USBUART_Dp.o .\CortexM3\ARM_GCC_541\Debug\CyDmac.o .\CortexM3\ARM_GCC_541\Debug\CyFlash.o .\CortexM3\ARM_GCC_541\Debug\CyLib.o .\CortexM3\ARM_GCC_541\Debug\cyPm.o .\CortexM3\ARM_GCC_541\Debug\CySpc.o .\CortexM3\ARM_GCC_541\Debug\cyutils.o .\CortexM3\ARM_GCC_541\Debug\PWM_1.o .\CortexM3\ARM_GCC_541\Debug\PWM_1_PM.o .\CortexM3\ARM_GCC_541\Debug\Clock_PWM.o .\CortexM3\ARM_GCC_541\Debug\Clock_QENC.o .\CortexM3\ARM_GCC_541\Debug\M1_IN1.o .\CortexM3\ARM_GCC_541\Debug\M1_IN2.o .\CortexM3\ARM_GCC_541\Debug\M2_IN1.o .\CortexM3\ARM_GCC_541\Debug\M2_IN2.o .\CortexM3\ARM_GCC_541\Debug\M2_D1.o .\CortexM3\ARM_GCC_541\Debug\M1_QA.o .\CortexM3\ARM_GCC_541\Debug\M1_QB.o .\CortexM3\ARM_GCC_541\Debug\M2_QA.o .\CortexM3\ARM_GCC_541\Debug\M2_QB.o .\CortexM3\ARM_GCC_541\Debug\M1_D1.o .\CortexM3\ARM_GCC_541\Debug\isr_eoc.o .\CortexM3\ARM_GCC_541\Debug\PWM_2.o .\CortexM3\ARM_GCC_541\Debug\PWM_2_PM.o .\CortexM3\ARM_GCC_541\Debug\LED.o .\CortexM3\ARM_GCC_541\Debug\QuadDec_M1.o .\CortexM3\ARM_GCC_541\Debug\QuadDec_M1_PM.o .\CortexM3\ARM_GCC_541\Debug\QuadDec_M2.o .\CortexM3\ARM_GCC_541\Debug\QuadDec_M2_PM.o .\CortexM3\ARM_GCC_541\Debug\QuadDec_M1_Cnt16.o .\CortexM3\ARM_GCC_541\Debug\QuadDec_M1_Cnt16_PM.o .\CortexM3\ARM_GCC_541\Debug\QuadDec_M2_Cnt16.o .\CortexM3\ARM_GCC_541\Debug\QuadDec_M2_Cnt16_PM.o .\CortexM3\ARM_GCC_541\Debug\DB0.o .\CortexM3\ARM_GCC_541\Debug\DB1.o .\CortexM3\ARM_GCC_541\Debug\DB2.o .\CortexM3\ARM_GCC_541\Debug\isrRF_TX.o .\CortexM3\ARM_GCC_541\Debug\isrRF_RX.o .\CortexM3\ARM_GCC_541\Debug\UART.o .\CortexM3\ARM_GCC_541\Debug\UART_PM.o .\CortexM3\ARM_GCC_541\Debug\UART_INT.o .\CortexM3\ARM_GCC_541\Debug\UART_BOOT.o .\CortexM3\ARM_GCC_541\Debug\UART_IntClock.o .\CortexM3\ARM_GCC_541\Debug\RF_BT_SELECT.o .\CortexM3\ARM_GCC_541\Debug\RF_BT_SELECT_PM.o .\CortexM3\ARM_GCC_541\Debug\cy_em_eeprom.o .\CortexM3\ARM_GCC_541\Debug\ADC_SAR_Bypass.o .\CortexM3\ARM_GCC_541\Debug\VDAC8.o .\CortexM3\ARM_GCC_541\Debug\VDAC8_PM.o .\CortexM3\ARM_GCC_541\Debug\Quad_TImer.o .\CortexM3\ARM_GCC_541\Debug\Quad_TImer_PM.o .\CortexM3\ARM_GCC_541\Debug\isr_quad_timer.o .\CortexM3\ARM_GCC_541\Debug\Quad_Timer_clk.o .\CortexM3\ARM_GCC_541\Debug\TestPin.o .\CortexM3\ARM_GCC_541\Debug\M1_INV.o .\CortexM3\ARM_GCC_541\Debug\M2_INV.o .\CortexM3\ARM_GCC_541\Debug\Q1.o .\CortexM3\ARM_GCC_541\Debug\Q2.o .\CortexM3\ARM_GCC_541\Debug\Q5.o .\CortexM3\ARM_GCC_541\Debug\Q6.o .\CortexM3\ARM_GCC_541\Debug\Q7.o .\CortexM3\ARM_GCC_541\Debug\Q4.o .\CortexM3\ARM_GCC_541\Debug\Q3.o .\CortexM3\ARM_GCC_541\Debug\D16.o .\CortexM3\ARM_GCC_541\Debug\D11.o .\CortexM3\ARM_GCC_541\Debug\D13.o .\CortexM3\ARM_GCC_541\Debug\D17.o .\CortexM3\ARM_GCC_541\Debug\D14.o .\CortexM3\ARM_GCC_541\Debug\D15.o .\CortexM3\ARM_GCC_541\Debug\D12.o .\CortexM3\ARM_GCC_541\Debug\CyBootAsmGnu.o
arm-none-eabi-ar.exe: creating .\CortexM3\ARM_GCC_541\Debug\Team12_PsoC_final.a
arm-none-eabi-gcc.exe -Wl,--start-group -o "C:\Users\schoo\302OffOnedrive\301 Project\12_Cypress_LineFollowingRobot\Final_implementation\Team12_PsoC_final.cydsn\CortexM3\ARM_GCC_541\Debug\Team12_PsoC_final.elf" .\CortexM3\ARM_GCC_541\Debug\main.o .\CortexM3\ARM_GCC_541\Debug\tacho.o .\CortexM3\ARM_GCC_541\Debug\movement.o .\CortexM3\ARM_GCC_541\Debug\QuadEncoder.o .\CortexM3\ARM_GCC_541\Debug\cyfitter_cfg.o .\CortexM3\ARM_GCC_541\Debug\cymetadata.o .\CortexM3\ARM_GCC_541\Debug\Cm3Start.o .\CortexM3\ARM_GCC_541\Debug\Team12_PsoC_final.a "C:\Program Files (x86)\Cypress\PSoC Creator\4.2\PSoC Creator\psoc\content\cycomponentlibrary\CyComponentLibrary.cylib\CortexM3\ARM_GCC_541\Debug\CyComponentLibrary.a" -mcpu=cortex-m3 -mthumb -L Generated_Source\PSoC5 -Wl,-Map,.\CortexM3\ARM_GCC_541\Debug/Team12_PsoC_final.map -T Generated_Source\PSoC5\cm3gcc.ld -specs=nano.specs -Wl,--gc-sections -g -ffunction-sections -O0 -ffat-lto-objects -Wl,--end-group
cyelftool.exe -C "C:\Users\schoo\302OffOnedrive\301 Project\12_Cypress_LineFollowingRobot\Final_implementation\Team12_PsoC_final.cydsn\CortexM3\ARM_GCC_541\Debug\Team12_PsoC_final.elf" --flash_row_size 256 --flash_size 262144 --flash_offset 0x00000000
No ELF section .cychecksum found, creating one
Application checksum calculated and stored in ELF section .cychecksum
Checksum calculated and stored in ELF section .cymeta
cyelftool.exe -S "C:\Users\schoo\302OffOnedrive\301 Project\12_Cypress_LineFollowingRobot\Final_implementation\Team12_PsoC_final.cydsn\CortexM3\ARM_GCC_541\Debug\Team12_PsoC_final.elf"
Flash used: 7406 of 262144 bytes (2.8%).
SRAM used: 2781 of 65536 bytes (4.2%). Stack: 2048 bytes. Heap: 128 bytes.
--------------- Build Succeeded: 09/15/2023 18:00:16 ---------------
