ARM GAS  C:\Users\NITISH~1\AppData\Local\Temp\cc5pipl8.s 			page 1


   1              		.syntax unified
   2              		.cpu cortex-m3
   3              		.fpu softvfp
   4              		.eabi_attribute 20, 1
   5              		.eabi_attribute 21, 1
   6              		.eabi_attribute 23, 3
   7              		.eabi_attribute 24, 1
   8              		.eabi_attribute 25, 1
   9              		.eabi_attribute 26, 1
  10              		.eabi_attribute 30, 1
  11              		.eabi_attribute 34, 1
  12              		.eabi_attribute 18, 4
  13              		.thumb
  14              		.file	"cymetadata.c"
  15              		.text
  16              	.Ltext0:
  17              		.cfi_sections	.debug_frame
  18              		.global	cy_metadata
  19              		.global	cy_meta_flashprotect
  20              		.global	cy_meta_wonvl
  21              		.global	cy_meta_custnvl
  22              		.global	cy_meta_configecc
  23              		.section	.cyconfigecc,"a",%progbits
  24              		.align	2
  25              		.type	cy_meta_configecc, %object
  26              		.size	cy_meta_configecc, 76
  27              	cy_meta_configecc:
  28 0000 01       		.byte	1
  29 0001 4F       		.byte	79
  30 0002 00       		.byte	0
  31 0003 40       		.byte	64
  32 0004 01       		.byte	1
  33 0005 07       		.byte	7
  34 0006 01       		.byte	1
  35 0007 40       		.byte	64
  36 0008 01       		.byte	1
  37 0009 09       		.byte	9
  38 000a 01       		.byte	1
  39 000b 40       		.byte	64
  40 000c 04       		.byte	4
  41 000d 0A       		.byte	10
  42 000e 01       		.byte	1
  43 000f 40       		.byte	64
  44 0010 01       		.byte	1
  45 0011 0B       		.byte	11
  46 0012 01       		.byte	1
  47 0013 40       		.byte	64
  48 0014 06       		.byte	6
  49 0015 42       		.byte	66
  50 0016 01       		.byte	1
  51 0017 40       		.byte	64
  52 0018 02       		.byte	2
  53 0019 43       		.byte	67
  54 001a 01       		.byte	1
  55 001b 40       		.byte	64
  56 001c 01       		.byte	1
  57 001d 51       		.byte	81
ARM GAS  C:\Users\NITISH~1\AppData\Local\Temp\cc5pipl8.s 			page 2


  58 001e 01       		.byte	1
  59 001f 40       		.byte	64
  60 0020 0A       		.byte	10
  61 0021 4B       		.byte	75
  62 0022 EE       		.byte	-18
  63 0023 08       		.byte	8
  64 0024 AF       		.byte	-81
  65 0025 20       		.byte	32
  66 0026 B8       		.byte	-72
  67 0027 20       		.byte	32
  68 0028 BE       		.byte	-66
  69 0029 10       		.byte	16
  70 002a D8       		.byte	-40
  71 002b 04       		.byte	4
  72 002c DF       		.byte	-33
  73 002d 01       		.byte	1
  74 002e 1F       		.byte	31
  75 002f 20       		.byte	32
  76 0030 1B       		.byte	27
  77 0031 04       		.byte	4
  78 0032 3F       		.byte	63
  79 0033 08       		.byte	8
  80 0034 63       		.byte	99
  81 0035 02       		.byte	2
  82 0036 C6       		.byte	-58
  83 0037 10       		.byte	16
  84 0038 CE       		.byte	-50
  85 0039 80       		.byte	-128
  86 003a D6       		.byte	-42
  87 003b 40       		.byte	64
  88 003c AF       		.byte	-81
  89 003d 01       		.byte	1
  90 003e EE       		.byte	-18
  91 003f 10       		.byte	16
  92 0040 04       		.byte	4
  93 0041 0C       		.byte	12
  94 0042 00       		.byte	0
  95 0043 00       		.byte	0
  96 0044 00       		.byte	0
  97 0045 02       		.byte	2
  98 0046 02       		.byte	2
  99 0047 00       		.byte	0
 100 0048 00       		.byte	0
 101 0049 00       		.byte	0
 102 004a 00       		.byte	0
 103 004b 00       		.byte	0
 104              		.section	.cywolatch,"a",%progbits
 105              		.align	2
 106              		.type	cy_meta_wonvl, %object
 107              		.size	cy_meta_wonvl, 4
 108              	cy_meta_wonvl:
 109 0000 BC       		.byte	-68
 110 0001 90       		.byte	-112
 111 0002 AC       		.byte	-84
 112 0003 AF       		.byte	-81
 113              		.section	.cycustnvl,"a",%progbits
 114              		.align	2
ARM GAS  C:\Users\NITISH~1\AppData\Local\Temp\cc5pipl8.s 			page 3


 115              		.type	cy_meta_custnvl, %object
 116              		.size	cy_meta_custnvl, 4
 117              	cy_meta_custnvl:
 118 0000 00       		.byte	0
 119 0001 00       		.byte	0
 120 0002 40       		.byte	64
 121 0003 05       		.byte	5
 122              		.section	.cymeta,"a",%progbits
 123              		.align	2
 124              		.type	cy_metadata, %object
 125              		.size	cy_metadata, 12
 126              	cy_metadata:
 127 0000 00       		.byte	0
 128 0001 01       		.byte	1
 129 0002 2E       		.byte	46
 130 0003 16       		.byte	22
 131 0004 10       		.byte	16
 132 0005 69       		.byte	105
 133 0006 00       		.byte	0
 134 0007 01       		.byte	1
 135 0008 00       		.byte	0
 136 0009 00       		.byte	0
 137 000a 00       		.byte	0
 138 000b 00       		.byte	0
 139              		.section	.cyflashprotect,"a",%progbits
 140              		.align	2
 141              		.type	cy_meta_flashprotect, %object
 142              		.size	cy_meta_flashprotect, 256
 143              	cy_meta_flashprotect:
 144 0000 00000000 		.space	256
 144      00000000 
 144      00000000 
 144      00000000 
 144      00000000 
 145              		.text
 146              	.Letext0:
 147              		.file 1 ".\\Generated_Source\\PSoC5\\cymetadata.c"
 148              		.file 2 ".\\Generated_Source\\PSoC5\\cytypes.h"
 149              		.section	.debug_info,"",%progbits
 150              	.Ldebug_info0:
 151 0000 36010000 		.4byte	0x136
 152 0004 0400     		.2byte	0x4
 153 0006 00000000 		.4byte	.Ldebug_abbrev0
 154 000a 04       		.byte	0x4
 155 000b 01       		.uleb128 0x1
 156 000c D3000000 		.4byte	.LASF18
 157 0010 01       		.byte	0x1
 158 0011 3F000000 		.4byte	.LASF19
 159 0015 00000000 		.4byte	.LASF20
 160 0019 00000000 		.4byte	.Ldebug_line0
 161 001d 02       		.uleb128 0x2
 162 001e 01       		.byte	0x1
 163 001f 06       		.byte	0x6
 164 0020 DD010000 		.4byte	.LASF0
 165 0024 02       		.uleb128 0x2
 166 0025 01       		.byte	0x1
 167 0026 08       		.byte	0x8
ARM GAS  C:\Users\NITISH~1\AppData\Local\Temp\cc5pipl8.s 			page 4


 168 0027 77000000 		.4byte	.LASF1
 169 002b 02       		.uleb128 0x2
 170 002c 02       		.byte	0x2
 171 002d 05       		.byte	0x5
 172 002e C4010000 		.4byte	.LASF2
 173 0032 02       		.uleb128 0x2
 174 0033 02       		.byte	0x2
 175 0034 07       		.byte	0x7
 176 0035 97000000 		.4byte	.LASF3
 177 0039 02       		.uleb128 0x2
 178 003a 04       		.byte	0x4
 179 003b 05       		.byte	0x5
 180 003c D4010000 		.4byte	.LASF4
 181 0040 02       		.uleb128 0x2
 182 0041 04       		.byte	0x4
 183 0042 07       		.byte	0x7
 184 0043 85000000 		.4byte	.LASF5
 185 0047 02       		.uleb128 0x2
 186 0048 08       		.byte	0x8
 187 0049 05       		.byte	0x5
 188 004a B1010000 		.4byte	.LASF6
 189 004e 02       		.uleb128 0x2
 190 004f 08       		.byte	0x8
 191 0050 07       		.byte	0x7
 192 0051 6E010000 		.4byte	.LASF7
 193 0055 03       		.uleb128 0x3
 194 0056 04       		.byte	0x4
 195 0057 05       		.byte	0x5
 196 0058 696E7400 		.ascii	"int\000"
 197 005c 02       		.uleb128 0x2
 198 005d 04       		.byte	0x4
 199 005e 07       		.byte	0x7
 200 005f 61010000 		.4byte	.LASF8
 201 0063 04       		.uleb128 0x4
 202 0064 CE010000 		.4byte	.LASF21
 203 0068 02       		.byte	0x2
 204 0069 9201     		.2byte	0x192
 205 006b 24000000 		.4byte	0x24
 206 006f 02       		.uleb128 0x2
 207 0070 04       		.byte	0x4
 208 0071 04       		.byte	0x4
 209 0072 71000000 		.4byte	.LASF9
 210 0076 02       		.uleb128 0x2
 211 0077 08       		.byte	0x8
 212 0078 04       		.byte	0x4
 213 0079 AA000000 		.4byte	.LASF10
 214 007d 02       		.uleb128 0x2
 215 007e 01       		.byte	0x1
 216 007f 08       		.byte	0x8
 217 0080 BF010000 		.4byte	.LASF11
 218 0084 05       		.uleb128 0x5
 219 0085 63000000 		.4byte	0x63
 220 0089 94000000 		.4byte	0x94
 221 008d 06       		.uleb128 0x6
 222 008e 94000000 		.4byte	0x94
 223 0092 4B       		.byte	0x4b
 224 0093 00       		.byte	0
ARM GAS  C:\Users\NITISH~1\AppData\Local\Temp\cc5pipl8.s 			page 5


 225 0094 02       		.uleb128 0x2
 226 0095 04       		.byte	0x4
 227 0096 07       		.byte	0x7
 228 0097 A8010000 		.4byte	.LASF12
 229 009b 07       		.uleb128 0x7
 230 009c C1000000 		.4byte	.LASF13
 231 00a0 01       		.byte	0x1
 232 00a1 1F       		.byte	0x1f
 233 00a2 AC000000 		.4byte	0xac
 234 00a6 05       		.uleb128 0x5
 235 00a7 03       		.byte	0x3
 236 00a8 00000000 		.4byte	cy_meta_configecc
 237 00ac 08       		.uleb128 0x8
 238 00ad 84000000 		.4byte	0x84
 239 00b1 05       		.uleb128 0x5
 240 00b2 63000000 		.4byte	0x63
 241 00b6 C1000000 		.4byte	0xc1
 242 00ba 06       		.uleb128 0x6
 243 00bb 94000000 		.4byte	0x94
 244 00bf 03       		.byte	0x3
 245 00c0 00       		.byte	0
 246 00c1 07       		.uleb128 0x7
 247 00c2 B1000000 		.4byte	.LASF14
 248 00c6 01       		.byte	0x1
 249 00c7 36       		.byte	0x36
 250 00c8 D2000000 		.4byte	0xd2
 251 00cc 05       		.uleb128 0x5
 252 00cd 03       		.byte	0x3
 253 00ce 00000000 		.4byte	cy_meta_custnvl
 254 00d2 08       		.uleb128 0x8
 255 00d3 B1000000 		.4byte	0xb1
 256 00d7 07       		.uleb128 0x7
 257 00d8 9A010000 		.4byte	.LASF15
 258 00dc 01       		.byte	0x1
 259 00dd 44       		.byte	0x44
 260 00de E8000000 		.4byte	0xe8
 261 00e2 05       		.uleb128 0x5
 262 00e3 03       		.byte	0x3
 263 00e4 00000000 		.4byte	cy_meta_wonvl
 264 00e8 08       		.uleb128 0x8
 265 00e9 B1000000 		.4byte	0xb1
 266 00ed 05       		.uleb128 0x5
 267 00ee 63000000 		.4byte	0x63
 268 00f2 FD000000 		.4byte	0xfd
 269 00f6 06       		.uleb128 0x6
 270 00f7 94000000 		.4byte	0x94
 271 00fb FF       		.byte	0xff
 272 00fc 00       		.byte	0
 273 00fd 07       		.uleb128 0x7
 274 00fe 85010000 		.4byte	.LASF16
 275 0102 01       		.byte	0x1
 276 0103 52       		.byte	0x52
 277 0104 0E010000 		.4byte	0x10e
 278 0108 05       		.uleb128 0x5
 279 0109 03       		.byte	0x3
 280 010a 00000000 		.4byte	cy_meta_flashprotect
 281 010e 08       		.uleb128 0x8
ARM GAS  C:\Users\NITISH~1\AppData\Local\Temp\cc5pipl8.s 			page 6


 282 010f ED000000 		.4byte	0xed
 283 0113 05       		.uleb128 0x5
 284 0114 63000000 		.4byte	0x63
 285 0118 23010000 		.4byte	0x123
 286 011c 06       		.uleb128 0x6
 287 011d 94000000 		.4byte	0x94
 288 0121 0B       		.byte	0xb
 289 0122 00       		.byte	0
 290 0123 07       		.uleb128 0x7
 291 0124 65000000 		.4byte	.LASF17
 292 0128 01       		.byte	0x1
 293 0129 7F       		.byte	0x7f
 294 012a 34010000 		.4byte	0x134
 295 012e 05       		.uleb128 0x5
 296 012f 03       		.byte	0x3
 297 0130 00000000 		.4byte	cy_metadata
 298 0134 08       		.uleb128 0x8
 299 0135 13010000 		.4byte	0x113
 300 0139 00       		.byte	0
 301              		.section	.debug_abbrev,"",%progbits
 302              	.Ldebug_abbrev0:
 303 0000 01       		.uleb128 0x1
 304 0001 11       		.uleb128 0x11
 305 0002 01       		.byte	0x1
 306 0003 25       		.uleb128 0x25
 307 0004 0E       		.uleb128 0xe
 308 0005 13       		.uleb128 0x13
 309 0006 0B       		.uleb128 0xb
 310 0007 03       		.uleb128 0x3
 311 0008 0E       		.uleb128 0xe
 312 0009 1B       		.uleb128 0x1b
 313 000a 0E       		.uleb128 0xe
 314 000b 10       		.uleb128 0x10
 315 000c 17       		.uleb128 0x17
 316 000d 00       		.byte	0
 317 000e 00       		.byte	0
 318 000f 02       		.uleb128 0x2
 319 0010 24       		.uleb128 0x24
 320 0011 00       		.byte	0
 321 0012 0B       		.uleb128 0xb
 322 0013 0B       		.uleb128 0xb
 323 0014 3E       		.uleb128 0x3e
 324 0015 0B       		.uleb128 0xb
 325 0016 03       		.uleb128 0x3
 326 0017 0E       		.uleb128 0xe
 327 0018 00       		.byte	0
 328 0019 00       		.byte	0
 329 001a 03       		.uleb128 0x3
 330 001b 24       		.uleb128 0x24
 331 001c 00       		.byte	0
 332 001d 0B       		.uleb128 0xb
 333 001e 0B       		.uleb128 0xb
 334 001f 3E       		.uleb128 0x3e
 335 0020 0B       		.uleb128 0xb
 336 0021 03       		.uleb128 0x3
 337 0022 08       		.uleb128 0x8
 338 0023 00       		.byte	0
ARM GAS  C:\Users\NITISH~1\AppData\Local\Temp\cc5pipl8.s 			page 7


 339 0024 00       		.byte	0
 340 0025 04       		.uleb128 0x4
 341 0026 16       		.uleb128 0x16
 342 0027 00       		.byte	0
 343 0028 03       		.uleb128 0x3
 344 0029 0E       		.uleb128 0xe
 345 002a 3A       		.uleb128 0x3a
 346 002b 0B       		.uleb128 0xb
 347 002c 3B       		.uleb128 0x3b
 348 002d 05       		.uleb128 0x5
 349 002e 49       		.uleb128 0x49
 350 002f 13       		.uleb128 0x13
 351 0030 00       		.byte	0
 352 0031 00       		.byte	0
 353 0032 05       		.uleb128 0x5
 354 0033 01       		.uleb128 0x1
 355 0034 01       		.byte	0x1
 356 0035 49       		.uleb128 0x49
 357 0036 13       		.uleb128 0x13
 358 0037 01       		.uleb128 0x1
 359 0038 13       		.uleb128 0x13
 360 0039 00       		.byte	0
 361 003a 00       		.byte	0
 362 003b 06       		.uleb128 0x6
 363 003c 21       		.uleb128 0x21
 364 003d 00       		.byte	0
 365 003e 49       		.uleb128 0x49
 366 003f 13       		.uleb128 0x13
 367 0040 2F       		.uleb128 0x2f
 368 0041 0B       		.uleb128 0xb
 369 0042 00       		.byte	0
 370 0043 00       		.byte	0
 371 0044 07       		.uleb128 0x7
 372 0045 34       		.uleb128 0x34
 373 0046 00       		.byte	0
 374 0047 03       		.uleb128 0x3
 375 0048 0E       		.uleb128 0xe
 376 0049 3A       		.uleb128 0x3a
 377 004a 0B       		.uleb128 0xb
 378 004b 3B       		.uleb128 0x3b
 379 004c 0B       		.uleb128 0xb
 380 004d 49       		.uleb128 0x49
 381 004e 13       		.uleb128 0x13
 382 004f 3F       		.uleb128 0x3f
 383 0050 19       		.uleb128 0x19
 384 0051 02       		.uleb128 0x2
 385 0052 18       		.uleb128 0x18
 386 0053 00       		.byte	0
 387 0054 00       		.byte	0
 388 0055 08       		.uleb128 0x8
 389 0056 26       		.uleb128 0x26
 390 0057 00       		.byte	0
 391 0058 49       		.uleb128 0x49
 392 0059 13       		.uleb128 0x13
 393 005a 00       		.byte	0
 394 005b 00       		.byte	0
 395 005c 00       		.byte	0
ARM GAS  C:\Users\NITISH~1\AppData\Local\Temp\cc5pipl8.s 			page 8


 396              		.section	.debug_aranges,"",%progbits
 397 0000 14000000 		.4byte	0x14
 398 0004 0200     		.2byte	0x2
 399 0006 00000000 		.4byte	.Ldebug_info0
 400 000a 04       		.byte	0x4
 401 000b 00       		.byte	0
 402 000c 0000     		.2byte	0
 403 000e 0000     		.2byte	0
 404 0010 00000000 		.4byte	0
 405 0014 00000000 		.4byte	0
 406              		.section	.debug_line,"",%progbits
 407              	.Ldebug_line0:
 408 0000 4F000000 		.section	.debug_str,"MS",%progbits,1
 408      02004900 
 408      00000201 
 408      FB0E0D00 
 408      01010101 
 409              	.LASF20:
 410 0000 5A3A5C6E 		.ascii	"Z:\\npat025\\Documents\\teaching\\designcs301\\2016"
 410      70617430 
 410      32355C44 
 410      6F63756D 
 410      656E7473 
 411 002e 5C70736F 		.ascii	"\\psoc\\lab3.cydsn\000"
 411      635C6C61 
 411      62332E63 
 411      7964736E 
 411      00
 412              	.LASF19:
 413 003f 2E5C4765 		.ascii	".\\Generated_Source\\PSoC5\\cymetadata.c\000"
 413      6E657261 
 413      7465645F 
 413      536F7572 
 413      63655C50 
 414              	.LASF17:
 415 0065 63795F6D 		.ascii	"cy_metadata\000"
 415      65746164 
 415      61746100 
 416              	.LASF9:
 417 0071 666C6F61 		.ascii	"float\000"
 417      7400
 418              	.LASF1:
 419 0077 756E7369 		.ascii	"unsigned char\000"
 419      676E6564 
 419      20636861 
 419      7200
 420              	.LASF5:
 421 0085 6C6F6E67 		.ascii	"long unsigned int\000"
 421      20756E73 
 421      69676E65 
 421      6420696E 
 421      7400
 422              	.LASF3:
 423 0097 73686F72 		.ascii	"short unsigned int\000"
 423      7420756E 
 423      7369676E 
 423      65642069 
ARM GAS  C:\Users\NITISH~1\AppData\Local\Temp\cc5pipl8.s 			page 9


 423      6E7400
 424              	.LASF10:
 425 00aa 646F7562 		.ascii	"double\000"
 425      6C6500
 426              	.LASF14:
 427 00b1 63795F6D 		.ascii	"cy_meta_custnvl\000"
 427      6574615F 
 427      63757374 
 427      6E766C00 
 428              	.LASF13:
 429 00c1 63795F6D 		.ascii	"cy_meta_configecc\000"
 429      6574615F 
 429      636F6E66 
 429      69676563 
 429      6300
 430              	.LASF18:
 431 00d3 474E5520 		.ascii	"GNU C 4.9.3 20150303 (release) [ARM/embedded-4_9-br"
 431      4320342E 
 431      392E3320 
 431      32303135 
 431      30333033 
 432 0106 616E6368 		.ascii	"anch revision 221220] -mcpu=cortex-m3 -mthumb -g -O"
 432      20726576 
 432      6973696F 
 432      6E203232 
 432      31323230 
 433 0139 67202D66 		.ascii	"g -ffunction-sections -ffat-lto-objects\000"
 433      66756E63 
 433      74696F6E 
 433      2D736563 
 433      74696F6E 
 434              	.LASF8:
 435 0161 756E7369 		.ascii	"unsigned int\000"
 435      676E6564 
 435      20696E74 
 435      00
 436              	.LASF7:
 437 016e 6C6F6E67 		.ascii	"long long unsigned int\000"
 437      206C6F6E 
 437      6720756E 
 437      7369676E 
 437      65642069 
 438              	.LASF16:
 439 0185 63795F6D 		.ascii	"cy_meta_flashprotect\000"
 439      6574615F 
 439      666C6173 
 439      6870726F 
 439      74656374 
 440              	.LASF15:
 441 019a 63795F6D 		.ascii	"cy_meta_wonvl\000"
 441      6574615F 
 441      776F6E76 
 441      6C00
 442              	.LASF12:
 443 01a8 73697A65 		.ascii	"sizetype\000"
 443      74797065 
 443      00
ARM GAS  C:\Users\NITISH~1\AppData\Local\Temp\cc5pipl8.s 			page 10


 444              	.LASF6:
 445 01b1 6C6F6E67 		.ascii	"long long int\000"
 445      206C6F6E 
 445      6720696E 
 445      7400
 446              	.LASF11:
 447 01bf 63686172 		.ascii	"char\000"
 447      00
 448              	.LASF2:
 449 01c4 73686F72 		.ascii	"short int\000"
 449      7420696E 
 449      7400
 450              	.LASF21:
 451 01ce 75696E74 		.ascii	"uint8\000"
 451      3800
 452              	.LASF4:
 453 01d4 6C6F6E67 		.ascii	"long int\000"
 453      20696E74 
 453      00
 454              	.LASF0:
 455 01dd 7369676E 		.ascii	"signed char\000"
 455      65642063 
 455      68617200 
 456              		.ident	"GCC: (GNU Tools for ARM Embedded Processors) 4.9.3 20150303 (release) [ARM/embedded-4_9-br
