ARM GAS  C:\Users\NITISH~1\AppData\Local\Temp\cc2WqudV.s 			page 1


   1              		.syntax unified
   2              		.cpu cortex-m3
   3              		.fpu softvfp
   4              		.eabi_attribute 20, 1
   5              		.eabi_attribute 21, 1
   6              		.eabi_attribute 23, 3
   7              		.eabi_attribute 24, 1
   8              		.eabi_attribute 25, 1
   9              		.eabi_attribute 26, 1
  10              		.eabi_attribute 30, 1
  11              		.eabi_attribute 34, 1
  12              		.eabi_attribute 18, 4
  13              		.thumb
  14              		.file	"main.c"
  15              		.text
  16              	.Ltext0:
  17              		.cfi_sections	.debug_frame
  18              		.section	.text.main,"ax",%progbits
  19              		.align	2
  20              		.global	main
  21              		.thumb
  22              		.thumb_func
  23              		.type	main, %function
  24              	main:
  25              	.LFB63:
  26              		.file 1 ".\\main.c"
   1:.\main.c      **** 
   2:.\main.c      **** /* ========================================
   3:.\main.c      ****  * Laboratory Exercise 2
   4:.\main.c      ****  *
   5:.\main.c      ****  * Program timer to flash LED at 1Hz
   6:.\main.c      ****  *
   7:.\main.c      ****  * Copyright Univ of Auckland, 2016
   8:.\main.c      ****  * All Rights Reserved
   9:.\main.c      ****  * UNPUBLISHED, LICENSED SOFTWARE.
  10:.\main.c      ****  *
  11:.\main.c      ****  * CONFIDENTIAL AND PROPRIETARY INFORMATION
  12:.\main.c      ****  * WHICH IS THE PROPERTY OF Univ of Auckland.
  13:.\main.c      ****  *
  14:.\main.c      ****  * ========================================
  15:.\main.c      **** */
  16:.\main.c      **** #include <project.h>
  17:.\main.c      **** 
  18:.\main.c      **** int main()
  19:.\main.c      **** {
  27              		.loc 1 19 0
  28              		.cfi_startproc
  29              		@ Volatile: function does not return.
  30              		@ args = 0, pretend = 0, frame = 0
  31              		@ frame_needed = 0, uses_anonymous_args = 0
  32 0000 08B5     		push	{r3, lr}
  33              		.cfi_def_cfa_offset 8
  34              		.cfi_offset 3, -8
  35              		.cfi_offset 14, -4
  20:.\main.c      ****     CyGlobalIntEnable; /* Enable global interrupts. */
  36              		.loc 1 20 0
  37              	@ 20 ".\main.c" 1
ARM GAS  C:\Users\NITISH~1\AppData\Local\Temp\cc2WqudV.s 			page 2


  38 0002 62B6     		CPSIE   i
  39              	@ 0 "" 2
  21:.\main.c      **** 
  22:.\main.c      ****     /* Place your initialization/startup code here (e.g. MyInst_Start()) */
  23:.\main.c      ****     Timer_1_Start();
  40              		.loc 1 23 0
  41              		.thumb
  42 0004 FFF7FEFF 		bl	Timer_1_Start
  43              	.LVL0:
  24:.\main.c      ****     Timer_1_WritePeriod(500);
  44              		.loc 1 24 0
  45 0008 4FF4FA70 		mov	r0, #500
  46 000c FFF7FEFF 		bl	Timer_1_WritePeriod
  47              	.LVL1:
  25:.\main.c      ****    
  26:.\main.c      ****     isr_TC_Start();
  48              		.loc 1 26 0
  49 0010 FFF7FEFF 		bl	isr_TC_Start
  50              	.LVL2:
  27:.\main.c      ****     
  28:.\main.c      ****     LED_Write(1);
  51              		.loc 1 28 0
  52 0014 0120     		movs	r0, #1
  53 0016 FFF7FEFF 		bl	LED_Write
  54              	.LVL3:
  55              	.L2:
  29:.\main.c      ****     for(;;)
  30:.\main.c      ****     {
  31:.\main.c      ****         /* Place your application code here. */
  32:.\main.c      ****         
  33:.\main.c      ****         
  34:.\main.c      ****     }
  56              		.loc 1 34 0 discriminator 1
  57 001a FEE7     		b	.L2
  58              		.cfi_endproc
  59              	.LFE63:
  60              		.size	main, .-main
  61              		.text
  62              	.Letext0:
  63              		.file 2 "c:\\program files (x86)\\cypress\\psoc creator\\3.3\\psoc creator\\import\\gnu\\arm\\4.9.
  64              		.file 3 "c:\\program files (x86)\\cypress\\psoc creator\\3.3\\psoc creator\\import\\gnu\\arm\\4.9.
  65              		.file 4 "Generated_Source\\PSoC5/cytypes.h"
  66              		.file 5 "Generated_Source\\PSoC5/Timer_1.h"
  67              		.file 6 "Generated_Source\\PSoC5/isr_TC.h"
  68              		.file 7 "Generated_Source\\PSoC5/core_cm3.h"
  69              		.file 8 "Generated_Source\\PSoC5/LED.h"
  70              		.section	.debug_info,"",%progbits
  71              	.Ldebug_info0:
  72 0000 3F010000 		.4byte	0x13f
  73 0004 0400     		.2byte	0x4
  74 0006 00000000 		.4byte	.Ldebug_abbrev0
  75 000a 04       		.byte	0x4
  76 000b 01       		.uleb128 0x1
  77 000c 82000000 		.4byte	.LASF19
  78 0010 01       		.byte	0x1
  79 0011 40010000 		.4byte	.LASF20
  80 0015 50010000 		.4byte	.LASF21
ARM GAS  C:\Users\NITISH~1\AppData\Local\Temp\cc2WqudV.s 			page 3


  81 0019 00000000 		.4byte	.Ldebug_ranges0+0
  82 001d 00000000 		.4byte	0
  83 0021 00000000 		.4byte	.Ldebug_line0
  84 0025 02       		.uleb128 0x2
  85 0026 01       		.byte	0x1
  86 0027 06       		.byte	0x6
  87 0028 9C010000 		.4byte	.LASF0
  88 002c 02       		.uleb128 0x2
  89 002d 01       		.byte	0x1
  90 002e 08       		.byte	0x8
  91 002f 2E000000 		.4byte	.LASF1
  92 0033 02       		.uleb128 0x2
  93 0034 02       		.byte	0x2
  94 0035 05       		.byte	0x5
  95 0036 BD010000 		.4byte	.LASF2
  96 003a 02       		.uleb128 0x2
  97 003b 02       		.byte	0x2
  98 003c 07       		.byte	0x7
  99 003d 0E000000 		.4byte	.LASF3
 100 0041 03       		.uleb128 0x3
 101 0042 A8010000 		.4byte	.LASF9
 102 0046 02       		.byte	0x2
 103 0047 3F       		.byte	0x3f
 104 0048 4C000000 		.4byte	0x4c
 105 004c 02       		.uleb128 0x2
 106 004d 04       		.byte	0x4
 107 004e 05       		.byte	0x5
 108 004f 37010000 		.4byte	.LASF4
 109 0053 02       		.uleb128 0x2
 110 0054 04       		.byte	0x4
 111 0055 07       		.byte	0x7
 112 0056 59000000 		.4byte	.LASF5
 113 005a 02       		.uleb128 0x2
 114 005b 08       		.byte	0x8
 115 005c 05       		.byte	0x5
 116 005d 00000000 		.4byte	.LASF6
 117 0061 02       		.uleb128 0x2
 118 0062 08       		.byte	0x8
 119 0063 07       		.byte	0x7
 120 0064 6B000000 		.4byte	.LASF7
 121 0068 04       		.uleb128 0x4
 122 0069 04       		.byte	0x4
 123 006a 05       		.byte	0x5
 124 006b 696E7400 		.ascii	"int\000"
 125 006f 02       		.uleb128 0x2
 126 0070 04       		.byte	0x4
 127 0071 07       		.byte	0x7
 128 0072 21000000 		.4byte	.LASF8
 129 0076 03       		.uleb128 0x3
 130 0077 CE010000 		.4byte	.LASF10
 131 007b 03       		.byte	0x3
 132 007c 2C       		.byte	0x2c
 133 007d 41000000 		.4byte	0x41
 134 0081 05       		.uleb128 0x5
 135 0082 49000000 		.4byte	.LASF11
 136 0086 04       		.byte	0x4
 137 0087 9201     		.2byte	0x192
ARM GAS  C:\Users\NITISH~1\AppData\Local\Temp\cc2WqudV.s 			page 4


 138 0089 2C000000 		.4byte	0x2c
 139 008d 05       		.uleb128 0x5
 140 008e C7010000 		.4byte	.LASF12
 141 0092 04       		.byte	0x4
 142 0093 9301     		.2byte	0x193
 143 0095 3A000000 		.4byte	0x3a
 144 0099 02       		.uleb128 0x2
 145 009a 04       		.byte	0x4
 146 009b 04       		.byte	0x4
 147 009c B7010000 		.4byte	.LASF13
 148 00a0 02       		.uleb128 0x2
 149 00a1 08       		.byte	0x8
 150 00a2 04       		.byte	0x4
 151 00a3 49010000 		.4byte	.LASF14
 152 00a7 02       		.uleb128 0x2
 153 00a8 01       		.byte	0x1
 154 00a9 08       		.byte	0x8
 155 00aa 32010000 		.4byte	.LASF15
 156 00ae 02       		.uleb128 0x2
 157 00af 04       		.byte	0x4
 158 00b0 07       		.byte	0x7
 159 00b1 D6010000 		.4byte	.LASF16
 160 00b5 06       		.uleb128 0x6
 161 00b6 B2010000 		.4byte	.LASF22
 162 00ba 01       		.byte	0x1
 163 00bb 12       		.byte	0x12
 164 00bc 68000000 		.4byte	0x68
 165 00c0 00000000 		.4byte	.LFB63
 166 00c4 1C000000 		.4byte	.LFE63-.LFB63
 167 00c8 01       		.uleb128 0x1
 168 00c9 9C       		.byte	0x9c
 169 00ca 05010000 		.4byte	0x105
 170 00ce 07       		.uleb128 0x7
 171 00cf 08000000 		.4byte	.LVL0
 172 00d3 16010000 		.4byte	0x116
 173 00d7 08       		.uleb128 0x8
 174 00d8 10000000 		.4byte	.LVL1
 175 00dc 1D010000 		.4byte	0x11d
 176 00e0 EC000000 		.4byte	0xec
 177 00e4 09       		.uleb128 0x9
 178 00e5 01       		.uleb128 0x1
 179 00e6 50       		.byte	0x50
 180 00e7 03       		.uleb128 0x3
 181 00e8 0A       		.byte	0xa
 182 00e9 F401     		.2byte	0x1f4
 183 00eb 00       		.byte	0
 184 00ec 07       		.uleb128 0x7
 185 00ed 14000000 		.4byte	.LVL2
 186 00f1 2E010000 		.4byte	0x12e
 187 00f5 0A       		.uleb128 0xa
 188 00f6 1A000000 		.4byte	.LVL3
 189 00fa 35010000 		.4byte	0x135
 190 00fe 09       		.uleb128 0x9
 191 00ff 01       		.uleb128 0x1
 192 0100 50       		.byte	0x50
 193 0101 01       		.uleb128 0x1
 194 0102 31       		.byte	0x31
ARM GAS  C:\Users\NITISH~1\AppData\Local\Temp\cc2WqudV.s 			page 5


 195 0103 00       		.byte	0
 196 0104 00       		.byte	0
 197 0105 0B       		.uleb128 0xb
 198 0106 8F010000 		.4byte	.LASF23
 199 010a 07       		.byte	0x7
 200 010b 9606     		.2byte	0x696
 201 010d 11010000 		.4byte	0x111
 202 0111 0C       		.uleb128 0xc
 203 0112 76000000 		.4byte	0x76
 204 0116 0D       		.uleb128 0xd
 205 0117 10010000 		.4byte	.LASF17
 206 011b 05       		.byte	0x5
 207 011c 5A       		.byte	0x5a
 208 011d 0E       		.uleb128 0xe
 209 011e 1E010000 		.4byte	.LASF24
 210 0122 05       		.byte	0x5
 211 0123 68       		.byte	0x68
 212 0124 2E010000 		.4byte	0x12e
 213 0128 0F       		.uleb128 0xf
 214 0129 8D000000 		.4byte	0x8d
 215 012d 00       		.byte	0
 216 012e 0D       		.uleb128 0xd
 217 012f 3C000000 		.4byte	.LASF18
 218 0133 06       		.byte	0x6
 219 0134 17       		.byte	0x17
 220 0135 10       		.uleb128 0x10
 221 0136 4F000000 		.4byte	.LASF25
 222 013a 08       		.byte	0x8
 223 013b 26       		.byte	0x26
 224 013c 0F       		.uleb128 0xf
 225 013d 81000000 		.4byte	0x81
 226 0141 00       		.byte	0
 227 0142 00       		.byte	0
 228              		.section	.debug_abbrev,"",%progbits
 229              	.Ldebug_abbrev0:
 230 0000 01       		.uleb128 0x1
 231 0001 11       		.uleb128 0x11
 232 0002 01       		.byte	0x1
 233 0003 25       		.uleb128 0x25
 234 0004 0E       		.uleb128 0xe
 235 0005 13       		.uleb128 0x13
 236 0006 0B       		.uleb128 0xb
 237 0007 03       		.uleb128 0x3
 238 0008 0E       		.uleb128 0xe
 239 0009 1B       		.uleb128 0x1b
 240 000a 0E       		.uleb128 0xe
 241 000b 55       		.uleb128 0x55
 242 000c 17       		.uleb128 0x17
 243 000d 11       		.uleb128 0x11
 244 000e 01       		.uleb128 0x1
 245 000f 10       		.uleb128 0x10
 246 0010 17       		.uleb128 0x17
 247 0011 00       		.byte	0
 248 0012 00       		.byte	0
 249 0013 02       		.uleb128 0x2
 250 0014 24       		.uleb128 0x24
 251 0015 00       		.byte	0
ARM GAS  C:\Users\NITISH~1\AppData\Local\Temp\cc2WqudV.s 			page 6


 252 0016 0B       		.uleb128 0xb
 253 0017 0B       		.uleb128 0xb
 254 0018 3E       		.uleb128 0x3e
 255 0019 0B       		.uleb128 0xb
 256 001a 03       		.uleb128 0x3
 257 001b 0E       		.uleb128 0xe
 258 001c 00       		.byte	0
 259 001d 00       		.byte	0
 260 001e 03       		.uleb128 0x3
 261 001f 16       		.uleb128 0x16
 262 0020 00       		.byte	0
 263 0021 03       		.uleb128 0x3
 264 0022 0E       		.uleb128 0xe
 265 0023 3A       		.uleb128 0x3a
 266 0024 0B       		.uleb128 0xb
 267 0025 3B       		.uleb128 0x3b
 268 0026 0B       		.uleb128 0xb
 269 0027 49       		.uleb128 0x49
 270 0028 13       		.uleb128 0x13
 271 0029 00       		.byte	0
 272 002a 00       		.byte	0
 273 002b 04       		.uleb128 0x4
 274 002c 24       		.uleb128 0x24
 275 002d 00       		.byte	0
 276 002e 0B       		.uleb128 0xb
 277 002f 0B       		.uleb128 0xb
 278 0030 3E       		.uleb128 0x3e
 279 0031 0B       		.uleb128 0xb
 280 0032 03       		.uleb128 0x3
 281 0033 08       		.uleb128 0x8
 282 0034 00       		.byte	0
 283 0035 00       		.byte	0
 284 0036 05       		.uleb128 0x5
 285 0037 16       		.uleb128 0x16
 286 0038 00       		.byte	0
 287 0039 03       		.uleb128 0x3
 288 003a 0E       		.uleb128 0xe
 289 003b 3A       		.uleb128 0x3a
 290 003c 0B       		.uleb128 0xb
 291 003d 3B       		.uleb128 0x3b
 292 003e 05       		.uleb128 0x5
 293 003f 49       		.uleb128 0x49
 294 0040 13       		.uleb128 0x13
 295 0041 00       		.byte	0
 296 0042 00       		.byte	0
 297 0043 06       		.uleb128 0x6
 298 0044 2E       		.uleb128 0x2e
 299 0045 01       		.byte	0x1
 300 0046 3F       		.uleb128 0x3f
 301 0047 19       		.uleb128 0x19
 302 0048 03       		.uleb128 0x3
 303 0049 0E       		.uleb128 0xe
 304 004a 3A       		.uleb128 0x3a
 305 004b 0B       		.uleb128 0xb
 306 004c 3B       		.uleb128 0x3b
 307 004d 0B       		.uleb128 0xb
 308 004e 49       		.uleb128 0x49
ARM GAS  C:\Users\NITISH~1\AppData\Local\Temp\cc2WqudV.s 			page 7


 309 004f 13       		.uleb128 0x13
 310 0050 11       		.uleb128 0x11
 311 0051 01       		.uleb128 0x1
 312 0052 12       		.uleb128 0x12
 313 0053 06       		.uleb128 0x6
 314 0054 40       		.uleb128 0x40
 315 0055 18       		.uleb128 0x18
 316 0056 9742     		.uleb128 0x2117
 317 0058 19       		.uleb128 0x19
 318 0059 01       		.uleb128 0x1
 319 005a 13       		.uleb128 0x13
 320 005b 00       		.byte	0
 321 005c 00       		.byte	0
 322 005d 07       		.uleb128 0x7
 323 005e 898201   		.uleb128 0x4109
 324 0061 00       		.byte	0
 325 0062 11       		.uleb128 0x11
 326 0063 01       		.uleb128 0x1
 327 0064 31       		.uleb128 0x31
 328 0065 13       		.uleb128 0x13
 329 0066 00       		.byte	0
 330 0067 00       		.byte	0
 331 0068 08       		.uleb128 0x8
 332 0069 898201   		.uleb128 0x4109
 333 006c 01       		.byte	0x1
 334 006d 11       		.uleb128 0x11
 335 006e 01       		.uleb128 0x1
 336 006f 31       		.uleb128 0x31
 337 0070 13       		.uleb128 0x13
 338 0071 01       		.uleb128 0x1
 339 0072 13       		.uleb128 0x13
 340 0073 00       		.byte	0
 341 0074 00       		.byte	0
 342 0075 09       		.uleb128 0x9
 343 0076 8A8201   		.uleb128 0x410a
 344 0079 00       		.byte	0
 345 007a 02       		.uleb128 0x2
 346 007b 18       		.uleb128 0x18
 347 007c 9142     		.uleb128 0x2111
 348 007e 18       		.uleb128 0x18
 349 007f 00       		.byte	0
 350 0080 00       		.byte	0
 351 0081 0A       		.uleb128 0xa
 352 0082 898201   		.uleb128 0x4109
 353 0085 01       		.byte	0x1
 354 0086 11       		.uleb128 0x11
 355 0087 01       		.uleb128 0x1
 356 0088 31       		.uleb128 0x31
 357 0089 13       		.uleb128 0x13
 358 008a 00       		.byte	0
 359 008b 00       		.byte	0
 360 008c 0B       		.uleb128 0xb
 361 008d 34       		.uleb128 0x34
 362 008e 00       		.byte	0
 363 008f 03       		.uleb128 0x3
 364 0090 0E       		.uleb128 0xe
 365 0091 3A       		.uleb128 0x3a
ARM GAS  C:\Users\NITISH~1\AppData\Local\Temp\cc2WqudV.s 			page 8


 366 0092 0B       		.uleb128 0xb
 367 0093 3B       		.uleb128 0x3b
 368 0094 05       		.uleb128 0x5
 369 0095 49       		.uleb128 0x49
 370 0096 13       		.uleb128 0x13
 371 0097 3F       		.uleb128 0x3f
 372 0098 19       		.uleb128 0x19
 373 0099 3C       		.uleb128 0x3c
 374 009a 19       		.uleb128 0x19
 375 009b 00       		.byte	0
 376 009c 00       		.byte	0
 377 009d 0C       		.uleb128 0xc
 378 009e 35       		.uleb128 0x35
 379 009f 00       		.byte	0
 380 00a0 49       		.uleb128 0x49
 381 00a1 13       		.uleb128 0x13
 382 00a2 00       		.byte	0
 383 00a3 00       		.byte	0
 384 00a4 0D       		.uleb128 0xd
 385 00a5 2E       		.uleb128 0x2e
 386 00a6 00       		.byte	0
 387 00a7 3F       		.uleb128 0x3f
 388 00a8 19       		.uleb128 0x19
 389 00a9 03       		.uleb128 0x3
 390 00aa 0E       		.uleb128 0xe
 391 00ab 3A       		.uleb128 0x3a
 392 00ac 0B       		.uleb128 0xb
 393 00ad 3B       		.uleb128 0x3b
 394 00ae 0B       		.uleb128 0xb
 395 00af 27       		.uleb128 0x27
 396 00b0 19       		.uleb128 0x19
 397 00b1 3C       		.uleb128 0x3c
 398 00b2 19       		.uleb128 0x19
 399 00b3 00       		.byte	0
 400 00b4 00       		.byte	0
 401 00b5 0E       		.uleb128 0xe
 402 00b6 2E       		.uleb128 0x2e
 403 00b7 01       		.byte	0x1
 404 00b8 3F       		.uleb128 0x3f
 405 00b9 19       		.uleb128 0x19
 406 00ba 03       		.uleb128 0x3
 407 00bb 0E       		.uleb128 0xe
 408 00bc 3A       		.uleb128 0x3a
 409 00bd 0B       		.uleb128 0xb
 410 00be 3B       		.uleb128 0x3b
 411 00bf 0B       		.uleb128 0xb
 412 00c0 27       		.uleb128 0x27
 413 00c1 19       		.uleb128 0x19
 414 00c2 3C       		.uleb128 0x3c
 415 00c3 19       		.uleb128 0x19
 416 00c4 01       		.uleb128 0x1
 417 00c5 13       		.uleb128 0x13
 418 00c6 00       		.byte	0
 419 00c7 00       		.byte	0
 420 00c8 0F       		.uleb128 0xf
 421 00c9 05       		.uleb128 0x5
 422 00ca 00       		.byte	0
ARM GAS  C:\Users\NITISH~1\AppData\Local\Temp\cc2WqudV.s 			page 9


 423 00cb 49       		.uleb128 0x49
 424 00cc 13       		.uleb128 0x13
 425 00cd 00       		.byte	0
 426 00ce 00       		.byte	0
 427 00cf 10       		.uleb128 0x10
 428 00d0 2E       		.uleb128 0x2e
 429 00d1 01       		.byte	0x1
 430 00d2 3F       		.uleb128 0x3f
 431 00d3 19       		.uleb128 0x19
 432 00d4 03       		.uleb128 0x3
 433 00d5 0E       		.uleb128 0xe
 434 00d6 3A       		.uleb128 0x3a
 435 00d7 0B       		.uleb128 0xb
 436 00d8 3B       		.uleb128 0x3b
 437 00d9 0B       		.uleb128 0xb
 438 00da 27       		.uleb128 0x27
 439 00db 19       		.uleb128 0x19
 440 00dc 3C       		.uleb128 0x3c
 441 00dd 19       		.uleb128 0x19
 442 00de 00       		.byte	0
 443 00df 00       		.byte	0
 444 00e0 00       		.byte	0
 445              		.section	.debug_aranges,"",%progbits
 446 0000 1C000000 		.4byte	0x1c
 447 0004 0200     		.2byte	0x2
 448 0006 00000000 		.4byte	.Ldebug_info0
 449 000a 04       		.byte	0x4
 450 000b 00       		.byte	0
 451 000c 0000     		.2byte	0
 452 000e 0000     		.2byte	0
 453 0010 00000000 		.4byte	.LFB63
 454 0014 1C000000 		.4byte	.LFE63-.LFB63
 455 0018 00000000 		.4byte	0
 456 001c 00000000 		.4byte	0
 457              		.section	.debug_ranges,"",%progbits
 458              	.Ldebug_ranges0:
 459 0000 00000000 		.4byte	.LFB63
 460 0004 1C000000 		.4byte	.LFE63
 461 0008 00000000 		.4byte	0
 462 000c 00000000 		.4byte	0
 463              		.section	.debug_line,"",%progbits
 464              	.Ldebug_line0:
 465 0000 8A010000 		.section	.debug_str,"MS",%progbits,1
 465      02006B01 
 465      00000201 
 465      FB0E0D00 
 465      01010101 
 466              	.LASF6:
 467 0000 6C6F6E67 		.ascii	"long long int\000"
 467      206C6F6E 
 467      6720696E 
 467      7400
 468              	.LASF3:
 469 000e 73686F72 		.ascii	"short unsigned int\000"
 469      7420756E 
 469      7369676E 
 469      65642069 
ARM GAS  C:\Users\NITISH~1\AppData\Local\Temp\cc2WqudV.s 			page 10


 469      6E7400
 470              	.LASF8:
 471 0021 756E7369 		.ascii	"unsigned int\000"
 471      676E6564 
 471      20696E74 
 471      00
 472              	.LASF1:
 473 002e 756E7369 		.ascii	"unsigned char\000"
 473      676E6564 
 473      20636861 
 473      7200
 474              	.LASF18:
 475 003c 6973725F 		.ascii	"isr_TC_Start\000"
 475      54435F53 
 475      74617274 
 475      00
 476              	.LASF11:
 477 0049 75696E74 		.ascii	"uint8\000"
 477      3800
 478              	.LASF25:
 479 004f 4C45445F 		.ascii	"LED_Write\000"
 479      57726974 
 479      6500
 480              	.LASF5:
 481 0059 6C6F6E67 		.ascii	"long unsigned int\000"
 481      20756E73 
 481      69676E65 
 481      6420696E 
 481      7400
 482              	.LASF7:
 483 006b 6C6F6E67 		.ascii	"long long unsigned int\000"
 483      206C6F6E 
 483      6720756E 
 483      7369676E 
 483      65642069 
 484              	.LASF19:
 485 0082 474E5520 		.ascii	"GNU C 4.9.3 20150303 (release) [ARM/embedded-4_9-br"
 485      4320342E 
 485      392E3320 
 485      32303135 
 485      30333033 
 486 00b5 616E6368 		.ascii	"anch revision 221220] -mcpu=cortex-m3 -mthumb -g -O"
 486      20726576 
 486      6973696F 
 486      6E203232 
 486      31323230 
 487 00e8 67202D66 		.ascii	"g -ffunction-sections -ffat-lto-objects\000"
 487      66756E63 
 487      74696F6E 
 487      2D736563 
 487      74696F6E 
 488              	.LASF17:
 489 0110 54696D65 		.ascii	"Timer_1_Start\000"
 489      725F315F 
 489      53746172 
 489      7400
 490              	.LASF24:
ARM GAS  C:\Users\NITISH~1\AppData\Local\Temp\cc2WqudV.s 			page 11


 491 011e 54696D65 		.ascii	"Timer_1_WritePeriod\000"
 491      725F315F 
 491      57726974 
 491      65506572 
 491      696F6400 
 492              	.LASF15:
 493 0132 63686172 		.ascii	"char\000"
 493      00
 494              	.LASF4:
 495 0137 6C6F6E67 		.ascii	"long int\000"
 495      20696E74 
 495      00
 496              	.LASF20:
 497 0140 2E5C6D61 		.ascii	".\\main.c\000"
 497      696E2E63 
 497      00
 498              	.LASF14:
 499 0149 646F7562 		.ascii	"double\000"
 499      6C6500
 500              	.LASF21:
 501 0150 5A3A5C6E 		.ascii	"Z:\\npat025\\Documents\\teaching\\designcs301\\2016"
 501      70617430 
 501      32355C44 
 501      6F63756D 
 501      656E7473 
 502 017e 5C70736F 		.ascii	"\\psoc\\lab3.cydsn\000"
 502      635C6C61 
 502      62332E63 
 502      7964736E 
 502      00
 503              	.LASF23:
 504 018f 49544D5F 		.ascii	"ITM_RxBuffer\000"
 504      52784275 
 504      66666572 
 504      00
 505              	.LASF0:
 506 019c 7369676E 		.ascii	"signed char\000"
 506      65642063 
 506      68617200 
 507              	.LASF9:
 508 01a8 5F5F696E 		.ascii	"__int32_t\000"
 508      7433325F 
 508      7400
 509              	.LASF22:
 510 01b2 6D61696E 		.ascii	"main\000"
 510      00
 511              	.LASF13:
 512 01b7 666C6F61 		.ascii	"float\000"
 512      7400
 513              	.LASF2:
 514 01bd 73686F72 		.ascii	"short int\000"
 514      7420696E 
 514      7400
 515              	.LASF12:
 516 01c7 75696E74 		.ascii	"uint16\000"
 516      313600
 517              	.LASF10:
ARM GAS  C:\Users\NITISH~1\AppData\Local\Temp\cc2WqudV.s 			page 12


 518 01ce 696E7433 		.ascii	"int32_t\000"
 518      325F7400 
 519              	.LASF16:
 520 01d6 73697A65 		.ascii	"sizetype\000"
 520      74797065 
 520      00
 521              		.ident	"GCC: (GNU Tools for ARM Embedded Processors) 4.9.3 20150303 (release) [ARM/embedded-4_9-br
