ARM GAS  C:\Users\Janit\AppData\Local\Temp\ccft38qd.s 			page 1


   1              		.syntax unified
   2              		.cpu cortex-m3
   3              		.fpu softvfp
   4              		.eabi_attribute 20, 1
   5              		.eabi_attribute 21, 1
   6              		.eabi_attribute 23, 3
   7              		.eabi_attribute 24, 1
   8              		.eabi_attribute 25, 1
   9              		.eabi_attribute 26, 1
  10              		.eabi_attribute 30, 6
  11              		.eabi_attribute 34, 1
  12              		.eabi_attribute 18, 4
  13              		.thumb
  14              		.syntax unified
  15              		.file	"Cm3Start.c"
  16              		.text
  17              	.Ltext0:
  18              		.cfi_sections	.debug_frame
  19              		.section	.noinit,"aw",%progbits
  20              		.align	2
  21              		.type	cySysNoInitDataValid, %object
  22              		.size	cySysNoInitDataValid, 4
  23              	cySysNoInitDataValid:
  24 0000 00000000 		.space	4
  25              		.global	CyRamVectors
  26              		.section	.ramvectors,"aw",%progbits
  27              		.align	8
  28              		.type	CyRamVectors, %object
  29              		.size	CyRamVectors, 192
  30              	CyRamVectors:
  31 0000 00000000 		.space	192
  31      00000000 
  31      00000000 
  31      00000000 
  31      00000000 
  32              		.section	.text.IntDefaultHandler,"ax",%progbits
  33              		.align	2
  34              		.global	IntDefaultHandler
  35              		.thumb
  36              		.thumb_func
  37              		.type	IntDefaultHandler, %function
  38              	IntDefaultHandler:
  39              	.LFB0:
  40              		.file 1 "Generated_Source\\PSoC5\\Cm3Start.c"
   1:Generated_Source\PSoC5/Cm3Start.c **** /***************************************************************************//**
   2:Generated_Source\PSoC5/Cm3Start.c **** * \file Cm3Start.c
   3:Generated_Source\PSoC5/Cm3Start.c **** * \version 5.82
   4:Generated_Source\PSoC5/Cm3Start.c **** *
   5:Generated_Source\PSoC5/Cm3Start.c **** *  \brief
   6:Generated_Source\PSoC5/Cm3Start.c **** *  Startup code for the ARM CM3.
   7:Generated_Source\PSoC5/Cm3Start.c **** *
   8:Generated_Source\PSoC5/Cm3Start.c **** ********************************************************************************
   9:Generated_Source\PSoC5/Cm3Start.c **** * \copyright
  10:Generated_Source\PSoC5/Cm3Start.c **** * Copyright 2008-2021, Cypress Semiconductor Corporation. All rights reserved.
  11:Generated_Source\PSoC5/Cm3Start.c **** * You may use this file only in accordance with the license, terms, conditions,
  12:Generated_Source\PSoC5/Cm3Start.c **** * disclaimers, and limitations in the end user license agreement accompanying
  13:Generated_Source\PSoC5/Cm3Start.c **** * the software package with which this file was provided.
ARM GAS  C:\Users\Janit\AppData\Local\Temp\ccft38qd.s 			page 2


  14:Generated_Source\PSoC5/Cm3Start.c **** *******************************************************************************/
  15:Generated_Source\PSoC5/Cm3Start.c **** 
  16:Generated_Source\PSoC5/Cm3Start.c **** #include <limits.h>
  17:Generated_Source\PSoC5/Cm3Start.c **** #include "cydevice_trm.h"
  18:Generated_Source\PSoC5/Cm3Start.c **** #include "cytypes.h"
  19:Generated_Source\PSoC5/Cm3Start.c **** #include "cyfitter_cfg.h"
  20:Generated_Source\PSoC5/Cm3Start.c **** #include "CyLib.h"
  21:Generated_Source\PSoC5/Cm3Start.c **** #include "CyDmac.h"
  22:Generated_Source\PSoC5/Cm3Start.c **** #include "cyfitter.h"
  23:Generated_Source\PSoC5/Cm3Start.c **** 
  24:Generated_Source\PSoC5/Cm3Start.c **** 
  25:Generated_Source\PSoC5/Cm3Start.c **** #define CY_NUM_INTERRUPTS           (32u)
  26:Generated_Source\PSoC5/Cm3Start.c **** #define CY_NUM_VECTORS              (CYINT_IRQ_BASE + CY_NUM_INTERRUPTS)
  27:Generated_Source\PSoC5/Cm3Start.c **** #define CY_NUM_ROM_VECTORS          (4u)
  28:Generated_Source\PSoC5/Cm3Start.c **** #define CY_NVIC_APINT_PTR           ((reg32 *) CYREG_NVIC_APPLN_INTR)
  29:Generated_Source\PSoC5/Cm3Start.c **** #define CY_NVIC_CFG_CTRL_PTR        ((reg32 *) CYREG_NVIC_CFG_CONTROL)
  30:Generated_Source\PSoC5/Cm3Start.c **** #define CY_NVIC_APINT_PRIGROUP_3_5  (0x00000400u)  /* Priority group 3.5 split */
  31:Generated_Source\PSoC5/Cm3Start.c **** #define CY_NVIC_APINT_VECTKEY       (0x05FA0000u)  /* This key is required in order to write the NV
  32:Generated_Source\PSoC5/Cm3Start.c **** #define CY_NVIC_CFG_STACKALIGN      (0x00000200u)  /* This specifies that the exception stack must 
  33:Generated_Source\PSoC5/Cm3Start.c **** 
  34:Generated_Source\PSoC5/Cm3Start.c **** #if defined(__ARMCC_VERSION)
  35:Generated_Source\PSoC5/Cm3Start.c ****     #define INITIAL_STACK_POINTER ((cyisraddress)(uint32)&Image$$ARM_LIB_STACK$$ZI$$Limit)
  36:Generated_Source\PSoC5/Cm3Start.c **** #elif defined (__GNUC__)
  37:Generated_Source\PSoC5/Cm3Start.c ****     #define INITIAL_STACK_POINTER (&__cy_stack)
  38:Generated_Source\PSoC5/Cm3Start.c **** #elif defined (__ICCARM__)
  39:Generated_Source\PSoC5/Cm3Start.c ****     #pragma language=extended
  40:Generated_Source\PSoC5/Cm3Start.c ****     #pragma segment="CSTACK"
  41:Generated_Source\PSoC5/Cm3Start.c ****     #define INITIAL_STACK_POINTER  { .__ptr = __sfe( "CSTACK" ) }
  42:Generated_Source\PSoC5/Cm3Start.c **** 
  43:Generated_Source\PSoC5/Cm3Start.c ****     extern void __iar_program_start( void );
  44:Generated_Source\PSoC5/Cm3Start.c ****     extern void __iar_data_init3 (void);
  45:Generated_Source\PSoC5/Cm3Start.c **** #endif  /* (__ARMCC_VERSION) */
  46:Generated_Source\PSoC5/Cm3Start.c **** 
  47:Generated_Source\PSoC5/Cm3Start.c **** #if defined(__GNUC__)
  48:Generated_Source\PSoC5/Cm3Start.c ****     #include <errno.h>
  49:Generated_Source\PSoC5/Cm3Start.c ****     extern int  end;
  50:Generated_Source\PSoC5/Cm3Start.c **** #endif  /* defined(__GNUC__) */
  51:Generated_Source\PSoC5/Cm3Start.c **** 
  52:Generated_Source\PSoC5/Cm3Start.c **** /* Extern functions */
  53:Generated_Source\PSoC5/Cm3Start.c **** extern void CyBtldr_CheckLaunch(void);
  54:Generated_Source\PSoC5/Cm3Start.c **** 
  55:Generated_Source\PSoC5/Cm3Start.c **** /* Function prototypes */
  56:Generated_Source\PSoC5/Cm3Start.c **** void initialize_psoc(void);
  57:Generated_Source\PSoC5/Cm3Start.c **** CY_ISR(IntDefaultHandler);
  58:Generated_Source\PSoC5/Cm3Start.c **** void Reset(void);
  59:Generated_Source\PSoC5/Cm3Start.c **** 
  60:Generated_Source\PSoC5/Cm3Start.c **** /* Global variables */
  61:Generated_Source\PSoC5/Cm3Start.c **** #if !defined (__ICCARM__)
  62:Generated_Source\PSoC5/Cm3Start.c ****     CY_NOINIT static uint32 cySysNoInitDataValid;
  63:Generated_Source\PSoC5/Cm3Start.c **** #endif  /* !defined (__ICCARM__) */
  64:Generated_Source\PSoC5/Cm3Start.c **** 
  65:Generated_Source\PSoC5/Cm3Start.c **** 
  66:Generated_Source\PSoC5/Cm3Start.c **** /*******************************************************************************
  67:Generated_Source\PSoC5/Cm3Start.c **** * Default Ram Interrupt Vector table storage area. Must be 256-byte aligned.
  68:Generated_Source\PSoC5/Cm3Start.c **** *******************************************************************************/
  69:Generated_Source\PSoC5/Cm3Start.c **** #if defined (__ICCARM__)
  70:Generated_Source\PSoC5/Cm3Start.c ****     #pragma location=".ramvectors"
ARM GAS  C:\Users\Janit\AppData\Local\Temp\ccft38qd.s 			page 3


  71:Generated_Source\PSoC5/Cm3Start.c ****     #pragma data_alignment=256
  72:Generated_Source\PSoC5/Cm3Start.c **** #else
  73:Generated_Source\PSoC5/Cm3Start.c ****     CY_SECTION(".ramvectors")
  74:Generated_Source\PSoC5/Cm3Start.c ****     CY_ALIGN(256)
  75:Generated_Source\PSoC5/Cm3Start.c **** #endif  /* defined (__ICCARM__) */
  76:Generated_Source\PSoC5/Cm3Start.c **** cyisraddress CyRamVectors[CY_NUM_VECTORS];
  77:Generated_Source\PSoC5/Cm3Start.c **** 
  78:Generated_Source\PSoC5/Cm3Start.c **** 
  79:Generated_Source\PSoC5/Cm3Start.c **** /*******************************************************************************
  80:Generated_Source\PSoC5/Cm3Start.c **** * Function Name: IntDefaultHandler
  81:Generated_Source\PSoC5/Cm3Start.c **** ****************************************************************************//**
  82:Generated_Source\PSoC5/Cm3Start.c **** *
  83:Generated_Source\PSoC5/Cm3Start.c **** *  This function is called for all interrupts, other than a reset that gets
  84:Generated_Source\PSoC5/Cm3Start.c **** *  called before the system is setup.
  85:Generated_Source\PSoC5/Cm3Start.c **** *
  86:Generated_Source\PSoC5/Cm3Start.c **** * Theory:
  87:Generated_Source\PSoC5/Cm3Start.c **** *  Any value other than zero is acceptable.
  88:Generated_Source\PSoC5/Cm3Start.c **** *
  89:Generated_Source\PSoC5/Cm3Start.c **** *******************************************************************************/
  90:Generated_Source\PSoC5/Cm3Start.c **** CY_ISR(IntDefaultHandler)
  91:Generated_Source\PSoC5/Cm3Start.c **** {
  41              		.loc 1 91 0
  42              		.cfi_startproc
  43              		@ args = 0, pretend = 0, frame = 0
  44              		@ frame_needed = 1, uses_anonymous_args = 0
  45 0000 80B5     		push	{r7, lr}
  46              		.cfi_def_cfa_offset 8
  47              		.cfi_offset 7, -8
  48              		.cfi_offset 14, -4
  49 0002 00AF     		add	r7, sp, #0
  50              		.cfi_def_cfa_register 7
  92:Generated_Source\PSoC5/Cm3Start.c ****     /***************************************************************************
  93:Generated_Source\PSoC5/Cm3Start.c ****     * We must not get here. If we do, a serious problem occurs, so go into
  94:Generated_Source\PSoC5/Cm3Start.c ****     * an infinite loop.
  95:Generated_Source\PSoC5/Cm3Start.c ****     ***************************************************************************/
  96:Generated_Source\PSoC5/Cm3Start.c **** 
  97:Generated_Source\PSoC5/Cm3Start.c ****     #if defined(__GNUC__)
  98:Generated_Source\PSoC5/Cm3Start.c ****         if (errno == ENOMEM)
  51              		.loc 1 98 0
  52 0004 FFF7FEFF 		bl	__errno
  53 0008 0346     		mov	r3, r0
  54 000a 1B68     		ldr	r3, [r3]
  55 000c 0C2B     		cmp	r3, #12
  56 000e 00D1     		bne	.L2
  57              	.L3:
  99:Generated_Source\PSoC5/Cm3Start.c ****         {
 100:Generated_Source\PSoC5/Cm3Start.c ****             #ifdef CY_BOOT_INT_DEFAULT_HANDLER_ENOMEM_EXCEPTION_CALLBACK
 101:Generated_Source\PSoC5/Cm3Start.c ****                 CyBoot_IntDefaultHandler_Enomem_Exception_Callback();
 102:Generated_Source\PSoC5/Cm3Start.c ****             #endif /* CY_BOOT_INT_DEFAULT_HANDLER_ENOMEM_EXCEPTION_CALLBACK */
 103:Generated_Source\PSoC5/Cm3Start.c ****             
 104:Generated_Source\PSoC5/Cm3Start.c ****             while(1)
 105:Generated_Source\PSoC5/Cm3Start.c ****             {
 106:Generated_Source\PSoC5/Cm3Start.c ****                 /* Out Of Heap Space
 107:Generated_Source\PSoC5/Cm3Start.c ****                  * This can be increased in the System tab of the Design Wide Resources.
 108:Generated_Source\PSoC5/Cm3Start.c ****                  */
 109:Generated_Source\PSoC5/Cm3Start.c ****             }
  58              		.loc 1 109 0 discriminator 1
ARM GAS  C:\Users\Janit\AppData\Local\Temp\ccft38qd.s 			page 4


  59 0010 FEE7     		b	.L3
  60              	.L2:
 110:Generated_Source\PSoC5/Cm3Start.c ****         }
 111:Generated_Source\PSoC5/Cm3Start.c ****         else
 112:Generated_Source\PSoC5/Cm3Start.c ****     #endif
 113:Generated_Source\PSoC5/Cm3Start.c ****         {
 114:Generated_Source\PSoC5/Cm3Start.c ****             #ifdef CY_BOOT_INT_DEFAULT_HANDLER_EXCEPTION_ENTRY_CALLBACK
 115:Generated_Source\PSoC5/Cm3Start.c ****                 CyBoot_IntDefaultHandler_Exception_EntryCallback();
 116:Generated_Source\PSoC5/Cm3Start.c ****             #endif /* CY_BOOT_INT_DEFAULT_HANDLER_EXCEPTION_ENTRY_CALLBACK */
 117:Generated_Source\PSoC5/Cm3Start.c **** 
 118:Generated_Source\PSoC5/Cm3Start.c ****             while(1)
 119:Generated_Source\PSoC5/Cm3Start.c ****             {
 120:Generated_Source\PSoC5/Cm3Start.c **** 
 121:Generated_Source\PSoC5/Cm3Start.c ****             }
  61              		.loc 1 121 0 discriminator 2
  62 0012 FEE7     		b	.L2
  63              		.cfi_endproc
  64              	.LFE0:
  65              		.size	IntDefaultHandler, .-IntDefaultHandler
  66              		.section	.text._exit,"ax",%progbits
  67              		.align	2
  68              		.weak	_exit
  69              		.thumb
  70              		.thumb_func
  71              		.type	_exit, %function
  72              	_exit:
  73              	.LFB1:
 122:Generated_Source\PSoC5/Cm3Start.c ****         }
 123:Generated_Source\PSoC5/Cm3Start.c **** }
 124:Generated_Source\PSoC5/Cm3Start.c **** 
 125:Generated_Source\PSoC5/Cm3Start.c **** 
 126:Generated_Source\PSoC5/Cm3Start.c **** #if defined(__ARMCC_VERSION)
 127:Generated_Source\PSoC5/Cm3Start.c **** 
 128:Generated_Source\PSoC5/Cm3Start.c **** /* Local function for device reset. */
 129:Generated_Source\PSoC5/Cm3Start.c **** extern void Reset(void);
 130:Generated_Source\PSoC5/Cm3Start.c **** 
 131:Generated_Source\PSoC5/Cm3Start.c **** /* Application entry point. */
 132:Generated_Source\PSoC5/Cm3Start.c **** extern void $Super$$main(void);
 133:Generated_Source\PSoC5/Cm3Start.c **** 
 134:Generated_Source\PSoC5/Cm3Start.c **** /* Linker-generated Stack Base addresses, Two Region and One Region */
 135:Generated_Source\PSoC5/Cm3Start.c **** extern uint32 Image$$ARM_LIB_STACK$$ZI$$Limit;
 136:Generated_Source\PSoC5/Cm3Start.c **** 
 137:Generated_Source\PSoC5/Cm3Start.c **** /* RealView C Library initialization. */
 138:Generated_Source\PSoC5/Cm3Start.c **** extern int __main(void);
 139:Generated_Source\PSoC5/Cm3Start.c **** 
 140:Generated_Source\PSoC5/Cm3Start.c **** 
 141:Generated_Source\PSoC5/Cm3Start.c **** /*******************************************************************************
 142:Generated_Source\PSoC5/Cm3Start.c **** * Function Name: Reset
 143:Generated_Source\PSoC5/Cm3Start.c **** ****************************************************************************//**
 144:Generated_Source\PSoC5/Cm3Start.c **** *
 145:Generated_Source\PSoC5/Cm3Start.c **** *  This function handles the reset interrupt for the RVDS/MDK toolchains.
 146:Generated_Source\PSoC5/Cm3Start.c **** *  This is the first bit of code that is executed at startup.
 147:Generated_Source\PSoC5/Cm3Start.c **** *
 148:Generated_Source\PSoC5/Cm3Start.c **** *******************************************************************************/
 149:Generated_Source\PSoC5/Cm3Start.c **** void Reset(void)
 150:Generated_Source\PSoC5/Cm3Start.c **** {
 151:Generated_Source\PSoC5/Cm3Start.c ****     #if(CYDEV_PROJ_TYPE != CYDEV_PROJ_TYPE_LOADABLE && CYDEV_PROJ_TYPE != CYDEV_PROJ_TYPE_LOADABLEA
ARM GAS  C:\Users\Janit\AppData\Local\Temp\ccft38qd.s 			page 5


 152:Generated_Source\PSoC5/Cm3Start.c **** 
 153:Generated_Source\PSoC5/Cm3Start.c ****         /* For PSoC 5LP, debugging is enabled by default */
 154:Generated_Source\PSoC5/Cm3Start.c ****         #if(CYDEV_DEBUGGING_ENABLE == 0)
 155:Generated_Source\PSoC5/Cm3Start.c ****             *(reg32 *)(CYDEV_DEBUG_ENABLE_REGISTER) |= CYDEV_DEBUG_ENABLE_MASK;
 156:Generated_Source\PSoC5/Cm3Start.c ****         #endif /* (CYDEV_DEBUGGING_ENABLE) */
 157:Generated_Source\PSoC5/Cm3Start.c **** 
 158:Generated_Source\PSoC5/Cm3Start.c ****         /* Reset Status Register has Read-to-clear SW access mode.
 159:Generated_Source\PSoC5/Cm3Start.c ****         * Preserve current RESET_SR0 state to make it available for next reading.
 160:Generated_Source\PSoC5/Cm3Start.c ****         */
 161:Generated_Source\PSoC5/Cm3Start.c ****         *(reg32 *)(CYREG_PHUB_CFGMEM23_CFG1) = *(reg32 *)(CYREG_RESET_SR0);
 162:Generated_Source\PSoC5/Cm3Start.c **** 
 163:Generated_Source\PSoC5/Cm3Start.c ****     #endif  /* (CYDEV_PROJ_TYPE != CYDEV_PROJ_TYPE_LOADABLE && CYDEV_PROJ_TYPE != CYDEV_PROJ_TYPE_L
 164:Generated_Source\PSoC5/Cm3Start.c **** 
 165:Generated_Source\PSoC5/Cm3Start.c ****     #if ((CYDEV_BOOTLOADER_ENABLE) && (CYDEV_PROJ_TYPE != CYDEV_PROJ_TYPE_LOADABLEANDBOOTLOADER))
 166:Generated_Source\PSoC5/Cm3Start.c ****         CyBtldr_CheckLaunch();
 167:Generated_Source\PSoC5/Cm3Start.c ****     #endif /* ((CYDEV_BOOTLOADER_ENABLE) && (CYDEV_PROJ_TYPE != CYDEV_PROJ_TYPE_LOADABLEANDBOOTLOAD
 168:Generated_Source\PSoC5/Cm3Start.c **** 
 169:Generated_Source\PSoC5/Cm3Start.c ****     __main();
 170:Generated_Source\PSoC5/Cm3Start.c **** }
 171:Generated_Source\PSoC5/Cm3Start.c **** 
 172:Generated_Source\PSoC5/Cm3Start.c **** 
 173:Generated_Source\PSoC5/Cm3Start.c **** /*******************************************************************************
 174:Generated_Source\PSoC5/Cm3Start.c **** * Function Name: $Sub$$main
 175:Generated_Source\PSoC5/Cm3Start.c **** ****************************************************************************//**
 176:Generated_Source\PSoC5/Cm3Start.c **** *
 177:Generated_Source\PSoC5/Cm3Start.c **** *  This function is called immediately before the users main
 178:Generated_Source\PSoC5/Cm3Start.c **** *
 179:Generated_Source\PSoC5/Cm3Start.c **** *******************************************************************************/
 180:Generated_Source\PSoC5/Cm3Start.c **** void $Sub$$main(void)
 181:Generated_Source\PSoC5/Cm3Start.c **** {
 182:Generated_Source\PSoC5/Cm3Start.c ****     initialize_psoc();
 183:Generated_Source\PSoC5/Cm3Start.c **** 
 184:Generated_Source\PSoC5/Cm3Start.c ****     /* Call original main */
 185:Generated_Source\PSoC5/Cm3Start.c ****     $Super$$main();
 186:Generated_Source\PSoC5/Cm3Start.c **** 
 187:Generated_Source\PSoC5/Cm3Start.c ****     while (1)
 188:Generated_Source\PSoC5/Cm3Start.c ****     {
 189:Generated_Source\PSoC5/Cm3Start.c ****         /* If main returns, it is undefined what we should do. */
 190:Generated_Source\PSoC5/Cm3Start.c ****     }
 191:Generated_Source\PSoC5/Cm3Start.c **** }
 192:Generated_Source\PSoC5/Cm3Start.c **** 
 193:Generated_Source\PSoC5/Cm3Start.c **** #elif defined(__GNUC__)
 194:Generated_Source\PSoC5/Cm3Start.c **** 
 195:Generated_Source\PSoC5/Cm3Start.c **** void Start_c(void);
 196:Generated_Source\PSoC5/Cm3Start.c **** 
 197:Generated_Source\PSoC5/Cm3Start.c **** /* Stack Base address */
 198:Generated_Source\PSoC5/Cm3Start.c **** extern void __cy_stack(void);
 199:Generated_Source\PSoC5/Cm3Start.c **** 
 200:Generated_Source\PSoC5/Cm3Start.c **** /* Application entry point. */
 201:Generated_Source\PSoC5/Cm3Start.c **** extern int main(void);
 202:Generated_Source\PSoC5/Cm3Start.c **** 
 203:Generated_Source\PSoC5/Cm3Start.c **** /* Static objects constructors initializer */
 204:Generated_Source\PSoC5/Cm3Start.c **** extern void __libc_init_array(void);
 205:Generated_Source\PSoC5/Cm3Start.c **** 
 206:Generated_Source\PSoC5/Cm3Start.c **** typedef unsigned char __cy_byte_align8 __attribute ((aligned (8)));
 207:Generated_Source\PSoC5/Cm3Start.c **** 
 208:Generated_Source\PSoC5/Cm3Start.c **** struct __cy_region
ARM GAS  C:\Users\Janit\AppData\Local\Temp\ccft38qd.s 			page 6


 209:Generated_Source\PSoC5/Cm3Start.c **** {
 210:Generated_Source\PSoC5/Cm3Start.c ****     __cy_byte_align8 *init; /* Initial contents of this region.  */
 211:Generated_Source\PSoC5/Cm3Start.c ****     __cy_byte_align8 *data; /* Start address of region.  */
 212:Generated_Source\PSoC5/Cm3Start.c ****     size_t init_size;       /* Size of initial data.  */
 213:Generated_Source\PSoC5/Cm3Start.c ****     size_t zero_size;       /* Additional size to be zeroed.  */
 214:Generated_Source\PSoC5/Cm3Start.c **** };
 215:Generated_Source\PSoC5/Cm3Start.c **** 
 216:Generated_Source\PSoC5/Cm3Start.c **** extern const struct __cy_region __cy_regions[];
 217:Generated_Source\PSoC5/Cm3Start.c **** extern const char __cy_region_num __attribute__((weak));
 218:Generated_Source\PSoC5/Cm3Start.c **** #define __cy_region_num ((size_t)&__cy_region_num)
 219:Generated_Source\PSoC5/Cm3Start.c **** 
 220:Generated_Source\PSoC5/Cm3Start.c **** 
 221:Generated_Source\PSoC5/Cm3Start.c **** /*******************************************************************************
 222:Generated_Source\PSoC5/Cm3Start.c **** * System Calls of the Red Hat newlib C Library
 223:Generated_Source\PSoC5/Cm3Start.c **** *******************************************************************************/
 224:Generated_Source\PSoC5/Cm3Start.c **** 
 225:Generated_Source\PSoC5/Cm3Start.c **** 
 226:Generated_Source\PSoC5/Cm3Start.c **** /*******************************************************************************
 227:Generated_Source\PSoC5/Cm3Start.c **** * Function Name: _exit
 228:Generated_Source\PSoC5/Cm3Start.c **** ****************************************************************************//**
 229:Generated_Source\PSoC5/Cm3Start.c **** *
 230:Generated_Source\PSoC5/Cm3Start.c **** *  Exit a program without cleaning up files. If your system doesn't provide
 231:Generated_Source\PSoC5/Cm3Start.c **** *  this, it is best to avoid linking with subroutines that require it (exit,
 232:Generated_Source\PSoC5/Cm3Start.c **** *  system).
 233:Generated_Source\PSoC5/Cm3Start.c **** *
 234:Generated_Source\PSoC5/Cm3Start.c **** *  \param status: Status caused program exit.
 235:Generated_Source\PSoC5/Cm3Start.c **** *
 236:Generated_Source\PSoC5/Cm3Start.c **** *******************************************************************************/
 237:Generated_Source\PSoC5/Cm3Start.c **** __attribute__((weak))
 238:Generated_Source\PSoC5/Cm3Start.c **** void _exit(int status)
 239:Generated_Source\PSoC5/Cm3Start.c **** {
  74              		.loc 1 239 0
  75              		.cfi_startproc
  76              		@ args = 0, pretend = 0, frame = 8
  77              		@ frame_needed = 1, uses_anonymous_args = 0
  78 0000 80B5     		push	{r7, lr}
  79              		.cfi_def_cfa_offset 8
  80              		.cfi_offset 7, -8
  81              		.cfi_offset 14, -4
  82 0002 82B0     		sub	sp, sp, #8
  83              		.cfi_def_cfa_offset 16
  84 0004 00AF     		add	r7, sp, #0
  85              		.cfi_def_cfa_register 7
  86 0006 7860     		str	r0, [r7, #4]
 240:Generated_Source\PSoC5/Cm3Start.c ****     CyHalt((uint8) status);
  87              		.loc 1 240 0
  88 0008 7B68     		ldr	r3, [r7, #4]
  89 000a DBB2     		uxtb	r3, r3
  90 000c 1846     		mov	r0, r3
  91 000e FFF7FEFF 		bl	CyHalt
  92              	.L5:
 241:Generated_Source\PSoC5/Cm3Start.c ****     while(1)
 242:Generated_Source\PSoC5/Cm3Start.c ****     {
 243:Generated_Source\PSoC5/Cm3Start.c **** 
 244:Generated_Source\PSoC5/Cm3Start.c ****     }
  93              		.loc 1 244 0 discriminator 1
  94 0012 FEE7     		b	.L5
ARM GAS  C:\Users\Janit\AppData\Local\Temp\ccft38qd.s 			page 7


  95              		.cfi_endproc
  96              	.LFE1:
  97              		.size	_exit, .-_exit
  98              		.section	.text._sbrk,"ax",%progbits
  99              		.align	2
 100              		.weak	_sbrk
 101              		.thumb
 102              		.thumb_func
 103              		.type	_sbrk, %function
 104              	_sbrk:
 105              	.LFB2:
 245:Generated_Source\PSoC5/Cm3Start.c **** }
 246:Generated_Source\PSoC5/Cm3Start.c **** 
 247:Generated_Source\PSoC5/Cm3Start.c **** 
 248:Generated_Source\PSoC5/Cm3Start.c **** /*******************************************************************************
 249:Generated_Source\PSoC5/Cm3Start.c **** * Function Name: _sbrk
 250:Generated_Source\PSoC5/Cm3Start.c **** ****************************************************************************//**
 251:Generated_Source\PSoC5/Cm3Start.c **** *
 252:Generated_Source\PSoC5/Cm3Start.c **** *  Increase program data space. As malloc and related functions depend on this,
 253:Generated_Source\PSoC5/Cm3Start.c **** *  it is useful to have a working implementation. The following suffices for a
 254:Generated_Source\PSoC5/Cm3Start.c **** *  standalone system; it exploits the symbol end automatically defined by the
 255:Generated_Source\PSoC5/Cm3Start.c **** *  GNU linker.
 256:Generated_Source\PSoC5/Cm3Start.c **** *
 257:Generated_Source\PSoC5/Cm3Start.c **** *  \param nbytes: The number of bytes requested (if the parameter value is positive)
 258:Generated_Source\PSoC5/Cm3Start.c **** *  from the heap or returned back to the heap (if the parameter value is
 259:Generated_Source\PSoC5/Cm3Start.c **** *  negative).
 260:Generated_Source\PSoC5/Cm3Start.c **** *
 261:Generated_Source\PSoC5/Cm3Start.c **** *******************************************************************************/
 262:Generated_Source\PSoC5/Cm3Start.c **** __attribute__((weak))
 263:Generated_Source\PSoC5/Cm3Start.c **** void * _sbrk (int nbytes)
 264:Generated_Source\PSoC5/Cm3Start.c **** {
 106              		.loc 1 264 0
 107              		.cfi_startproc
 108              		@ args = 0, pretend = 0, frame = 16
 109              		@ frame_needed = 1, uses_anonymous_args = 0
 110 0000 80B5     		push	{r7, lr}
 111              		.cfi_def_cfa_offset 8
 112              		.cfi_offset 7, -8
 113              		.cfi_offset 14, -4
 114 0002 84B0     		sub	sp, sp, #16
 115              		.cfi_def_cfa_offset 24
 116 0004 00AF     		add	r7, sp, #0
 117              		.cfi_def_cfa_register 7
 118 0006 7860     		str	r0, [r7, #4]
 265:Generated_Source\PSoC5/Cm3Start.c ****     extern int  end;            /* Symbol defined by linker map. Start of free memory (as symbol). 
 266:Generated_Source\PSoC5/Cm3Start.c ****     void *      returnValue;
 267:Generated_Source\PSoC5/Cm3Start.c **** 
 268:Generated_Source\PSoC5/Cm3Start.c ****     /* The statically held previous end of the heap, with its initialization. */
 269:Generated_Source\PSoC5/Cm3Start.c ****     static uint8 *heapPointer = (uint8 *) &end;                 /* Previous end */
 270:Generated_Source\PSoC5/Cm3Start.c **** 
 271:Generated_Source\PSoC5/Cm3Start.c ****     if (((heapPointer + nbytes) - (uint8 *) &end) <= CYDEV_HEAP_SIZE)
 119              		.loc 1 271 0
 120 0008 0F4B     		ldr	r3, .L10
 121 000a 1A68     		ldr	r2, [r3]
 122 000c 7B68     		ldr	r3, [r7, #4]
 123 000e 1344     		add	r3, r3, r2
 124 0010 1A46     		mov	r2, r3
ARM GAS  C:\Users\Janit\AppData\Local\Temp\ccft38qd.s 			page 8


 125 0012 0E4B     		ldr	r3, .L10+4
 126 0014 D31A     		subs	r3, r2, r3
 127 0016 802B     		cmp	r3, #128
 128 0018 09DC     		bgt	.L7
 272:Generated_Source\PSoC5/Cm3Start.c ****     {
 273:Generated_Source\PSoC5/Cm3Start.c ****         returnValue  = (void *) heapPointer;
 129              		.loc 1 273 0
 130 001a 0B4B     		ldr	r3, .L10
 131 001c 1B68     		ldr	r3, [r3]
 132 001e FB60     		str	r3, [r7, #12]
 274:Generated_Source\PSoC5/Cm3Start.c ****         heapPointer += nbytes;
 133              		.loc 1 274 0
 134 0020 094B     		ldr	r3, .L10
 135 0022 1A68     		ldr	r2, [r3]
 136 0024 7B68     		ldr	r3, [r7, #4]
 137 0026 1344     		add	r3, r3, r2
 138 0028 074A     		ldr	r2, .L10
 139 002a 1360     		str	r3, [r2]
 140 002c 07E0     		b	.L8
 141              	.L7:
 275:Generated_Source\PSoC5/Cm3Start.c ****     }
 276:Generated_Source\PSoC5/Cm3Start.c ****     else
 277:Generated_Source\PSoC5/Cm3Start.c ****     {
 278:Generated_Source\PSoC5/Cm3Start.c ****         errno = ENOMEM;
 142              		.loc 1 278 0
 143 002e FFF7FEFF 		bl	__errno
 144 0032 0246     		mov	r2, r0
 145 0034 0C23     		movs	r3, #12
 146 0036 1360     		str	r3, [r2]
 279:Generated_Source\PSoC5/Cm3Start.c ****         returnValue = (void *) -1;
 147              		.loc 1 279 0
 148 0038 4FF0FF33 		mov	r3, #-1
 149 003c FB60     		str	r3, [r7, #12]
 150              	.L8:
 280:Generated_Source\PSoC5/Cm3Start.c ****     }
 281:Generated_Source\PSoC5/Cm3Start.c **** 
 282:Generated_Source\PSoC5/Cm3Start.c ****     return (returnValue);
 151              		.loc 1 282 0
 152 003e FB68     		ldr	r3, [r7, #12]
 283:Generated_Source\PSoC5/Cm3Start.c **** }
 153              		.loc 1 283 0
 154 0040 1846     		mov	r0, r3
 155 0042 1037     		adds	r7, r7, #16
 156              		.cfi_def_cfa_offset 8
 157 0044 BD46     		mov	sp, r7
 158              		.cfi_def_cfa_register 13
 159              		@ sp needed
 160 0046 80BD     		pop	{r7, pc}
 161              	.L11:
 162              		.align	2
 163              	.L10:
 164 0048 00000000 		.word	heapPointer.5073
 165 004c 00000000 		.word	end
 166              		.cfi_endproc
 167              	.LFE2:
 168              		.size	_sbrk, .-_sbrk
 169              		.section	.text.Reset,"ax",%progbits
ARM GAS  C:\Users\Janit\AppData\Local\Temp\ccft38qd.s 			page 9


 170              		.align	2
 171              		.global	Reset
 172              		.thumb
 173              		.thumb_func
 174              		.type	Reset, %function
 175              	Reset:
 176              	.LFB3:
 284:Generated_Source\PSoC5/Cm3Start.c **** 
 285:Generated_Source\PSoC5/Cm3Start.c **** 
 286:Generated_Source\PSoC5/Cm3Start.c **** /*******************************************************************************
 287:Generated_Source\PSoC5/Cm3Start.c **** * Function Name: Reset
 288:Generated_Source\PSoC5/Cm3Start.c **** ****************************************************************************//**
 289:Generated_Source\PSoC5/Cm3Start.c **** *
 290:Generated_Source\PSoC5/Cm3Start.c **** *  This function handles the reset interrupt for the GCC toolchain. This is the
 291:Generated_Source\PSoC5/Cm3Start.c **** *  first bit of code that is executed at startup.
 292:Generated_Source\PSoC5/Cm3Start.c **** *
 293:Generated_Source\PSoC5/Cm3Start.c **** *******************************************************************************/
 294:Generated_Source\PSoC5/Cm3Start.c **** void Reset(void)
 295:Generated_Source\PSoC5/Cm3Start.c **** {
 177              		.loc 1 295 0
 178              		.cfi_startproc
 179              		@ args = 0, pretend = 0, frame = 0
 180              		@ frame_needed = 1, uses_anonymous_args = 0
 181 0000 80B5     		push	{r7, lr}
 182              		.cfi_def_cfa_offset 8
 183              		.cfi_offset 7, -8
 184              		.cfi_offset 14, -4
 185 0002 00AF     		add	r7, sp, #0
 186              		.cfi_def_cfa_register 7
 296:Generated_Source\PSoC5/Cm3Start.c ****     #if(CYDEV_PROJ_TYPE != CYDEV_PROJ_TYPE_LOADABLE && CYDEV_PROJ_TYPE != CYDEV_PROJ_TYPE_LOADABLEA
 297:Generated_Source\PSoC5/Cm3Start.c **** 
 298:Generated_Source\PSoC5/Cm3Start.c ****         /* For PSoC 5LP, debugging is enabled by default */
 299:Generated_Source\PSoC5/Cm3Start.c ****         #if(CYDEV_DEBUGGING_ENABLE == 0)
 300:Generated_Source\PSoC5/Cm3Start.c ****             *(reg32 *)(CYDEV_DEBUG_ENABLE_REGISTER) |= CYDEV_DEBUG_ENABLE_MASK;
 187              		.loc 1 300 0
 188 0004 054A     		ldr	r2, .L13
 189 0006 054B     		ldr	r3, .L13
 190 0008 1B68     		ldr	r3, [r3]
 191 000a 43F02003 		orr	r3, r3, #32
 192 000e 1360     		str	r3, [r2]
 301:Generated_Source\PSoC5/Cm3Start.c ****         #endif /* (CYDEV_DEBUGGING_ENABLE) */
 302:Generated_Source\PSoC5/Cm3Start.c **** 
 303:Generated_Source\PSoC5/Cm3Start.c ****         /* Reset Status Register has Read-to-clear SW access mode.
 304:Generated_Source\PSoC5/Cm3Start.c ****         * Preserve current RESET_SR0 state to make it available for next reading.
 305:Generated_Source\PSoC5/Cm3Start.c ****         */
 306:Generated_Source\PSoC5/Cm3Start.c ****         *(reg32 *)(CYREG_PHUB_CFGMEM23_CFG1) = *(reg32 *)(CYREG_RESET_SR0);
 193              		.loc 1 306 0
 194 0010 034A     		ldr	r2, .L13+4
 195 0012 044B     		ldr	r3, .L13+8
 196 0014 1B68     		ldr	r3, [r3]
 197 0016 1360     		str	r3, [r2]
 307:Generated_Source\PSoC5/Cm3Start.c **** 
 308:Generated_Source\PSoC5/Cm3Start.c ****     #endif  /* (CYDEV_PROJ_TYPE != CYDEV_PROJ_TYPE_LOADABLE && CYDEV_PROJ_TYPE != CYDEV_PROJ_TYPE_L
 309:Generated_Source\PSoC5/Cm3Start.c **** 
 310:Generated_Source\PSoC5/Cm3Start.c ****     #if ((CYDEV_BOOTLOADER_ENABLE) && (CYDEV_PROJ_TYPE != CYDEV_PROJ_TYPE_LOADABLEANDBOOTLOADER))
 311:Generated_Source\PSoC5/Cm3Start.c ****         CyBtldr_CheckLaunch();
 312:Generated_Source\PSoC5/Cm3Start.c ****     #endif /* ((CYDEV_BOOTLOADER_ENABLE) && (CYDEV_PROJ_TYPE != CYDEV_PROJ_TYPE_LOADABLEANDBOOTLOAD
ARM GAS  C:\Users\Janit\AppData\Local\Temp\ccft38qd.s 			page 10


 313:Generated_Source\PSoC5/Cm3Start.c **** 
 314:Generated_Source\PSoC5/Cm3Start.c ****     Start_c();
 198              		.loc 1 314 0
 199 0018 FFF7FEFF 		bl	Start_c
 200              	.L14:
 201              		.align	2
 202              	.L13:
 203 001c E8460040 		.word	1073759976
 204 0020 BC760040 		.word	1073772220
 205 0024 FA460040 		.word	1073759994
 206              		.cfi_endproc
 207              	.LFE3:
 208              		.size	Reset, .-Reset
 209              		.section	.text.Start_c,"ax",%progbits
 210              		.align	2
 211              		.global	Start_c
 212              		.thumb
 213              		.thumb_func
 214              		.type	Start_c, %function
 215              	Start_c:
 216              	.LFB4:
 315:Generated_Source\PSoC5/Cm3Start.c **** }
 316:Generated_Source\PSoC5/Cm3Start.c **** 
 317:Generated_Source\PSoC5/Cm3Start.c **** 
 318:Generated_Source\PSoC5/Cm3Start.c **** /*******************************************************************************
 319:Generated_Source\PSoC5/Cm3Start.c **** * Function Name: Start_c
 320:Generated_Source\PSoC5/Cm3Start.c **** ****************************************************************************//**
 321:Generated_Source\PSoC5/Cm3Start.c **** *
 322:Generated_Source\PSoC5/Cm3Start.c **** *  This function handles initializing the .data and .bss sections in
 323:Generated_Source\PSoC5/Cm3Start.c **** *  preparation for running the standard C code.  Once initialization is complete
 324:Generated_Source\PSoC5/Cm3Start.c **** *  it will call main(). This function will never return.
 325:Generated_Source\PSoC5/Cm3Start.c **** *
 326:Generated_Source\PSoC5/Cm3Start.c **** *******************************************************************************/
 327:Generated_Source\PSoC5/Cm3Start.c **** void Start_c(void)  __attribute__ ((noreturn));
 328:Generated_Source\PSoC5/Cm3Start.c **** void Start_c(void)
 329:Generated_Source\PSoC5/Cm3Start.c **** {
 217              		.loc 1 329 0
 218              		.cfi_startproc
 219              		@ args = 0, pretend = 0, frame = 24
 220              		@ frame_needed = 1, uses_anonymous_args = 0
 221 0000 80B5     		push	{r7, lr}
 222              		.cfi_def_cfa_offset 8
 223              		.cfi_offset 7, -8
 224              		.cfi_offset 14, -4
 225 0002 86B0     		sub	sp, sp, #24
 226              		.cfi_def_cfa_offset 32
 227 0004 00AF     		add	r7, sp, #0
 228              		.cfi_def_cfa_register 7
 330:Generated_Source\PSoC5/Cm3Start.c ****     unsigned regions = __cy_region_num;
 229              		.loc 1 330 0
 230 0006 224B     		ldr	r3, .L23
 231 0008 7B61     		str	r3, [r7, #20]
 331:Generated_Source\PSoC5/Cm3Start.c ****     const struct __cy_region *rptr = __cy_regions;
 232              		.loc 1 331 0
 233 000a 224B     		ldr	r3, .L23+4
 234 000c 3B61     		str	r3, [r7, #16]
 332:Generated_Source\PSoC5/Cm3Start.c **** 
ARM GAS  C:\Users\Janit\AppData\Local\Temp\ccft38qd.s 			page 11


 333:Generated_Source\PSoC5/Cm3Start.c ****     /* Initialize memory */
 334:Generated_Source\PSoC5/Cm3Start.c ****     for (regions = __cy_region_num; regions != 0u; regions--)
 235              		.loc 1 334 0
 236 000e 204B     		ldr	r3, .L23
 237 0010 7B61     		str	r3, [r7, #20]
 238 0012 35E0     		b	.L16
 239              	.L21:
 240              	.LBB2:
 335:Generated_Source\PSoC5/Cm3Start.c ****     {
 336:Generated_Source\PSoC5/Cm3Start.c ****         uint32 *src = (uint32 *)rptr->init;
 241              		.loc 1 336 0
 242 0014 3B69     		ldr	r3, [r7, #16]
 243 0016 1B68     		ldr	r3, [r3]
 244 0018 FB60     		str	r3, [r7, #12]
 337:Generated_Source\PSoC5/Cm3Start.c ****         uint32 *dst = (uint32 *)rptr->data;
 245              		.loc 1 337 0
 246 001a 3B69     		ldr	r3, [r7, #16]
 247 001c 5B68     		ldr	r3, [r3, #4]
 248 001e BB60     		str	r3, [r7, #8]
 338:Generated_Source\PSoC5/Cm3Start.c ****         unsigned limit = rptr->init_size;
 249              		.loc 1 338 0
 250 0020 3B69     		ldr	r3, [r7, #16]
 251 0022 9B68     		ldr	r3, [r3, #8]
 252 0024 3B60     		str	r3, [r7]
 339:Generated_Source\PSoC5/Cm3Start.c ****         unsigned count;
 340:Generated_Source\PSoC5/Cm3Start.c **** 
 341:Generated_Source\PSoC5/Cm3Start.c ****         for (count = 0u; count != limit; count += sizeof (uint32))
 253              		.loc 1 341 0
 254 0026 0023     		movs	r3, #0
 255 0028 7B60     		str	r3, [r7, #4]
 256 002a 0CE0     		b	.L17
 257              	.L18:
 342:Generated_Source\PSoC5/Cm3Start.c ****         {
 343:Generated_Source\PSoC5/Cm3Start.c ****             *dst = *src;
 258              		.loc 1 343 0 discriminator 3
 259 002c FB68     		ldr	r3, [r7, #12]
 260 002e 1A68     		ldr	r2, [r3]
 261 0030 BB68     		ldr	r3, [r7, #8]
 262 0032 1A60     		str	r2, [r3]
 344:Generated_Source\PSoC5/Cm3Start.c ****             dst++;
 263              		.loc 1 344 0 discriminator 3
 264 0034 BB68     		ldr	r3, [r7, #8]
 265 0036 0433     		adds	r3, r3, #4
 266 0038 BB60     		str	r3, [r7, #8]
 345:Generated_Source\PSoC5/Cm3Start.c ****             src++;
 267              		.loc 1 345 0 discriminator 3
 268 003a FB68     		ldr	r3, [r7, #12]
 269 003c 0433     		adds	r3, r3, #4
 270 003e FB60     		str	r3, [r7, #12]
 341:Generated_Source\PSoC5/Cm3Start.c ****         {
 271              		.loc 1 341 0 discriminator 3
 272 0040 7B68     		ldr	r3, [r7, #4]
 273 0042 0433     		adds	r3, r3, #4
 274 0044 7B60     		str	r3, [r7, #4]
 275              	.L17:
 341:Generated_Source\PSoC5/Cm3Start.c ****         {
 276              		.loc 1 341 0 is_stmt 0 discriminator 1
ARM GAS  C:\Users\Janit\AppData\Local\Temp\ccft38qd.s 			page 12


 277 0046 7A68     		ldr	r2, [r7, #4]
 278 0048 3B68     		ldr	r3, [r7]
 279 004a 9A42     		cmp	r2, r3
 280 004c EED1     		bne	.L18
 346:Generated_Source\PSoC5/Cm3Start.c ****         }
 347:Generated_Source\PSoC5/Cm3Start.c ****         limit = rptr->zero_size;
 281              		.loc 1 347 0 is_stmt 1
 282 004e 3B69     		ldr	r3, [r7, #16]
 283 0050 DB68     		ldr	r3, [r3, #12]
 284 0052 3B60     		str	r3, [r7]
 348:Generated_Source\PSoC5/Cm3Start.c ****         for (count = 0u; count != limit; count += sizeof (uint32))
 285              		.loc 1 348 0
 286 0054 0023     		movs	r3, #0
 287 0056 7B60     		str	r3, [r7, #4]
 288 0058 08E0     		b	.L19
 289              	.L20:
 349:Generated_Source\PSoC5/Cm3Start.c ****         {
 350:Generated_Source\PSoC5/Cm3Start.c ****             *dst = 0u;
 290              		.loc 1 350 0 discriminator 3
 291 005a BB68     		ldr	r3, [r7, #8]
 292 005c 0022     		movs	r2, #0
 293 005e 1A60     		str	r2, [r3]
 351:Generated_Source\PSoC5/Cm3Start.c ****             dst++;
 294              		.loc 1 351 0 discriminator 3
 295 0060 BB68     		ldr	r3, [r7, #8]
 296 0062 0433     		adds	r3, r3, #4
 297 0064 BB60     		str	r3, [r7, #8]
 348:Generated_Source\PSoC5/Cm3Start.c ****         for (count = 0u; count != limit; count += sizeof (uint32))
 298              		.loc 1 348 0 discriminator 3
 299 0066 7B68     		ldr	r3, [r7, #4]
 300 0068 0433     		adds	r3, r3, #4
 301 006a 7B60     		str	r3, [r7, #4]
 302              	.L19:
 348:Generated_Source\PSoC5/Cm3Start.c ****         for (count = 0u; count != limit; count += sizeof (uint32))
 303              		.loc 1 348 0 is_stmt 0 discriminator 1
 304 006c 7A68     		ldr	r2, [r7, #4]
 305 006e 3B68     		ldr	r3, [r7]
 306 0070 9A42     		cmp	r2, r3
 307 0072 F2D1     		bne	.L20
 352:Generated_Source\PSoC5/Cm3Start.c ****         }
 353:Generated_Source\PSoC5/Cm3Start.c **** 
 354:Generated_Source\PSoC5/Cm3Start.c ****         rptr++;
 308              		.loc 1 354 0 is_stmt 1 discriminator 2
 309 0074 3B69     		ldr	r3, [r7, #16]
 310 0076 1033     		adds	r3, r3, #16
 311 0078 3B61     		str	r3, [r7, #16]
 312              	.LBE2:
 334:Generated_Source\PSoC5/Cm3Start.c ****     {
 313              		.loc 1 334 0 discriminator 2
 314 007a 7B69     		ldr	r3, [r7, #20]
 315 007c 013B     		subs	r3, r3, #1
 316 007e 7B61     		str	r3, [r7, #20]
 317              	.L16:
 334:Generated_Source\PSoC5/Cm3Start.c ****     {
 318              		.loc 1 334 0 is_stmt 0 discriminator 1
 319 0080 7B69     		ldr	r3, [r7, #20]
 320 0082 002B     		cmp	r3, #0
ARM GAS  C:\Users\Janit\AppData\Local\Temp\ccft38qd.s 			page 13


 321 0084 C6D1     		bne	.L21
 355:Generated_Source\PSoC5/Cm3Start.c ****     }
 356:Generated_Source\PSoC5/Cm3Start.c **** 
 357:Generated_Source\PSoC5/Cm3Start.c ****     /* Invoke static objects constructors */
 358:Generated_Source\PSoC5/Cm3Start.c ****     __libc_init_array();
 322              		.loc 1 358 0 is_stmt 1
 323 0086 FFF7FEFF 		bl	__libc_init_array
 359:Generated_Source\PSoC5/Cm3Start.c ****     (void) main();
 324              		.loc 1 359 0
 325 008a FFF7FEFF 		bl	main
 326              	.L22:
 360:Generated_Source\PSoC5/Cm3Start.c **** 
 361:Generated_Source\PSoC5/Cm3Start.c ****     while (1)
 362:Generated_Source\PSoC5/Cm3Start.c ****     {
 363:Generated_Source\PSoC5/Cm3Start.c ****         /* If main returns, make sure we don't return. */
 364:Generated_Source\PSoC5/Cm3Start.c ****     }
 327              		.loc 1 364 0 discriminator 1
 328 008e FEE7     		b	.L22
 329              	.L24:
 330              		.align	2
 331              	.L23:
 332 0090 00000000 		.word	__cy_region_num
 333 0094 00000000 		.word	__cy_regions
 334              		.cfi_endproc
 335              	.LFE4:
 336              		.size	Start_c, .-Start_c
 337              		.global	RomVectors
 338              		.section	.romvectors,"a",%progbits
 339              		.align	2
 340              		.type	RomVectors, %object
 341              		.size	RomVectors, 16
 342              	RomVectors:
 343 0000 00000000 		.word	__cy_stack
 344 0004 00000000 		.word	Reset
 345 0008 00000000 		.word	IntDefaultHandler
 346 000c 00000000 		.word	IntDefaultHandler
 347              		.section	.text.initialize_psoc,"ax",%progbits
 348              		.align	2
 349              		.global	initialize_psoc
 350              		.thumb
 351              		.thumb_func
 352              		.type	initialize_psoc, %function
 353              	initialize_psoc:
 354              	.LFB5:
 365:Generated_Source\PSoC5/Cm3Start.c **** }
 366:Generated_Source\PSoC5/Cm3Start.c **** 
 367:Generated_Source\PSoC5/Cm3Start.c **** 
 368:Generated_Source\PSoC5/Cm3Start.c **** #elif defined (__ICCARM__)
 369:Generated_Source\PSoC5/Cm3Start.c **** 
 370:Generated_Source\PSoC5/Cm3Start.c **** /*******************************************************************************
 371:Generated_Source\PSoC5/Cm3Start.c **** * Function Name: __low_level_init
 372:Generated_Source\PSoC5/Cm3Start.c **** ****************************************************************************//**
 373:Generated_Source\PSoC5/Cm3Start.c **** *
 374:Generated_Source\PSoC5/Cm3Start.c **** *  This function performs early initializations for the IAR Embedded
 375:Generated_Source\PSoC5/Cm3Start.c **** *  Workbench IDE. It is executed in the context of a reset interrupt handler
 376:Generated_Source\PSoC5/Cm3Start.c **** *  before the data sections are initialized.
 377:Generated_Source\PSoC5/Cm3Start.c **** *
ARM GAS  C:\Users\Janit\AppData\Local\Temp\ccft38qd.s 			page 14


 378:Generated_Source\PSoC5/Cm3Start.c **** * \return
 379:Generated_Source\PSoC5/Cm3Start.c **** *  The value that determines whether or not data sections should be initialized
 380:Generated_Source\PSoC5/Cm3Start.c **** *  by the system startup code:
 381:Generated_Source\PSoC5/Cm3Start.c **** *    0 - skip data sections initialization;
 382:Generated_Source\PSoC5/Cm3Start.c **** *    1 - initialize data sections;
 383:Generated_Source\PSoC5/Cm3Start.c **** *
 384:Generated_Source\PSoC5/Cm3Start.c **** *******************************************************************************/
 385:Generated_Source\PSoC5/Cm3Start.c **** int __low_level_init(void)
 386:Generated_Source\PSoC5/Cm3Start.c **** {
 387:Generated_Source\PSoC5/Cm3Start.c ****     #if (CYDEV_PROJ_TYPE != CYDEV_PROJ_TYPE_LOADABLE && CYDEV_PROJ_TYPE != CYDEV_PROJ_TYPE_LOADABLE
 388:Generated_Source\PSoC5/Cm3Start.c **** 
 389:Generated_Source\PSoC5/Cm3Start.c ****         /* For PSoC 5LP, debugging is enabled by default */
 390:Generated_Source\PSoC5/Cm3Start.c ****         #if(CYDEV_DEBUGGING_ENABLE == 0)
 391:Generated_Source\PSoC5/Cm3Start.c ****             *(reg32 *)(CYDEV_DEBUG_ENABLE_REGISTER) |= CYDEV_DEBUG_ENABLE_MASK;
 392:Generated_Source\PSoC5/Cm3Start.c ****         #endif /* (CYDEV_DEBUGGING_ENABLE) */
 393:Generated_Source\PSoC5/Cm3Start.c **** 
 394:Generated_Source\PSoC5/Cm3Start.c ****         /* Reset Status Register has Read-to-clear SW access mode.
 395:Generated_Source\PSoC5/Cm3Start.c ****         * Preserve current RESET_SR0 state to make it available for next reading.
 396:Generated_Source\PSoC5/Cm3Start.c ****         */
 397:Generated_Source\PSoC5/Cm3Start.c ****         *(reg32 *)(CYREG_PHUB_CFGMEM23_CFG1) = *(reg32 *)(CYREG_RESET_SR0);
 398:Generated_Source\PSoC5/Cm3Start.c **** 
 399:Generated_Source\PSoC5/Cm3Start.c ****     #endif  /* (CYDEV_PROJ_TYPE != CYDEV_PROJ_TYPE_LOADABLE && CYDEV_PROJ_TYPE != CYDEV_PROJ_TYPE_L
 400:Generated_Source\PSoC5/Cm3Start.c **** 
 401:Generated_Source\PSoC5/Cm3Start.c ****     #if ((CYDEV_BOOTLOADER_ENABLE) && (CYDEV_PROJ_TYPE != CYDEV_PROJ_TYPE_LOADABLEANDBOOTLOADER))
 402:Generated_Source\PSoC5/Cm3Start.c ****         CyBtldr_CheckLaunch();
 403:Generated_Source\PSoC5/Cm3Start.c ****     #endif /* ((CYDEV_BOOTLOADER_ENABLE) && (CYDEV_PROJ_TYPE != CYDEV_PROJ_TYPE_LOADABLEANDBOOTLOAD
 404:Generated_Source\PSoC5/Cm3Start.c **** 
 405:Generated_Source\PSoC5/Cm3Start.c ****     /* Initialize data sections */
 406:Generated_Source\PSoC5/Cm3Start.c ****     __iar_data_init3();
 407:Generated_Source\PSoC5/Cm3Start.c **** 
 408:Generated_Source\PSoC5/Cm3Start.c ****     initialize_psoc();
 409:Generated_Source\PSoC5/Cm3Start.c **** 
 410:Generated_Source\PSoC5/Cm3Start.c ****     return 0;
 411:Generated_Source\PSoC5/Cm3Start.c **** }
 412:Generated_Source\PSoC5/Cm3Start.c **** 
 413:Generated_Source\PSoC5/Cm3Start.c **** #endif /* __GNUC__ */
 414:Generated_Source\PSoC5/Cm3Start.c **** 
 415:Generated_Source\PSoC5/Cm3Start.c **** 
 416:Generated_Source\PSoC5/Cm3Start.c **** /*******************************************************************************
 417:Generated_Source\PSoC5/Cm3Start.c **** *
 418:Generated_Source\PSoC5/Cm3Start.c **** * Default Rom Interrupt Vector table.
 419:Generated_Source\PSoC5/Cm3Start.c **** *
 420:Generated_Source\PSoC5/Cm3Start.c **** *******************************************************************************/
 421:Generated_Source\PSoC5/Cm3Start.c **** #if defined(__ARMCC_VERSION)
 422:Generated_Source\PSoC5/Cm3Start.c ****     /* Suppress diagnostic message 1296-D: extended constant initialiser used */
 423:Generated_Source\PSoC5/Cm3Start.c ****     #pragma diag_suppress 1296
 424:Generated_Source\PSoC5/Cm3Start.c **** #endif  /* defined(__ARMCC_VERSION) */
 425:Generated_Source\PSoC5/Cm3Start.c **** 
 426:Generated_Source\PSoC5/Cm3Start.c **** #if defined (__ICCARM__)
 427:Generated_Source\PSoC5/Cm3Start.c ****     #pragma location=".romvectors"
 428:Generated_Source\PSoC5/Cm3Start.c ****     const intvec_elem __vector_table[CY_NUM_ROM_VECTORS] =
 429:Generated_Source\PSoC5/Cm3Start.c **** #else
 430:Generated_Source\PSoC5/Cm3Start.c ****     CY_SECTION(".romvectors")
 431:Generated_Source\PSoC5/Cm3Start.c ****     const cyisraddress RomVectors[CY_NUM_ROM_VECTORS] =
 432:Generated_Source\PSoC5/Cm3Start.c **** #endif  /* defined (__ICCARM__) */
 433:Generated_Source\PSoC5/Cm3Start.c **** {
 434:Generated_Source\PSoC5/Cm3Start.c ****     INITIAL_STACK_POINTER,   /* Initial stack pointer  0 */
ARM GAS  C:\Users\Janit\AppData\Local\Temp\ccft38qd.s 			page 15


 435:Generated_Source\PSoC5/Cm3Start.c ****     #if defined (__ICCARM__) /* Reset handler          1 */
 436:Generated_Source\PSoC5/Cm3Start.c ****         __iar_program_start,
 437:Generated_Source\PSoC5/Cm3Start.c ****     #else
 438:Generated_Source\PSoC5/Cm3Start.c ****         (cyisraddress)&Reset,
 439:Generated_Source\PSoC5/Cm3Start.c ****     #endif  /* defined (__ICCARM__) */
 440:Generated_Source\PSoC5/Cm3Start.c ****     &IntDefaultHandler,      /* NMI handler            2 */
 441:Generated_Source\PSoC5/Cm3Start.c ****     &IntDefaultHandler,      /* Hard fault handler     3 */
 442:Generated_Source\PSoC5/Cm3Start.c **** };
 443:Generated_Source\PSoC5/Cm3Start.c **** 
 444:Generated_Source\PSoC5/Cm3Start.c **** #if defined(__ARMCC_VERSION)
 445:Generated_Source\PSoC5/Cm3Start.c ****     #pragma diag_default 1296
 446:Generated_Source\PSoC5/Cm3Start.c **** #endif  /* defined(__ARMCC_VERSION) */
 447:Generated_Source\PSoC5/Cm3Start.c **** 
 448:Generated_Source\PSoC5/Cm3Start.c **** 
 449:Generated_Source\PSoC5/Cm3Start.c **** /*******************************************************************************
 450:Generated_Source\PSoC5/Cm3Start.c **** * Function Name: initialize_psoc
 451:Generated_Source\PSoC5/Cm3Start.c **** ****************************************************************************//**
 452:Generated_Source\PSoC5/Cm3Start.c **** *
 453:Generated_Source\PSoC5/Cm3Start.c **** *  This function used to initialize the PSoC chip before calling main.
 454:Generated_Source\PSoC5/Cm3Start.c **** *
 455:Generated_Source\PSoC5/Cm3Start.c **** *******************************************************************************/
 456:Generated_Source\PSoC5/Cm3Start.c **** #if (defined(__GNUC__) && !defined(__ARMCC_VERSION))
 457:Generated_Source\PSoC5/Cm3Start.c **** __attribute__ ((constructor(101)))
 458:Generated_Source\PSoC5/Cm3Start.c **** #endif
 459:Generated_Source\PSoC5/Cm3Start.c **** void initialize_psoc(void)
 460:Generated_Source\PSoC5/Cm3Start.c **** {
 355              		.loc 1 460 0
 356              		.cfi_startproc
 357              		@ args = 0, pretend = 0, frame = 8
 358              		@ frame_needed = 1, uses_anonymous_args = 0
 359 0000 80B5     		push	{r7, lr}
 360              		.cfi_def_cfa_offset 8
 361              		.cfi_offset 7, -8
 362              		.cfi_offset 14, -4
 363 0002 82B0     		sub	sp, sp, #8
 364              		.cfi_def_cfa_offset 16
 365 0004 00AF     		add	r7, sp, #0
 366              		.cfi_def_cfa_register 7
 461:Generated_Source\PSoC5/Cm3Start.c ****     uint32 i;
 462:Generated_Source\PSoC5/Cm3Start.c **** 
 463:Generated_Source\PSoC5/Cm3Start.c ****     /* Set Priority group 5. */
 464:Generated_Source\PSoC5/Cm3Start.c **** 
 465:Generated_Source\PSoC5/Cm3Start.c ****     /* Writes to NVIC_APINT register require the VECTKEY in the upper half */
 466:Generated_Source\PSoC5/Cm3Start.c ****     *CY_NVIC_APINT_PTR = CY_NVIC_APINT_VECTKEY | CY_NVIC_APINT_PRIGROUP_3_5;
 367              		.loc 1 466 0
 368 0006 184B     		ldr	r3, .L30
 369 0008 184A     		ldr	r2, .L30+4
 370 000a 1A60     		str	r2, [r3]
 467:Generated_Source\PSoC5/Cm3Start.c ****     *CY_NVIC_CFG_CTRL_PTR |= CY_NVIC_CFG_STACKALIGN;
 371              		.loc 1 467 0
 372 000c 184A     		ldr	r2, .L30+8
 373 000e 184B     		ldr	r3, .L30+8
 374 0010 1B68     		ldr	r3, [r3]
 375 0012 43F40073 		orr	r3, r3, #512
 376 0016 1360     		str	r3, [r2]
 468:Generated_Source\PSoC5/Cm3Start.c **** 
 469:Generated_Source\PSoC5/Cm3Start.c ****     /* Set Ram interrupt vectors to default functions. */
ARM GAS  C:\Users\Janit\AppData\Local\Temp\ccft38qd.s 			page 16


 470:Generated_Source\PSoC5/Cm3Start.c ****     for (i = 0u; i < CY_NUM_VECTORS; i++)
 377              		.loc 1 470 0
 378 0018 0023     		movs	r3, #0
 379 001a 7B60     		str	r3, [r7, #4]
 380 001c 0FE0     		b	.L26
 381              	.L29:
 471:Generated_Source\PSoC5/Cm3Start.c ****     {
 472:Generated_Source\PSoC5/Cm3Start.c ****         #if defined (__ICCARM__)
 473:Generated_Source\PSoC5/Cm3Start.c ****             CyRamVectors[i] = (i < CY_NUM_ROM_VECTORS) ? __vector_table[i].__fun : &IntDefaultHandl
 474:Generated_Source\PSoC5/Cm3Start.c ****         #else
 475:Generated_Source\PSoC5/Cm3Start.c ****             CyRamVectors[i] = (i < CY_NUM_ROM_VECTORS) ? RomVectors[i] : &IntDefaultHandler;
 382              		.loc 1 475 0
 383 001e 7B68     		ldr	r3, [r7, #4]
 384 0020 032B     		cmp	r3, #3
 385 0022 04D8     		bhi	.L27
 386              		.loc 1 475 0 is_stmt 0 discriminator 1
 387 0024 134A     		ldr	r2, .L30+12
 388 0026 7B68     		ldr	r3, [r7, #4]
 389 0028 52F82330 		ldr	r3, [r2, r3, lsl #2]
 390 002c 00E0     		b	.L28
 391              	.L27:
 392              		.loc 1 475 0 discriminator 2
 393 002e 124B     		ldr	r3, .L30+16
 394              	.L28:
 395              		.loc 1 475 0 discriminator 4
 396 0030 1249     		ldr	r1, .L30+20
 397 0032 7A68     		ldr	r2, [r7, #4]
 398 0034 41F82230 		str	r3, [r1, r2, lsl #2]
 470:Generated_Source\PSoC5/Cm3Start.c ****     {
 399              		.loc 1 470 0 is_stmt 1 discriminator 4
 400 0038 7B68     		ldr	r3, [r7, #4]
 401 003a 0133     		adds	r3, r3, #1
 402 003c 7B60     		str	r3, [r7, #4]
 403              	.L26:
 470:Generated_Source\PSoC5/Cm3Start.c ****     {
 404              		.loc 1 470 0 is_stmt 0 discriminator 2
 405 003e 7B68     		ldr	r3, [r7, #4]
 406 0040 2F2B     		cmp	r3, #47
 407 0042 ECD9     		bls	.L29
 476:Generated_Source\PSoC5/Cm3Start.c ****         #endif  /* defined (__ICCARM__) */
 477:Generated_Source\PSoC5/Cm3Start.c ****     }
 478:Generated_Source\PSoC5/Cm3Start.c **** 
 479:Generated_Source\PSoC5/Cm3Start.c ****     /* Was stored in CFGMEM to avoid being cleared while SRAM gets cleared */
 480:Generated_Source\PSoC5/Cm3Start.c ****     CyResetStatus = CY_GET_REG8(CYREG_PHUB_CFGMEM23_CFG1);
 408              		.loc 1 480 0 is_stmt 1
 409 0044 0E4B     		ldr	r3, .L30+24
 410 0046 1B78     		ldrb	r3, [r3]
 411 0048 DAB2     		uxtb	r2, r3
 412 004a 0E4B     		ldr	r3, .L30+28
 413 004c 1A70     		strb	r2, [r3]
 481:Generated_Source\PSoC5/Cm3Start.c **** 
 482:Generated_Source\PSoC5/Cm3Start.c ****     /* Point NVIC at RAM vector table. */
 483:Generated_Source\PSoC5/Cm3Start.c ****     *CYINT_VECT_TABLE = CyRamVectors;
 414              		.loc 1 483 0
 415 004e 0E4B     		ldr	r3, .L30+32
 416 0050 0A4A     		ldr	r2, .L30+20
 417 0052 1A60     		str	r2, [r3]
ARM GAS  C:\Users\Janit\AppData\Local\Temp\ccft38qd.s 			page 17


 484:Generated_Source\PSoC5/Cm3Start.c **** 
 485:Generated_Source\PSoC5/Cm3Start.c ****     /* Initialize the configuration registers. */
 486:Generated_Source\PSoC5/Cm3Start.c ****     cyfitter_cfg();
 418              		.loc 1 486 0
 419 0054 FFF7FEFF 		bl	cyfitter_cfg
 487:Generated_Source\PSoC5/Cm3Start.c **** 
 488:Generated_Source\PSoC5/Cm3Start.c ****     #if(0u != DMA_CHANNELS_USED__MASK0)
 489:Generated_Source\PSoC5/Cm3Start.c **** 
 490:Generated_Source\PSoC5/Cm3Start.c ****         /* Setup DMA - only necessary if design contains DMA component. */
 491:Generated_Source\PSoC5/Cm3Start.c ****         CyDmacConfigure();
 492:Generated_Source\PSoC5/Cm3Start.c **** 
 493:Generated_Source\PSoC5/Cm3Start.c ****     #endif  /* (0u != DMA_CHANNELS_USED__MASK0) */
 494:Generated_Source\PSoC5/Cm3Start.c **** 
 495:Generated_Source\PSoC5/Cm3Start.c ****     #if !defined (__ICCARM__)
 496:Generated_Source\PSoC5/Cm3Start.c ****         /* Actually, no need to clean this variable, just to make compiler happy. */
 497:Generated_Source\PSoC5/Cm3Start.c ****         cySysNoInitDataValid = 0u;
 420              		.loc 1 497 0
 421 0058 0C4B     		ldr	r3, .L30+36
 422 005a 0022     		movs	r2, #0
 423 005c 1A60     		str	r2, [r3]
 498:Generated_Source\PSoC5/Cm3Start.c ****     #endif  /* !defined (__ICCARM__) */
 499:Generated_Source\PSoC5/Cm3Start.c **** }
 424              		.loc 1 499 0
 425 005e 00BF     		nop
 426 0060 0837     		adds	r7, r7, #8
 427              		.cfi_def_cfa_offset 8
 428 0062 BD46     		mov	sp, r7
 429              		.cfi_def_cfa_register 13
 430              		@ sp needed
 431 0064 80BD     		pop	{r7, pc}
 432              	.L31:
 433 0066 00BF     		.align	2
 434              	.L30:
 435 0068 0CED00E0 		.word	-536810228
 436 006c 0004FA05 		.word	100271104
 437 0070 14ED00E0 		.word	-536810220
 438 0074 00000000 		.word	RomVectors
 439 0078 00000000 		.word	IntDefaultHandler
 440 007c 00000000 		.word	CyRamVectors
 441 0080 BC760040 		.word	1073772220
 442 0084 00000000 		.word	CyResetStatus
 443 0088 08ED00E0 		.word	-536810232
 444 008c 00000000 		.word	cySysNoInitDataValid
 445              		.cfi_endproc
 446              	.LFE5:
 447              		.size	initialize_psoc, .-initialize_psoc
 448              		.section	.init_array,"aw",%init_array
 449              		.align	2
 450 0000 00000000 		.word	initialize_psoc(target1)
 451              		.data
 452              		.align	2
 453              		.type	heapPointer.5073, %object
 454              		.size	heapPointer.5073, 4
 455              	heapPointer.5073:
 456 0000 00000000 		.word	end
 457              		.weak	__cy_region_num
 458              		.text
ARM GAS  C:\Users\Janit\AppData\Local\Temp\ccft38qd.s 			page 18


 459              	.Letext0:
 460              		.file 2 "c:\\program files (x86)\\cypress\\psoc creator\\4.2\\psoc creator\\import\\gnu\\arm\\5.4.
 461              		.file 3 "Generated_Source\\PSoC5\\cytypes.h"
 462              		.file 4 "Generated_Source\\PSoC5\\CyLib.h"
 463              		.section	.debug_info,"",%progbits
 464              	.Ldebug_info0:
 465 0000 27030000 		.4byte	0x327
 466 0004 0400     		.2byte	0x4
 467 0006 00000000 		.4byte	.Ldebug_abbrev0
 468 000a 04       		.byte	0x4
 469 000b 01       		.uleb128 0x1
 470 000c 0D000000 		.4byte	.LASF44
 471 0010 0C       		.byte	0xc
 472 0011 77010000 		.4byte	.LASF45
 473 0015 30020000 		.4byte	.LASF46
 474 0019 00000000 		.4byte	.Ldebug_ranges0+0
 475 001d 00000000 		.4byte	0
 476 0021 00000000 		.4byte	.Ldebug_line0
 477 0025 02       		.uleb128 0x2
 478 0026 01       		.byte	0x1
 479 0027 06       		.byte	0x6
 480 0028 C3020000 		.4byte	.LASF0
 481 002c 02       		.uleb128 0x2
 482 002d 01       		.byte	0x1
 483 002e 08       		.byte	0x8
 484 002f 19010000 		.4byte	.LASF1
 485 0033 02       		.uleb128 0x2
 486 0034 02       		.byte	0x2
 487 0035 05       		.byte	0x5
 488 0036 A4020000 		.4byte	.LASF2
 489 003a 02       		.uleb128 0x2
 490 003b 02       		.byte	0x2
 491 003c 07       		.byte	0x7
 492 003d D0000000 		.4byte	.LASF3
 493 0041 02       		.uleb128 0x2
 494 0042 04       		.byte	0x4
 495 0043 05       		.byte	0x5
 496 0044 AE020000 		.4byte	.LASF4
 497 0048 02       		.uleb128 0x2
 498 0049 04       		.byte	0x4
 499 004a 07       		.byte	0x7
 500 004b 3E010000 		.4byte	.LASF5
 501 004f 02       		.uleb128 0x2
 502 0050 08       		.byte	0x8
 503 0051 05       		.byte	0x5
 504 0052 1D020000 		.4byte	.LASF6
 505 0056 02       		.uleb128 0x2
 506 0057 08       		.byte	0x8
 507 0058 07       		.byte	0x7
 508 0059 CA010000 		.4byte	.LASF7
 509 005d 03       		.uleb128 0x3
 510 005e 04       		.byte	0x4
 511 005f 05       		.byte	0x5
 512 0060 696E7400 		.ascii	"int\000"
 513 0064 02       		.uleb128 0x2
 514 0065 04       		.byte	0x4
 515 0066 07       		.byte	0x7
ARM GAS  C:\Users\Janit\AppData\Local\Temp\ccft38qd.s 			page 19


 516 0067 BD010000 		.4byte	.LASF8
 517 006b 04       		.uleb128 0x4
 518 006c 06000000 		.4byte	.LASF10
 519 0070 02       		.byte	0x2
 520 0071 D8       		.byte	0xd8
 521 0072 64000000 		.4byte	0x64
 522 0076 02       		.uleb128 0x2
 523 0077 08       		.byte	0x8
 524 0078 04       		.byte	0x4
 525 0079 B7020000 		.4byte	.LASF9
 526 007d 05       		.uleb128 0x5
 527 007e 65010000 		.4byte	.LASF11
 528 0082 03       		.byte	0x3
 529 0083 E701     		.2byte	0x1e7
 530 0085 2C000000 		.4byte	0x2c
 531 0089 05       		.uleb128 0x5
 532 008a B6010000 		.4byte	.LASF12
 533 008e 03       		.byte	0x3
 534 008f E901     		.2byte	0x1e9
 535 0091 48000000 		.4byte	0x48
 536 0095 02       		.uleb128 0x2
 537 0096 04       		.byte	0x4
 538 0097 04       		.byte	0x4
 539 0098 0E010000 		.4byte	.LASF13
 540 009c 02       		.uleb128 0x2
 541 009d 08       		.byte	0x8
 542 009e 04       		.byte	0x4
 543 009f 9F010000 		.4byte	.LASF14
 544 00a3 02       		.uleb128 0x2
 545 00a4 01       		.byte	0x1
 546 00a5 08       		.byte	0x8
 547 00a6 2B020000 		.4byte	.LASF15
 548 00aa 05       		.uleb128 0x5
 549 00ab 0F020000 		.4byte	.LASF16
 550 00af 03       		.byte	0x3
 551 00b0 9102     		.2byte	0x291
 552 00b2 B6000000 		.4byte	0xb6
 553 00b6 06       		.uleb128 0x6
 554 00b7 7D000000 		.4byte	0x7d
 555 00bb 05       		.uleb128 0x5
 556 00bc 00000000 		.4byte	.LASF17
 557 00c0 03       		.byte	0x3
 558 00c1 9302     		.2byte	0x293
 559 00c3 C7000000 		.4byte	0xc7
 560 00c7 06       		.uleb128 0x6
 561 00c8 89000000 		.4byte	0x89
 562 00cc 05       		.uleb128 0x5
 563 00cd E7010000 		.4byte	.LASF18
 564 00d1 03       		.byte	0x3
 565 00d2 A302     		.2byte	0x2a3
 566 00d4 D8000000 		.4byte	0xd8
 567 00d8 07       		.uleb128 0x7
 568 00d9 04       		.byte	0x4
 569 00da DE000000 		.4byte	0xde
 570 00de 08       		.uleb128 0x8
 571 00df 02       		.uleb128 0x2
 572 00e0 04       		.byte	0x4
ARM GAS  C:\Users\Janit\AppData\Local\Temp\ccft38qd.s 			page 20


 573 00e1 07       		.byte	0x7
 574 00e2 14020000 		.4byte	.LASF19
 575 00e6 09       		.uleb128 0x9
 576 00e7 04       		.byte	0x4
 577 00e8 0A       		.uleb128 0xa
 578 00e9 A3000000 		.4byte	0xa3
 579 00ed 04       		.uleb128 0x4
 580 00ee FE010000 		.4byte	.LASF20
 581 00f2 01       		.byte	0x1
 582 00f3 CE       		.byte	0xce
 583 00f4 2C000000 		.4byte	0x2c
 584 00f8 0B       		.uleb128 0xb
 585 00f9 FD020000 		.4byte	.LASF47
 586 00fd 10       		.byte	0x10
 587 00fe 01       		.byte	0x1
 588 00ff D0       		.byte	0xd0
 589 0100 35010000 		.4byte	0x135
 590 0104 0C       		.uleb128 0xc
 591 0105 F3000000 		.4byte	.LASF21
 592 0109 01       		.byte	0x1
 593 010a D2       		.byte	0xd2
 594 010b 35010000 		.4byte	0x135
 595 010f 00       		.byte	0
 596 0110 0C       		.uleb128 0xc
 597 0111 14010000 		.4byte	.LASF22
 598 0115 01       		.byte	0x1
 599 0116 D3       		.byte	0xd3
 600 0117 35010000 		.4byte	0x135
 601 011b 04       		.byte	0x4
 602 011c 0C       		.uleb128 0xc
 603 011d F4010000 		.4byte	.LASF23
 604 0121 01       		.byte	0x1
 605 0122 D4       		.byte	0xd4
 606 0123 6B000000 		.4byte	0x6b
 607 0127 08       		.byte	0x8
 608 0128 0C       		.uleb128 0xc
 609 0129 FF000000 		.4byte	.LASF24
 610 012d 01       		.byte	0x1
 611 012e D5       		.byte	0xd5
 612 012f 6B000000 		.4byte	0x6b
 613 0133 0C       		.byte	0xc
 614 0134 00       		.byte	0
 615 0135 07       		.uleb128 0x7
 616 0136 04       		.byte	0x4
 617 0137 ED000000 		.4byte	0xed
 618 013b 0D       		.uleb128 0xd
 619 013c CF020000 		.4byte	.LASF31
 620 0140 01       		.byte	0x1
 621 0141 5A       		.byte	0x5a
 622 0142 00000000 		.4byte	.LFB0
 623 0146 14000000 		.4byte	.LFE0-.LFB0
 624 014a 01       		.uleb128 0x1
 625 014b 9C       		.byte	0x9c
 626 014c 0E       		.uleb128 0xe
 627 014d 71010000 		.4byte	.LASF25
 628 0151 01       		.byte	0x1
 629 0152 EE       		.byte	0xee
ARM GAS  C:\Users\Janit\AppData\Local\Temp\ccft38qd.s 			page 21


 630 0153 00000000 		.4byte	.LFB1
 631 0157 14000000 		.4byte	.LFE1-.LFB1
 632 015b 01       		.uleb128 0x1
 633 015c 9C       		.byte	0x9c
 634 015d 70010000 		.4byte	0x170
 635 0161 0F       		.uleb128 0xf
 636 0162 F8000000 		.4byte	.LASF27
 637 0166 01       		.byte	0x1
 638 0167 EE       		.byte	0xee
 639 0168 5D000000 		.4byte	0x5d
 640 016c 02       		.uleb128 0x2
 641 016d 91       		.byte	0x91
 642 016e 74       		.sleb128 -12
 643 016f 00       		.byte	0
 644 0170 10       		.uleb128 0x10
 645 0171 99010000 		.4byte	.LASF26
 646 0175 01       		.byte	0x1
 647 0176 0701     		.2byte	0x107
 648 0178 E6000000 		.4byte	0xe6
 649 017c 00000000 		.4byte	.LFB2
 650 0180 50000000 		.4byte	.LFE2-.LFB2
 651 0184 01       		.uleb128 0x1
 652 0185 9C       		.byte	0x9c
 653 0186 C7010000 		.4byte	0x1c7
 654 018a 11       		.uleb128 0x11
 655 018b F6020000 		.4byte	.LASF28
 656 018f 01       		.byte	0x1
 657 0190 0701     		.2byte	0x107
 658 0192 5D000000 		.4byte	0x5d
 659 0196 02       		.uleb128 0x2
 660 0197 91       		.byte	0x91
 661 0198 6C       		.sleb128 -20
 662 0199 12       		.uleb128 0x12
 663 019a 656E6400 		.ascii	"end\000"
 664 019e 01       		.byte	0x1
 665 019f 0901     		.2byte	0x109
 666 01a1 5D000000 		.4byte	0x5d
 667 01a5 13       		.uleb128 0x13
 668 01a6 27010000 		.4byte	.LASF29
 669 01aa 01       		.byte	0x1
 670 01ab 0A01     		.2byte	0x10a
 671 01ad E6000000 		.4byte	0xe6
 672 01b1 02       		.uleb128 0x2
 673 01b2 91       		.byte	0x91
 674 01b3 74       		.sleb128 -12
 675 01b4 13       		.uleb128 0x13
 676 01b5 C4000000 		.4byte	.LASF30
 677 01b9 01       		.byte	0x1
 678 01ba 0D01     		.2byte	0x10d
 679 01bc C7010000 		.4byte	0x1c7
 680 01c0 05       		.uleb128 0x5
 681 01c1 03       		.byte	0x3
 682 01c2 00000000 		.4byte	heapPointer.5073
 683 01c6 00       		.byte	0
 684 01c7 07       		.uleb128 0x7
 685 01c8 04       		.byte	0x4
 686 01c9 7D000000 		.4byte	0x7d
ARM GAS  C:\Users\Janit\AppData\Local\Temp\ccft38qd.s 			page 22


 687 01cd 14       		.uleb128 0x14
 688 01ce 6B010000 		.4byte	.LASF32
 689 01d2 01       		.byte	0x1
 690 01d3 2601     		.2byte	0x126
 691 01d5 00000000 		.4byte	.LFB3
 692 01d9 28000000 		.4byte	.LFE3-.LFB3
 693 01dd 01       		.uleb128 0x1
 694 01de 9C       		.byte	0x9c
 695 01df 15       		.uleb128 0x15
 696 01e0 B6000000 		.4byte	.LASF33
 697 01e4 01       		.byte	0x1
 698 01e5 4801     		.2byte	0x148
 699 01e7 00000000 		.4byte	.LFB4
 700 01eb 98000000 		.4byte	.LFE4-.LFB4
 701 01ef 01       		.uleb128 0x1
 702 01f0 9C       		.byte	0x9c
 703 01f1 5A020000 		.4byte	0x25a
 704 01f5 13       		.uleb128 0x13
 705 01f6 EE020000 		.4byte	.LASF34
 706 01fa 01       		.byte	0x1
 707 01fb 4A01     		.2byte	0x14a
 708 01fd 64000000 		.4byte	0x64
 709 0201 02       		.uleb128 0x2
 710 0202 91       		.byte	0x91
 711 0203 74       		.sleb128 -12
 712 0204 13       		.uleb128 0x13
 713 0205 09010000 		.4byte	.LASF35
 714 0209 01       		.byte	0x1
 715 020a 4B01     		.2byte	0x14b
 716 020c 5A020000 		.4byte	0x25a
 717 0210 02       		.uleb128 0x2
 718 0211 91       		.byte	0x91
 719 0212 70       		.sleb128 -16
 720 0213 16       		.uleb128 0x16
 721 0214 14000000 		.4byte	.LBB2
 722 0218 66000000 		.4byte	.LBE2-.LBB2
 723 021c 17       		.uleb128 0x17
 724 021d 73726300 		.ascii	"src\000"
 725 0221 01       		.byte	0x1
 726 0222 5001     		.2byte	0x150
 727 0224 65020000 		.4byte	0x265
 728 0228 02       		.uleb128 0x2
 729 0229 91       		.byte	0x91
 730 022a 6C       		.sleb128 -20
 731 022b 17       		.uleb128 0x17
 732 022c 64737400 		.ascii	"dst\000"
 733 0230 01       		.byte	0x1
 734 0231 5101     		.2byte	0x151
 735 0233 65020000 		.4byte	0x265
 736 0237 02       		.uleb128 0x2
 737 0238 91       		.byte	0x91
 738 0239 68       		.sleb128 -24
 739 023a 13       		.uleb128 0x13
 740 023b E1010000 		.4byte	.LASF36
 741 023f 01       		.byte	0x1
 742 0240 5201     		.2byte	0x152
 743 0242 64000000 		.4byte	0x64
ARM GAS  C:\Users\Janit\AppData\Local\Temp\ccft38qd.s 			page 23


 744 0246 02       		.uleb128 0x2
 745 0247 91       		.byte	0x91
 746 0248 60       		.sleb128 -32
 747 0249 13       		.uleb128 0x13
 748 024a BE000000 		.4byte	.LASF37
 749 024e 01       		.byte	0x1
 750 024f 5301     		.2byte	0x153
 751 0251 64000000 		.4byte	0x64
 752 0255 02       		.uleb128 0x2
 753 0256 91       		.byte	0x91
 754 0257 64       		.sleb128 -28
 755 0258 00       		.byte	0
 756 0259 00       		.byte	0
 757 025a 07       		.uleb128 0x7
 758 025b 04       		.byte	0x4
 759 025c 60020000 		.4byte	0x260
 760 0260 0A       		.uleb128 0xa
 761 0261 F8000000 		.4byte	0xf8
 762 0265 07       		.uleb128 0x7
 763 0266 04       		.byte	0x4
 764 0267 89000000 		.4byte	0x89
 765 026b 18       		.uleb128 0x18
 766 026c A6010000 		.4byte	.LASF48
 767 0270 01       		.byte	0x1
 768 0271 CB01     		.2byte	0x1cb
 769 0273 00000000 		.4byte	.LFB5
 770 0277 90000000 		.4byte	.LFE5-.LFB5
 771 027b 01       		.uleb128 0x1
 772 027c 9C       		.byte	0x9c
 773 027d 8F020000 		.4byte	0x28f
 774 0281 17       		.uleb128 0x17
 775 0282 6900     		.ascii	"i\000"
 776 0284 01       		.byte	0x1
 777 0285 CD01     		.2byte	0x1cd
 778 0287 89000000 		.4byte	0x89
 779 028b 02       		.uleb128 0x2
 780 028c 91       		.byte	0x91
 781 028d 74       		.sleb128 -12
 782 028e 00       		.byte	0
 783 028f 19       		.uleb128 0x19
 784 0290 50010000 		.4byte	.LASF38
 785 0294 01       		.byte	0x1
 786 0295 3E       		.byte	0x3e
 787 0296 89000000 		.4byte	0x89
 788 029a 05       		.uleb128 0x5
 789 029b 03       		.byte	0x3
 790 029c 00000000 		.4byte	cySysNoInitDataValid
 791 02a0 1A       		.uleb128 0x1a
 792 02a1 A8000000 		.4byte	.LASF39
 793 02a5 04       		.byte	0x4
 794 02a6 2C       		.byte	0x2c
 795 02a7 7D000000 		.4byte	0x7d
 796 02ab 12       		.uleb128 0x12
 797 02ac 656E6400 		.ascii	"end\000"
 798 02b0 01       		.byte	0x1
 799 02b1 0901     		.2byte	0x109
 800 02b3 5D000000 		.4byte	0x5d
ARM GAS  C:\Users\Janit\AppData\Local\Temp\ccft38qd.s 			page 24


 801 02b7 1B       		.uleb128 0x1b
 802 02b8 CC000000 		.4byte	0xcc
 803 02bc C7020000 		.4byte	0x2c7
 804 02c0 1C       		.uleb128 0x1c
 805 02c1 DF000000 		.4byte	0xdf
 806 02c5 2F       		.byte	0x2f
 807 02c6 00       		.byte	0
 808 02c7 1D       		.uleb128 0x1d
 809 02c8 9B000000 		.4byte	.LASF40
 810 02cc 01       		.byte	0x1
 811 02cd 4C       		.byte	0x4c
 812 02ce B7020000 		.4byte	0x2b7
 813 02d2 05       		.uleb128 0x5
 814 02d3 03       		.byte	0x3
 815 02d4 00000000 		.4byte	CyRamVectors
 816 02d8 1B       		.uleb128 0x1b
 817 02d9 60020000 		.4byte	0x260
 818 02dd E3020000 		.4byte	0x2e3
 819 02e1 1E       		.uleb128 0x1e
 820 02e2 00       		.byte	0
 821 02e3 1A       		.uleb128 0x1a
 822 02e4 E1020000 		.4byte	.LASF41
 823 02e8 01       		.byte	0x1
 824 02e9 D8       		.byte	0xd8
 825 02ea EE020000 		.4byte	0x2ee
 826 02ee 0A       		.uleb128 0xa
 827 02ef D8020000 		.4byte	0x2d8
 828 02f3 1A       		.uleb128 0x1a
 829 02f4 E3000000 		.4byte	.LASF42
 830 02f8 01       		.byte	0x1
 831 02f9 D9       		.byte	0xd9
 832 02fa E8000000 		.4byte	0xe8
 833 02fe 1B       		.uleb128 0x1b
 834 02ff 0E030000 		.4byte	0x30e
 835 0303 0E030000 		.4byte	0x30e
 836 0307 1C       		.uleb128 0x1c
 837 0308 DF000000 		.4byte	0xdf
 838 030c 03       		.byte	0x3
 839 030d 00       		.byte	0
 840 030e 0A       		.uleb128 0xa
 841 030f CC000000 		.4byte	0xcc
 842 0313 1F       		.uleb128 0x1f
 843 0314 33010000 		.4byte	.LASF43
 844 0318 01       		.byte	0x1
 845 0319 AF01     		.2byte	0x1af
 846 031b 25030000 		.4byte	0x325
 847 031f 05       		.uleb128 0x5
 848 0320 03       		.byte	0x3
 849 0321 00000000 		.4byte	RomVectors
 850 0325 0A       		.uleb128 0xa
 851 0326 FE020000 		.4byte	0x2fe
 852 032a 00       		.byte	0
 853              		.section	.debug_abbrev,"",%progbits
 854              	.Ldebug_abbrev0:
 855 0000 01       		.uleb128 0x1
 856 0001 11       		.uleb128 0x11
 857 0002 01       		.byte	0x1
ARM GAS  C:\Users\Janit\AppData\Local\Temp\ccft38qd.s 			page 25


 858 0003 25       		.uleb128 0x25
 859 0004 0E       		.uleb128 0xe
 860 0005 13       		.uleb128 0x13
 861 0006 0B       		.uleb128 0xb
 862 0007 03       		.uleb128 0x3
 863 0008 0E       		.uleb128 0xe
 864 0009 1B       		.uleb128 0x1b
 865 000a 0E       		.uleb128 0xe
 866 000b 55       		.uleb128 0x55
 867 000c 17       		.uleb128 0x17
 868 000d 11       		.uleb128 0x11
 869 000e 01       		.uleb128 0x1
 870 000f 10       		.uleb128 0x10
 871 0010 17       		.uleb128 0x17
 872 0011 00       		.byte	0
 873 0012 00       		.byte	0
 874 0013 02       		.uleb128 0x2
 875 0014 24       		.uleb128 0x24
 876 0015 00       		.byte	0
 877 0016 0B       		.uleb128 0xb
 878 0017 0B       		.uleb128 0xb
 879 0018 3E       		.uleb128 0x3e
 880 0019 0B       		.uleb128 0xb
 881 001a 03       		.uleb128 0x3
 882 001b 0E       		.uleb128 0xe
 883 001c 00       		.byte	0
 884 001d 00       		.byte	0
 885 001e 03       		.uleb128 0x3
 886 001f 24       		.uleb128 0x24
 887 0020 00       		.byte	0
 888 0021 0B       		.uleb128 0xb
 889 0022 0B       		.uleb128 0xb
 890 0023 3E       		.uleb128 0x3e
 891 0024 0B       		.uleb128 0xb
 892 0025 03       		.uleb128 0x3
 893 0026 08       		.uleb128 0x8
 894 0027 00       		.byte	0
 895 0028 00       		.byte	0
 896 0029 04       		.uleb128 0x4
 897 002a 16       		.uleb128 0x16
 898 002b 00       		.byte	0
 899 002c 03       		.uleb128 0x3
 900 002d 0E       		.uleb128 0xe
 901 002e 3A       		.uleb128 0x3a
 902 002f 0B       		.uleb128 0xb
 903 0030 3B       		.uleb128 0x3b
 904 0031 0B       		.uleb128 0xb
 905 0032 49       		.uleb128 0x49
 906 0033 13       		.uleb128 0x13
 907 0034 00       		.byte	0
 908 0035 00       		.byte	0
 909 0036 05       		.uleb128 0x5
 910 0037 16       		.uleb128 0x16
 911 0038 00       		.byte	0
 912 0039 03       		.uleb128 0x3
 913 003a 0E       		.uleb128 0xe
 914 003b 3A       		.uleb128 0x3a
ARM GAS  C:\Users\Janit\AppData\Local\Temp\ccft38qd.s 			page 26


 915 003c 0B       		.uleb128 0xb
 916 003d 3B       		.uleb128 0x3b
 917 003e 05       		.uleb128 0x5
 918 003f 49       		.uleb128 0x49
 919 0040 13       		.uleb128 0x13
 920 0041 00       		.byte	0
 921 0042 00       		.byte	0
 922 0043 06       		.uleb128 0x6
 923 0044 35       		.uleb128 0x35
 924 0045 00       		.byte	0
 925 0046 49       		.uleb128 0x49
 926 0047 13       		.uleb128 0x13
 927 0048 00       		.byte	0
 928 0049 00       		.byte	0
 929 004a 07       		.uleb128 0x7
 930 004b 0F       		.uleb128 0xf
 931 004c 00       		.byte	0
 932 004d 0B       		.uleb128 0xb
 933 004e 0B       		.uleb128 0xb
 934 004f 49       		.uleb128 0x49
 935 0050 13       		.uleb128 0x13
 936 0051 00       		.byte	0
 937 0052 00       		.byte	0
 938 0053 08       		.uleb128 0x8
 939 0054 15       		.uleb128 0x15
 940 0055 00       		.byte	0
 941 0056 27       		.uleb128 0x27
 942 0057 19       		.uleb128 0x19
 943 0058 00       		.byte	0
 944 0059 00       		.byte	0
 945 005a 09       		.uleb128 0x9
 946 005b 0F       		.uleb128 0xf
 947 005c 00       		.byte	0
 948 005d 0B       		.uleb128 0xb
 949 005e 0B       		.uleb128 0xb
 950 005f 00       		.byte	0
 951 0060 00       		.byte	0
 952 0061 0A       		.uleb128 0xa
 953 0062 26       		.uleb128 0x26
 954 0063 00       		.byte	0
 955 0064 49       		.uleb128 0x49
 956 0065 13       		.uleb128 0x13
 957 0066 00       		.byte	0
 958 0067 00       		.byte	0
 959 0068 0B       		.uleb128 0xb
 960 0069 13       		.uleb128 0x13
 961 006a 01       		.byte	0x1
 962 006b 03       		.uleb128 0x3
 963 006c 0E       		.uleb128 0xe
 964 006d 0B       		.uleb128 0xb
 965 006e 0B       		.uleb128 0xb
 966 006f 3A       		.uleb128 0x3a
 967 0070 0B       		.uleb128 0xb
 968 0071 3B       		.uleb128 0x3b
 969 0072 0B       		.uleb128 0xb
 970 0073 01       		.uleb128 0x1
 971 0074 13       		.uleb128 0x13
ARM GAS  C:\Users\Janit\AppData\Local\Temp\ccft38qd.s 			page 27


 972 0075 00       		.byte	0
 973 0076 00       		.byte	0
 974 0077 0C       		.uleb128 0xc
 975 0078 0D       		.uleb128 0xd
 976 0079 00       		.byte	0
 977 007a 03       		.uleb128 0x3
 978 007b 0E       		.uleb128 0xe
 979 007c 3A       		.uleb128 0x3a
 980 007d 0B       		.uleb128 0xb
 981 007e 3B       		.uleb128 0x3b
 982 007f 0B       		.uleb128 0xb
 983 0080 49       		.uleb128 0x49
 984 0081 13       		.uleb128 0x13
 985 0082 38       		.uleb128 0x38
 986 0083 0B       		.uleb128 0xb
 987 0084 00       		.byte	0
 988 0085 00       		.byte	0
 989 0086 0D       		.uleb128 0xd
 990 0087 2E       		.uleb128 0x2e
 991 0088 00       		.byte	0
 992 0089 3F       		.uleb128 0x3f
 993 008a 19       		.uleb128 0x19
 994 008b 03       		.uleb128 0x3
 995 008c 0E       		.uleb128 0xe
 996 008d 3A       		.uleb128 0x3a
 997 008e 0B       		.uleb128 0xb
 998 008f 3B       		.uleb128 0x3b
 999 0090 0B       		.uleb128 0xb
 1000 0091 27       		.uleb128 0x27
 1001 0092 19       		.uleb128 0x19
 1002 0093 11       		.uleb128 0x11
 1003 0094 01       		.uleb128 0x1
 1004 0095 12       		.uleb128 0x12
 1005 0096 06       		.uleb128 0x6
 1006 0097 40       		.uleb128 0x40
 1007 0098 18       		.uleb128 0x18
 1008 0099 9642     		.uleb128 0x2116
 1009 009b 19       		.uleb128 0x19
 1010 009c 00       		.byte	0
 1011 009d 00       		.byte	0
 1012 009e 0E       		.uleb128 0xe
 1013 009f 2E       		.uleb128 0x2e
 1014 00a0 01       		.byte	0x1
 1015 00a1 3F       		.uleb128 0x3f
 1016 00a2 19       		.uleb128 0x19
 1017 00a3 03       		.uleb128 0x3
 1018 00a4 0E       		.uleb128 0xe
 1019 00a5 3A       		.uleb128 0x3a
 1020 00a6 0B       		.uleb128 0xb
 1021 00a7 3B       		.uleb128 0x3b
 1022 00a8 0B       		.uleb128 0xb
 1023 00a9 27       		.uleb128 0x27
 1024 00aa 19       		.uleb128 0x19
 1025 00ab 8701     		.uleb128 0x87
 1026 00ad 19       		.uleb128 0x19
 1027 00ae 11       		.uleb128 0x11
 1028 00af 01       		.uleb128 0x1
ARM GAS  C:\Users\Janit\AppData\Local\Temp\ccft38qd.s 			page 28


 1029 00b0 12       		.uleb128 0x12
 1030 00b1 06       		.uleb128 0x6
 1031 00b2 40       		.uleb128 0x40
 1032 00b3 18       		.uleb128 0x18
 1033 00b4 9642     		.uleb128 0x2116
 1034 00b6 19       		.uleb128 0x19
 1035 00b7 01       		.uleb128 0x1
 1036 00b8 13       		.uleb128 0x13
 1037 00b9 00       		.byte	0
 1038 00ba 00       		.byte	0
 1039 00bb 0F       		.uleb128 0xf
 1040 00bc 05       		.uleb128 0x5
 1041 00bd 00       		.byte	0
 1042 00be 03       		.uleb128 0x3
 1043 00bf 0E       		.uleb128 0xe
 1044 00c0 3A       		.uleb128 0x3a
 1045 00c1 0B       		.uleb128 0xb
 1046 00c2 3B       		.uleb128 0x3b
 1047 00c3 0B       		.uleb128 0xb
 1048 00c4 49       		.uleb128 0x49
 1049 00c5 13       		.uleb128 0x13
 1050 00c6 02       		.uleb128 0x2
 1051 00c7 18       		.uleb128 0x18
 1052 00c8 00       		.byte	0
 1053 00c9 00       		.byte	0
 1054 00ca 10       		.uleb128 0x10
 1055 00cb 2E       		.uleb128 0x2e
 1056 00cc 01       		.byte	0x1
 1057 00cd 3F       		.uleb128 0x3f
 1058 00ce 19       		.uleb128 0x19
 1059 00cf 03       		.uleb128 0x3
 1060 00d0 0E       		.uleb128 0xe
 1061 00d1 3A       		.uleb128 0x3a
 1062 00d2 0B       		.uleb128 0xb
 1063 00d3 3B       		.uleb128 0x3b
 1064 00d4 05       		.uleb128 0x5
 1065 00d5 27       		.uleb128 0x27
 1066 00d6 19       		.uleb128 0x19
 1067 00d7 49       		.uleb128 0x49
 1068 00d8 13       		.uleb128 0x13
 1069 00d9 11       		.uleb128 0x11
 1070 00da 01       		.uleb128 0x1
 1071 00db 12       		.uleb128 0x12
 1072 00dc 06       		.uleb128 0x6
 1073 00dd 40       		.uleb128 0x40
 1074 00de 18       		.uleb128 0x18
 1075 00df 9642     		.uleb128 0x2116
 1076 00e1 19       		.uleb128 0x19
 1077 00e2 01       		.uleb128 0x1
 1078 00e3 13       		.uleb128 0x13
 1079 00e4 00       		.byte	0
 1080 00e5 00       		.byte	0
 1081 00e6 11       		.uleb128 0x11
 1082 00e7 05       		.uleb128 0x5
 1083 00e8 00       		.byte	0
 1084 00e9 03       		.uleb128 0x3
 1085 00ea 0E       		.uleb128 0xe
ARM GAS  C:\Users\Janit\AppData\Local\Temp\ccft38qd.s 			page 29


 1086 00eb 3A       		.uleb128 0x3a
 1087 00ec 0B       		.uleb128 0xb
 1088 00ed 3B       		.uleb128 0x3b
 1089 00ee 05       		.uleb128 0x5
 1090 00ef 49       		.uleb128 0x49
 1091 00f0 13       		.uleb128 0x13
 1092 00f1 02       		.uleb128 0x2
 1093 00f2 18       		.uleb128 0x18
 1094 00f3 00       		.byte	0
 1095 00f4 00       		.byte	0
 1096 00f5 12       		.uleb128 0x12
 1097 00f6 34       		.uleb128 0x34
 1098 00f7 00       		.byte	0
 1099 00f8 03       		.uleb128 0x3
 1100 00f9 08       		.uleb128 0x8
 1101 00fa 3A       		.uleb128 0x3a
 1102 00fb 0B       		.uleb128 0xb
 1103 00fc 3B       		.uleb128 0x3b
 1104 00fd 05       		.uleb128 0x5
 1105 00fe 49       		.uleb128 0x49
 1106 00ff 13       		.uleb128 0x13
 1107 0100 3F       		.uleb128 0x3f
 1108 0101 19       		.uleb128 0x19
 1109 0102 3C       		.uleb128 0x3c
 1110 0103 19       		.uleb128 0x19
 1111 0104 00       		.byte	0
 1112 0105 00       		.byte	0
 1113 0106 13       		.uleb128 0x13
 1114 0107 34       		.uleb128 0x34
 1115 0108 00       		.byte	0
 1116 0109 03       		.uleb128 0x3
 1117 010a 0E       		.uleb128 0xe
 1118 010b 3A       		.uleb128 0x3a
 1119 010c 0B       		.uleb128 0xb
 1120 010d 3B       		.uleb128 0x3b
 1121 010e 05       		.uleb128 0x5
 1122 010f 49       		.uleb128 0x49
 1123 0110 13       		.uleb128 0x13
 1124 0111 02       		.uleb128 0x2
 1125 0112 18       		.uleb128 0x18
 1126 0113 00       		.byte	0
 1127 0114 00       		.byte	0
 1128 0115 14       		.uleb128 0x14
 1129 0116 2E       		.uleb128 0x2e
 1130 0117 00       		.byte	0
 1131 0118 3F       		.uleb128 0x3f
 1132 0119 19       		.uleb128 0x19
 1133 011a 03       		.uleb128 0x3
 1134 011b 0E       		.uleb128 0xe
 1135 011c 3A       		.uleb128 0x3a
 1136 011d 0B       		.uleb128 0xb
 1137 011e 3B       		.uleb128 0x3b
 1138 011f 05       		.uleb128 0x5
 1139 0120 27       		.uleb128 0x27
 1140 0121 19       		.uleb128 0x19
 1141 0122 11       		.uleb128 0x11
 1142 0123 01       		.uleb128 0x1
ARM GAS  C:\Users\Janit\AppData\Local\Temp\ccft38qd.s 			page 30


 1143 0124 12       		.uleb128 0x12
 1144 0125 06       		.uleb128 0x6
 1145 0126 40       		.uleb128 0x40
 1146 0127 18       		.uleb128 0x18
 1147 0128 9642     		.uleb128 0x2116
 1148 012a 19       		.uleb128 0x19
 1149 012b 00       		.byte	0
 1150 012c 00       		.byte	0
 1151 012d 15       		.uleb128 0x15
 1152 012e 2E       		.uleb128 0x2e
 1153 012f 01       		.byte	0x1
 1154 0130 3F       		.uleb128 0x3f
 1155 0131 19       		.uleb128 0x19
 1156 0132 03       		.uleb128 0x3
 1157 0133 0E       		.uleb128 0xe
 1158 0134 3A       		.uleb128 0x3a
 1159 0135 0B       		.uleb128 0xb
 1160 0136 3B       		.uleb128 0x3b
 1161 0137 05       		.uleb128 0x5
 1162 0138 27       		.uleb128 0x27
 1163 0139 19       		.uleb128 0x19
 1164 013a 8701     		.uleb128 0x87
 1165 013c 19       		.uleb128 0x19
 1166 013d 11       		.uleb128 0x11
 1167 013e 01       		.uleb128 0x1
 1168 013f 12       		.uleb128 0x12
 1169 0140 06       		.uleb128 0x6
 1170 0141 40       		.uleb128 0x40
 1171 0142 18       		.uleb128 0x18
 1172 0143 9642     		.uleb128 0x2116
 1173 0145 19       		.uleb128 0x19
 1174 0146 01       		.uleb128 0x1
 1175 0147 13       		.uleb128 0x13
 1176 0148 00       		.byte	0
 1177 0149 00       		.byte	0
 1178 014a 16       		.uleb128 0x16
 1179 014b 0B       		.uleb128 0xb
 1180 014c 01       		.byte	0x1
 1181 014d 11       		.uleb128 0x11
 1182 014e 01       		.uleb128 0x1
 1183 014f 12       		.uleb128 0x12
 1184 0150 06       		.uleb128 0x6
 1185 0151 00       		.byte	0
 1186 0152 00       		.byte	0
 1187 0153 17       		.uleb128 0x17
 1188 0154 34       		.uleb128 0x34
 1189 0155 00       		.byte	0
 1190 0156 03       		.uleb128 0x3
 1191 0157 08       		.uleb128 0x8
 1192 0158 3A       		.uleb128 0x3a
 1193 0159 0B       		.uleb128 0xb
 1194 015a 3B       		.uleb128 0x3b
 1195 015b 05       		.uleb128 0x5
 1196 015c 49       		.uleb128 0x49
 1197 015d 13       		.uleb128 0x13
 1198 015e 02       		.uleb128 0x2
 1199 015f 18       		.uleb128 0x18
ARM GAS  C:\Users\Janit\AppData\Local\Temp\ccft38qd.s 			page 31


 1200 0160 00       		.byte	0
 1201 0161 00       		.byte	0
 1202 0162 18       		.uleb128 0x18
 1203 0163 2E       		.uleb128 0x2e
 1204 0164 01       		.byte	0x1
 1205 0165 3F       		.uleb128 0x3f
 1206 0166 19       		.uleb128 0x19
 1207 0167 03       		.uleb128 0x3
 1208 0168 0E       		.uleb128 0xe
 1209 0169 3A       		.uleb128 0x3a
 1210 016a 0B       		.uleb128 0xb
 1211 016b 3B       		.uleb128 0x3b
 1212 016c 05       		.uleb128 0x5
 1213 016d 27       		.uleb128 0x27
 1214 016e 19       		.uleb128 0x19
 1215 016f 11       		.uleb128 0x11
 1216 0170 01       		.uleb128 0x1
 1217 0171 12       		.uleb128 0x12
 1218 0172 06       		.uleb128 0x6
 1219 0173 40       		.uleb128 0x40
 1220 0174 18       		.uleb128 0x18
 1221 0175 9642     		.uleb128 0x2116
 1222 0177 19       		.uleb128 0x19
 1223 0178 01       		.uleb128 0x1
 1224 0179 13       		.uleb128 0x13
 1225 017a 00       		.byte	0
 1226 017b 00       		.byte	0
 1227 017c 19       		.uleb128 0x19
 1228 017d 34       		.uleb128 0x34
 1229 017e 00       		.byte	0
 1230 017f 03       		.uleb128 0x3
 1231 0180 0E       		.uleb128 0xe
 1232 0181 3A       		.uleb128 0x3a
 1233 0182 0B       		.uleb128 0xb
 1234 0183 3B       		.uleb128 0x3b
 1235 0184 0B       		.uleb128 0xb
 1236 0185 49       		.uleb128 0x49
 1237 0186 13       		.uleb128 0x13
 1238 0187 02       		.uleb128 0x2
 1239 0188 18       		.uleb128 0x18
 1240 0189 00       		.byte	0
 1241 018a 00       		.byte	0
 1242 018b 1A       		.uleb128 0x1a
 1243 018c 34       		.uleb128 0x34
 1244 018d 00       		.byte	0
 1245 018e 03       		.uleb128 0x3
 1246 018f 0E       		.uleb128 0xe
 1247 0190 3A       		.uleb128 0x3a
 1248 0191 0B       		.uleb128 0xb
 1249 0192 3B       		.uleb128 0x3b
 1250 0193 0B       		.uleb128 0xb
 1251 0194 49       		.uleb128 0x49
 1252 0195 13       		.uleb128 0x13
 1253 0196 3F       		.uleb128 0x3f
 1254 0197 19       		.uleb128 0x19
 1255 0198 3C       		.uleb128 0x3c
 1256 0199 19       		.uleb128 0x19
ARM GAS  C:\Users\Janit\AppData\Local\Temp\ccft38qd.s 			page 32


 1257 019a 00       		.byte	0
 1258 019b 00       		.byte	0
 1259 019c 1B       		.uleb128 0x1b
 1260 019d 01       		.uleb128 0x1
 1261 019e 01       		.byte	0x1
 1262 019f 49       		.uleb128 0x49
 1263 01a0 13       		.uleb128 0x13
 1264 01a1 01       		.uleb128 0x1
 1265 01a2 13       		.uleb128 0x13
 1266 01a3 00       		.byte	0
 1267 01a4 00       		.byte	0
 1268 01a5 1C       		.uleb128 0x1c
 1269 01a6 21       		.uleb128 0x21
 1270 01a7 00       		.byte	0
 1271 01a8 49       		.uleb128 0x49
 1272 01a9 13       		.uleb128 0x13
 1273 01aa 2F       		.uleb128 0x2f
 1274 01ab 0B       		.uleb128 0xb
 1275 01ac 00       		.byte	0
 1276 01ad 00       		.byte	0
 1277 01ae 1D       		.uleb128 0x1d
 1278 01af 34       		.uleb128 0x34
 1279 01b0 00       		.byte	0
 1280 01b1 03       		.uleb128 0x3
 1281 01b2 0E       		.uleb128 0xe
 1282 01b3 3A       		.uleb128 0x3a
 1283 01b4 0B       		.uleb128 0xb
 1284 01b5 3B       		.uleb128 0x3b
 1285 01b6 0B       		.uleb128 0xb
 1286 01b7 49       		.uleb128 0x49
 1287 01b8 13       		.uleb128 0x13
 1288 01b9 3F       		.uleb128 0x3f
 1289 01ba 19       		.uleb128 0x19
 1290 01bb 02       		.uleb128 0x2
 1291 01bc 18       		.uleb128 0x18
 1292 01bd 00       		.byte	0
 1293 01be 00       		.byte	0
 1294 01bf 1E       		.uleb128 0x1e
 1295 01c0 21       		.uleb128 0x21
 1296 01c1 00       		.byte	0
 1297 01c2 00       		.byte	0
 1298 01c3 00       		.byte	0
 1299 01c4 1F       		.uleb128 0x1f
 1300 01c5 34       		.uleb128 0x34
 1301 01c6 00       		.byte	0
 1302 01c7 03       		.uleb128 0x3
 1303 01c8 0E       		.uleb128 0xe
 1304 01c9 3A       		.uleb128 0x3a
 1305 01ca 0B       		.uleb128 0xb
 1306 01cb 3B       		.uleb128 0x3b
 1307 01cc 05       		.uleb128 0x5
 1308 01cd 49       		.uleb128 0x49
 1309 01ce 13       		.uleb128 0x13
 1310 01cf 3F       		.uleb128 0x3f
 1311 01d0 19       		.uleb128 0x19
 1312 01d1 02       		.uleb128 0x2
 1313 01d2 18       		.uleb128 0x18
ARM GAS  C:\Users\Janit\AppData\Local\Temp\ccft38qd.s 			page 33


 1314 01d3 00       		.byte	0
 1315 01d4 00       		.byte	0
 1316 01d5 00       		.byte	0
 1317              		.section	.debug_aranges,"",%progbits
 1318 0000 44000000 		.4byte	0x44
 1319 0004 0200     		.2byte	0x2
 1320 0006 00000000 		.4byte	.Ldebug_info0
 1321 000a 04       		.byte	0x4
 1322 000b 00       		.byte	0
 1323 000c 0000     		.2byte	0
 1324 000e 0000     		.2byte	0
 1325 0010 00000000 		.4byte	.LFB0
 1326 0014 14000000 		.4byte	.LFE0-.LFB0
 1327 0018 00000000 		.4byte	.LFB1
 1328 001c 14000000 		.4byte	.LFE1-.LFB1
 1329 0020 00000000 		.4byte	.LFB2
 1330 0024 50000000 		.4byte	.LFE2-.LFB2
 1331 0028 00000000 		.4byte	.LFB3
 1332 002c 28000000 		.4byte	.LFE3-.LFB3
 1333 0030 00000000 		.4byte	.LFB4
 1334 0034 98000000 		.4byte	.LFE4-.LFB4
 1335 0038 00000000 		.4byte	.LFB5
 1336 003c 90000000 		.4byte	.LFE5-.LFB5
 1337 0040 00000000 		.4byte	0
 1338 0044 00000000 		.4byte	0
 1339              		.section	.debug_ranges,"",%progbits
 1340              	.Ldebug_ranges0:
 1341 0000 00000000 		.4byte	.LFB0
 1342 0004 14000000 		.4byte	.LFE0
 1343 0008 00000000 		.4byte	.LFB1
 1344 000c 14000000 		.4byte	.LFE1
 1345 0010 00000000 		.4byte	.LFB2
 1346 0014 50000000 		.4byte	.LFE2
 1347 0018 00000000 		.4byte	.LFB3
 1348 001c 28000000 		.4byte	.LFE3
 1349 0020 00000000 		.4byte	.LFB4
 1350 0024 98000000 		.4byte	.LFE4
 1351 0028 00000000 		.4byte	.LFB5
 1352 002c 90000000 		.4byte	.LFE5
 1353 0030 00000000 		.4byte	0
 1354 0034 00000000 		.4byte	0
 1355              		.section	.debug_line,"",%progbits
 1356              	.Ldebug_line0:
 1357 0000 D7010000 		.section	.debug_str,"MS",%progbits,1
 1357      0200D200 
 1357      00000201 
 1357      FB0E0D00 
 1357      01010101 
 1358              	.LASF17:
 1359 0000 72656733 		.ascii	"reg32\000"
 1359      3200
 1360              	.LASF10:
 1361 0006 73697A65 		.ascii	"size_t\000"
 1361      5F7400
 1362              	.LASF44:
 1363 000d 474E5520 		.ascii	"GNU C11 5.4.1 20160609 (release) [ARM/embedded-5-br"
 1363      43313120 
ARM GAS  C:\Users\Janit\AppData\Local\Temp\ccft38qd.s 			page 34


 1363      352E342E 
 1363      31203230 
 1363      31363036 
 1364 0040 616E6368 		.ascii	"anch revision 237715] -mcpu=cortex-m3 -mthumb -g -O"
 1364      20726576 
 1364      6973696F 
 1364      6E203233 
 1364      37373135 
 1365 0073 30202D66 		.ascii	"0 -ffunction-sections -ffat-lto-objects\000"
 1365      66756E63 
 1365      74696F6E 
 1365      2D736563 
 1365      74696F6E 
 1366              	.LASF40:
 1367 009b 43795261 		.ascii	"CyRamVectors\000"
 1367      6D566563 
 1367      746F7273 
 1367      00
 1368              	.LASF39:
 1369 00a8 43795265 		.ascii	"CyResetStatus\000"
 1369      73657453 
 1369      74617475 
 1369      7300
 1370              	.LASF33:
 1371 00b6 53746172 		.ascii	"Start_c\000"
 1371      745F6300 
 1372              	.LASF37:
 1373 00be 636F756E 		.ascii	"count\000"
 1373      7400
 1374              	.LASF30:
 1375 00c4 68656170 		.ascii	"heapPointer\000"
 1375      506F696E 
 1375      74657200 
 1376              	.LASF3:
 1377 00d0 73686F72 		.ascii	"short unsigned int\000"
 1377      7420756E 
 1377      7369676E 
 1377      65642069 
 1377      6E7400
 1378              	.LASF42:
 1379 00e3 5F5F6379 		.ascii	"__cy_region_num\000"
 1379      5F726567 
 1379      696F6E5F 
 1379      6E756D00 
 1380              	.LASF21:
 1381 00f3 696E6974 		.ascii	"init\000"
 1381      00
 1382              	.LASF27:
 1383 00f8 73746174 		.ascii	"status\000"
 1383      757300
 1384              	.LASF24:
 1385 00ff 7A65726F 		.ascii	"zero_size\000"
 1385      5F73697A 
 1385      6500
 1386              	.LASF35:
 1387 0109 72707472 		.ascii	"rptr\000"
 1387      00
ARM GAS  C:\Users\Janit\AppData\Local\Temp\ccft38qd.s 			page 35


 1388              	.LASF13:
 1389 010e 666C6F61 		.ascii	"float\000"
 1389      7400
 1390              	.LASF22:
 1391 0114 64617461 		.ascii	"data\000"
 1391      00
 1392              	.LASF1:
 1393 0119 756E7369 		.ascii	"unsigned char\000"
 1393      676E6564 
 1393      20636861 
 1393      7200
 1394              	.LASF29:
 1395 0127 72657475 		.ascii	"returnValue\000"
 1395      726E5661 
 1395      6C756500 
 1396              	.LASF43:
 1397 0133 526F6D56 		.ascii	"RomVectors\000"
 1397      6563746F 
 1397      727300
 1398              	.LASF5:
 1399 013e 6C6F6E67 		.ascii	"long unsigned int\000"
 1399      20756E73 
 1399      69676E65 
 1399      6420696E 
 1399      7400
 1400              	.LASF38:
 1401 0150 63795379 		.ascii	"cySysNoInitDataValid\000"
 1401      734E6F49 
 1401      6E697444 
 1401      61746156 
 1401      616C6964 
 1402              	.LASF11:
 1403 0165 75696E74 		.ascii	"uint8\000"
 1403      3800
 1404              	.LASF32:
 1405 016b 52657365 		.ascii	"Reset\000"
 1405      7400
 1406              	.LASF25:
 1407 0171 5F657869 		.ascii	"_exit\000"
 1407      7400
 1408              	.LASF45:
 1409 0177 47656E65 		.ascii	"Generated_Source\\PSoC5\\Cm3Start.c\000"
 1409      72617465 
 1409      645F536F 
 1409      75726365 
 1409      5C50536F 
 1410              	.LASF26:
 1411 0199 5F736272 		.ascii	"_sbrk\000"
 1411      6B00
 1412              	.LASF14:
 1413 019f 646F7562 		.ascii	"double\000"
 1413      6C6500
 1414              	.LASF48:
 1415 01a6 696E6974 		.ascii	"initialize_psoc\000"
 1415      69616C69 
 1415      7A655F70 
 1415      736F6300 
ARM GAS  C:\Users\Janit\AppData\Local\Temp\ccft38qd.s 			page 36


 1416              	.LASF12:
 1417 01b6 75696E74 		.ascii	"uint32\000"
 1417      333200
 1418              	.LASF8:
 1419 01bd 756E7369 		.ascii	"unsigned int\000"
 1419      676E6564 
 1419      20696E74 
 1419      00
 1420              	.LASF7:
 1421 01ca 6C6F6E67 		.ascii	"long long unsigned int\000"
 1421      206C6F6E 
 1421      6720756E 
 1421      7369676E 
 1421      65642069 
 1422              	.LASF36:
 1423 01e1 6C696D69 		.ascii	"limit\000"
 1423      7400
 1424              	.LASF18:
 1425 01e7 63796973 		.ascii	"cyisraddress\000"
 1425      72616464 
 1425      72657373 
 1425      00
 1426              	.LASF23:
 1427 01f4 696E6974 		.ascii	"init_size\000"
 1427      5F73697A 
 1427      6500
 1428              	.LASF20:
 1429 01fe 5F5F6379 		.ascii	"__cy_byte_align8\000"
 1429      5F627974 
 1429      655F616C 
 1429      69676E38 
 1429      00
 1430              	.LASF16:
 1431 020f 72656738 		.ascii	"reg8\000"
 1431      00
 1432              	.LASF19:
 1433 0214 73697A65 		.ascii	"sizetype\000"
 1433      74797065 
 1433      00
 1434              	.LASF6:
 1435 021d 6C6F6E67 		.ascii	"long long int\000"
 1435      206C6F6E 
 1435      6720696E 
 1435      7400
 1436              	.LASF15:
 1437 022b 63686172 		.ascii	"char\000"
 1437      00
 1438              	.LASF46:
 1439 0230 443A5C44 		.ascii	"D:\\Documents\\UOA\\2023\\Semester 2\\COMPSYS301\\r"
 1439      6F63756D 
 1439      656E7473 
 1439      5C554F41 
 1439      5C323032 
 1440 025d 65706F73 		.ascii	"epos\\12_Cypress_LineFollowingRobot\\Janith\\PSOC\\"
 1440      5C31325F 
 1440      43797072 
 1440      6573735F 
ARM GAS  C:\Users\Janit\AppData\Local\Temp\ccft38qd.s 			page 37


 1440      4C696E65 
 1441 028c 73656E73 		.ascii	"sensor_motor_demo.cydsn\000"
 1441      6F725F6D 
 1441      6F746F72 
 1441      5F64656D 
 1441      6F2E6379 
 1442              	.LASF2:
 1443 02a4 73686F72 		.ascii	"short int\000"
 1443      7420696E 
 1443      7400
 1444              	.LASF4:
 1445 02ae 6C6F6E67 		.ascii	"long int\000"
 1445      20696E74 
 1445      00
 1446              	.LASF9:
 1447 02b7 6C6F6E67 		.ascii	"long double\000"
 1447      20646F75 
 1447      626C6500 
 1448              	.LASF0:
 1449 02c3 7369676E 		.ascii	"signed char\000"
 1449      65642063 
 1449      68617200 
 1450              	.LASF31:
 1451 02cf 496E7444 		.ascii	"IntDefaultHandler\000"
 1451      65666175 
 1451      6C744861 
 1451      6E646C65 
 1451      7200
 1452              	.LASF41:
 1453 02e1 5F5F6379 		.ascii	"__cy_regions\000"
 1453      5F726567 
 1453      696F6E73 
 1453      00
 1454              	.LASF34:
 1455 02ee 72656769 		.ascii	"regions\000"
 1455      6F6E7300 
 1456              	.LASF28:
 1457 02f6 6E627974 		.ascii	"nbytes\000"
 1457      657300
 1458              	.LASF47:
 1459 02fd 5F5F6379 		.ascii	"__cy_region\000"
 1459      5F726567 
 1459      696F6E00 
 1460              		.ident	"GCC: (GNU Tools for ARM Embedded Processors) 5.4.1 20160609 (release) [ARM/embedded-5-bran
