ARM GAS  C:\Users\Janit\AppData\Local\Temp\ccvzHjO4.s 			page 1


   1              		.syntax unified
   2              		.cpu cortex-m3
   3              		.fpu softvfp
   4              		.eabi_attribute 20, 1
   5              		.eabi_attribute 21, 1
   6              		.eabi_attribute 23, 3
   7              		.eabi_attribute 24, 1
   8              		.eabi_attribute 25, 1
   9              		.eabi_attribute 26, 1
  10              		.eabi_attribute 30, 6
  11              		.eabi_attribute 34, 1
  12              		.eabi_attribute 18, 4
  13              		.thumb
  14              		.syntax unified
  15              		.file	"cymetadata.c"
  16              		.text
  17              	.Ltext0:
  18              		.cfi_sections	.debug_frame
  19              		.global	cy_meta_configecc
  20              		.section	.cyconfigecc,"a",%progbits
  21              		.align	2
  22              		.type	cy_meta_configecc, %object
  23              		.size	cy_meta_configecc, 368
  24              	cy_meta_configecc:
  25 0000 02       		.byte	2
  26 0001 4F       		.byte	79
  27 0002 00       		.byte	0
  28 0003 40       		.byte	64
  29 0004 07       		.byte	7
  30 0005 52       		.byte	82
  31 0006 00       		.byte	0
  32 0007 40       		.byte	64
  33 0008 01       		.byte	1
  34 0009 05       		.byte	5
  35 000a 01       		.byte	1
  36 000b 40       		.byte	64
  37 000c 01       		.byte	1
  38 000d 0B       		.byte	11
  39 000e 01       		.byte	1
  40 000f 40       		.byte	64
  41 0010 08       		.byte	8
  42 0011 14       		.byte	20
  43 0012 01       		.byte	1
  44 0013 40       		.byte	64
  45 0014 0C       		.byte	12
  46 0015 15       		.byte	21
  47 0016 01       		.byte	1
  48 0017 40       		.byte	64
  49 0018 06       		.byte	6
  50 0019 17       		.byte	23
  51 001a 01       		.byte	1
  52 001b 40       		.byte	64
  53 001c 03       		.byte	3
  54 001d 19       		.byte	25
  55 001e 01       		.byte	1
  56 001f 40       		.byte	64
  57 0020 02       		.byte	2
ARM GAS  C:\Users\Janit\AppData\Local\Temp\ccvzHjO4.s 			page 2


  58 0021 1B       		.byte	27
  59 0022 01       		.byte	1
  60 0023 40       		.byte	64
  61 0024 04       		.byte	4
  62 0025 41       		.byte	65
  63 0026 01       		.byte	1
  64 0027 40       		.byte	64
  65 0028 07       		.byte	7
  66 0029 42       		.byte	66
  67 002a 01       		.byte	1
  68 002b 40       		.byte	64
  69 002c 07       		.byte	7
  70 002d 43       		.byte	67
  71 002e 01       		.byte	1
  72 002f 40       		.byte	64
  73 0030 02       		.byte	2
  74 0031 45       		.byte	69
  75 0032 01       		.byte	1
  76 0033 40       		.byte	64
  77 0034 01       		.byte	1
  78 0035 46       		.byte	70
  79 0036 01       		.byte	1
  80 0037 40       		.byte	64
  81 0038 10       		.byte	16
  82 0039 48       		.byte	72
  83 003a 01       		.byte	1
  84 003b 40       		.byte	64
  85 003c 14       		.byte	20
  86 003d 49       		.byte	73
  87 003e 01       		.byte	1
  88 003f 40       		.byte	64
  89 0040 0D       		.byte	13
  90 0041 4C       		.byte	76
  91 0042 01       		.byte	1
  92 0043 40       		.byte	64
  93 0044 03       		.byte	3
  94 0045 4D       		.byte	77
  95 0046 01       		.byte	1
  96 0047 40       		.byte	64
  97 0048 0A       		.byte	10
  98 0049 36       		.byte	54
  99 004a 16       		.byte	22
 100 004b 1B       		.byte	27
 101 004c 09       		.byte	9
 102 004d 18       		.byte	24
 103 004e 18       		.byte	24
 104 004f A0       		.byte	-96
 105 0050 19       		.byte	25
 106 0051 20       		.byte	32
 107 0052 60       		.byte	96
 108 0053 06       		.byte	6
 109 0054 61       		.byte	97
 110 0055 05       		.byte	5
 111 0056 78       		.byte	120
 112 0057 03       		.byte	3
 113 0058 79       		.byte	121
 114 0059 05       		.byte	5
ARM GAS  C:\Users\Janit\AppData\Local\Temp\ccvzHjO4.s 			page 3


 115 005a EE       		.byte	-18
 116 005b 08       		.byte	8
 117 005c EE       		.byte	-18
 118 005d 08       		.byte	8
 119 005e 18       		.byte	24
 120 005f 02       		.byte	2
 121 0060 28       		.byte	40
 122 0061 01       		.byte	1
 123 0062 30       		.byte	48
 124 0063 01       		.byte	1
 125 0064 34       		.byte	52
 126 0065 02       		.byte	2
 127 0066 38       		.byte	56
 128 0067 08       		.byte	8
 129 0068 3E       		.byte	62
 130 0069 15       		.byte	21
 131 006a 58       		.byte	88
 132 006b 04       		.byte	4
 133 006c 5F       		.byte	95
 134 006d 01       		.byte	1
 135 006e 0B       		.byte	11
 136 006f 08       		.byte	8
 137 0070 11       		.byte	17
 138 0071 10       		.byte	16
 139 0072 19       		.byte	25
 140 0073 2A       		.byte	42
 141 0074 85       		.byte	-123
 142 0075 28       		.byte	40
 143 0076 91       		.byte	-111
 144 0077 10       		.byte	16
 145 0078 93       		.byte	-109
 146 0079 08       		.byte	8
 147 007a 9D       		.byte	-99
 148 007b 02       		.byte	2
 149 007c AF       		.byte	-81
 150 007d 04       		.byte	4
 151 007e C2       		.byte	-62
 152 007f 02       		.byte	2
 153 0080 C4       		.byte	-60
 154 0081 02       		.byte	2
 155 0082 E4       		.byte	-28
 156 0083 08       		.byte	8
 157 0084 EA       		.byte	-22
 158 0085 01       		.byte	1
 159 0086 85       		.byte	-123
 160 0087 02       		.byte	2
 161 0088 91       		.byte	-111
 162 0089 10       		.byte	16
 163 008a AD       		.byte	-83
 164 008b 10       		.byte	16
 165 008c E2       		.byte	-30
 166 008d 02       		.byte	2
 167 008e E4       		.byte	-28
 168 008f 08       		.byte	8
 169 0090 E8       		.byte	-24
 170 0091 10       		.byte	16
 171 0092 E2       		.byte	-30
ARM GAS  C:\Users\Janit\AppData\Local\Temp\ccvzHjO4.s 			page 4


 172 0093 02       		.byte	2
 173 0094 E4       		.byte	-28
 174 0095 08       		.byte	8
 175 0096 E8       		.byte	-24
 176 0097 10       		.byte	16
 177 0098 E4       		.byte	-28
 178 0099 08       		.byte	8
 179 009a EA       		.byte	-22
 180 009b 01       		.byte	1
 181 009c 06       		.byte	6
 182 009d 02       		.byte	2
 183 009e 0F       		.byte	15
 184 009f 08       		.byte	8
 185 00a0 C0       		.byte	-64
 186 00a1 80       		.byte	-128
 187 00a2 C2       		.byte	-62
 188 00a3 80       		.byte	-128
 189 00a4 53       		.byte	83
 190 00a5 80       		.byte	-128
 191 00a6 57       		.byte	87
 192 00a7 04       		.byte	4
 193 00a8 9A       		.byte	-102
 194 00a9 02       		.byte	2
 195 00aa A3       		.byte	-93
 196 00ab 84       		.byte	-124
 197 00ac AF       		.byte	-81
 198 00ad 80       		.byte	-128
 199 00ae D4       		.byte	-44
 200 00af 60       		.byte	96
 201 00b0 EE       		.byte	-18
 202 00b1 10       		.byte	16
 203 00b2 1B       		.byte	27
 204 00b3 01       		.byte	1
 205 00b4 1C       		.byte	28
 206 00b5 10       		.byte	16
 207 00b6 1F       		.byte	31
 208 00b7 04       		.byte	4
 209 00b8 64       		.byte	100
 210 00b9 08       		.byte	8
 211 00ba 9A       		.byte	-102
 212 00bb 02       		.byte	2
 213 00bc C6       		.byte	-58
 214 00bd 30       		.byte	48
 215 00be D8       		.byte	-40
 216 00bf 80       		.byte	-128
 217 00c0 0F       		.byte	15
 218 00c1 02       		.byte	2
 219 00c2 C2       		.byte	-62
 220 00c3 01       		.byte	1
 221 00c4 AF       		.byte	-81
 222 00c5 01       		.byte	1
 223 00c6 51       		.byte	81
 224 00c7 10       		.byte	16
 225 00c8 56       		.byte	86
 226 00c9 02       		.byte	2
 227 00ca 57       		.byte	87
 228 00cb 20       		.byte	32
ARM GAS  C:\Users\Janit\AppData\Local\Temp\ccvzHjO4.s 			page 5


 229 00cc 5B       		.byte	91
 230 00cd 20       		.byte	32
 231 00ce 64       		.byte	100
 232 00cf 08       		.byte	8
 233 00d0 85       		.byte	-123
 234 00d1 10       		.byte	16
 235 00d2 9A       		.byte	-102
 236 00d3 02       		.byte	2
 237 00d4 9C       		.byte	-100
 238 00d5 08       		.byte	8
 239 00d6 A3       		.byte	-93
 240 00d7 01       		.byte	1
 241 00d8 AF       		.byte	-81
 242 00d9 04       		.byte	4
 243 00da B4       		.byte	-76
 244 00db 10       		.byte	16
 245 00dc D4       		.byte	-44
 246 00dd E0       		.byte	-32
 247 00de D6       		.byte	-42
 248 00df 20       		.byte	32
 249 00e0 D8       		.byte	-40
 250 00e1 80       		.byte	-128
 251 00e2 E2       		.byte	-30
 252 00e3 40       		.byte	64
 253 00e4 EC       		.byte	-20
 254 00e5 10       		.byte	16
 255 00e6 03       		.byte	3
 256 00e7 20       		.byte	32
 257 00e8 07       		.byte	7
 258 00e9 20       		.byte	32
 259 00ea 63       		.byte	99
 260 00eb 02       		.byte	2
 261 00ec 64       		.byte	100
 262 00ed 10       		.byte	16
 263 00ee 77       		.byte	119
 264 00ef 80       		.byte	-128
 265 00f0 84       		.byte	-124
 266 00f1 18       		.byte	24
 267 00f2 9B       		.byte	-101
 268 00f3 80       		.byte	-128
 269 00f4 9C       		.byte	-100
 270 00f5 08       		.byte	8
 271 00f6 9F       		.byte	-97
 272 00f7 20       		.byte	32
 273 00f8 A3       		.byte	-93
 274 00f9 01       		.byte	1
 275 00fa A7       		.byte	-89
 276 00fb 20       		.byte	32
 277 00fc AB       		.byte	-85
 278 00fd 80       		.byte	-128
 279 00fe AF       		.byte	-81
 280 00ff 01       		.byte	1
 281 0100 C0       		.byte	-64
 282 0101 30       		.byte	48
 283 0102 D6       		.byte	-42
 284 0103 40       		.byte	64
 285 0104 D8       		.byte	-40
ARM GAS  C:\Users\Janit\AppData\Local\Temp\ccvzHjO4.s 			page 6


 286 0105 80       		.byte	-128
 287 0106 DE       		.byte	-34
 288 0107 20       		.byte	32
 289 0108 E6       		.byte	-26
 290 0109 50       		.byte	80
 291 010a EA       		.byte	-22
 292 010b 80       		.byte	-128
 293 010c EC       		.byte	-20
 294 010d 10       		.byte	16
 295 010e 0B       		.byte	11
 296 010f 01       		.byte	1
 297 0110 0F       		.byte	15
 298 0111 04       		.byte	4
 299 0112 59       		.byte	89
 300 0113 40       		.byte	64
 301 0114 60       		.byte	96
 302 0115 80       		.byte	-128
 303 0116 63       		.byte	99
 304 0117 02       		.byte	2
 305 0118 87       		.byte	-121
 306 0119 05       		.byte	5
 307 011a 98       		.byte	-104
 308 011b 80       		.byte	-128
 309 011c B4       		.byte	-76
 310 011d 80       		.byte	-128
 311 011e C2       		.byte	-62
 312 011f 03       		.byte	3
 313 0120 D4       		.byte	-44
 314 0121 01       		.byte	1
 315 0122 D6       		.byte	-42
 316 0123 02       		.byte	2
 317 0124 D8       		.byte	-40
 318 0125 02       		.byte	2
 319 0126 E8       		.byte	-24
 320 0127 08       		.byte	8
 321 0128 85       		.byte	-123
 322 0129 40       		.byte	64
 323 012a 9D       		.byte	-99
 324 012b 40       		.byte	64
 325 012c AB       		.byte	-85
 326 012d 01       		.byte	1
 327 012e 00       		.byte	0
 328 012f 00       		.byte	0
 329 0130 88       		.byte	-120
 330 0131 00       		.byte	0
 331 0132 00       		.byte	0
 332 0133 88       		.byte	-120
 333 0134 00       		.byte	0
 334 0135 00       		.byte	0
 335 0136 00       		.byte	0
 336 0137 00       		.byte	0
 337 0138 00       		.byte	0
 338 0139 00       		.byte	0
 339 013a 00       		.byte	0
 340 013b 00       		.byte	0
 341 013c 00       		.byte	0
 342 013d 07       		.byte	7
ARM GAS  C:\Users\Janit\AppData\Local\Temp\ccvzHjO4.s 			page 7


 343 013e 07       		.byte	7
 344 013f 00       		.byte	0
 345 0140 07       		.byte	7
 346 0141 00       		.byte	0
 347 0142 00       		.byte	0
 348 0143 00       		.byte	0
 349 0144 00       		.byte	0
 350 0145 0F       		.byte	15
 351 0146 0F       		.byte	15
 352 0147 00       		.byte	0
 353 0148 0F       		.byte	15
 354 0149 00       		.byte	0
 355 014a 00       		.byte	0
 356 014b 00       		.byte	0
 357 014c C0       		.byte	-64
 358 014d 00       		.byte	0
 359 014e 00       		.byte	0
 360 014f FC       		.byte	-4
 361 0150 3C       		.byte	60
 362 0151 00       		.byte	0
 363 0152 3C       		.byte	60
 364 0153 00       		.byte	0
 365 0154 00       		.byte	0
 366 0155 00       		.byte	0
 367 0156 00       		.byte	0
 368 0157 00       		.byte	0
 369 0158 80       		.byte	-128
 370 0159 00       		.byte	0
 371 015a 00       		.byte	0
 372 015b 80       		.byte	-128
 373 015c 00       		.byte	0
 374 015d 00       		.byte	0
 375 015e 00       		.byte	0
 376 015f 00       		.byte	0
 377 0160 00       		.byte	0
 378 0161 00       		.byte	0
 379 0162 00       		.byte	0
 380 0163 00       		.byte	0
 381 0164 03       		.byte	3
 382 0165 00       		.byte	0
 383 0166 00       		.byte	0
 384 0167 BB       		.byte	-69
 385 0168 B8       		.byte	-72
 386 0169 00       		.byte	0
 387 016a B8       		.byte	-72
 388 016b 00       		.byte	0
 389 016c 00       		.byte	0
 390 016d 00       		.byte	0
 391 016e 00       		.byte	0
 392 016f 00       		.byte	0
 393              		.global	cy_meta_custnvl
 394              		.section	.cycustnvl,"a",%progbits
 395              		.align	2
 396              		.type	cy_meta_custnvl, %object
 397              		.size	cy_meta_custnvl, 4
 398              	cy_meta_custnvl:
 399 0000 00       		.byte	0
ARM GAS  C:\Users\Janit\AppData\Local\Temp\ccvzHjO4.s 			page 8


 400 0001 00       		.byte	0
 401 0002 00       		.byte	0
 402 0003 07       		.byte	7
 403              		.global	cy_meta_wonvl
 404              		.section	.cywolatch,"a",%progbits
 405              		.align	2
 406              		.type	cy_meta_wonvl, %object
 407              		.size	cy_meta_wonvl, 4
 408              	cy_meta_wonvl:
 409 0000 BC       		.byte	-68
 410 0001 90       		.byte	-112
 411 0002 AC       		.byte	-84
 412 0003 AF       		.byte	-81
 413              		.global	cy_meta_flashprotect
 414              		.section	.cyflashprotect,"a",%progbits
 415              		.align	2
 416              		.type	cy_meta_flashprotect, %object
 417              		.size	cy_meta_flashprotect, 256
 418              	cy_meta_flashprotect:
 419 0000 00000000 		.space	256
 419      00000000 
 419      00000000 
 419      00000000 
 419      00000000 
 420              		.global	cy_metadata
 421              		.section	.cymeta,"a",%progbits
 422              		.align	2
 423              		.type	cy_metadata, %object
 424              		.size	cy_metadata, 12
 425              	cy_metadata:
 426 0000 00       		.byte	0
 427 0001 01       		.byte	1
 428 0002 2E       		.byte	46
 429 0003 16       		.byte	22
 430 0004 10       		.byte	16
 431 0005 69       		.byte	105
 432 0006 00       		.byte	0
 433 0007 00       		.byte	0
 434 0008 00       		.byte	0
 435 0009 00       		.byte	0
 436 000a 00       		.byte	0
 437 000b 00       		.byte	0
 438              		.text
 439              	.Letext0:
 440              		.file 1 "c:\\program files (x86)\\cypress\\psoc creator\\4.2\\psoc creator\\import\\gnu\\arm\\5.4.
 441              		.file 2 "c:\\program files (x86)\\cypress\\psoc creator\\4.2\\psoc creator\\import\\gnu\\arm\\5.4.
 442              		.file 3 "Generated_Source\\PSoC5\\cymetadata.c"
 443              		.section	.debug_info,"",%progbits
 444              	.Ldebug_info0:
 445 0000 31010000 		.4byte	0x131
 446 0004 0400     		.2byte	0x4
 447 0006 00000000 		.4byte	.Ldebug_abbrev0
 448 000a 04       		.byte	0x4
 449 000b 01       		.uleb128 0x1
 450 000c 0A000000 		.4byte	.LASF17
 451 0010 0C       		.byte	0xc
 452 0011 F2010000 		.4byte	.LASF18
ARM GAS  C:\Users\Janit\AppData\Local\Temp\ccvzHjO4.s 			page 9


 453 0015 5F010000 		.4byte	.LASF19
 454 0019 00000000 		.4byte	.Ldebug_line0
 455 001d 02       		.uleb128 0x2
 456 001e 01       		.byte	0x1
 457 001f 06       		.byte	0x6
 458 0020 E6010000 		.4byte	.LASF0
 459 0024 03       		.uleb128 0x3
 460 0025 00000000 		.4byte	.LASF9
 461 0029 01       		.byte	0x1
 462 002a 1D       		.byte	0x1d
 463 002b 2F000000 		.4byte	0x2f
 464 002f 02       		.uleb128 0x2
 465 0030 01       		.byte	0x1
 466 0031 08       		.byte	0x8
 467 0032 A4000000 		.4byte	.LASF1
 468 0036 02       		.uleb128 0x2
 469 0037 02       		.byte	0x2
 470 0038 05       		.byte	0x5
 471 0039 D3010000 		.4byte	.LASF2
 472 003d 02       		.uleb128 0x2
 473 003e 02       		.byte	0x2
 474 003f 07       		.byte	0x7
 475 0040 C4000000 		.4byte	.LASF3
 476 0044 02       		.uleb128 0x2
 477 0045 04       		.byte	0x4
 478 0046 05       		.byte	0x5
 479 0047 DD010000 		.4byte	.LASF4
 480 004b 02       		.uleb128 0x2
 481 004c 04       		.byte	0x4
 482 004d 07       		.byte	0x7
 483 004e B2000000 		.4byte	.LASF5
 484 0052 02       		.uleb128 0x2
 485 0053 08       		.byte	0x8
 486 0054 05       		.byte	0x5
 487 0055 51010000 		.4byte	.LASF6
 488 0059 02       		.uleb128 0x2
 489 005a 08       		.byte	0x8
 490 005b 07       		.byte	0x7
 491 005c 06010000 		.4byte	.LASF7
 492 0060 04       		.uleb128 0x4
 493 0061 04       		.byte	0x4
 494 0062 05       		.byte	0x5
 495 0063 696E7400 		.ascii	"int\000"
 496 0067 02       		.uleb128 0x2
 497 0068 04       		.byte	0x4
 498 0069 07       		.byte	0x7
 499 006a F9000000 		.4byte	.LASF8
 500 006e 03       		.uleb128 0x3
 501 006f 1D010000 		.4byte	.LASF10
 502 0073 02       		.byte	0x2
 503 0074 18       		.byte	0x18
 504 0075 24000000 		.4byte	0x24
 505 0079 05       		.uleb128 0x5
 506 007a 91000000 		.4byte	0x91
 507 007e 8A000000 		.4byte	0x8a
 508 0082 06       		.uleb128 0x6
 509 0083 8A000000 		.4byte	0x8a
ARM GAS  C:\Users\Janit\AppData\Local\Temp\ccvzHjO4.s 			page 10


 510 0087 6F01     		.2byte	0x16f
 511 0089 00       		.byte	0
 512 008a 02       		.uleb128 0x2
 513 008b 04       		.byte	0x4
 514 008c 07       		.byte	0x7
 515 008d 48010000 		.4byte	.LASF11
 516 0091 07       		.uleb128 0x7
 517 0092 6E000000 		.4byte	0x6e
 518 0096 08       		.uleb128 0x8
 519 0097 E7000000 		.4byte	.LASF12
 520 009b 03       		.byte	0x3
 521 009c 1F       		.byte	0x1f
 522 009d A7000000 		.4byte	0xa7
 523 00a1 05       		.uleb128 0x5
 524 00a2 03       		.byte	0x3
 525 00a3 00000000 		.4byte	cy_meta_configecc
 526 00a7 07       		.uleb128 0x7
 527 00a8 79000000 		.4byte	0x79
 528 00ac 05       		.uleb128 0x5
 529 00ad 91000000 		.4byte	0x91
 530 00b1 BC000000 		.4byte	0xbc
 531 00b5 09       		.uleb128 0x9
 532 00b6 8A000000 		.4byte	0x8a
 533 00ba 03       		.byte	0x3
 534 00bb 00       		.byte	0
 535 00bc 08       		.uleb128 0x8
 536 00bd D7000000 		.4byte	.LASF13
 537 00c1 03       		.byte	0x3
 538 00c2 5A       		.byte	0x5a
 539 00c3 CD000000 		.4byte	0xcd
 540 00c7 05       		.uleb128 0x5
 541 00c8 03       		.byte	0x3
 542 00c9 00000000 		.4byte	cy_meta_custnvl
 543 00cd 07       		.uleb128 0x7
 544 00ce AC000000 		.4byte	0xac
 545 00d2 08       		.uleb128 0x8
 546 00d3 3A010000 		.4byte	.LASF14
 547 00d7 03       		.byte	0x3
 548 00d8 68       		.byte	0x68
 549 00d9 E3000000 		.4byte	0xe3
 550 00dd 05       		.uleb128 0x5
 551 00de 03       		.byte	0x3
 552 00df 00000000 		.4byte	cy_meta_wonvl
 553 00e3 07       		.uleb128 0x7
 554 00e4 AC000000 		.4byte	0xac
 555 00e8 05       		.uleb128 0x5
 556 00e9 91000000 		.4byte	0x91
 557 00ed F8000000 		.4byte	0xf8
 558 00f1 09       		.uleb128 0x9
 559 00f2 8A000000 		.4byte	0x8a
 560 00f6 FF       		.byte	0xff
 561 00f7 00       		.byte	0
 562 00f8 08       		.uleb128 0x8
 563 00f9 25010000 		.4byte	.LASF15
 564 00fd 03       		.byte	0x3
 565 00fe 76       		.byte	0x76
 566 00ff 09010000 		.4byte	0x109
ARM GAS  C:\Users\Janit\AppData\Local\Temp\ccvzHjO4.s 			page 11


 567 0103 05       		.uleb128 0x5
 568 0104 03       		.byte	0x3
 569 0105 00000000 		.4byte	cy_meta_flashprotect
 570 0109 07       		.uleb128 0x7
 571 010a E8000000 		.4byte	0xe8
 572 010e 05       		.uleb128 0x5
 573 010f 91000000 		.4byte	0x91
 574 0113 1E010000 		.4byte	0x11e
 575 0117 09       		.uleb128 0x9
 576 0118 8A000000 		.4byte	0x8a
 577 011c 0B       		.byte	0xb
 578 011d 00       		.byte	0
 579 011e 08       		.uleb128 0x8
 580 011f 98000000 		.4byte	.LASF16
 581 0123 03       		.byte	0x3
 582 0124 A3       		.byte	0xa3
 583 0125 2F010000 		.4byte	0x12f
 584 0129 05       		.uleb128 0x5
 585 012a 03       		.byte	0x3
 586 012b 00000000 		.4byte	cy_metadata
 587 012f 07       		.uleb128 0x7
 588 0130 0E010000 		.4byte	0x10e
 589 0134 00       		.byte	0
 590              		.section	.debug_abbrev,"",%progbits
 591              	.Ldebug_abbrev0:
 592 0000 01       		.uleb128 0x1
 593 0001 11       		.uleb128 0x11
 594 0002 01       		.byte	0x1
 595 0003 25       		.uleb128 0x25
 596 0004 0E       		.uleb128 0xe
 597 0005 13       		.uleb128 0x13
 598 0006 0B       		.uleb128 0xb
 599 0007 03       		.uleb128 0x3
 600 0008 0E       		.uleb128 0xe
 601 0009 1B       		.uleb128 0x1b
 602 000a 0E       		.uleb128 0xe
 603 000b 10       		.uleb128 0x10
 604 000c 17       		.uleb128 0x17
 605 000d 00       		.byte	0
 606 000e 00       		.byte	0
 607 000f 02       		.uleb128 0x2
 608 0010 24       		.uleb128 0x24
 609 0011 00       		.byte	0
 610 0012 0B       		.uleb128 0xb
 611 0013 0B       		.uleb128 0xb
 612 0014 3E       		.uleb128 0x3e
 613 0015 0B       		.uleb128 0xb
 614 0016 03       		.uleb128 0x3
 615 0017 0E       		.uleb128 0xe
 616 0018 00       		.byte	0
 617 0019 00       		.byte	0
 618 001a 03       		.uleb128 0x3
 619 001b 16       		.uleb128 0x16
 620 001c 00       		.byte	0
 621 001d 03       		.uleb128 0x3
 622 001e 0E       		.uleb128 0xe
 623 001f 3A       		.uleb128 0x3a
ARM GAS  C:\Users\Janit\AppData\Local\Temp\ccvzHjO4.s 			page 12


 624 0020 0B       		.uleb128 0xb
 625 0021 3B       		.uleb128 0x3b
 626 0022 0B       		.uleb128 0xb
 627 0023 49       		.uleb128 0x49
 628 0024 13       		.uleb128 0x13
 629 0025 00       		.byte	0
 630 0026 00       		.byte	0
 631 0027 04       		.uleb128 0x4
 632 0028 24       		.uleb128 0x24
 633 0029 00       		.byte	0
 634 002a 0B       		.uleb128 0xb
 635 002b 0B       		.uleb128 0xb
 636 002c 3E       		.uleb128 0x3e
 637 002d 0B       		.uleb128 0xb
 638 002e 03       		.uleb128 0x3
 639 002f 08       		.uleb128 0x8
 640 0030 00       		.byte	0
 641 0031 00       		.byte	0
 642 0032 05       		.uleb128 0x5
 643 0033 01       		.uleb128 0x1
 644 0034 01       		.byte	0x1
 645 0035 49       		.uleb128 0x49
 646 0036 13       		.uleb128 0x13
 647 0037 01       		.uleb128 0x1
 648 0038 13       		.uleb128 0x13
 649 0039 00       		.byte	0
 650 003a 00       		.byte	0
 651 003b 06       		.uleb128 0x6
 652 003c 21       		.uleb128 0x21
 653 003d 00       		.byte	0
 654 003e 49       		.uleb128 0x49
 655 003f 13       		.uleb128 0x13
 656 0040 2F       		.uleb128 0x2f
 657 0041 05       		.uleb128 0x5
 658 0042 00       		.byte	0
 659 0043 00       		.byte	0
 660 0044 07       		.uleb128 0x7
 661 0045 26       		.uleb128 0x26
 662 0046 00       		.byte	0
 663 0047 49       		.uleb128 0x49
 664 0048 13       		.uleb128 0x13
 665 0049 00       		.byte	0
 666 004a 00       		.byte	0
 667 004b 08       		.uleb128 0x8
 668 004c 34       		.uleb128 0x34
 669 004d 00       		.byte	0
 670 004e 03       		.uleb128 0x3
 671 004f 0E       		.uleb128 0xe
 672 0050 3A       		.uleb128 0x3a
 673 0051 0B       		.uleb128 0xb
 674 0052 3B       		.uleb128 0x3b
 675 0053 0B       		.uleb128 0xb
 676 0054 49       		.uleb128 0x49
 677 0055 13       		.uleb128 0x13
 678 0056 3F       		.uleb128 0x3f
 679 0057 19       		.uleb128 0x19
 680 0058 02       		.uleb128 0x2
ARM GAS  C:\Users\Janit\AppData\Local\Temp\ccvzHjO4.s 			page 13


 681 0059 18       		.uleb128 0x18
 682 005a 00       		.byte	0
 683 005b 00       		.byte	0
 684 005c 09       		.uleb128 0x9
 685 005d 21       		.uleb128 0x21
 686 005e 00       		.byte	0
 687 005f 49       		.uleb128 0x49
 688 0060 13       		.uleb128 0x13
 689 0061 2F       		.uleb128 0x2f
 690 0062 0B       		.uleb128 0xb
 691 0063 00       		.byte	0
 692 0064 00       		.byte	0
 693 0065 00       		.byte	0
 694              		.section	.debug_aranges,"",%progbits
 695 0000 14000000 		.4byte	0x14
 696 0004 0200     		.2byte	0x2
 697 0006 00000000 		.4byte	.Ldebug_info0
 698 000a 04       		.byte	0x4
 699 000b 00       		.byte	0
 700 000c 0000     		.2byte	0
 701 000e 0000     		.2byte	0
 702 0010 00000000 		.4byte	0
 703 0014 00000000 		.4byte	0
 704              		.section	.debug_line,"",%progbits
 705              	.Ldebug_line0:
 706 0000 3D010000 		.section	.debug_str,"MS",%progbits,1
 706      02003701 
 706      00000201 
 706      FB0E0D00 
 706      01010101 
 707              	.LASF9:
 708 0000 5F5F7569 		.ascii	"__uint8_t\000"
 708      6E74385F 
 708      7400
 709              	.LASF17:
 710 000a 474E5520 		.ascii	"GNU C11 5.4.1 20160609 (release) [ARM/embedded-5-br"
 710      43313120 
 710      352E342E 
 710      31203230 
 710      31363036 
 711 003d 616E6368 		.ascii	"anch revision 237715] -mcpu=cortex-m3 -mthumb -g -O"
 711      20726576 
 711      6973696F 
 711      6E203233 
 711      37373135 
 712 0070 30202D66 		.ascii	"0 -ffunction-sections -ffat-lto-objects\000"
 712      66756E63 
 712      74696F6E 
 712      2D736563 
 712      74696F6E 
 713              	.LASF16:
 714 0098 63795F6D 		.ascii	"cy_metadata\000"
 714      65746164 
 714      61746100 
 715              	.LASF1:
 716 00a4 756E7369 		.ascii	"unsigned char\000"
 716      676E6564 
ARM GAS  C:\Users\Janit\AppData\Local\Temp\ccvzHjO4.s 			page 14


 716      20636861 
 716      7200
 717              	.LASF5:
 718 00b2 6C6F6E67 		.ascii	"long unsigned int\000"
 718      20756E73 
 718      69676E65 
 718      6420696E 
 718      7400
 719              	.LASF3:
 720 00c4 73686F72 		.ascii	"short unsigned int\000"
 720      7420756E 
 720      7369676E 
 720      65642069 
 720      6E7400
 721              	.LASF13:
 722 00d7 63795F6D 		.ascii	"cy_meta_custnvl\000"
 722      6574615F 
 722      63757374 
 722      6E766C00 
 723              	.LASF12:
 724 00e7 63795F6D 		.ascii	"cy_meta_configecc\000"
 724      6574615F 
 724      636F6E66 
 724      69676563 
 724      6300
 725              	.LASF8:
 726 00f9 756E7369 		.ascii	"unsigned int\000"
 726      676E6564 
 726      20696E74 
 726      00
 727              	.LASF7:
 728 0106 6C6F6E67 		.ascii	"long long unsigned int\000"
 728      206C6F6E 
 728      6720756E 
 728      7369676E 
 728      65642069 
 729              	.LASF10:
 730 011d 75696E74 		.ascii	"uint8_t\000"
 730      385F7400 
 731              	.LASF15:
 732 0125 63795F6D 		.ascii	"cy_meta_flashprotect\000"
 732      6574615F 
 732      666C6173 
 732      6870726F 
 732      74656374 
 733              	.LASF14:
 734 013a 63795F6D 		.ascii	"cy_meta_wonvl\000"
 734      6574615F 
 734      776F6E76 
 734      6C00
 735              	.LASF11:
 736 0148 73697A65 		.ascii	"sizetype\000"
 736      74797065 
 736      00
 737              	.LASF6:
 738 0151 6C6F6E67 		.ascii	"long long int\000"
 738      206C6F6E 
ARM GAS  C:\Users\Janit\AppData\Local\Temp\ccvzHjO4.s 			page 15


 738      6720696E 
 738      7400
 739              	.LASF19:
 740 015f 443A5C44 		.ascii	"D:\\Documents\\UOA\\2023\\Semester 2\\COMPSYS301\\r"
 740      6F63756D 
 740      656E7473 
 740      5C554F41 
 740      5C323032 
 741 018c 65706F73 		.ascii	"epos\\12_Cypress_LineFollowingRobot\\Janith\\PSOC\\"
 741      5C31325F 
 741      43797072 
 741      6573735F 
 741      4C696E65 
 742 01bb 73656E73 		.ascii	"sensor_motor_demo.cydsn\000"
 742      6F725F6D 
 742      6F746F72 
 742      5F64656D 
 742      6F2E6379 
 743              	.LASF2:
 744 01d3 73686F72 		.ascii	"short int\000"
 744      7420696E 
 744      7400
 745              	.LASF4:
 746 01dd 6C6F6E67 		.ascii	"long int\000"
 746      20696E74 
 746      00
 747              	.LASF0:
 748 01e6 7369676E 		.ascii	"signed char\000"
 748      65642063 
 748      68617200 
 749              	.LASF18:
 750 01f2 47656E65 		.ascii	"Generated_Source\\PSoC5\\cymetadata.c\000"
 750      72617465 
 750      645F536F 
 750      75726365 
 750      5C50536F 
 751              		.ident	"GCC: (GNU Tools for ARM Embedded Processors) 5.4.1 20160609 (release) [ARM/embedded-5-bran
