ARM GAS  C:\Users\sela847\AppData\Local\Temp\ccR6MiAg.s 			page 1


   1              		.syntax unified
   2              		.cpu cortex-m3
   3              		.fpu softvfp
   4              		.eabi_attribute 20, 1
   5              		.eabi_attribute 21, 1
   6              		.eabi_attribute 23, 3
   7              		.eabi_attribute 24, 1
   8              		.eabi_attribute 25, 1
   9              		.eabi_attribute 26, 1
  10              		.eabi_attribute 30, 6
  11              		.eabi_attribute 34, 1
  12              		.eabi_attribute 18, 4
  13              		.thumb
  14              		.syntax unified
  15              		.file	"main.c"
  16              		.text
  17              	.Ltext0:
  18              		.cfi_sections	.debug_frame
  19              		.global	ts
  20              		.bss
  21              		.type	ts, %object
  22              		.size	ts, 1
  23              	ts:
  24 0000 00       		.space	1
  25              		.global	ts_enc
  26 0001 00       		.align	1
  27              		.type	ts_enc, %object
  28              		.size	ts_enc, 2
  29              	ts_enc:
  30 0002 0000     		.space	2
  31              		.global	ts_update
  32              		.align	1
  33              		.type	ts_update, %object
  34              		.size	ts_update, 2
  35              	ts_update:
  36 0004 0000     		.space	2
  37              		.global	ts_speed
  38              		.align	1
  39              		.type	ts_speed, %object
  40              		.size	ts_speed, 2
  41              	ts_speed:
  42 0006 0000     		.space	2
  43              		.global	ts_display
  44              		.align	1
  45              		.type	ts_display, %object
  46              		.size	ts_display, 2
  47              	ts_display:
  48 0008 0000     		.space	2
  49              		.global	flag_ts_enc
  50              		.type	flag_ts_enc, %object
  51              		.size	flag_ts_enc, 1
  52              	flag_ts_enc:
  53 000a 00       		.space	1
  54              		.global	flag_ts_update
  55              		.type	flag_ts_update, %object
  56              		.size	flag_ts_update, 1
  57              	flag_ts_update:
ARM GAS  C:\Users\sela847\AppData\Local\Temp\ccR6MiAg.s 			page 2


  58 000b 00       		.space	1
  59              		.global	flag_ts_speed
  60              		.type	flag_ts_speed, %object
  61              		.size	flag_ts_speed, 1
  62              	flag_ts_speed:
  63 000c 00       		.space	1
  64              		.global	flag_ts_display
  65              		.type	flag_ts_display, %object
  66              		.size	flag_ts_display, 1
  67              	flag_ts_display:
  68 000d 00       		.space	1
  69              		.global	flag_rx
  70              		.type	flag_rx, %object
  71              		.size	flag_rx, 1
  72              	flag_rx:
  73 000e 00       		.space	1
  74              		.global	flag_packet
  75              		.type	flag_packet, %object
  76              		.size	flag_packet, 1
  77              	flag_packet:
  78 000f 00       		.space	1
  79              		.global	flag_KB_string
  80              		.type	flag_KB_string, %object
  81              		.size	flag_KB_string, 1
  82              	flag_KB_string:
  83 0010 00       		.space	1
  84              		.global	dataready_flag
  85              		.type	dataready_flag, %object
  86              		.size	dataready_flag, 1
  87              	dataready_flag:
  88 0011 00       		.space	1
  89              		.global	flag_rf_transmission_active
  90              		.data
  91              		.type	flag_rf_transmission_active, %object
  92              		.size	flag_rf_transmission_active, 1
  93              	flag_rf_transmission_active:
  94 0000 0A       		.byte	10
  95              		.global	displaystring
  96 0001 000000   		.align	2
  97              		.type	displaystring, %object
  98              		.size	displaystring, 64
  99              	displaystring:
 100 0004 43533330 		.ascii	"CS301 2016\012\015\000"
 100      31203230 
 100      31360A0D 
 100      00
 101 0011 00000000 		.space	51
 101      00000000 
 101      00000000 
 101      00000000 
 101      00000000 
 102              		.comm	line,64,4
 103              		.comm	entry,64,4
 104              		.comm	usbBuffer,64,4
 105              		.comm	system_state,32,4
 106              		.section	.text.main,"ax",%progbits
 107              		.align	2
ARM GAS  C:\Users\sela847\AppData\Local\Temp\ccR6MiAg.s 			page 3


 108              		.global	main
 109              		.thumb
 110              		.thumb_func
 111              		.type	main, %function
 112              	main:
 113              	.LFB64:
 114              		.file 1 "main.c"
   1:main.c        **** /* ========================================
   2:main.c        ****  * Fully working code: 
   3:main.c        ****  * PWM      : 
   4:main.c        ****  * Encoder  : 
   5:main.c        ****  * ADC      :
   6:main.c        ****  * USB      : port displays speed and position.
   7:main.c        ****  * CMD: "PW xx"
   8:main.c        ****  * Copyright Univ of Auckland, 2016
   9:main.c        ****  * All Rights Reserved
  10:main.c        ****  * UNPUBLISHED, LICENSED SOFTWARE.
  11:main.c        ****  *
  12:main.c        ****  * CONFIDENTIAL AND PROPRIETARY INFORMATION
  13:main.c        ****  * WHICH IS THE PROPERTY OF Univ of Auckland.
  14:main.c        ****  *
  15:main.c        ****  * ========================================
  16:main.c        **** */
  17:main.c        **** #include <stdio.h>
  18:main.c        **** #include <string.h>
  19:main.c        **** #include <stdlib.h>
  20:main.c        **** #include <project.h>
  21:main.c        **** //* ========================================
  22:main.c        **** #include "defines.h"
  23:main.c        **** #include "vars.h"
  24:main.c        **** 
  25:main.c        **** void setPWMDuty(int duty);
  26:main.c        **** //* ========================================
  27:main.c        **** 
  28:main.c        **** int main()
  29:main.c        **** {
 115              		.loc 1 29 0
 116              		.cfi_startproc
 117              		@ args = 0, pretend = 0, frame = 0
 118              		@ frame_needed = 1, uses_anonymous_args = 0
 119 0000 80B5     		push	{r7, lr}
 120              		.cfi_def_cfa_offset 8
 121              		.cfi_offset 7, -8
 122              		.cfi_offset 14, -4
 123 0002 00AF     		add	r7, sp, #0
 124              		.cfi_def_cfa_register 7
  30:main.c        ****     
  31:main.c        **** 
  32:main.c        **** // --------------------------------    
  33:main.c        **** // ----- INITIALIZATIONS ----------
  34:main.c        ****     CYGlobalIntEnable;
 125              		.loc 1 34 0
 126              		.syntax unified
 127              	@ 34 "main.c" 1
 128 0004 62B6     		CPSIE   i
 129              	@ 0 "" 2
  35:main.c        **** 
ARM GAS  C:\Users\sela847\AppData\Local\Temp\ccR6MiAg.s 			page 4


  36:main.c        ****     PWM_1_Start();
 130              		.loc 1 36 0
 131              		.thumb
 132              		.syntax unified
 133 0006 FFF7FEFF 		bl	PWM_1_Start
  37:main.c        ****     PWM_2_Start();
 134              		.loc 1 37 0
 135 000a FFF7FEFF 		bl	PWM_2_Start
 136              	.L2:
  38:main.c        ****     
  39:main.c        ****     for(;;)
  40:main.c        ****     {
  41:main.c        ****         /* Place your application code here. */
  42:main.c        ****         setPWMDuty(170);
 137              		.loc 1 42 0 discriminator 1
 138 000e AA20     		movs	r0, #170
 139 0010 FFF7FEFF 		bl	setPWMDuty
  43:main.c        ****     }   
 140              		.loc 1 43 0 discriminator 1
 141 0014 FBE7     		b	.L2
 142              		.cfi_endproc
 143              	.LFE64:
 144              		.size	main, .-main
 145              		.global	__aeabi_i2f
 146              		.global	__aeabi_fmul
 147              		.global	__aeabi_f2d
 148              		.global	__aeabi_ddiv
 149              		.global	__aeabi_d2uiz
 150 0016 00BF     		.section	.text.setPWMDuty,"ax",%progbits
 151              		.align	2
 152              		.global	setPWMDuty
 153              		.thumb
 154              		.thumb_func
 155              		.type	setPWMDuty, %function
 156              	setPWMDuty:
 157              	.LFB65:
  44:main.c        **** }
  45:main.c        **** 
  46:main.c        **** void setPWMDuty(int duty){
 158              		.loc 1 46 0
 159              		.cfi_startproc
 160              		@ args = 0, pretend = 0, frame = 8
 161              		@ frame_needed = 1, uses_anonymous_args = 0
 162 0000 90B5     		push	{r4, r7, lr}
 163              		.cfi_def_cfa_offset 12
 164              		.cfi_offset 4, -12
 165              		.cfi_offset 7, -8
 166              		.cfi_offset 14, -4
 167 0002 83B0     		sub	sp, sp, #12
 168              		.cfi_def_cfa_offset 24
 169 0004 00AF     		add	r7, sp, #0
 170              		.cfi_def_cfa_register 7
 171 0006 7860     		str	r0, [r7, #4]
  47:main.c        ****     PWM_1_WriteCompare(PWM_1_ReadPeriod() * (float)duty/100.00);
 172              		.loc 1 47 0
 173 0008 FFF7FEFF 		bl	PWM_1_ReadPeriod
 174 000c 0346     		mov	r3, r0
ARM GAS  C:\Users\sela847\AppData\Local\Temp\ccR6MiAg.s 			page 5


 175 000e 1846     		mov	r0, r3
 176 0010 FFF7FEFF 		bl	__aeabi_i2f
 177 0014 0446     		mov	r4, r0
 178 0016 7868     		ldr	r0, [r7, #4]
 179 0018 FFF7FEFF 		bl	__aeabi_i2f
 180 001c 0346     		mov	r3, r0
 181 001e 1946     		mov	r1, r3
 182 0020 2046     		mov	r0, r4
 183 0022 FFF7FEFF 		bl	__aeabi_fmul
 184 0026 0346     		mov	r3, r0
 185 0028 1846     		mov	r0, r3
 186 002a FFF7FEFF 		bl	__aeabi_f2d
 187 002e 4FF00002 		mov	r2, #0
 188 0032 1A4B     		ldr	r3, .L5
 189 0034 FFF7FEFF 		bl	__aeabi_ddiv
 190 0038 0346     		mov	r3, r0
 191 003a 0C46     		mov	r4, r1
 192 003c 1846     		mov	r0, r3
 193 003e 2146     		mov	r1, r4
 194 0040 FFF7FEFF 		bl	__aeabi_d2uiz
 195 0044 0346     		mov	r3, r0
 196 0046 DBB2     		uxtb	r3, r3
 197 0048 1846     		mov	r0, r3
 198 004a FFF7FEFF 		bl	PWM_1_WriteCompare
  48:main.c        ****     PWM_2_WriteCompare(PWM_2_ReadPeriod() * (float)duty/100.00);
 199              		.loc 1 48 0
 200 004e FFF7FEFF 		bl	PWM_2_ReadPeriod
 201 0052 0346     		mov	r3, r0
 202 0054 1846     		mov	r0, r3
 203 0056 FFF7FEFF 		bl	__aeabi_i2f
 204 005a 0446     		mov	r4, r0
 205 005c 7868     		ldr	r0, [r7, #4]
 206 005e FFF7FEFF 		bl	__aeabi_i2f
 207 0062 0346     		mov	r3, r0
 208 0064 1946     		mov	r1, r3
 209 0066 2046     		mov	r0, r4
 210 0068 FFF7FEFF 		bl	__aeabi_fmul
 211 006c 0346     		mov	r3, r0
 212 006e 1846     		mov	r0, r3
 213 0070 FFF7FEFF 		bl	__aeabi_f2d
 214 0074 4FF00002 		mov	r2, #0
 215 0078 084B     		ldr	r3, .L5
 216 007a FFF7FEFF 		bl	__aeabi_ddiv
 217 007e 0346     		mov	r3, r0
 218 0080 0C46     		mov	r4, r1
 219 0082 1846     		mov	r0, r3
 220 0084 2146     		mov	r1, r4
 221 0086 FFF7FEFF 		bl	__aeabi_d2uiz
 222 008a 0346     		mov	r3, r0
 223 008c DBB2     		uxtb	r3, r3
 224 008e 1846     		mov	r0, r3
 225 0090 FFF7FEFF 		bl	PWM_2_WriteCompare
  49:main.c        ****     return;
 226              		.loc 1 49 0
 227 0094 00BF     		nop
  50:main.c        **** }
 228              		.loc 1 50 0
ARM GAS  C:\Users\sela847\AppData\Local\Temp\ccR6MiAg.s 			page 6


 229 0096 0C37     		adds	r7, r7, #12
 230              		.cfi_def_cfa_offset 12
 231 0098 BD46     		mov	sp, r7
 232              		.cfi_def_cfa_register 13
 233              		@ sp needed
 234 009a 90BD     		pop	{r4, r7, pc}
 235              	.L6:
 236              		.align	2
 237              	.L5:
 238 009c 00005940 		.word	1079574528
 239              		.cfi_endproc
 240              	.LFE65:
 241              		.size	setPWMDuty, .-setPWMDuty
 242              		.text
 243              	.Letext0:
 244              		.file 2 "c:\\program files (x86)\\cypress\\psoc creator\\4.2\\psoc creator\\import\\gnu\\arm\\5.4.
 245              		.file 3 "c:\\program files (x86)\\cypress\\psoc creator\\4.2\\psoc creator\\import\\gnu\\arm\\5.4.
 246              		.file 4 "Generated_Source\\PSoC5/cytypes.h"
 247              		.file 5 "vars.h"
 248              		.file 6 "Generated_Source\\PSoC5/core_cm3.h"
 249              		.section	.debug_info,"",%progbits
 250              	.Ldebug_info0:
 251 0000 56030000 		.4byte	0x356
 252 0004 0400     		.2byte	0x4
 253 0006 00000000 		.4byte	.Ldebug_abbrev0
 254 000a 04       		.byte	0x4
 255 000b 01       		.uleb128 0x1
 256 000c 53000000 		.4byte	.LASF56
 257 0010 0C       		.byte	0xc
 258 0011 BF020000 		.4byte	.LASF57
 259 0015 0C010000 		.4byte	.LASF58
 260 0019 00000000 		.4byte	.Ldebug_ranges0+0
 261 001d 00000000 		.4byte	0
 262 0021 00000000 		.4byte	.Ldebug_line0
 263 0025 02       		.uleb128 0x2
 264 0026 01       		.byte	0x1
 265 0027 06       		.byte	0x6
 266 0028 0E020000 		.4byte	.LASF0
 267 002c 02       		.uleb128 0x2
 268 002d 01       		.byte	0x1
 269 002e 08       		.byte	0x8
 270 002f E3010000 		.4byte	.LASF1
 271 0033 02       		.uleb128 0x2
 272 0034 02       		.byte	0x2
 273 0035 05       		.byte	0x5
 274 0036 29000000 		.4byte	.LASF2
 275 003a 02       		.uleb128 0x2
 276 003b 02       		.byte	0x2
 277 003c 07       		.byte	0x7
 278 003d 5E020000 		.4byte	.LASF3
 279 0041 03       		.uleb128 0x3
 280 0042 F4020000 		.4byte	.LASF12
 281 0046 02       		.byte	0x2
 282 0047 3F       		.byte	0x3f
 283 0048 4C000000 		.4byte	0x4c
 284 004c 02       		.uleb128 0x2
 285 004d 04       		.byte	0x4
ARM GAS  C:\Users\sela847\AppData\Local\Temp\ccR6MiAg.s 			page 7


 286 004e 05       		.byte	0x5
 287 004f B0010000 		.4byte	.LASF4
 288 0053 02       		.uleb128 0x2
 289 0054 04       		.byte	0x4
 290 0055 07       		.byte	0x7
 291 0056 C6020000 		.4byte	.LASF5
 292 005a 02       		.uleb128 0x2
 293 005b 08       		.byte	0x8
 294 005c 05       		.byte	0x5
 295 005d 71010000 		.4byte	.LASF6
 296 0061 02       		.uleb128 0x2
 297 0062 08       		.byte	0x8
 298 0063 07       		.byte	0x7
 299 0064 1A020000 		.4byte	.LASF7
 300 0068 04       		.uleb128 0x4
 301 0069 04       		.byte	0x4
 302 006a 05       		.byte	0x5
 303 006b 696E7400 		.ascii	"int\000"
 304 006f 02       		.uleb128 0x2
 305 0070 04       		.byte	0x4
 306 0071 07       		.byte	0x7
 307 0072 31020000 		.4byte	.LASF8
 308 0076 02       		.uleb128 0x2
 309 0077 08       		.byte	0x8
 310 0078 04       		.byte	0x4
 311 0079 D7010000 		.4byte	.LASF9
 312 007d 02       		.uleb128 0x2
 313 007e 04       		.byte	0x4
 314 007f 07       		.byte	0x7
 315 0080 40000000 		.4byte	.LASF10
 316 0084 02       		.uleb128 0x2
 317 0085 01       		.byte	0x1
 318 0086 08       		.byte	0x8
 319 0087 7B020000 		.4byte	.LASF11
 320 008b 03       		.uleb128 0x3
 321 008c 8B020000 		.4byte	.LASF13
 322 0090 03       		.byte	0x3
 323 0091 2C       		.byte	0x2c
 324 0092 41000000 		.4byte	0x41
 325 0096 05       		.uleb128 0x5
 326 0097 F9000000 		.4byte	.LASF14
 327 009b 04       		.byte	0x4
 328 009c E701     		.2byte	0x1e7
 329 009e 2C000000 		.4byte	0x2c
 330 00a2 05       		.uleb128 0x5
 331 00a3 E6000000 		.4byte	.LASF15
 332 00a7 04       		.byte	0x4
 333 00a8 E801     		.2byte	0x1e8
 334 00aa 3A000000 		.4byte	0x3a
 335 00ae 05       		.uleb128 0x5
 336 00af 7F010000 		.4byte	.LASF16
 337 00b3 04       		.byte	0x4
 338 00b4 EA01     		.2byte	0x1ea
 339 00b6 25000000 		.4byte	0x25
 340 00ba 05       		.uleb128 0x5
 341 00bb F3000000 		.4byte	.LASF17
 342 00bf 04       		.byte	0x4
ARM GAS  C:\Users\sela847\AppData\Local\Temp\ccR6MiAg.s 			page 8


 343 00c0 EB01     		.2byte	0x1eb
 344 00c2 33000000 		.4byte	0x33
 345 00c6 02       		.uleb128 0x2
 346 00c7 04       		.byte	0x4
 347 00c8 04       		.byte	0x4
 348 00c9 6B010000 		.4byte	.LASF18
 349 00cd 02       		.uleb128 0x2
 350 00ce 08       		.byte	0x8
 351 00cf 04       		.byte	0x4
 352 00d0 D8020000 		.4byte	.LASF19
 353 00d4 06       		.uleb128 0x6
 354 00d5 71020000 		.4byte	.LASF59
 355 00d9 20       		.byte	0x20
 356 00da 05       		.byte	0x5
 357 00db 29       		.byte	0x29
 358 00dc AD010000 		.4byte	0x1ad
 359 00e0 07       		.uleb128 0x7
 360 00e1 4F030000 		.4byte	.LASF20
 361 00e5 05       		.byte	0x5
 362 00e6 2A       		.byte	0x2a
 363 00e7 AE000000 		.4byte	0xae
 364 00eb 00       		.byte	0
 365 00ec 07       		.uleb128 0x7
 366 00ed ED000000 		.4byte	.LASF21
 367 00f1 05       		.byte	0x5
 368 00f2 2B       		.byte	0x2b
 369 00f3 96000000 		.4byte	0x96
 370 00f7 01       		.byte	0x1
 371 00f8 07       		.uleb128 0x7
 372 00f9 80020000 		.4byte	.LASF22
 373 00fd 05       		.byte	0x5
 374 00fe 2C       		.byte	0x2c
 375 00ff BA000000 		.4byte	0xba
 376 0103 02       		.byte	0x2
 377 0104 07       		.uleb128 0x7
 378 0105 37030000 		.4byte	.LASF23
 379 0109 05       		.byte	0x5
 380 010a 2D       		.byte	0x2d
 381 010b BA000000 		.4byte	0xba
 382 010f 04       		.byte	0x4
 383 0110 07       		.uleb128 0x7
 384 0111 54030000 		.4byte	.LASF24
 385 0115 05       		.byte	0x5
 386 0116 2E       		.byte	0x2e
 387 0117 BA000000 		.4byte	0xba
 388 011b 06       		.byte	0x6
 389 011c 07       		.uleb128 0x7
 390 011d A8010000 		.4byte	.LASF25
 391 0121 05       		.byte	0x5
 392 0122 2F       		.byte	0x2f
 393 0123 BA000000 		.4byte	0xba
 394 0127 08       		.byte	0x8
 395 0128 07       		.uleb128 0x7
 396 0129 FE020000 		.4byte	.LASF26
 397 012d 05       		.byte	0x5
 398 012e 30       		.byte	0x30
 399 012f BA000000 		.4byte	0xba
ARM GAS  C:\Users\sela847\AppData\Local\Temp\ccR6MiAg.s 			page 9


 400 0133 0A       		.byte	0xa
 401 0134 07       		.uleb128 0x7
 402 0135 F6010000 		.4byte	.LASF27
 403 0139 05       		.byte	0x5
 404 013a 31       		.byte	0x31
 405 013b BA000000 		.4byte	0xba
 406 013f 0C       		.byte	0xc
 407 0140 07       		.uleb128 0x7
 408 0141 9B010000 		.4byte	.LASF28
 409 0145 05       		.byte	0x5
 410 0146 32       		.byte	0x32
 411 0147 BA000000 		.4byte	0xba
 412 014b 0E       		.byte	0xe
 413 014c 07       		.uleb128 0x7
 414 014d 56020000 		.4byte	.LASF29
 415 0151 05       		.byte	0x5
 416 0152 33       		.byte	0x33
 417 0153 BA000000 		.4byte	0xba
 418 0157 10       		.byte	0x10
 419 0158 07       		.uleb128 0x7
 420 0159 93020000 		.4byte	.LASF30
 421 015d 05       		.byte	0x5
 422 015e 34       		.byte	0x34
 423 015f BA000000 		.4byte	0xba
 424 0163 12       		.byte	0x12
 425 0164 07       		.uleb128 0x7
 426 0165 A8020000 		.4byte	.LASF31
 427 0169 05       		.byte	0x5
 428 016a 35       		.byte	0x35
 429 016b BA000000 		.4byte	0xba
 430 016f 14       		.byte	0x14
 431 0170 07       		.uleb128 0x7
 432 0171 FF000000 		.4byte	.LASF32
 433 0175 05       		.byte	0x5
 434 0176 36       		.byte	0x36
 435 0177 BA000000 		.4byte	0xba
 436 017b 16       		.byte	0x16
 437 017c 07       		.uleb128 0x7
 438 017d 21000000 		.4byte	.LASF33
 439 0181 05       		.byte	0x5
 440 0182 37       		.byte	0x37
 441 0183 BA000000 		.4byte	0xba
 442 0187 18       		.byte	0x18
 443 0188 07       		.uleb128 0x7
 444 0189 93010000 		.4byte	.LASF34
 445 018d 05       		.byte	0x5
 446 018e 38       		.byte	0x38
 447 018f BA000000 		.4byte	0xba
 448 0193 1A       		.byte	0x1a
 449 0194 07       		.uleb128 0x7
 450 0195 4D020000 		.4byte	.LASF35
 451 0199 05       		.byte	0x5
 452 019a 39       		.byte	0x39
 453 019b BA000000 		.4byte	0xba
 454 019f 1C       		.byte	0x1c
 455 01a0 07       		.uleb128 0x7
 456 01a1 9B020000 		.4byte	.LASF36
ARM GAS  C:\Users\sela847\AppData\Local\Temp\ccR6MiAg.s 			page 10


 457 01a5 05       		.byte	0x5
 458 01a6 3A       		.byte	0x3a
 459 01a7 BA000000 		.4byte	0xba
 460 01ab 1E       		.byte	0x1e
 461 01ac 00       		.byte	0
 462 01ad 08       		.uleb128 0x8
 463 01ae E1000000 		.4byte	.LASF60
 464 01b2 01       		.byte	0x1
 465 01b3 1C       		.byte	0x1c
 466 01b4 68000000 		.4byte	0x68
 467 01b8 00000000 		.4byte	.LFB64
 468 01bc 16000000 		.4byte	.LFE64-.LFB64
 469 01c0 01       		.uleb128 0x1
 470 01c1 9C       		.byte	0x9c
 471 01c2 09       		.uleb128 0x9
 472 01c3 5B010000 		.4byte	.LASF61
 473 01c7 01       		.byte	0x1
 474 01c8 2E       		.byte	0x2e
 475 01c9 00000000 		.4byte	.LFB65
 476 01cd A0000000 		.4byte	.LFE65-.LFB65
 477 01d1 01       		.uleb128 0x1
 478 01d2 9C       		.byte	0x9c
 479 01d3 E6010000 		.4byte	0x1e6
 480 01d7 0A       		.uleb128 0xa
 481 01d8 F1010000 		.4byte	.LASF62
 482 01dc 01       		.byte	0x1
 483 01dd 2E       		.byte	0x2e
 484 01de 68000000 		.4byte	0x68
 485 01e2 02       		.uleb128 0x2
 486 01e3 91       		.byte	0x91
 487 01e4 6C       		.sleb128 -20
 488 01e5 00       		.byte	0
 489 01e6 0B       		.uleb128 0xb
 490 01e7 42030000 		.4byte	.LASF37
 491 01eb 06       		.byte	0x6
 492 01ec 1207     		.2byte	0x712
 493 01ee F2010000 		.4byte	0x1f2
 494 01f2 0C       		.uleb128 0xc
 495 01f3 8B000000 		.4byte	0x8b
 496 01f7 0D       		.uleb128 0xd
 497 01f8 747300   		.ascii	"ts\000"
 498 01fb 05       		.byte	0x5
 499 01fc 10       		.byte	0x10
 500 01fd 96000000 		.4byte	0x96
 501 0201 05       		.uleb128 0x5
 502 0202 03       		.byte	0x3
 503 0203 00000000 		.4byte	ts
 504 0207 0E       		.uleb128 0xe
 505 0208 00000000 		.4byte	.LASF38
 506 020c 05       		.byte	0x5
 507 020d 11       		.byte	0x11
 508 020e A2000000 		.4byte	0xa2
 509 0212 05       		.uleb128 0x5
 510 0213 03       		.byte	0x3
 511 0214 00000000 		.4byte	ts_enc
 512 0218 0E       		.uleb128 0xe
 513 0219 11030000 		.4byte	.LASF39
ARM GAS  C:\Users\sela847\AppData\Local\Temp\ccR6MiAg.s 			page 11


 514 021d 05       		.byte	0x5
 515 021e 12       		.byte	0x12
 516 021f A2000000 		.4byte	0xa2
 517 0223 05       		.uleb128 0x5
 518 0224 03       		.byte	0x3
 519 0225 00000000 		.4byte	ts_update
 520 0229 0E       		.uleb128 0xe
 521 022a DF020000 		.4byte	.LASF40
 522 022e 05       		.byte	0x5
 523 022f 13       		.byte	0x13
 524 0230 A2000000 		.4byte	0xa2
 525 0234 05       		.uleb128 0x5
 526 0235 03       		.byte	0x3
 527 0236 00000000 		.4byte	ts_speed
 528 023a 0E       		.uleb128 0xe
 529 023b 06030000 		.4byte	.LASF41
 530 023f 05       		.byte	0x5
 531 0240 14       		.byte	0x14
 532 0241 A2000000 		.4byte	0xa2
 533 0245 05       		.uleb128 0x5
 534 0246 03       		.byte	0x3
 535 0247 00000000 		.4byte	ts_display
 536 024b 0E       		.uleb128 0xe
 537 024c E8020000 		.4byte	.LASF42
 538 0250 05       		.byte	0x5
 539 0251 16       		.byte	0x16
 540 0252 96000000 		.4byte	0x96
 541 0256 05       		.uleb128 0x5
 542 0257 03       		.byte	0x3
 543 0258 00000000 		.4byte	flag_ts_enc
 544 025c 0E       		.uleb128 0xe
 545 025d 84010000 		.4byte	.LASF43
 546 0261 05       		.byte	0x5
 547 0262 17       		.byte	0x17
 548 0263 96000000 		.4byte	0x96
 549 0267 05       		.uleb128 0x5
 550 0268 03       		.byte	0x3
 551 0269 00000000 		.4byte	flag_ts_update
 552 026d 0E       		.uleb128 0xe
 553 026e 13000000 		.4byte	.LASF44
 554 0272 05       		.byte	0x5
 555 0273 18       		.byte	0x18
 556 0274 96000000 		.4byte	0x96
 557 0278 05       		.uleb128 0x5
 558 0279 03       		.byte	0x3
 559 027a 00000000 		.4byte	flag_ts_speed
 560 027e 0E       		.uleb128 0xe
 561 027f B9010000 		.4byte	.LASF45
 562 0283 05       		.byte	0x5
 563 0284 19       		.byte	0x19
 564 0285 96000000 		.4byte	0x96
 565 0289 05       		.uleb128 0x5
 566 028a 03       		.byte	0x3
 567 028b 00000000 		.4byte	flag_ts_display
 568 028f 0E       		.uleb128 0xe
 569 0290 C9010000 		.4byte	.LASF46
 570 0294 05       		.byte	0x5
ARM GAS  C:\Users\sela847\AppData\Local\Temp\ccR6MiAg.s 			page 12


 571 0295 1C       		.byte	0x1c
 572 0296 96000000 		.4byte	0x96
 573 029a 05       		.uleb128 0x5
 574 029b 03       		.byte	0x3
 575 029c 00000000 		.4byte	flag_rx
 576 02a0 0E       		.uleb128 0xe
 577 02a1 07000000 		.4byte	.LASF47
 578 02a5 05       		.byte	0x5
 579 02a6 1D       		.byte	0x1d
 580 02a7 96000000 		.4byte	0x96
 581 02ab 05       		.uleb128 0x5
 582 02ac 03       		.byte	0x3
 583 02ad 00000000 		.4byte	flag_packet
 584 02b1 0E       		.uleb128 0xe
 585 02b2 3E020000 		.4byte	.LASF48
 586 02b6 05       		.byte	0x5
 587 02b7 1E       		.byte	0x1e
 588 02b8 96000000 		.4byte	0x96
 589 02bc 05       		.uleb128 0x5
 590 02bd 03       		.byte	0x3
 591 02be 00000000 		.4byte	flag_KB_string
 592 02c2 0E       		.uleb128 0xe
 593 02c3 FF010000 		.4byte	.LASF49
 594 02c7 05       		.byte	0x5
 595 02c8 20       		.byte	0x20
 596 02c9 96000000 		.4byte	0x96
 597 02cd 05       		.uleb128 0x5
 598 02ce 03       		.byte	0x3
 599 02cf 00000000 		.4byte	dataready_flag
 600 02d3 0E       		.uleb128 0xe
 601 02d4 1B030000 		.4byte	.LASF50
 602 02d8 05       		.byte	0x5
 603 02d9 22       		.byte	0x22
 604 02da 96000000 		.4byte	0x96
 605 02de 05       		.uleb128 0x5
 606 02df 03       		.byte	0x3
 607 02e0 00000000 		.4byte	flag_rf_transmission_active
 608 02e4 0F       		.uleb128 0xf
 609 02e5 84000000 		.4byte	0x84
 610 02e9 F4020000 		.4byte	0x2f4
 611 02ed 10       		.uleb128 0x10
 612 02ee 7D000000 		.4byte	0x7d
 613 02f2 3F       		.byte	0x3f
 614 02f3 00       		.byte	0
 615 02f4 0E       		.uleb128 0xe
 616 02f5 B1020000 		.4byte	.LASF51
 617 02f9 05       		.byte	0x5
 618 02fa 25       		.byte	0x25
 619 02fb E4020000 		.4byte	0x2e4
 620 02ff 05       		.uleb128 0x5
 621 0300 03       		.byte	0x3
 622 0301 00000000 		.4byte	displaystring
 623 0305 0E       		.uleb128 0xe
 624 0306 66010000 		.4byte	.LASF52
 625 030a 05       		.byte	0x5
 626 030b 26       		.byte	0x26
 627 030c E4020000 		.4byte	0x2e4
ARM GAS  C:\Users\sela847\AppData\Local\Temp\ccR6MiAg.s 			page 13


 628 0310 05       		.uleb128 0x5
 629 0311 03       		.byte	0x3
 630 0312 00000000 		.4byte	line
 631 0316 0E       		.uleb128 0xe
 632 0317 D1010000 		.4byte	.LASF53
 633 031b 05       		.byte	0x5
 634 031c 26       		.byte	0x26
 635 031d E4020000 		.4byte	0x2e4
 636 0321 05       		.uleb128 0x5
 637 0322 03       		.byte	0x3
 638 0323 00000000 		.4byte	entry
 639 0327 0F       		.uleb128 0xf
 640 0328 96000000 		.4byte	0x96
 641 032c 37030000 		.4byte	0x337
 642 0330 10       		.uleb128 0x10
 643 0331 7D000000 		.4byte	0x7d
 644 0335 3F       		.byte	0x3f
 645 0336 00       		.byte	0
 646 0337 0E       		.uleb128 0xe
 647 0338 49000000 		.4byte	.LASF54
 648 033c 05       		.byte	0x5
 649 033d 27       		.byte	0x27
 650 033e 27030000 		.4byte	0x327
 651 0342 05       		.uleb128 0x5
 652 0343 03       		.byte	0x3
 653 0344 00000000 		.4byte	usbBuffer
 654 0348 0E       		.uleb128 0xe
 655 0349 33000000 		.4byte	.LASF55
 656 034d 05       		.byte	0x5
 657 034e 3C       		.byte	0x3c
 658 034f D4000000 		.4byte	0xd4
 659 0353 05       		.uleb128 0x5
 660 0354 03       		.byte	0x3
 661 0355 00000000 		.4byte	system_state
 662 0359 00       		.byte	0
 663              		.section	.debug_abbrev,"",%progbits
 664              	.Ldebug_abbrev0:
 665 0000 01       		.uleb128 0x1
 666 0001 11       		.uleb128 0x11
 667 0002 01       		.byte	0x1
 668 0003 25       		.uleb128 0x25
 669 0004 0E       		.uleb128 0xe
 670 0005 13       		.uleb128 0x13
 671 0006 0B       		.uleb128 0xb
 672 0007 03       		.uleb128 0x3
 673 0008 0E       		.uleb128 0xe
 674 0009 1B       		.uleb128 0x1b
 675 000a 0E       		.uleb128 0xe
 676 000b 55       		.uleb128 0x55
 677 000c 17       		.uleb128 0x17
 678 000d 11       		.uleb128 0x11
 679 000e 01       		.uleb128 0x1
 680 000f 10       		.uleb128 0x10
 681 0010 17       		.uleb128 0x17
 682 0011 00       		.byte	0
 683 0012 00       		.byte	0
 684 0013 02       		.uleb128 0x2
ARM GAS  C:\Users\sela847\AppData\Local\Temp\ccR6MiAg.s 			page 14


 685 0014 24       		.uleb128 0x24
 686 0015 00       		.byte	0
 687 0016 0B       		.uleb128 0xb
 688 0017 0B       		.uleb128 0xb
 689 0018 3E       		.uleb128 0x3e
 690 0019 0B       		.uleb128 0xb
 691 001a 03       		.uleb128 0x3
 692 001b 0E       		.uleb128 0xe
 693 001c 00       		.byte	0
 694 001d 00       		.byte	0
 695 001e 03       		.uleb128 0x3
 696 001f 16       		.uleb128 0x16
 697 0020 00       		.byte	0
 698 0021 03       		.uleb128 0x3
 699 0022 0E       		.uleb128 0xe
 700 0023 3A       		.uleb128 0x3a
 701 0024 0B       		.uleb128 0xb
 702 0025 3B       		.uleb128 0x3b
 703 0026 0B       		.uleb128 0xb
 704 0027 49       		.uleb128 0x49
 705 0028 13       		.uleb128 0x13
 706 0029 00       		.byte	0
 707 002a 00       		.byte	0
 708 002b 04       		.uleb128 0x4
 709 002c 24       		.uleb128 0x24
 710 002d 00       		.byte	0
 711 002e 0B       		.uleb128 0xb
 712 002f 0B       		.uleb128 0xb
 713 0030 3E       		.uleb128 0x3e
 714 0031 0B       		.uleb128 0xb
 715 0032 03       		.uleb128 0x3
 716 0033 08       		.uleb128 0x8
 717 0034 00       		.byte	0
 718 0035 00       		.byte	0
 719 0036 05       		.uleb128 0x5
 720 0037 16       		.uleb128 0x16
 721 0038 00       		.byte	0
 722 0039 03       		.uleb128 0x3
 723 003a 0E       		.uleb128 0xe
 724 003b 3A       		.uleb128 0x3a
 725 003c 0B       		.uleb128 0xb
 726 003d 3B       		.uleb128 0x3b
 727 003e 05       		.uleb128 0x5
 728 003f 49       		.uleb128 0x49
 729 0040 13       		.uleb128 0x13
 730 0041 00       		.byte	0
 731 0042 00       		.byte	0
 732 0043 06       		.uleb128 0x6
 733 0044 13       		.uleb128 0x13
 734 0045 01       		.byte	0x1
 735 0046 03       		.uleb128 0x3
 736 0047 0E       		.uleb128 0xe
 737 0048 0B       		.uleb128 0xb
 738 0049 0B       		.uleb128 0xb
 739 004a 3A       		.uleb128 0x3a
 740 004b 0B       		.uleb128 0xb
 741 004c 3B       		.uleb128 0x3b
ARM GAS  C:\Users\sela847\AppData\Local\Temp\ccR6MiAg.s 			page 15


 742 004d 0B       		.uleb128 0xb
 743 004e 01       		.uleb128 0x1
 744 004f 13       		.uleb128 0x13
 745 0050 00       		.byte	0
 746 0051 00       		.byte	0
 747 0052 07       		.uleb128 0x7
 748 0053 0D       		.uleb128 0xd
 749 0054 00       		.byte	0
 750 0055 03       		.uleb128 0x3
 751 0056 0E       		.uleb128 0xe
 752 0057 3A       		.uleb128 0x3a
 753 0058 0B       		.uleb128 0xb
 754 0059 3B       		.uleb128 0x3b
 755 005a 0B       		.uleb128 0xb
 756 005b 49       		.uleb128 0x49
 757 005c 13       		.uleb128 0x13
 758 005d 38       		.uleb128 0x38
 759 005e 0B       		.uleb128 0xb
 760 005f 00       		.byte	0
 761 0060 00       		.byte	0
 762 0061 08       		.uleb128 0x8
 763 0062 2E       		.uleb128 0x2e
 764 0063 00       		.byte	0
 765 0064 3F       		.uleb128 0x3f
 766 0065 19       		.uleb128 0x19
 767 0066 03       		.uleb128 0x3
 768 0067 0E       		.uleb128 0xe
 769 0068 3A       		.uleb128 0x3a
 770 0069 0B       		.uleb128 0xb
 771 006a 3B       		.uleb128 0x3b
 772 006b 0B       		.uleb128 0xb
 773 006c 49       		.uleb128 0x49
 774 006d 13       		.uleb128 0x13
 775 006e 11       		.uleb128 0x11
 776 006f 01       		.uleb128 0x1
 777 0070 12       		.uleb128 0x12
 778 0071 06       		.uleb128 0x6
 779 0072 40       		.uleb128 0x40
 780 0073 18       		.uleb128 0x18
 781 0074 9642     		.uleb128 0x2116
 782 0076 19       		.uleb128 0x19
 783 0077 00       		.byte	0
 784 0078 00       		.byte	0
 785 0079 09       		.uleb128 0x9
 786 007a 2E       		.uleb128 0x2e
 787 007b 01       		.byte	0x1
 788 007c 3F       		.uleb128 0x3f
 789 007d 19       		.uleb128 0x19
 790 007e 03       		.uleb128 0x3
 791 007f 0E       		.uleb128 0xe
 792 0080 3A       		.uleb128 0x3a
 793 0081 0B       		.uleb128 0xb
 794 0082 3B       		.uleb128 0x3b
 795 0083 0B       		.uleb128 0xb
 796 0084 27       		.uleb128 0x27
 797 0085 19       		.uleb128 0x19
 798 0086 11       		.uleb128 0x11
ARM GAS  C:\Users\sela847\AppData\Local\Temp\ccR6MiAg.s 			page 16


 799 0087 01       		.uleb128 0x1
 800 0088 12       		.uleb128 0x12
 801 0089 06       		.uleb128 0x6
 802 008a 40       		.uleb128 0x40
 803 008b 18       		.uleb128 0x18
 804 008c 9642     		.uleb128 0x2116
 805 008e 19       		.uleb128 0x19
 806 008f 01       		.uleb128 0x1
 807 0090 13       		.uleb128 0x13
 808 0091 00       		.byte	0
 809 0092 00       		.byte	0
 810 0093 0A       		.uleb128 0xa
 811 0094 05       		.uleb128 0x5
 812 0095 00       		.byte	0
 813 0096 03       		.uleb128 0x3
 814 0097 0E       		.uleb128 0xe
 815 0098 3A       		.uleb128 0x3a
 816 0099 0B       		.uleb128 0xb
 817 009a 3B       		.uleb128 0x3b
 818 009b 0B       		.uleb128 0xb
 819 009c 49       		.uleb128 0x49
 820 009d 13       		.uleb128 0x13
 821 009e 02       		.uleb128 0x2
 822 009f 18       		.uleb128 0x18
 823 00a0 00       		.byte	0
 824 00a1 00       		.byte	0
 825 00a2 0B       		.uleb128 0xb
 826 00a3 34       		.uleb128 0x34
 827 00a4 00       		.byte	0
 828 00a5 03       		.uleb128 0x3
 829 00a6 0E       		.uleb128 0xe
 830 00a7 3A       		.uleb128 0x3a
 831 00a8 0B       		.uleb128 0xb
 832 00a9 3B       		.uleb128 0x3b
 833 00aa 05       		.uleb128 0x5
 834 00ab 49       		.uleb128 0x49
 835 00ac 13       		.uleb128 0x13
 836 00ad 3F       		.uleb128 0x3f
 837 00ae 19       		.uleb128 0x19
 838 00af 3C       		.uleb128 0x3c
 839 00b0 19       		.uleb128 0x19
 840 00b1 00       		.byte	0
 841 00b2 00       		.byte	0
 842 00b3 0C       		.uleb128 0xc
 843 00b4 35       		.uleb128 0x35
 844 00b5 00       		.byte	0
 845 00b6 49       		.uleb128 0x49
 846 00b7 13       		.uleb128 0x13
 847 00b8 00       		.byte	0
 848 00b9 00       		.byte	0
 849 00ba 0D       		.uleb128 0xd
 850 00bb 34       		.uleb128 0x34
 851 00bc 00       		.byte	0
 852 00bd 03       		.uleb128 0x3
 853 00be 08       		.uleb128 0x8
 854 00bf 3A       		.uleb128 0x3a
 855 00c0 0B       		.uleb128 0xb
ARM GAS  C:\Users\sela847\AppData\Local\Temp\ccR6MiAg.s 			page 17


 856 00c1 3B       		.uleb128 0x3b
 857 00c2 0B       		.uleb128 0xb
 858 00c3 49       		.uleb128 0x49
 859 00c4 13       		.uleb128 0x13
 860 00c5 3F       		.uleb128 0x3f
 861 00c6 19       		.uleb128 0x19
 862 00c7 02       		.uleb128 0x2
 863 00c8 18       		.uleb128 0x18
 864 00c9 00       		.byte	0
 865 00ca 00       		.byte	0
 866 00cb 0E       		.uleb128 0xe
 867 00cc 34       		.uleb128 0x34
 868 00cd 00       		.byte	0
 869 00ce 03       		.uleb128 0x3
 870 00cf 0E       		.uleb128 0xe
 871 00d0 3A       		.uleb128 0x3a
 872 00d1 0B       		.uleb128 0xb
 873 00d2 3B       		.uleb128 0x3b
 874 00d3 0B       		.uleb128 0xb
 875 00d4 49       		.uleb128 0x49
 876 00d5 13       		.uleb128 0x13
 877 00d6 3F       		.uleb128 0x3f
 878 00d7 19       		.uleb128 0x19
 879 00d8 02       		.uleb128 0x2
 880 00d9 18       		.uleb128 0x18
 881 00da 00       		.byte	0
 882 00db 00       		.byte	0
 883 00dc 0F       		.uleb128 0xf
 884 00dd 01       		.uleb128 0x1
 885 00de 01       		.byte	0x1
 886 00df 49       		.uleb128 0x49
 887 00e0 13       		.uleb128 0x13
 888 00e1 01       		.uleb128 0x1
 889 00e2 13       		.uleb128 0x13
 890 00e3 00       		.byte	0
 891 00e4 00       		.byte	0
 892 00e5 10       		.uleb128 0x10
 893 00e6 21       		.uleb128 0x21
 894 00e7 00       		.byte	0
 895 00e8 49       		.uleb128 0x49
 896 00e9 13       		.uleb128 0x13
 897 00ea 2F       		.uleb128 0x2f
 898 00eb 0B       		.uleb128 0xb
 899 00ec 00       		.byte	0
 900 00ed 00       		.byte	0
 901 00ee 00       		.byte	0
 902              		.section	.debug_aranges,"",%progbits
 903 0000 24000000 		.4byte	0x24
 904 0004 0200     		.2byte	0x2
 905 0006 00000000 		.4byte	.Ldebug_info0
 906 000a 04       		.byte	0x4
 907 000b 00       		.byte	0
 908 000c 0000     		.2byte	0
 909 000e 0000     		.2byte	0
 910 0010 00000000 		.4byte	.LFB64
 911 0014 16000000 		.4byte	.LFE64-.LFB64
 912 0018 00000000 		.4byte	.LFB65
ARM GAS  C:\Users\sela847\AppData\Local\Temp\ccR6MiAg.s 			page 18


 913 001c A0000000 		.4byte	.LFE65-.LFB65
 914 0020 00000000 		.4byte	0
 915 0024 00000000 		.4byte	0
 916              		.section	.debug_ranges,"",%progbits
 917              	.Ldebug_ranges0:
 918 0000 00000000 		.4byte	.LFB64
 919 0004 16000000 		.4byte	.LFE64
 920 0008 00000000 		.4byte	.LFB65
 921 000c A0000000 		.4byte	.LFE65
 922 0010 00000000 		.4byte	0
 923 0014 00000000 		.4byte	0
 924              		.section	.debug_line,"",%progbits
 925              	.Ldebug_line0:
 926 0000 8F010000 		.section	.debug_str,"MS",%progbits,1
 926      02005601 
 926      00000201 
 926      FB0E0D00 
 926      01010101 
 927              	.LASF38:
 928 0000 74735F65 		.ascii	"ts_enc\000"
 928      6E6300
 929              	.LASF47:
 930 0007 666C6167 		.ascii	"flag_packet\000"
 930      5F706163 
 930      6B657400 
 931              	.LASF44:
 932 0013 666C6167 		.ascii	"flag_ts_speed\000"
 932      5F74735F 
 932      73706565 
 932      6400
 933              	.LASF33:
 934 0021 67325F78 		.ascii	"g2_xpos\000"
 934      706F7300 
 935              	.LASF2:
 936 0029 73686F72 		.ascii	"short int\000"
 936      7420696E 
 936      7400
 937              	.LASF55:
 938 0033 73797374 		.ascii	"system_state\000"
 938      656D5F73 
 938      74617465 
 938      00
 939              	.LASF10:
 940 0040 73697A65 		.ascii	"sizetype\000"
 940      74797065 
 940      00
 941              	.LASF54:
 942 0049 75736242 		.ascii	"usbBuffer\000"
 942      75666665 
 942      7200
 943              	.LASF56:
 944 0053 474E5520 		.ascii	"GNU C11 5.4.1 20160609 (release) [ARM/embedded-5-br"
 944      43313120 
 944      352E342E 
 944      31203230 
 944      31363036 
 945 0086 616E6368 		.ascii	"anch revision 237715] -mcpu=cortex-m3 -mthumb -g -O"
ARM GAS  C:\Users\sela847\AppData\Local\Temp\ccR6MiAg.s 			page 19


 945      20726576 
 945      6973696F 
 945      6E203233 
 945      37373135 
 946 00b9 30202D66 		.ascii	"0 -ffunction-sections -ffat-lto-objects\000"
 946      66756E63 
 946      74696F6E 
 946      2D736563 
 946      74696F6E 
 947              	.LASF60:
 948 00e1 6D61696E 		.ascii	"main\000"
 948      00
 949              	.LASF15:
 950 00e6 75696E74 		.ascii	"uint16\000"
 950      313600
 951              	.LASF21:
 952 00ed 696E6465 		.ascii	"index\000"
 952      7800
 953              	.LASF17:
 954 00f3 696E7431 		.ascii	"int16\000"
 954      3600
 955              	.LASF14:
 956 00f9 75696E74 		.ascii	"uint8\000"
 956      3800
 957              	.LASF32:
 958 00ff 67315F64 		.ascii	"g1_direction\000"
 958      69726563 
 958      74696F6E 
 958      00
 959              	.LASF58:
 960 010c 483A5C44 		.ascii	"H:\\Documents\\12_Cypress_LineFollowingRobot\\Janit"
 960      6F63756D 
 960      656E7473 
 960      5C31325F 
 960      43797072 
 961 013c 685C5053 		.ascii	"h\\PSOC\\sensor_motor_demo.cydsn\000"
 961      4F435C73 
 961      656E736F 
 961      725F6D6F 
 961      746F725F 
 962              	.LASF61:
 963 015b 73657450 		.ascii	"setPWMDuty\000"
 963      574D4475 
 963      747900
 964              	.LASF52:
 965 0166 6C696E65 		.ascii	"line\000"
 965      00
 966              	.LASF18:
 967 016b 666C6F61 		.ascii	"float\000"
 967      7400
 968              	.LASF6:
 969 0171 6C6F6E67 		.ascii	"long long int\000"
 969      206C6F6E 
 969      6720696E 
 969      7400
 970              	.LASF16:
 971 017f 696E7438 		.ascii	"int8\000"
ARM GAS  C:\Users\sela847\AppData\Local\Temp\ccR6MiAg.s 			page 20


 971      00
 972              	.LASF43:
 973 0184 666C6167 		.ascii	"flag_ts_update\000"
 973      5F74735F 
 973      75706461 
 973      746500
 974              	.LASF34:
 975 0193 67325F79 		.ascii	"g2_ypos\000"
 975      706F7300 
 976              	.LASF28:
 977 019b 67305F64 		.ascii	"g0_direction\000"
 977      69726563 
 977      74696F6E 
 977      00
 978              	.LASF25:
 979 01a8 67305F78 		.ascii	"g0_xpos\000"
 979      706F7300 
 980              	.LASF4:
 981 01b0 6C6F6E67 		.ascii	"long int\000"
 981      20696E74 
 981      00
 982              	.LASF45:
 983 01b9 666C6167 		.ascii	"flag_ts_display\000"
 983      5F74735F 
 983      64697370 
 983      6C617900 
 984              	.LASF46:
 985 01c9 666C6167 		.ascii	"flag_rx\000"
 985      5F727800 
 986              	.LASF53:
 987 01d1 656E7472 		.ascii	"entry\000"
 987      7900
 988              	.LASF9:
 989 01d7 6C6F6E67 		.ascii	"long double\000"
 989      20646F75 
 989      626C6500 
 990              	.LASF1:
 991 01e3 756E7369 		.ascii	"unsigned char\000"
 991      676E6564 
 991      20636861 
 991      7200
 992              	.LASF62:
 993 01f1 64757479 		.ascii	"duty\000"
 993      00
 994              	.LASF27:
 995 01f6 67305F73 		.ascii	"g0_speed\000"
 995      70656564 
 995      00
 996              	.LASF49:
 997 01ff 64617461 		.ascii	"dataready_flag\000"
 997      72656164 
 997      795F666C 
 997      616700
 998              	.LASF0:
 999 020e 7369676E 		.ascii	"signed char\000"
 999      65642063 
 999      68617200 
ARM GAS  C:\Users\sela847\AppData\Local\Temp\ccR6MiAg.s 			page 21


 1000              	.LASF7:
 1001 021a 6C6F6E67 		.ascii	"long long unsigned int\000"
 1001      206C6F6E 
 1001      6720756E 
 1001      7369676E 
 1001      65642069 
 1002              	.LASF8:
 1003 0231 756E7369 		.ascii	"unsigned int\000"
 1003      676E6564 
 1003      20696E74 
 1003      00
 1004              	.LASF48:
 1005 023e 666C6167 		.ascii	"flag_KB_string\000"
 1005      5F4B425F 
 1005      73747269 
 1005      6E6700
 1006              	.LASF35:
 1007 024d 67325F73 		.ascii	"g2_speed\000"
 1007      70656564 
 1007      00
 1008              	.LASF29:
 1009 0256 67315F78 		.ascii	"g1_xpos\000"
 1009      706F7300 
 1010              	.LASF3:
 1011 025e 73686F72 		.ascii	"short unsigned int\000"
 1011      7420756E 
 1011      7369676E 
 1011      65642069 
 1011      6E7400
 1012              	.LASF59:
 1013 0271 64617461 		.ascii	"data_main\000"
 1013      5F6D6169 
 1013      6E00
 1014              	.LASF11:
 1015 027b 63686172 		.ascii	"char\000"
 1015      00
 1016              	.LASF22:
 1017 0280 726F626F 		.ascii	"robot_xpos\000"
 1017      745F7870 
 1017      6F7300
 1018              	.LASF13:
 1019 028b 696E7433 		.ascii	"int32_t\000"
 1019      325F7400 
 1020              	.LASF30:
 1021 0293 67315F79 		.ascii	"g1_ypos\000"
 1021      706F7300 
 1022              	.LASF36:
 1023 029b 67325F64 		.ascii	"g2_direction\000"
 1023      69726563 
 1023      74696F6E 
 1023      00
 1024              	.LASF31:
 1025 02a8 67315F73 		.ascii	"g1_speed\000"
 1025      70656564 
 1025      00
 1026              	.LASF51:
 1027 02b1 64697370 		.ascii	"displaystring\000"
ARM GAS  C:\Users\sela847\AppData\Local\Temp\ccR6MiAg.s 			page 22


 1027      6C617973 
 1027      7472696E 
 1027      6700
 1028              	.LASF57:
 1029 02bf 6D61696E 		.ascii	"main.c\000"
 1029      2E6300
 1030              	.LASF5:
 1031 02c6 6C6F6E67 		.ascii	"long unsigned int\000"
 1031      20756E73 
 1031      69676E65 
 1031      6420696E 
 1031      7400
 1032              	.LASF19:
 1033 02d8 646F7562 		.ascii	"double\000"
 1033      6C6500
 1034              	.LASF40:
 1035 02df 74735F73 		.ascii	"ts_speed\000"
 1035      70656564 
 1035      00
 1036              	.LASF42:
 1037 02e8 666C6167 		.ascii	"flag_ts_enc\000"
 1037      5F74735F 
 1037      656E6300 
 1038              	.LASF12:
 1039 02f4 5F5F696E 		.ascii	"__int32_t\000"
 1039      7433325F 
 1039      7400
 1040              	.LASF26:
 1041 02fe 67305F79 		.ascii	"g0_ypos\000"
 1041      706F7300 
 1042              	.LASF41:
 1043 0306 74735F64 		.ascii	"ts_display\000"
 1043      6973706C 
 1043      617900
 1044              	.LASF39:
 1045 0311 74735F75 		.ascii	"ts_update\000"
 1045      70646174 
 1045      6500
 1046              	.LASF50:
 1047 031b 666C6167 		.ascii	"flag_rf_transmission_active\000"
 1047      5F72665F 
 1047      7472616E 
 1047      736D6973 
 1047      73696F6E 
 1048              	.LASF23:
 1049 0337 726F626F 		.ascii	"robot_ypos\000"
 1049      745F7970 
 1049      6F7300
 1050              	.LASF37:
 1051 0342 49544D5F 		.ascii	"ITM_RxBuffer\000"
 1051      52784275 
 1051      66666572 
 1051      00
 1052              	.LASF20:
 1053 034f 72737369 		.ascii	"rssi\000"
 1053      00
 1054              	.LASF24:
ARM GAS  C:\Users\sela847\AppData\Local\Temp\ccR6MiAg.s 			page 23


 1055 0354 726F626F 		.ascii	"robot_orientation\000"
 1055      745F6F72 
 1055      69656E74 
 1055      6174696F 
 1055      6E00
 1056              		.ident	"GCC: (GNU Tools for ARM Embedded Processors) 5.4.1 20160609 (release) [ARM/embedded-5-bran
