#***************************************************************************

#sjplacer

#Version:            1.1

#Build Date:         Dec  5 2017 15:35:27

#File Generated:     Oct 9 2023 11:42:22

#Purpose:            

#Copyright (C) 2010-2011 by Softjin Technologies Pvt Ltd. All rights reserved.

#***************************************************************************

Executing : C:\Program Files (x86)\Cypress\PSoC Creator\4.2\PSoC Creator\bin/sjplacer.exe --proj-name Hardware_Task2 --netlist-vh2 Hardware_Task2_p.vh2 --arch p35_udb4x6 --arch-file C:\Program Files (x86)\Cypress\PSoC Creator\4.2\PSoC Creator\dev\arch/udbdsi_4x6_24.cydata --ip-file C:\Program Files (x86)\Cypress\PSoC Creator\4.2\PSoC Creator\dev\psoc5/psoc5lp/ip_blocks.cydata --rrg-file C:\Program Files (x86)\Cypress\PSoC Creator\4.2\PSoC Creator\dev\psoc5/psoc5lp/route_arch-rrg.cydata --irq-file C:\Program Files (x86)\Cypress\PSoC Creator\4.2\PSoC Creator\dev\psoc5/psoc5lp/irqconn.cydata --drq-file C:\Program Files (x86)\Cypress\PSoC Creator\4.2\PSoC Creator\dev\psoc5/psoc5lp/dmaconn.cydata --dsi-conn-file C:\Program Files (x86)\Cypress\PSoC Creator\4.2\PSoC Creator\dev\psoc5/psoc5lp/dsiconn.cydata --pins-file pins_68-QFN.xml --lib-file Hardware_Task2_p.lib --sdc-file Hardware_Task2.sdc --io-pcf Hardware_Task2.pci --outdir .

		Softjin Techologies Placer, Version 1.1

Build Date : Dec  5 2017	15:33:41

D2004: Option and Settings Summary
=============================================================
Netlist vh2 file          - Hardware_Task2_p.vh2
Architecture file         - C:\Program Files (x86)\Cypress\PSoC Creator\4.2\PSoC Creator\dev\arch/udbdsi_4x6_24.cydata
Package                   - 
Defparam file             - 
SDC file                  - Hardware_Task2.sdc
Output directory          - .
Timing library            - Hardware_Task2_p.lib
IO Placement file         - Hardware_Task2.pci

D2050: Starting reading inputs for placer
=============================================================
D2065: Reading netlist file : "Hardware_Task2_p.vh2"
D2065: Reading arch file : "C:\Program Files (x86)\Cypress\PSoC Creator\4.2\PSoC Creator\dev\arch/udbdsi_4x6_24.cydata"
D2051: Reading of inputs for placer completed successfully

D2053: Starting placement of the design
=============================================================

Phase 2
Phase 3

Design Statistics after Packing
    Number of Combinational MCs 	:	32
    Number of Sequential MCs    	:	131
    Number of DPs               	:	7
    Number of Controls          	:	7
    Number of Status            	:	7
    Number of SyncCells         	:	7
    Number of count7cells       	:	2

Device Utilization Summary after Packing
    Macrocells                  :	163/192
    UDBS                        :	24/24
    IOs                         :	39/72


D2088: Phase 3, elapsed time : 0.0 (sec)

Phase 4
D2088: Phase 4, elapsed time : 0.0 (sec)

Phase 5
D2088: Phase 5, elapsed time : 0.0 (sec)

Phase 6

######################################################################
Placement Timing Summary

The timing summary is based on estimated routing delays after
placement. For final timing report, please carry out the timing
analysis after routing.
======================================================================

######################################################################
                     Clock Summary 
======================================================================
Number of clocks: 15
Clock: ADC_IntClock         | Frequency:  30.9 MHz | Target:   2.9 MHz
Clock: ADC_IntClock(routed) | Frequency: N/A       | Target:   2.9 MHz
Clock: Clock2               | Frequency: N/A       | Target:   0.0 MHz
Clock: Clock2(fixed-function) | Frequency: N/A       | Target:   0.0 MHz
Clock: Clock_PWM            | Frequency: N/A       | Target:   1.0 MHz
Clock: Clock_PWM(fixed-function) | Frequency: N/A       | Target:   1.0 MHz
Clock: Clock_QENC           | Frequency:  35.9 MHz | Target:  12.0 MHz
Clock: CyBUS_CLK            | Frequency:  53.3 MHz | Target:  60.0 MHz
Clock: CyILO                | Frequency: N/A       | Target:   0.1 MHz
Clock: CyIMO                | Frequency: N/A       | Target:  24.0 MHz
Clock: CyMASTER_CLK         | Frequency: N/A       | Target:  60.0 MHz
Clock: CyPLL_OUT            | Frequency: N/A       | Target:  60.0 MHz
Clock: Quad_Timer_clk       | Frequency: N/A       | Target:   0.0 MHz
Clock: Quad_Timer_clk(fixed-function) | Frequency: N/A       | Target:   0.0 MHz
Clock: UART_IntClock        | Frequency:  46.6 MHz | Target:   0.5 MHz

======================================================================
                     End of Clock Summary
######################################################################

D2088: Phase 6, elapsed time : 0.1 (sec)

Phase 7
######################################################################
                     Clock Summary 
======================================================================
Number of clocks: 15
Clock: ADC_IntClock         | Frequency:  28.5 MHz | Target:   2.9 MHz
Clock: ADC_IntClock(routed) | Frequency: N/A       | Target:   2.9 MHz
Clock: Clock2               | Frequency: N/A       | Target:   0.0 MHz
Clock: Clock2(fixed-function) | Frequency: N/A       | Target:   0.0 MHz
Clock: Clock_PWM            | Frequency: N/A       | Target:   1.0 MHz
Clock: Clock_PWM(fixed-function) | Frequency: N/A       | Target:   1.0 MHz
Clock: Clock_QENC           | Frequency:  40.3 MHz | Target:  12.0 MHz
Clock: CyBUS_CLK            | Frequency:  57.8 MHz | Target:  60.0 MHz
Clock: CyILO                | Frequency: N/A       | Target:   0.1 MHz
Clock: CyIMO                | Frequency: N/A       | Target:  24.0 MHz
Clock: CyMASTER_CLK         | Frequency: N/A       | Target:  60.0 MHz
Clock: CyPLL_OUT            | Frequency: N/A       | Target:  60.0 MHz
Clock: Quad_Timer_clk       | Frequency: N/A       | Target:   0.0 MHz
Clock: Quad_Timer_clk(fixed-function) | Frequency: N/A       | Target:   0.0 MHz
Clock: UART_IntClock        | Frequency:  36.8 MHz | Target:   0.5 MHz

======================================================================
                     End of Clock Summary
######################################################################
D2088: Phase 7, elapsed time : 0.6 (sec)

Final Design Statistics
    Number of Combinational MCs 	:	32
    Number of Sequential MCs    	:	131
    Number of DPs               	:	7
    Number of Controls          	:	7
    Number of Status            	:	7
    Number of SyncCells         	:	7
    Number of count7cells       	:	2
    Number of IOs       	:	39

Device Utilization Summary
    Macrocells                  :	163/192
    IOs                         :	39/72



######################################################################
Placement Timing Summary

The timing summary is based on estimated routing delays after
placement. For final timing report, please carry out the timing
analysis after routing.
======================================================================


######################################################################
                     Clock Summary 
======================================================================
Number of clocks: 15
Clock: ADC_IntClock         | Frequency:   6.9 MHz | Target:   2.9 MHz
Clock: ADC_IntClock(routed) | Frequency: N/A       | Target:   2.9 MHz
Clock: Clock2               | Frequency: N/A       | Target:   0.0 MHz
Clock: Clock2(fixed-function) | Frequency: N/A       | Target:   0.0 MHz
Clock: Clock_PWM            | Frequency: N/A       | Target:   1.0 MHz
Clock: Clock_PWM(fixed-function) | Frequency: N/A       | Target:   1.0 MHz
Clock: Clock_QENC           | Frequency:  35.4 MHz | Target:  12.0 MHz
Clock: CyBUS_CLK            | Frequency:   6.9 MHz | Target:  60.0 MHz
Clock: CyILO                | Frequency: N/A       | Target:   0.1 MHz
Clock: CyIMO                | Frequency: N/A       | Target:  24.0 MHz
Clock: CyMASTER_CLK         | Frequency: N/A       | Target:  60.0 MHz
Clock: CyPLL_OUT            | Frequency: N/A       | Target:  60.0 MHz
Clock: Quad_Timer_clk       | Frequency: N/A       | Target:   0.0 MHz
Clock: Quad_Timer_clk(fixed-function) | Frequency: N/A       | Target:   0.0 MHz
Clock: UART_IntClock        | Frequency:   6.9 MHz | Target:   0.5 MHz

======================================================================
                     End of Clock Summary
######################################################################

Phase 6

######################################################################
Placement Timing Summary

The timing summary is based on estimated routing delays after
placement. For final timing report, please carry out the timing
analysis after routing.
======================================================================

######################################################################
                     Clock Summary 
======================================================================
Number of clocks: 15
Clock: ADC_IntClock         | Frequency:   7.4 MHz | Target:   2.9 MHz
Clock: ADC_IntClock(routed) | Frequency: N/A       | Target:   2.9 MHz
Clock: Clock2               | Frequency: N/A       | Target:   0.0 MHz
Clock: Clock2(fixed-function) | Frequency: N/A       | Target:   0.0 MHz
Clock: Clock_PWM            | Frequency: N/A       | Target:   1.0 MHz
Clock: Clock_PWM(fixed-function) | Frequency: N/A       | Target:   1.0 MHz
Clock: Clock_QENC           | Frequency:  35.4 MHz | Target:  12.0 MHz
Clock: CyBUS_CLK            | Frequency:   6.5 MHz | Target:  60.0 MHz
Clock: CyILO                | Frequency: N/A       | Target:   0.1 MHz
Clock: CyIMO                | Frequency: N/A       | Target:  24.0 MHz
Clock: CyMASTER_CLK         | Frequency: N/A       | Target:  60.0 MHz
Clock: CyPLL_OUT            | Frequency: N/A       | Target:  60.0 MHz
Clock: Quad_Timer_clk       | Frequency: N/A       | Target:   0.0 MHz
Clock: Quad_Timer_clk(fixed-function) | Frequency: N/A       | Target:   0.0 MHz
Clock: UART_IntClock        | Frequency:   6.5 MHz | Target:   0.5 MHz

======================================================================
                     End of Clock Summary
######################################################################

D2088: Phase 6, elapsed time : 0.1 (sec)

Phase 7
######################################################################
                     Clock Summary 
======================================================================
Number of clocks: 15
Clock: ADC_IntClock         | Frequency:   7.4 MHz | Target:   2.9 MHz
Clock: ADC_IntClock(routed) | Frequency: N/A       | Target:   2.9 MHz
Clock: Clock2               | Frequency: N/A       | Target:   0.0 MHz
Clock: Clock2(fixed-function) | Frequency: N/A       | Target:   0.0 MHz
Clock: Clock_PWM            | Frequency: N/A       | Target:   1.0 MHz
Clock: Clock_PWM(fixed-function) | Frequency: N/A       | Target:   1.0 MHz
Clock: Clock_QENC           | Frequency:  35.4 MHz | Target:  12.0 MHz
Clock: CyBUS_CLK            | Frequency:   6.7 MHz | Target:  60.0 MHz
Clock: CyILO                | Frequency: N/A       | Target:   0.1 MHz
Clock: CyIMO                | Frequency: N/A       | Target:  24.0 MHz
Clock: CyMASTER_CLK         | Frequency: N/A       | Target:  60.0 MHz
Clock: CyPLL_OUT            | Frequency: N/A       | Target:  60.0 MHz
Clock: Quad_Timer_clk       | Frequency: N/A       | Target:   0.0 MHz
Clock: Quad_Timer_clk(fixed-function) | Frequency: N/A       | Target:   0.0 MHz
Clock: UART_IntClock        | Frequency:   6.7 MHz | Target:   0.5 MHz

======================================================================
                     End of Clock Summary
######################################################################
D2088: Phase 7, elapsed time : 2.1 (sec)

Final Design Statistics
    Number of Combinational MCs 	:	32
    Number of Sequential MCs    	:	131
    Number of DPs               	:	7
    Number of Controls          	:	7
    Number of Status            	:	7
    Number of SyncCells         	:	7
    Number of count7cells       	:	2
    Number of IOs       	:	39

Device Utilization Summary
    Macrocells                  :	163/192
    IOs                         :	39/72



######################################################################
Placement Timing Summary

The timing summary is based on estimated routing delays after
placement. For final timing report, please carry out the timing
analysis after routing.
======================================================================


######################################################################
                     Clock Summary 
======================================================================
Number of clocks: 15
Clock: ADC_IntClock         | Frequency:   7.4 MHz | Target:   2.9 MHz
Clock: ADC_IntClock(routed) | Frequency: N/A       | Target:   2.9 MHz
Clock: Clock2               | Frequency: N/A       | Target:   0.0 MHz
Clock: Clock2(fixed-function) | Frequency: N/A       | Target:   0.0 MHz
Clock: Clock_PWM            | Frequency: N/A       | Target:   1.0 MHz
Clock: Clock_PWM(fixed-function) | Frequency: N/A       | Target:   1.0 MHz
Clock: Clock_QENC           | Frequency:  32.5 MHz | Target:  12.0 MHz
Clock: CyBUS_CLK            | Frequency:   7.4 MHz | Target:  60.0 MHz
Clock: CyILO                | Frequency: N/A       | Target:   0.1 MHz
Clock: CyIMO                | Frequency: N/A       | Target:  24.0 MHz
Clock: CyMASTER_CLK         | Frequency: N/A       | Target:  60.0 MHz
Clock: CyPLL_OUT            | Frequency: N/A       | Target:  60.0 MHz
Clock: Quad_Timer_clk       | Frequency: N/A       | Target:   0.0 MHz
Clock: Quad_Timer_clk(fixed-function) | Frequency: N/A       | Target:   0.0 MHz
Clock: UART_IntClock        | Frequency:   7.7 MHz | Target:   0.5 MHz

======================================================================
                     End of Clock Summary
######################################################################

Phase 8
D2088: Phase 8, elapsed time : 0.0 (sec)

D2054: Placement of the design completed successfully

I2076: Total run-time: 3.8 sec.

