ARM GAS  C:\Users\rsef899\AppData\Local\Temp\cc8w9RAA.s 			page 1


   1              		.syntax unified
   2              		.cpu cortex-m3
   3              		.fpu softvfp
   4              		.eabi_attribute 20, 1
   5              		.eabi_attribute 21, 1
   6              		.eabi_attribute 23, 3
   7              		.eabi_attribute 24, 1
   8              		.eabi_attribute 25, 1
   9              		.eabi_attribute 26, 1
  10              		.eabi_attribute 30, 6
  11              		.eabi_attribute 34, 1
  12              		.eabi_attribute 18, 4
  13              		.thumb
  14              		.syntax unified
  15              		.file	"main.c"
  16              		.text
  17              	.Ltext0:
  18              		.cfi_sections	.debug_frame
  19              		.global	ts
  20              		.bss
  21              		.type	ts, %object
  22              		.size	ts, 1
  23              	ts:
  24 0000 00       		.space	1
  25              		.global	ts_enc
  26 0001 00       		.align	1
  27              		.type	ts_enc, %object
  28              		.size	ts_enc, 2
  29              	ts_enc:
  30 0002 0000     		.space	2
  31              		.global	ts_update
  32              		.align	1
  33              		.type	ts_update, %object
  34              		.size	ts_update, 2
  35              	ts_update:
  36 0004 0000     		.space	2
  37              		.global	ts_speed
  38              		.align	1
  39              		.type	ts_speed, %object
  40              		.size	ts_speed, 2
  41              	ts_speed:
  42 0006 0000     		.space	2
  43              		.global	ts_display
  44              		.align	1
  45              		.type	ts_display, %object
  46              		.size	ts_display, 2
  47              	ts_display:
  48 0008 0000     		.space	2
  49              		.global	flag_ts_enc
  50              		.type	flag_ts_enc, %object
  51              		.size	flag_ts_enc, 1
  52              	flag_ts_enc:
  53 000a 00       		.space	1
  54              		.global	flag_ts_update
  55              		.type	flag_ts_update, %object
  56              		.size	flag_ts_update, 1
  57              	flag_ts_update:
ARM GAS  C:\Users\rsef899\AppData\Local\Temp\cc8w9RAA.s 			page 2


  58 000b 00       		.space	1
  59              		.global	flag_ts_speed
  60              		.type	flag_ts_speed, %object
  61              		.size	flag_ts_speed, 1
  62              	flag_ts_speed:
  63 000c 00       		.space	1
  64              		.global	flag_ts_display
  65              		.type	flag_ts_display, %object
  66              		.size	flag_ts_display, 1
  67              	flag_ts_display:
  68 000d 00       		.space	1
  69              		.global	flag_rx
  70              		.type	flag_rx, %object
  71              		.size	flag_rx, 1
  72              	flag_rx:
  73 000e 00       		.space	1
  74              		.global	flag_packet
  75              		.type	flag_packet, %object
  76              		.size	flag_packet, 1
  77              	flag_packet:
  78 000f 00       		.space	1
  79              		.global	flag_KB_string
  80              		.type	flag_KB_string, %object
  81              		.size	flag_KB_string, 1
  82              	flag_KB_string:
  83 0010 00       		.space	1
  84              		.global	dataready_flag
  85              		.type	dataready_flag, %object
  86              		.size	dataready_flag, 1
  87              	dataready_flag:
  88 0011 00       		.space	1
  89              		.global	flag_rf_transmission_active
  90              		.data
  91              		.type	flag_rf_transmission_active, %object
  92              		.size	flag_rf_transmission_active, 1
  93              	flag_rf_transmission_active:
  94 0000 0A       		.byte	10
  95              		.global	displaystring
  96 0001 000000   		.align	2
  97              		.type	displaystring, %object
  98              		.size	displaystring, 64
  99              	displaystring:
 100 0004 43533330 		.ascii	"CS301 2016\012\000"
 100      31203230 
 100      31360A00 
 101 0010 00000000 		.space	52
 101      00000000 
 101      00000000 
 101      00000000 
 101      00000000 
 102              		.comm	line,64,4
 103              		.comm	entry,64,4
 104              		.comm	usbBuffer,64,4
 105              		.comm	system_state,32,4
 106              		.section	.text.main,"ax",%progbits
 107              		.align	2
 108              		.global	main
ARM GAS  C:\Users\rsef899\AppData\Local\Temp\cc8w9RAA.s 			page 3


 109              		.thumb
 110              		.thumb_func
 111              		.type	main, %function
 112              	main:
 113              	.LFB64:
 114              		.file 1 "main.c"
   1:main.c        **** /* ========================================
   2:main.c        ****  * Fully working code: 
   3:main.c        ****  * PWM      : 
   4:main.c        ****  * Encoder  : 
   5:main.c        ****  * ADC      :
   6:main.c        ****  * USB      : port displays speed and position.
   7:main.c        ****  * CMD: "PW xx"
   8:main.c        ****  * Copyright Univ of Auckland, 2016
   9:main.c        ****  * All Rights Reserved
  10:main.c        ****  * UNPUBLISHED, LICENSED SOFTWARE.
  11:main.c        ****  *
  12:main.c        ****  * CONFIDENTIAL AND PROPRIETARY INFORMATION
  13:main.c        ****  * WHICH IS THE PROPERTY OF Univ of Auckland.
  14:main.c        ****  *
  15:main.c        ****  * ========================================
  16:main.c        **** */
  17:main.c        **** #include <stdio.h>
  18:main.c        **** #include <string.h>
  19:main.c        **** #include <stdlib.h>
  20:main.c        **** #include <project.h>
  21:main.c        **** //* ========================================
  22:main.c        **** #include "defines.h"
  23:main.c        **** #include "vars.h"
  24:main.c        **** //* ========================================
  25:main.c        **** void usbPutString(char *s);
  26:main.c        **** void usbPutChar(char c);
  27:main.c        **** void handle_usb();
  28:main.c        **** //* ========================================
  29:main.c        **** void changeDutyCycle(char* dutyValue);
  30:main.c        **** 
  31:main.c        **** 
  32:main.c        **** int main()
  33:main.c        **** {
 115              		.loc 1 33 0
 116              		.cfi_startproc
 117              		@ args = 0, pretend = 0, frame = 0
 118              		@ frame_needed = 1, uses_anonymous_args = 0
 119 0000 80B5     		push	{r7, lr}
 120              		.cfi_def_cfa_offset 8
 121              		.cfi_offset 7, -8
 122              		.cfi_offset 14, -4
 123 0002 00AF     		add	r7, sp, #0
 124              		.cfi_def_cfa_register 7
  34:main.c        ****     
  35:main.c        **** 
  36:main.c        **** // --------------------------------    
  37:main.c        **** // ----- INITIALIZATIONS ----------
  38:main.c        ****     CYGlobalIntEnable;
 125              		.loc 1 38 0
 126              		.syntax unified
 127              	@ 38 "main.c" 1
ARM GAS  C:\Users\rsef899\AppData\Local\Temp\cc8w9RAA.s 			page 4


 128 0004 62B6     		CPSIE   i
 129              	@ 0 "" 2
  39:main.c        **** 
  40:main.c        **** // ------USB SETUP ----------------    
  41:main.c        **** #ifdef USE_USB    
  42:main.c        ****     USBUART_Start(0,USBUART_5V_OPERATION);
 130              		.loc 1 42 0
 131              		.thumb
 132              		.syntax unified
 133 0006 0121     		movs	r1, #1
 134 0008 0020     		movs	r0, #0
 135 000a FFF7FEFF 		bl	USBUART_Start
  43:main.c        **** #endif        
  44:main.c        ****         
  45:main.c        ****     RF_BT_SELECT_Write(0);
 136              		.loc 1 45 0
 137 000e 0020     		movs	r0, #0
 138 0010 FFF7FEFF 		bl	RF_BT_SELECT_Write
  46:main.c        **** 
  47:main.c        ****     usbPutString(displaystring);
 139              		.loc 1 47 0
 140 0014 0A48     		ldr	r0, .L4
 141 0016 FFF7FEFF 		bl	usbPutString
  48:main.c        ****     
  49:main.c        ****     //PWM
  50:main.c        ****     PWM_1_Start();
 142              		.loc 1 50 0
 143 001a FFF7FEFF 		bl	PWM_1_Start
 144              	.L3:
  51:main.c        ****     
  52:main.c        ****     
  53:main.c        ****     for(;;)
  54:main.c        ****     {
  55:main.c        ****         /* Place your application code here. */
  56:main.c        ****         handle_usb();
 145              		.loc 1 56 0
 146 001e FFF7FEFF 		bl	handle_usb
  57:main.c        ****         if (flag_KB_string == 1)
 147              		.loc 1 57 0
 148 0022 084B     		ldr	r3, .L4+4
 149 0024 1B78     		ldrb	r3, [r3]	@ zero_extendqisi2
 150 0026 012B     		cmp	r3, #1
 151 0028 F9D1     		bne	.L3
  58:main.c        ****         {
  59:main.c        ****             usbPutString(line);
 152              		.loc 1 59 0
 153 002a 0748     		ldr	r0, .L4+8
 154 002c FFF7FEFF 		bl	usbPutString
  60:main.c        ****             flag_KB_string = 0;
 155              		.loc 1 60 0
 156 0030 044B     		ldr	r3, .L4+4
 157 0032 0022     		movs	r2, #0
 158 0034 1A70     		strb	r2, [r3]
  61:main.c        ****             changeDutyCycle(line);
 159              		.loc 1 61 0
 160 0036 0448     		ldr	r0, .L4+8
 161 0038 FFF7FEFF 		bl	changeDutyCycle
ARM GAS  C:\Users\rsef899\AppData\Local\Temp\cc8w9RAA.s 			page 5


  62:main.c        ****         }        
  63:main.c        ****     }  
 162              		.loc 1 63 0
 163 003c EFE7     		b	.L3
 164              	.L5:
 165 003e 00BF     		.align	2
 166              	.L4:
 167 0040 00000000 		.word	displaystring
 168 0044 00000000 		.word	flag_KB_string
 169 0048 00000000 		.word	line
 170              		.cfi_endproc
 171              	.LFE64:
 172              		.size	main, .-main
 173              		.section	.text.changeDutyCycle,"ax",%progbits
 174              		.align	2
 175              		.global	changeDutyCycle
 176              		.thumb
 177              		.thumb_func
 178              		.type	changeDutyCycle, %function
 179              	changeDutyCycle:
 180              	.LFB65:
  64:main.c        **** }
  65:main.c        **** 
  66:main.c        **** void changeDutyCycle(char* dutyValue){
 181              		.loc 1 66 0
 182              		.cfi_startproc
 183              		@ args = 0, pretend = 0, frame = 8
 184              		@ frame_needed = 1, uses_anonymous_args = 0
 185 0000 80B5     		push	{r7, lr}
 186              		.cfi_def_cfa_offset 8
 187              		.cfi_offset 7, -8
 188              		.cfi_offset 14, -4
 189 0002 82B0     		sub	sp, sp, #8
 190              		.cfi_def_cfa_offset 16
 191 0004 00AF     		add	r7, sp, #0
 192              		.cfi_def_cfa_register 7
 193 0006 7860     		str	r0, [r7, #4]
  67:main.c        ****     PWM_1_WriteCompare((uint8_t)(255*(atoi(dutyValue))/100));
 194              		.loc 1 67 0
 195 0008 7868     		ldr	r0, [r7, #4]
 196 000a FFF7FEFF 		bl	atoi
 197 000e 0246     		mov	r2, r0
 198 0010 1346     		mov	r3, r2
 199 0012 1B02     		lsls	r3, r3, #8
 200 0014 9B1A     		subs	r3, r3, r2
 201 0016 074A     		ldr	r2, .L7
 202 0018 82FB0312 		smull	r1, r2, r2, r3
 203 001c 5211     		asrs	r2, r2, #5
 204 001e DB17     		asrs	r3, r3, #31
 205 0020 D31A     		subs	r3, r2, r3
 206 0022 DBB2     		uxtb	r3, r3
 207 0024 1846     		mov	r0, r3
 208 0026 FFF7FEFF 		bl	PWM_1_WriteCompare
  68:main.c        **** 
  69:main.c        **** }
 209              		.loc 1 69 0
 210 002a 00BF     		nop
ARM GAS  C:\Users\rsef899\AppData\Local\Temp\cc8w9RAA.s 			page 6


 211 002c 0837     		adds	r7, r7, #8
 212              		.cfi_def_cfa_offset 8
 213 002e BD46     		mov	sp, r7
 214              		.cfi_def_cfa_register 13
 215              		@ sp needed
 216 0030 80BD     		pop	{r7, pc}
 217              	.L8:
 218 0032 00BF     		.align	2
 219              	.L7:
 220 0034 1F85EB51 		.word	1374389535
 221              		.cfi_endproc
 222              	.LFE65:
 223              		.size	changeDutyCycle, .-changeDutyCycle
 224              		.section	.text.usbPutString,"ax",%progbits
 225              		.align	2
 226              		.global	usbPutString
 227              		.thumb
 228              		.thumb_func
 229              		.type	usbPutString, %function
 230              	usbPutString:
 231              	.LFB66:
  70:main.c        **** 
  71:main.c        **** 
  72:main.c        **** 
  73:main.c        **** //* ========================================
  74:main.c        **** void usbPutString(char *s)
  75:main.c        **** {
 232              		.loc 1 75 0
 233              		.cfi_startproc
 234              		@ args = 0, pretend = 0, frame = 8
 235              		@ frame_needed = 1, uses_anonymous_args = 0
 236 0000 80B5     		push	{r7, lr}
 237              		.cfi_def_cfa_offset 8
 238              		.cfi_offset 7, -8
 239              		.cfi_offset 14, -4
 240 0002 82B0     		sub	sp, sp, #8
 241              		.cfi_def_cfa_offset 16
 242 0004 00AF     		add	r7, sp, #0
 243              		.cfi_def_cfa_register 7
 244 0006 7860     		str	r0, [r7, #4]
  76:main.c        **** // !! Assumes that *s is a string with allocated space >=64 chars     
  77:main.c        **** //  Since USB implementation retricts data packets to 64 chars, this function truncates the
  78:main.c        **** //  length to 62 char (63rd char is a '!')
  79:main.c        **** 
  80:main.c        **** #ifdef USE_USB     
  81:main.c        ****     while (USBUART_CDCIsReady() == 0);
 245              		.loc 1 81 0
 246 0008 00BF     		nop
 247              	.L10:
 248              		.loc 1 81 0 is_stmt 0 discriminator 1
 249 000a FFF7FEFF 		bl	USBUART_CDCIsReady
 250 000e 0346     		mov	r3, r0
 251 0010 002B     		cmp	r3, #0
 252 0012 FAD0     		beq	.L10
  82:main.c        ****     s[63]='\0';
 253              		.loc 1 82 0 is_stmt 1
 254 0014 7B68     		ldr	r3, [r7, #4]
ARM GAS  C:\Users\rsef899\AppData\Local\Temp\cc8w9RAA.s 			page 7


 255 0016 3F33     		adds	r3, r3, #63
 256 0018 0022     		movs	r2, #0
 257 001a 1A70     		strb	r2, [r3]
  83:main.c        ****     s[62]='!';
 258              		.loc 1 83 0
 259 001c 7B68     		ldr	r3, [r7, #4]
 260 001e 3E33     		adds	r3, r3, #62
 261 0020 2122     		movs	r2, #33
 262 0022 1A70     		strb	r2, [r3]
  84:main.c        ****     USBUART_PutData((uint8*)s,strlen(s));
 263              		.loc 1 84 0
 264 0024 7868     		ldr	r0, [r7, #4]
 265 0026 FFF7FEFF 		bl	strlen
 266 002a 0346     		mov	r3, r0
 267 002c 9BB2     		uxth	r3, r3
 268 002e 1946     		mov	r1, r3
 269 0030 7868     		ldr	r0, [r7, #4]
 270 0032 FFF7FEFF 		bl	USBUART_PutData
  85:main.c        **** #endif
  86:main.c        **** }
 271              		.loc 1 86 0
 272 0036 00BF     		nop
 273 0038 0837     		adds	r7, r7, #8
 274              		.cfi_def_cfa_offset 8
 275 003a BD46     		mov	sp, r7
 276              		.cfi_def_cfa_register 13
 277              		@ sp needed
 278 003c 80BD     		pop	{r7, pc}
 279              		.cfi_endproc
 280              	.LFE66:
 281              		.size	usbPutString, .-usbPutString
 282 003e 00BF     		.section	.text.usbPutChar,"ax",%progbits
 283              		.align	2
 284              		.global	usbPutChar
 285              		.thumb
 286              		.thumb_func
 287              		.type	usbPutChar, %function
 288              	usbPutChar:
 289              	.LFB67:
  87:main.c        **** //* ========================================
  88:main.c        **** void usbPutChar(char c)
  89:main.c        **** {
 290              		.loc 1 89 0
 291              		.cfi_startproc
 292              		@ args = 0, pretend = 0, frame = 8
 293              		@ frame_needed = 1, uses_anonymous_args = 0
 294 0000 80B5     		push	{r7, lr}
 295              		.cfi_def_cfa_offset 8
 296              		.cfi_offset 7, -8
 297              		.cfi_offset 14, -4
 298 0002 82B0     		sub	sp, sp, #8
 299              		.cfi_def_cfa_offset 16
 300 0004 00AF     		add	r7, sp, #0
 301              		.cfi_def_cfa_register 7
 302 0006 0346     		mov	r3, r0
 303 0008 FB71     		strb	r3, [r7, #7]
  90:main.c        **** #ifdef USE_USB     
ARM GAS  C:\Users\rsef899\AppData\Local\Temp\cc8w9RAA.s 			page 8


  91:main.c        ****     while (USBUART_CDCIsReady() == 0);
 304              		.loc 1 91 0
 305 000a 00BF     		nop
 306              	.L12:
 307              		.loc 1 91 0 is_stmt 0 discriminator 1
 308 000c FFF7FEFF 		bl	USBUART_CDCIsReady
 309 0010 0346     		mov	r3, r0
 310 0012 002B     		cmp	r3, #0
 311 0014 FAD0     		beq	.L12
  92:main.c        ****     USBUART_PutChar(c);
 312              		.loc 1 92 0 is_stmt 1
 313 0016 FB79     		ldrb	r3, [r7, #7]	@ zero_extendqisi2
 314 0018 1846     		mov	r0, r3
 315 001a FFF7FEFF 		bl	USBUART_PutChar
  93:main.c        **** #endif    
  94:main.c        **** }
 316              		.loc 1 94 0
 317 001e 00BF     		nop
 318 0020 0837     		adds	r7, r7, #8
 319              		.cfi_def_cfa_offset 8
 320 0022 BD46     		mov	sp, r7
 321              		.cfi_def_cfa_register 13
 322              		@ sp needed
 323 0024 80BD     		pop	{r7, pc}
 324              		.cfi_endproc
 325              	.LFE67:
 326              		.size	usbPutChar, .-usbPutChar
 327 0026 00BF     		.section	.text.handle_usb,"ax",%progbits
 328              		.align	2
 329              		.global	handle_usb
 330              		.thumb
 331              		.thumb_func
 332              		.type	handle_usb, %function
 333              	handle_usb:
 334              	.LFB68:
  95:main.c        **** //* ========================================
  96:main.c        **** void handle_usb()
  97:main.c        **** {
 335              		.loc 1 97 0
 336              		.cfi_startproc
 337              		@ args = 0, pretend = 0, frame = 8
 338              		@ frame_needed = 1, uses_anonymous_args = 0
 339 0000 80B5     		push	{r7, lr}
 340              		.cfi_def_cfa_offset 8
 341              		.cfi_offset 7, -8
 342              		.cfi_offset 14, -4
 343 0002 82B0     		sub	sp, sp, #8
 344              		.cfi_def_cfa_offset 16
 345 0004 00AF     		add	r7, sp, #0
 346              		.cfi_def_cfa_register 7
  98:main.c        ****     // handles input at terminal, echos it back to the terminal
  99:main.c        ****     // turn echo OFF, key emulation: only CR
 100:main.c        ****     // entered string is made available in 'line' and 'flag_KB_string' is set
 101:main.c        ****     
 102:main.c        ****     static uint8 usbStarted = FALSE;
 103:main.c        ****     static uint16 usbBufCount = 0;
 104:main.c        ****     uint8 c; 
ARM GAS  C:\Users\rsef899\AppData\Local\Temp\cc8w9RAA.s 			page 9


 105:main.c        ****     
 106:main.c        **** 
 107:main.c        ****     if (!usbStarted)
 347              		.loc 1 107 0
 348 0006 2B4B     		ldr	r3, .L23
 349 0008 1B78     		ldrb	r3, [r3]	@ zero_extendqisi2
 350 000a 002B     		cmp	r3, #0
 351 000c 0AD1     		bne	.L14
 108:main.c        ****     {
 109:main.c        ****         if (USBUART_GetConfiguration())
 352              		.loc 1 109 0
 353 000e FFF7FEFF 		bl	USBUART_GetConfiguration
 354 0012 0346     		mov	r3, r0
 355 0014 002B     		cmp	r3, #0
 356 0016 49D0     		beq	.L22
 110:main.c        ****         {
 111:main.c        ****             USBUART_CDC_Init();
 357              		.loc 1 111 0
 358 0018 FFF7FEFF 		bl	USBUART_CDC_Init
 112:main.c        ****             usbStarted = TRUE;
 359              		.loc 1 112 0
 360 001c 254B     		ldr	r3, .L23
 361 001e 0122     		movs	r2, #1
 362 0020 1A70     		strb	r2, [r3]
 113:main.c        ****         }
 114:main.c        ****     }
 115:main.c        ****     else
 116:main.c        ****     {
 117:main.c        ****         if (USBUART_DataIsReady() != 0)
 118:main.c        ****         {  
 119:main.c        ****             c = USBUART_GetChar();
 120:main.c        **** 
 121:main.c        ****             if ((c == 13) || (c == 10))
 122:main.c        ****             {
 123:main.c        **** //                if (usbBufCount > 0)
 124:main.c        ****                 {
 125:main.c        ****                     entry[usbBufCount]= '\0';
 126:main.c        ****                     strcpy(line,entry);
 127:main.c        ****                     usbBufCount = 0;
 128:main.c        ****                     flag_KB_string = 1;
 129:main.c        ****                 }
 130:main.c        ****             }
 131:main.c        ****             else 
 132:main.c        ****             {
 133:main.c        ****                 if (((c == CHAR_BACKSP) || (c == CHAR_DEL) ) && (usbBufCount > 0) )
 134:main.c        ****                     usbBufCount--;
 135:main.c        ****                 else
 136:main.c        ****                 {
 137:main.c        ****                     if (usbBufCount > (BUF_SIZE-2) ) // one less else strtok triggers a crash
 138:main.c        ****                     {
 139:main.c        ****                        USBUART_PutChar('!');        
 140:main.c        ****                     }
 141:main.c        ****                     else
 142:main.c        ****                         entry[usbBufCount++] = c;  
 143:main.c        ****                 }  
 144:main.c        ****             }
 145:main.c        ****         }
ARM GAS  C:\Users\rsef899\AppData\Local\Temp\cc8w9RAA.s 			page 10


 146:main.c        ****     }    
 147:main.c        **** }
 363              		.loc 1 147 0
 364 0022 43E0     		b	.L22
 365              	.L14:
 117:main.c        ****         {  
 366              		.loc 1 117 0
 367 0024 FFF7FEFF 		bl	USBUART_DataIsReady
 368 0028 0346     		mov	r3, r0
 369 002a 002B     		cmp	r3, #0
 370 002c 3ED0     		beq	.L22
 119:main.c        **** 
 371              		.loc 1 119 0
 372 002e FFF7FEFF 		bl	USBUART_GetChar
 373 0032 0346     		mov	r3, r0
 374 0034 FB71     		strb	r3, [r7, #7]
 121:main.c        ****             {
 375              		.loc 1 121 0
 376 0036 FB79     		ldrb	r3, [r7, #7]	@ zero_extendqisi2
 377 0038 0D2B     		cmp	r3, #13
 378 003a 02D0     		beq	.L17
 121:main.c        ****             {
 379              		.loc 1 121 0 is_stmt 0 discriminator 1
 380 003c FB79     		ldrb	r3, [r7, #7]	@ zero_extendqisi2
 381 003e 0A2B     		cmp	r3, #10
 382 0040 10D1     		bne	.L18
 383              	.L17:
 125:main.c        ****                     strcpy(line,entry);
 384              		.loc 1 125 0 is_stmt 1
 385 0042 1D4B     		ldr	r3, .L23+4
 386 0044 1B88     		ldrh	r3, [r3]
 387 0046 1A46     		mov	r2, r3
 388 0048 1C4B     		ldr	r3, .L23+8
 389 004a 0021     		movs	r1, #0
 390 004c 9954     		strb	r1, [r3, r2]
 126:main.c        ****                     usbBufCount = 0;
 391              		.loc 1 126 0
 392 004e 1B49     		ldr	r1, .L23+8
 393 0050 1B48     		ldr	r0, .L23+12
 394 0052 FFF7FEFF 		bl	strcpy
 127:main.c        ****                     flag_KB_string = 1;
 395              		.loc 1 127 0
 396 0056 184B     		ldr	r3, .L23+4
 397 0058 0022     		movs	r2, #0
 398 005a 1A80     		strh	r2, [r3]	@ movhi
 128:main.c        ****                 }
 399              		.loc 1 128 0
 400 005c 194B     		ldr	r3, .L23+16
 401 005e 0122     		movs	r2, #1
 402 0060 1A70     		strb	r2, [r3]
 403 0062 23E0     		b	.L16
 404              	.L18:
 133:main.c        ****                     usbBufCount--;
 405              		.loc 1 133 0
 406 0064 FB79     		ldrb	r3, [r7, #7]	@ zero_extendqisi2
 407 0066 082B     		cmp	r3, #8
 408 0068 02D0     		beq	.L19
ARM GAS  C:\Users\rsef899\AppData\Local\Temp\cc8w9RAA.s 			page 11


 133:main.c        ****                     usbBufCount--;
 409              		.loc 1 133 0 is_stmt 0 discriminator 2
 410 006a FB79     		ldrb	r3, [r7, #7]	@ zero_extendqisi2
 411 006c 7F2B     		cmp	r3, #127
 412 006e 0AD1     		bne	.L20
 413              	.L19:
 133:main.c        ****                     usbBufCount--;
 414              		.loc 1 133 0 discriminator 3
 415 0070 114B     		ldr	r3, .L23+4
 416 0072 1B88     		ldrh	r3, [r3]
 417 0074 002B     		cmp	r3, #0
 418 0076 06D0     		beq	.L20
 134:main.c        ****                 else
 419              		.loc 1 134 0 is_stmt 1
 420 0078 0F4B     		ldr	r3, .L23+4
 421 007a 1B88     		ldrh	r3, [r3]
 422 007c 013B     		subs	r3, r3, #1
 423 007e 9AB2     		uxth	r2, r3
 424 0080 0D4B     		ldr	r3, .L23+4
 425 0082 1A80     		strh	r2, [r3]	@ movhi
 426 0084 12E0     		b	.L16
 427              	.L20:
 137:main.c        ****                     {
 428              		.loc 1 137 0
 429 0086 0C4B     		ldr	r3, .L23+4
 430 0088 1B88     		ldrh	r3, [r3]
 431 008a 3E2B     		cmp	r3, #62
 432 008c 03D9     		bls	.L21
 139:main.c        ****                     }
 433              		.loc 1 139 0
 434 008e 2120     		movs	r0, #33
 435 0090 FFF7FEFF 		bl	USBUART_PutChar
 436              		.loc 1 147 0
 437 0094 0AE0     		b	.L22
 438              	.L21:
 142:main.c        ****                 }  
 439              		.loc 1 142 0
 440 0096 084B     		ldr	r3, .L23+4
 441 0098 1B88     		ldrh	r3, [r3]
 442 009a 5A1C     		adds	r2, r3, #1
 443 009c 91B2     		uxth	r1, r2
 444 009e 064A     		ldr	r2, .L23+4
 445 00a0 1180     		strh	r1, [r2]	@ movhi
 446 00a2 1946     		mov	r1, r3
 447 00a4 054A     		ldr	r2, .L23+8
 448 00a6 FB79     		ldrb	r3, [r7, #7]
 449 00a8 5354     		strb	r3, [r2, r1]
 450              		.loc 1 147 0
 451 00aa FFE7     		b	.L22
 452              	.L16:
 453              	.L22:
 454 00ac 00BF     		nop
 455 00ae 0837     		adds	r7, r7, #8
 456              		.cfi_def_cfa_offset 8
 457 00b0 BD46     		mov	sp, r7
 458              		.cfi_def_cfa_register 13
 459              		@ sp needed
ARM GAS  C:\Users\rsef899\AppData\Local\Temp\cc8w9RAA.s 			page 12


 460 00b2 80BD     		pop	{r7, pc}
 461              	.L24:
 462              		.align	2
 463              	.L23:
 464 00b4 12000000 		.word	usbStarted.8132
 465 00b8 14000000 		.word	usbBufCount.8133
 466 00bc 00000000 		.word	entry
 467 00c0 00000000 		.word	line
 468 00c4 00000000 		.word	flag_KB_string
 469              		.cfi_endproc
 470              	.LFE68:
 471              		.size	handle_usb, .-handle_usb
 472              		.bss
 473              	usbStarted.8132:
 474 0012 00       		.space	1
 475 0013 00       		.align	1
 476              	usbBufCount.8133:
 477 0014 0000     		.space	2
 478              		.text
 479              	.Letext0:
 480              		.file 2 "c:\\program files (x86)\\cypress\\psoc creator\\4.2\\psoc creator\\import\\gnu\\arm\\5.4.
 481              		.file 3 "c:\\program files (x86)\\cypress\\psoc creator\\4.2\\psoc creator\\import\\gnu\\arm\\5.4.
 482              		.file 4 "Generated_Source\\PSoC5/cytypes.h"
 483              		.file 5 "vars.h"
 484              		.file 6 "Generated_Source\\PSoC5/core_cm3.h"
 485              		.section	.debug_info,"",%progbits
 486              	.Ldebug_info0:
 487 0000 FA030000 		.4byte	0x3fa
 488 0004 0400     		.2byte	0x4
 489 0006 00000000 		.4byte	.Ldebug_abbrev0
 490 000a 04       		.byte	0x4
 491 000b 01       		.uleb128 0x1
 492 000c 65000000 		.4byte	.LASF64
 493 0010 0C       		.byte	0xc
 494 0011 29030000 		.4byte	.LASF65
 495 0015 F8000000 		.4byte	.LASF66
 496 0019 00000000 		.4byte	.Ldebug_ranges0+0
 497 001d 00000000 		.4byte	0
 498 0021 00000000 		.4byte	.Ldebug_line0
 499 0025 02       		.uleb128 0x2
 500 0026 01       		.byte	0x1
 501 0027 06       		.byte	0x6
 502 0028 A7010000 		.4byte	.LASF0
 503 002c 03       		.uleb128 0x3
 504 002d 0E020000 		.4byte	.LASF4
 505 0031 02       		.byte	0x2
 506 0032 1D       		.byte	0x1d
 507 0033 37000000 		.4byte	0x37
 508 0037 02       		.uleb128 0x2
 509 0038 01       		.byte	0x1
 510 0039 08       		.byte	0x8
 511 003a 42020000 		.4byte	.LASF1
 512 003e 02       		.uleb128 0x2
 513 003f 02       		.byte	0x2
 514 0040 05       		.byte	0x5
 515 0041 3B000000 		.4byte	.LASF2
 516 0045 02       		.uleb128 0x2
ARM GAS  C:\Users\rsef899\AppData\Local\Temp\cc8w9RAA.s 			page 13


 517 0046 02       		.byte	0x2
 518 0047 07       		.byte	0x7
 519 0048 C8020000 		.4byte	.LASF3
 520 004c 03       		.uleb128 0x3
 521 004d 62030000 		.4byte	.LASF5
 522 0051 02       		.byte	0x2
 523 0052 3F       		.byte	0x3f
 524 0053 57000000 		.4byte	0x57
 525 0057 02       		.uleb128 0x2
 526 0058 04       		.byte	0x4
 527 0059 05       		.byte	0x5
 528 005a 05020000 		.4byte	.LASF6
 529 005e 02       		.uleb128 0x2
 530 005f 04       		.byte	0x4
 531 0060 07       		.byte	0x7
 532 0061 30030000 		.4byte	.LASF7
 533 0065 02       		.uleb128 0x2
 534 0066 08       		.byte	0x8
 535 0067 05       		.byte	0x5
 536 0068 B9010000 		.4byte	.LASF8
 537 006c 02       		.uleb128 0x2
 538 006d 08       		.byte	0x8
 539 006e 07       		.byte	0x7
 540 006f 78020000 		.4byte	.LASF9
 541 0073 04       		.uleb128 0x4
 542 0074 04       		.byte	0x4
 543 0075 05       		.byte	0x5
 544 0076 696E7400 		.ascii	"int\000"
 545 007a 02       		.uleb128 0x2
 546 007b 04       		.byte	0x4
 547 007c 07       		.byte	0x7
 548 007d 8F020000 		.4byte	.LASF10
 549 0081 02       		.uleb128 0x2
 550 0082 08       		.byte	0x8
 551 0083 04       		.byte	0x4
 552 0084 36020000 		.4byte	.LASF11
 553 0088 02       		.uleb128 0x2
 554 0089 04       		.byte	0x4
 555 008a 07       		.byte	0x7
 556 008b 52000000 		.4byte	.LASF12
 557 008f 05       		.uleb128 0x5
 558 0090 04       		.byte	0x4
 559 0091 95000000 		.4byte	0x95
 560 0095 02       		.uleb128 0x2
 561 0096 01       		.byte	0x1
 562 0097 08       		.byte	0x8
 563 0098 E5020000 		.4byte	.LASF13
 564 009c 03       		.uleb128 0x3
 565 009d 6C030000 		.4byte	.LASF14
 566 00a1 03       		.byte	0x3
 567 00a2 18       		.byte	0x18
 568 00a3 2C000000 		.4byte	0x2c
 569 00a7 03       		.uleb128 0x3
 570 00a8 F5020000 		.4byte	.LASF15
 571 00ac 03       		.byte	0x3
 572 00ad 2C       		.byte	0x2c
 573 00ae 4C000000 		.4byte	0x4c
ARM GAS  C:\Users\rsef899\AppData\Local\Temp\cc8w9RAA.s 			page 14


 574 00b2 06       		.uleb128 0x6
 575 00b3 8F010000 		.4byte	.LASF16
 576 00b7 04       		.byte	0x4
 577 00b8 E701     		.2byte	0x1e7
 578 00ba 37000000 		.4byte	0x37
 579 00be 06       		.uleb128 0x6
 580 00bf 7C010000 		.4byte	.LASF17
 581 00c3 04       		.byte	0x4
 582 00c4 E801     		.2byte	0x1e8
 583 00c6 45000000 		.4byte	0x45
 584 00ca 06       		.uleb128 0x6
 585 00cb D4010000 		.4byte	.LASF18
 586 00cf 04       		.byte	0x4
 587 00d0 EA01     		.2byte	0x1ea
 588 00d2 25000000 		.4byte	0x25
 589 00d6 06       		.uleb128 0x6
 590 00d7 89010000 		.4byte	.LASF19
 591 00db 04       		.byte	0x4
 592 00dc EB01     		.2byte	0x1eb
 593 00de 3E000000 		.4byte	0x3e
 594 00e2 02       		.uleb128 0x2
 595 00e3 04       		.byte	0x4
 596 00e4 04       		.byte	0x4
 597 00e5 B3010000 		.4byte	.LASF20
 598 00e9 02       		.uleb128 0x2
 599 00ea 08       		.byte	0x8
 600 00eb 04       		.byte	0x4
 601 00ec 12000000 		.4byte	.LASF21
 602 00f0 07       		.uleb128 0x7
 603 00f1 DB020000 		.4byte	.LASF67
 604 00f5 20       		.byte	0x20
 605 00f6 05       		.byte	0x5
 606 00f7 29       		.byte	0x29
 607 00f8 C9010000 		.4byte	0x1c9
 608 00fc 08       		.uleb128 0x8
 609 00fd DA030000 		.4byte	.LASF22
 610 0101 05       		.byte	0x5
 611 0102 2A       		.byte	0x2a
 612 0103 CA000000 		.4byte	0xca
 613 0107 00       		.byte	0
 614 0108 08       		.uleb128 0x8
 615 0109 83010000 		.4byte	.LASF23
 616 010d 05       		.byte	0x5
 617 010e 2B       		.byte	0x2b
 618 010f B2000000 		.4byte	0xb2
 619 0113 01       		.byte	0x1
 620 0114 08       		.uleb128 0x8
 621 0115 EA020000 		.4byte	.LASF24
 622 0119 05       		.byte	0x5
 623 011a 2C       		.byte	0x2c
 624 011b D6000000 		.4byte	0xd6
 625 011f 02       		.byte	0x2
 626 0120 08       		.uleb128 0x8
 627 0121 B8030000 		.4byte	.LASF25
 628 0125 05       		.byte	0x5
 629 0126 2D       		.byte	0x2d
 630 0127 D6000000 		.4byte	0xd6
ARM GAS  C:\Users\rsef899\AppData\Local\Temp\cc8w9RAA.s 			page 15


 631 012b 04       		.byte	0x4
 632 012c 08       		.uleb128 0x8
 633 012d DF030000 		.4byte	.LASF26
 634 0131 05       		.byte	0x5
 635 0132 2E       		.byte	0x2e
 636 0133 D6000000 		.4byte	0xd6
 637 0137 06       		.byte	0x6
 638 0138 08       		.uleb128 0x8
 639 0139 FD010000 		.4byte	.LASF27
 640 013d 05       		.byte	0x5
 641 013e 2F       		.byte	0x2f
 642 013f D6000000 		.4byte	0xd6
 643 0143 08       		.byte	0x8
 644 0144 08       		.uleb128 0x8
 645 0145 74030000 		.4byte	.LASF28
 646 0149 05       		.byte	0x5
 647 014a 30       		.byte	0x30
 648 014b D6000000 		.4byte	0xd6
 649 014f 0A       		.byte	0xa
 650 0150 08       		.uleb128 0x8
 651 0151 50020000 		.4byte	.LASF29
 652 0155 05       		.byte	0x5
 653 0156 31       		.byte	0x31
 654 0157 D6000000 		.4byte	0xd6
 655 015b 0C       		.byte	0xc
 656 015c 08       		.uleb128 0x8
 657 015d F0010000 		.4byte	.LASF30
 658 0161 05       		.byte	0x5
 659 0162 32       		.byte	0x32
 660 0163 D6000000 		.4byte	0xd6
 661 0167 0E       		.byte	0xe
 662 0168 08       		.uleb128 0x8
 663 0169 C0020000 		.4byte	.LASF31
 664 016d 05       		.byte	0x5
 665 016e 33       		.byte	0x33
 666 016f D6000000 		.4byte	0xd6
 667 0173 10       		.byte	0x10
 668 0174 08       		.uleb128 0x8
 669 0175 FD020000 		.4byte	.LASF32
 670 0179 05       		.byte	0x5
 671 017a 34       		.byte	0x34
 672 017b D6000000 		.4byte	0xd6
 673 017f 12       		.byte	0x12
 674 0180 08       		.uleb128 0x8
 675 0181 12030000 		.4byte	.LASF33
 676 0185 05       		.byte	0x5
 677 0186 35       		.byte	0x35
 678 0187 D6000000 		.4byte	0xd6
 679 018b 14       		.byte	0x14
 680 018c 08       		.uleb128 0x8
 681 018d 95010000 		.4byte	.LASF34
 682 0191 05       		.byte	0x5
 683 0192 36       		.byte	0x36
 684 0193 D6000000 		.4byte	0xd6
 685 0197 16       		.byte	0x16
 686 0198 08       		.uleb128 0x8
 687 0199 33000000 		.4byte	.LASF35
ARM GAS  C:\Users\rsef899\AppData\Local\Temp\cc8w9RAA.s 			page 16


 688 019d 05       		.byte	0x5
 689 019e 37       		.byte	0x37
 690 019f D6000000 		.4byte	0xd6
 691 01a3 18       		.byte	0x18
 692 01a4 08       		.uleb128 0x8
 693 01a5 E8010000 		.4byte	.LASF36
 694 01a9 05       		.byte	0x5
 695 01aa 38       		.byte	0x38
 696 01ab D6000000 		.4byte	0xd6
 697 01af 1A       		.byte	0x1a
 698 01b0 08       		.uleb128 0x8
 699 01b1 B7020000 		.4byte	.LASF37
 700 01b5 05       		.byte	0x5
 701 01b6 39       		.byte	0x39
 702 01b7 D6000000 		.4byte	0xd6
 703 01bb 1C       		.byte	0x1c
 704 01bc 08       		.uleb128 0x8
 705 01bd 05030000 		.4byte	.LASF38
 706 01c1 05       		.byte	0x5
 707 01c2 3A       		.byte	0x3a
 708 01c3 D6000000 		.4byte	0xd6
 709 01c7 1E       		.byte	0x1e
 710 01c8 00       		.byte	0
 711 01c9 09       		.uleb128 0x9
 712 01ca F3000000 		.4byte	.LASF68
 713 01ce 01       		.byte	0x1
 714 01cf 20       		.byte	0x20
 715 01d0 73000000 		.4byte	0x73
 716 01d4 00000000 		.4byte	.LFB64
 717 01d8 4C000000 		.4byte	.LFE64-.LFB64
 718 01dc 01       		.uleb128 0x1
 719 01dd 9C       		.byte	0x9c
 720 01de 0A       		.uleb128 0xa
 721 01df 68020000 		.4byte	.LASF39
 722 01e3 01       		.byte	0x1
 723 01e4 42       		.byte	0x42
 724 01e5 00000000 		.4byte	.LFB65
 725 01e9 38000000 		.4byte	.LFE65-.LFB65
 726 01ed 01       		.uleb128 0x1
 727 01ee 9C       		.byte	0x9c
 728 01ef 02020000 		.4byte	0x202
 729 01f3 0B       		.uleb128 0xb
 730 01f4 D0030000 		.4byte	.LASF41
 731 01f8 01       		.byte	0x1
 732 01f9 42       		.byte	0x42
 733 01fa 8F000000 		.4byte	0x8f
 734 01fe 02       		.uleb128 0x2
 735 01ff 91       		.byte	0x91
 736 0200 74       		.sleb128 -12
 737 0201 00       		.byte	0
 738 0202 0A       		.uleb128 0xa
 739 0203 C7010000 		.4byte	.LASF40
 740 0207 01       		.byte	0x1
 741 0208 4A       		.byte	0x4a
 742 0209 00000000 		.4byte	.LFB66
 743 020d 3E000000 		.4byte	.LFE66-.LFB66
 744 0211 01       		.uleb128 0x1
ARM GAS  C:\Users\rsef899\AppData\Local\Temp\cc8w9RAA.s 			page 17


 745 0212 9C       		.byte	0x9c
 746 0213 24020000 		.4byte	0x224
 747 0217 0C       		.uleb128 0xc
 748 0218 7300     		.ascii	"s\000"
 749 021a 01       		.byte	0x1
 750 021b 4A       		.byte	0x4a
 751 021c 8F000000 		.4byte	0x8f
 752 0220 02       		.uleb128 0x2
 753 0221 91       		.byte	0x91
 754 0222 74       		.sleb128 -12
 755 0223 00       		.byte	0
 756 0224 0A       		.uleb128 0xa
 757 0225 00000000 		.4byte	.LASF42
 758 0229 01       		.byte	0x1
 759 022a 58       		.byte	0x58
 760 022b 00000000 		.4byte	.LFB67
 761 022f 26000000 		.4byte	.LFE67-.LFB67
 762 0233 01       		.uleb128 0x1
 763 0234 9C       		.byte	0x9c
 764 0235 46020000 		.4byte	0x246
 765 0239 0C       		.uleb128 0xc
 766 023a 6300     		.ascii	"c\000"
 767 023c 01       		.byte	0x1
 768 023d 58       		.byte	0x58
 769 023e 95000000 		.4byte	0x95
 770 0242 02       		.uleb128 0x2
 771 0243 91       		.byte	0x91
 772 0244 77       		.sleb128 -9
 773 0245 00       		.byte	0
 774 0246 0D       		.uleb128 0xd
 775 0247 91030000 		.4byte	.LASF69
 776 024b 01       		.byte	0x1
 777 024c 60       		.byte	0x60
 778 024d 00000000 		.4byte	.LFB68
 779 0251 C8000000 		.4byte	.LFE68-.LFB68
 780 0255 01       		.uleb128 0x1
 781 0256 9C       		.byte	0x9c
 782 0257 8A020000 		.4byte	0x28a
 783 025b 0E       		.uleb128 0xe
 784 025c 42030000 		.4byte	.LASF43
 785 0260 01       		.byte	0x1
 786 0261 66       		.byte	0x66
 787 0262 B2000000 		.4byte	0xb2
 788 0266 05       		.uleb128 0x5
 789 0267 03       		.byte	0x3
 790 0268 12000000 		.4byte	usbStarted.8132
 791 026c 0E       		.uleb128 0xe
 792 026d AB020000 		.4byte	.LASF44
 793 0271 01       		.byte	0x1
 794 0272 67       		.byte	0x67
 795 0273 BE000000 		.4byte	0xbe
 796 0277 05       		.uleb128 0x5
 797 0278 03       		.byte	0x3
 798 0279 14000000 		.4byte	usbBufCount.8133
 799 027d 0F       		.uleb128 0xf
 800 027e 6300     		.ascii	"c\000"
 801 0280 01       		.byte	0x1
ARM GAS  C:\Users\rsef899\AppData\Local\Temp\cc8w9RAA.s 			page 18


 802 0281 68       		.byte	0x68
 803 0282 B2000000 		.4byte	0xb2
 804 0286 02       		.uleb128 0x2
 805 0287 91       		.byte	0x91
 806 0288 77       		.sleb128 -9
 807 0289 00       		.byte	0
 808 028a 10       		.uleb128 0x10
 809 028b C3030000 		.4byte	.LASF45
 810 028f 06       		.byte	0x6
 811 0290 1207     		.2byte	0x712
 812 0292 96020000 		.4byte	0x296
 813 0296 11       		.uleb128 0x11
 814 0297 A7000000 		.4byte	0xa7
 815 029b 12       		.uleb128 0x12
 816 029c 747300   		.ascii	"ts\000"
 817 029f 05       		.byte	0x5
 818 02a0 10       		.byte	0x10
 819 02a1 B2000000 		.4byte	0xb2
 820 02a5 05       		.uleb128 0x5
 821 02a6 03       		.byte	0x3
 822 02a7 00000000 		.4byte	ts
 823 02ab 13       		.uleb128 0x13
 824 02ac 0B000000 		.4byte	.LASF46
 825 02b0 05       		.byte	0x5
 826 02b1 11       		.byte	0x11
 827 02b2 BE000000 		.4byte	0xbe
 828 02b6 05       		.uleb128 0x5
 829 02b7 03       		.byte	0x3
 830 02b8 00000000 		.4byte	ts_enc
 831 02bc 13       		.uleb128 0x13
 832 02bd 87030000 		.4byte	.LASF47
 833 02c1 05       		.byte	0x5
 834 02c2 12       		.byte	0x12
 835 02c3 BE000000 		.4byte	0xbe
 836 02c7 05       		.uleb128 0x5
 837 02c8 03       		.byte	0x3
 838 02c9 00000000 		.4byte	ts_update
 839 02cd 13       		.uleb128 0x13
 840 02ce 4D030000 		.4byte	.LASF48
 841 02d2 05       		.byte	0x5
 842 02d3 13       		.byte	0x13
 843 02d4 BE000000 		.4byte	0xbe
 844 02d8 05       		.uleb128 0x5
 845 02d9 03       		.byte	0x3
 846 02da 00000000 		.4byte	ts_speed
 847 02de 13       		.uleb128 0x13
 848 02df 7C030000 		.4byte	.LASF49
 849 02e3 05       		.byte	0x5
 850 02e4 14       		.byte	0x14
 851 02e5 BE000000 		.4byte	0xbe
 852 02e9 05       		.uleb128 0x5
 853 02ea 03       		.byte	0x3
 854 02eb 00000000 		.4byte	ts_display
 855 02ef 13       		.uleb128 0x13
 856 02f0 56030000 		.4byte	.LASF50
 857 02f4 05       		.byte	0x5
 858 02f5 16       		.byte	0x16
ARM GAS  C:\Users\rsef899\AppData\Local\Temp\cc8w9RAA.s 			page 19


 859 02f6 B2000000 		.4byte	0xb2
 860 02fa 05       		.uleb128 0x5
 861 02fb 03       		.byte	0x3
 862 02fc 00000000 		.4byte	flag_ts_enc
 863 0300 13       		.uleb128 0x13
 864 0301 D9010000 		.4byte	.LASF51
 865 0305 05       		.byte	0x5
 866 0306 17       		.byte	0x17
 867 0307 B2000000 		.4byte	0xb2
 868 030b 05       		.uleb128 0x5
 869 030c 03       		.byte	0x3
 870 030d 00000000 		.4byte	flag_ts_update
 871 0311 13       		.uleb128 0x13
 872 0312 25000000 		.4byte	.LASF52
 873 0316 05       		.byte	0x5
 874 0317 18       		.byte	0x18
 875 0318 B2000000 		.4byte	0xb2
 876 031c 05       		.uleb128 0x5
 877 031d 03       		.byte	0x3
 878 031e 00000000 		.4byte	flag_ts_speed
 879 0322 13       		.uleb128 0x13
 880 0323 18020000 		.4byte	.LASF53
 881 0327 05       		.byte	0x5
 882 0328 19       		.byte	0x19
 883 0329 B2000000 		.4byte	0xb2
 884 032d 05       		.uleb128 0x5
 885 032e 03       		.byte	0x3
 886 032f 00000000 		.4byte	flag_ts_display
 887 0333 13       		.uleb128 0x13
 888 0334 28020000 		.4byte	.LASF54
 889 0338 05       		.byte	0x5
 890 0339 1C       		.byte	0x1c
 891 033a B2000000 		.4byte	0xb2
 892 033e 05       		.uleb128 0x5
 893 033f 03       		.byte	0x3
 894 0340 00000000 		.4byte	flag_rx
 895 0344 13       		.uleb128 0x13
 896 0345 19000000 		.4byte	.LASF55
 897 0349 05       		.byte	0x5
 898 034a 1D       		.byte	0x1d
 899 034b B2000000 		.4byte	0xb2
 900 034f 05       		.uleb128 0x5
 901 0350 03       		.byte	0x3
 902 0351 00000000 		.4byte	flag_packet
 903 0355 13       		.uleb128 0x13
 904 0356 9C020000 		.4byte	.LASF56
 905 035a 05       		.byte	0x5
 906 035b 1E       		.byte	0x1e
 907 035c B2000000 		.4byte	0xb2
 908 0360 05       		.uleb128 0x5
 909 0361 03       		.byte	0x3
 910 0362 00000000 		.4byte	flag_KB_string
 911 0366 13       		.uleb128 0x13
 912 0367 59020000 		.4byte	.LASF57
 913 036b 05       		.byte	0x5
 914 036c 20       		.byte	0x20
 915 036d B2000000 		.4byte	0xb2
ARM GAS  C:\Users\rsef899\AppData\Local\Temp\cc8w9RAA.s 			page 20


 916 0371 05       		.uleb128 0x5
 917 0372 03       		.byte	0x3
 918 0373 00000000 		.4byte	dataready_flag
 919 0377 13       		.uleb128 0x13
 920 0378 9C030000 		.4byte	.LASF58
 921 037c 05       		.byte	0x5
 922 037d 22       		.byte	0x22
 923 037e B2000000 		.4byte	0xb2
 924 0382 05       		.uleb128 0x5
 925 0383 03       		.byte	0x3
 926 0384 00000000 		.4byte	flag_rf_transmission_active
 927 0388 14       		.uleb128 0x14
 928 0389 95000000 		.4byte	0x95
 929 038d 98030000 		.4byte	0x398
 930 0391 15       		.uleb128 0x15
 931 0392 88000000 		.4byte	0x88
 932 0396 3F       		.byte	0x3f
 933 0397 00       		.byte	0
 934 0398 13       		.uleb128 0x13
 935 0399 1B030000 		.4byte	.LASF59
 936 039d 05       		.byte	0x5
 937 039e 25       		.byte	0x25
 938 039f 88030000 		.4byte	0x388
 939 03a3 05       		.uleb128 0x5
 940 03a4 03       		.byte	0x3
 941 03a5 00000000 		.4byte	displaystring
 942 03a9 13       		.uleb128 0x13
 943 03aa A2010000 		.4byte	.LASF60
 944 03ae 05       		.byte	0x5
 945 03af 26       		.byte	0x26
 946 03b0 88030000 		.4byte	0x388
 947 03b4 05       		.uleb128 0x5
 948 03b5 03       		.byte	0x3
 949 03b6 00000000 		.4byte	line
 950 03ba 13       		.uleb128 0x13
 951 03bb 30020000 		.4byte	.LASF61
 952 03bf 05       		.byte	0x5
 953 03c0 26       		.byte	0x26
 954 03c1 88030000 		.4byte	0x388
 955 03c5 05       		.uleb128 0x5
 956 03c6 03       		.byte	0x3
 957 03c7 00000000 		.4byte	entry
 958 03cb 14       		.uleb128 0x14
 959 03cc B2000000 		.4byte	0xb2
 960 03d0 DB030000 		.4byte	0x3db
 961 03d4 15       		.uleb128 0x15
 962 03d5 88000000 		.4byte	0x88
 963 03d9 3F       		.byte	0x3f
 964 03da 00       		.byte	0
 965 03db 13       		.uleb128 0x13
 966 03dc 5B000000 		.4byte	.LASF62
 967 03e0 05       		.byte	0x5
 968 03e1 27       		.byte	0x27
 969 03e2 CB030000 		.4byte	0x3cb
 970 03e6 05       		.uleb128 0x5
 971 03e7 03       		.byte	0x3
 972 03e8 00000000 		.4byte	usbBuffer
ARM GAS  C:\Users\rsef899\AppData\Local\Temp\cc8w9RAA.s 			page 21


 973 03ec 13       		.uleb128 0x13
 974 03ed 45000000 		.4byte	.LASF63
 975 03f1 05       		.byte	0x5
 976 03f2 3C       		.byte	0x3c
 977 03f3 F0000000 		.4byte	0xf0
 978 03f7 05       		.uleb128 0x5
 979 03f8 03       		.byte	0x3
 980 03f9 00000000 		.4byte	system_state
 981 03fd 00       		.byte	0
 982              		.section	.debug_abbrev,"",%progbits
 983              	.Ldebug_abbrev0:
 984 0000 01       		.uleb128 0x1
 985 0001 11       		.uleb128 0x11
 986 0002 01       		.byte	0x1
 987 0003 25       		.uleb128 0x25
 988 0004 0E       		.uleb128 0xe
 989 0005 13       		.uleb128 0x13
 990 0006 0B       		.uleb128 0xb
 991 0007 03       		.uleb128 0x3
 992 0008 0E       		.uleb128 0xe
 993 0009 1B       		.uleb128 0x1b
 994 000a 0E       		.uleb128 0xe
 995 000b 55       		.uleb128 0x55
 996 000c 17       		.uleb128 0x17
 997 000d 11       		.uleb128 0x11
 998 000e 01       		.uleb128 0x1
 999 000f 10       		.uleb128 0x10
 1000 0010 17       		.uleb128 0x17
 1001 0011 00       		.byte	0
 1002 0012 00       		.byte	0
 1003 0013 02       		.uleb128 0x2
 1004 0014 24       		.uleb128 0x24
 1005 0015 00       		.byte	0
 1006 0016 0B       		.uleb128 0xb
 1007 0017 0B       		.uleb128 0xb
 1008 0018 3E       		.uleb128 0x3e
 1009 0019 0B       		.uleb128 0xb
 1010 001a 03       		.uleb128 0x3
 1011 001b 0E       		.uleb128 0xe
 1012 001c 00       		.byte	0
 1013 001d 00       		.byte	0
 1014 001e 03       		.uleb128 0x3
 1015 001f 16       		.uleb128 0x16
 1016 0020 00       		.byte	0
 1017 0021 03       		.uleb128 0x3
 1018 0022 0E       		.uleb128 0xe
 1019 0023 3A       		.uleb128 0x3a
 1020 0024 0B       		.uleb128 0xb
 1021 0025 3B       		.uleb128 0x3b
 1022 0026 0B       		.uleb128 0xb
 1023 0027 49       		.uleb128 0x49
 1024 0028 13       		.uleb128 0x13
 1025 0029 00       		.byte	0
 1026 002a 00       		.byte	0
 1027 002b 04       		.uleb128 0x4
 1028 002c 24       		.uleb128 0x24
 1029 002d 00       		.byte	0
ARM GAS  C:\Users\rsef899\AppData\Local\Temp\cc8w9RAA.s 			page 22


 1030 002e 0B       		.uleb128 0xb
 1031 002f 0B       		.uleb128 0xb
 1032 0030 3E       		.uleb128 0x3e
 1033 0031 0B       		.uleb128 0xb
 1034 0032 03       		.uleb128 0x3
 1035 0033 08       		.uleb128 0x8
 1036 0034 00       		.byte	0
 1037 0035 00       		.byte	0
 1038 0036 05       		.uleb128 0x5
 1039 0037 0F       		.uleb128 0xf
 1040 0038 00       		.byte	0
 1041 0039 0B       		.uleb128 0xb
 1042 003a 0B       		.uleb128 0xb
 1043 003b 49       		.uleb128 0x49
 1044 003c 13       		.uleb128 0x13
 1045 003d 00       		.byte	0
 1046 003e 00       		.byte	0
 1047 003f 06       		.uleb128 0x6
 1048 0040 16       		.uleb128 0x16
 1049 0041 00       		.byte	0
 1050 0042 03       		.uleb128 0x3
 1051 0043 0E       		.uleb128 0xe
 1052 0044 3A       		.uleb128 0x3a
 1053 0045 0B       		.uleb128 0xb
 1054 0046 3B       		.uleb128 0x3b
 1055 0047 05       		.uleb128 0x5
 1056 0048 49       		.uleb128 0x49
 1057 0049 13       		.uleb128 0x13
 1058 004a 00       		.byte	0
 1059 004b 00       		.byte	0
 1060 004c 07       		.uleb128 0x7
 1061 004d 13       		.uleb128 0x13
 1062 004e 01       		.byte	0x1
 1063 004f 03       		.uleb128 0x3
 1064 0050 0E       		.uleb128 0xe
 1065 0051 0B       		.uleb128 0xb
 1066 0052 0B       		.uleb128 0xb
 1067 0053 3A       		.uleb128 0x3a
 1068 0054 0B       		.uleb128 0xb
 1069 0055 3B       		.uleb128 0x3b
 1070 0056 0B       		.uleb128 0xb
 1071 0057 01       		.uleb128 0x1
 1072 0058 13       		.uleb128 0x13
 1073 0059 00       		.byte	0
 1074 005a 00       		.byte	0
 1075 005b 08       		.uleb128 0x8
 1076 005c 0D       		.uleb128 0xd
 1077 005d 00       		.byte	0
 1078 005e 03       		.uleb128 0x3
 1079 005f 0E       		.uleb128 0xe
 1080 0060 3A       		.uleb128 0x3a
 1081 0061 0B       		.uleb128 0xb
 1082 0062 3B       		.uleb128 0x3b
 1083 0063 0B       		.uleb128 0xb
 1084 0064 49       		.uleb128 0x49
 1085 0065 13       		.uleb128 0x13
 1086 0066 38       		.uleb128 0x38
ARM GAS  C:\Users\rsef899\AppData\Local\Temp\cc8w9RAA.s 			page 23


 1087 0067 0B       		.uleb128 0xb
 1088 0068 00       		.byte	0
 1089 0069 00       		.byte	0
 1090 006a 09       		.uleb128 0x9
 1091 006b 2E       		.uleb128 0x2e
 1092 006c 00       		.byte	0
 1093 006d 3F       		.uleb128 0x3f
 1094 006e 19       		.uleb128 0x19
 1095 006f 03       		.uleb128 0x3
 1096 0070 0E       		.uleb128 0xe
 1097 0071 3A       		.uleb128 0x3a
 1098 0072 0B       		.uleb128 0xb
 1099 0073 3B       		.uleb128 0x3b
 1100 0074 0B       		.uleb128 0xb
 1101 0075 49       		.uleb128 0x49
 1102 0076 13       		.uleb128 0x13
 1103 0077 11       		.uleb128 0x11
 1104 0078 01       		.uleb128 0x1
 1105 0079 12       		.uleb128 0x12
 1106 007a 06       		.uleb128 0x6
 1107 007b 40       		.uleb128 0x40
 1108 007c 18       		.uleb128 0x18
 1109 007d 9642     		.uleb128 0x2116
 1110 007f 19       		.uleb128 0x19
 1111 0080 00       		.byte	0
 1112 0081 00       		.byte	0
 1113 0082 0A       		.uleb128 0xa
 1114 0083 2E       		.uleb128 0x2e
 1115 0084 01       		.byte	0x1
 1116 0085 3F       		.uleb128 0x3f
 1117 0086 19       		.uleb128 0x19
 1118 0087 03       		.uleb128 0x3
 1119 0088 0E       		.uleb128 0xe
 1120 0089 3A       		.uleb128 0x3a
 1121 008a 0B       		.uleb128 0xb
 1122 008b 3B       		.uleb128 0x3b
 1123 008c 0B       		.uleb128 0xb
 1124 008d 27       		.uleb128 0x27
 1125 008e 19       		.uleb128 0x19
 1126 008f 11       		.uleb128 0x11
 1127 0090 01       		.uleb128 0x1
 1128 0091 12       		.uleb128 0x12
 1129 0092 06       		.uleb128 0x6
 1130 0093 40       		.uleb128 0x40
 1131 0094 18       		.uleb128 0x18
 1132 0095 9642     		.uleb128 0x2116
 1133 0097 19       		.uleb128 0x19
 1134 0098 01       		.uleb128 0x1
 1135 0099 13       		.uleb128 0x13
 1136 009a 00       		.byte	0
 1137 009b 00       		.byte	0
 1138 009c 0B       		.uleb128 0xb
 1139 009d 05       		.uleb128 0x5
 1140 009e 00       		.byte	0
 1141 009f 03       		.uleb128 0x3
 1142 00a0 0E       		.uleb128 0xe
 1143 00a1 3A       		.uleb128 0x3a
ARM GAS  C:\Users\rsef899\AppData\Local\Temp\cc8w9RAA.s 			page 24


 1144 00a2 0B       		.uleb128 0xb
 1145 00a3 3B       		.uleb128 0x3b
 1146 00a4 0B       		.uleb128 0xb
 1147 00a5 49       		.uleb128 0x49
 1148 00a6 13       		.uleb128 0x13
 1149 00a7 02       		.uleb128 0x2
 1150 00a8 18       		.uleb128 0x18
 1151 00a9 00       		.byte	0
 1152 00aa 00       		.byte	0
 1153 00ab 0C       		.uleb128 0xc
 1154 00ac 05       		.uleb128 0x5
 1155 00ad 00       		.byte	0
 1156 00ae 03       		.uleb128 0x3
 1157 00af 08       		.uleb128 0x8
 1158 00b0 3A       		.uleb128 0x3a
 1159 00b1 0B       		.uleb128 0xb
 1160 00b2 3B       		.uleb128 0x3b
 1161 00b3 0B       		.uleb128 0xb
 1162 00b4 49       		.uleb128 0x49
 1163 00b5 13       		.uleb128 0x13
 1164 00b6 02       		.uleb128 0x2
 1165 00b7 18       		.uleb128 0x18
 1166 00b8 00       		.byte	0
 1167 00b9 00       		.byte	0
 1168 00ba 0D       		.uleb128 0xd
 1169 00bb 2E       		.uleb128 0x2e
 1170 00bc 01       		.byte	0x1
 1171 00bd 3F       		.uleb128 0x3f
 1172 00be 19       		.uleb128 0x19
 1173 00bf 03       		.uleb128 0x3
 1174 00c0 0E       		.uleb128 0xe
 1175 00c1 3A       		.uleb128 0x3a
 1176 00c2 0B       		.uleb128 0xb
 1177 00c3 3B       		.uleb128 0x3b
 1178 00c4 0B       		.uleb128 0xb
 1179 00c5 11       		.uleb128 0x11
 1180 00c6 01       		.uleb128 0x1
 1181 00c7 12       		.uleb128 0x12
 1182 00c8 06       		.uleb128 0x6
 1183 00c9 40       		.uleb128 0x40
 1184 00ca 18       		.uleb128 0x18
 1185 00cb 9642     		.uleb128 0x2116
 1186 00cd 19       		.uleb128 0x19
 1187 00ce 01       		.uleb128 0x1
 1188 00cf 13       		.uleb128 0x13
 1189 00d0 00       		.byte	0
 1190 00d1 00       		.byte	0
 1191 00d2 0E       		.uleb128 0xe
 1192 00d3 34       		.uleb128 0x34
 1193 00d4 00       		.byte	0
 1194 00d5 03       		.uleb128 0x3
 1195 00d6 0E       		.uleb128 0xe
 1196 00d7 3A       		.uleb128 0x3a
 1197 00d8 0B       		.uleb128 0xb
 1198 00d9 3B       		.uleb128 0x3b
 1199 00da 0B       		.uleb128 0xb
 1200 00db 49       		.uleb128 0x49
ARM GAS  C:\Users\rsef899\AppData\Local\Temp\cc8w9RAA.s 			page 25


 1201 00dc 13       		.uleb128 0x13
 1202 00dd 02       		.uleb128 0x2
 1203 00de 18       		.uleb128 0x18
 1204 00df 00       		.byte	0
 1205 00e0 00       		.byte	0
 1206 00e1 0F       		.uleb128 0xf
 1207 00e2 34       		.uleb128 0x34
 1208 00e3 00       		.byte	0
 1209 00e4 03       		.uleb128 0x3
 1210 00e5 08       		.uleb128 0x8
 1211 00e6 3A       		.uleb128 0x3a
 1212 00e7 0B       		.uleb128 0xb
 1213 00e8 3B       		.uleb128 0x3b
 1214 00e9 0B       		.uleb128 0xb
 1215 00ea 49       		.uleb128 0x49
 1216 00eb 13       		.uleb128 0x13
 1217 00ec 02       		.uleb128 0x2
 1218 00ed 18       		.uleb128 0x18
 1219 00ee 00       		.byte	0
 1220 00ef 00       		.byte	0
 1221 00f0 10       		.uleb128 0x10
 1222 00f1 34       		.uleb128 0x34
 1223 00f2 00       		.byte	0
 1224 00f3 03       		.uleb128 0x3
 1225 00f4 0E       		.uleb128 0xe
 1226 00f5 3A       		.uleb128 0x3a
 1227 00f6 0B       		.uleb128 0xb
 1228 00f7 3B       		.uleb128 0x3b
 1229 00f8 05       		.uleb128 0x5
 1230 00f9 49       		.uleb128 0x49
 1231 00fa 13       		.uleb128 0x13
 1232 00fb 3F       		.uleb128 0x3f
 1233 00fc 19       		.uleb128 0x19
 1234 00fd 3C       		.uleb128 0x3c
 1235 00fe 19       		.uleb128 0x19
 1236 00ff 00       		.byte	0
 1237 0100 00       		.byte	0
 1238 0101 11       		.uleb128 0x11
 1239 0102 35       		.uleb128 0x35
 1240 0103 00       		.byte	0
 1241 0104 49       		.uleb128 0x49
 1242 0105 13       		.uleb128 0x13
 1243 0106 00       		.byte	0
 1244 0107 00       		.byte	0
 1245 0108 12       		.uleb128 0x12
 1246 0109 34       		.uleb128 0x34
 1247 010a 00       		.byte	0
 1248 010b 03       		.uleb128 0x3
 1249 010c 08       		.uleb128 0x8
 1250 010d 3A       		.uleb128 0x3a
 1251 010e 0B       		.uleb128 0xb
 1252 010f 3B       		.uleb128 0x3b
 1253 0110 0B       		.uleb128 0xb
 1254 0111 49       		.uleb128 0x49
 1255 0112 13       		.uleb128 0x13
 1256 0113 3F       		.uleb128 0x3f
 1257 0114 19       		.uleb128 0x19
ARM GAS  C:\Users\rsef899\AppData\Local\Temp\cc8w9RAA.s 			page 26


 1258 0115 02       		.uleb128 0x2
 1259 0116 18       		.uleb128 0x18
 1260 0117 00       		.byte	0
 1261 0118 00       		.byte	0
 1262 0119 13       		.uleb128 0x13
 1263 011a 34       		.uleb128 0x34
 1264 011b 00       		.byte	0
 1265 011c 03       		.uleb128 0x3
 1266 011d 0E       		.uleb128 0xe
 1267 011e 3A       		.uleb128 0x3a
 1268 011f 0B       		.uleb128 0xb
 1269 0120 3B       		.uleb128 0x3b
 1270 0121 0B       		.uleb128 0xb
 1271 0122 49       		.uleb128 0x49
 1272 0123 13       		.uleb128 0x13
 1273 0124 3F       		.uleb128 0x3f
 1274 0125 19       		.uleb128 0x19
 1275 0126 02       		.uleb128 0x2
 1276 0127 18       		.uleb128 0x18
 1277 0128 00       		.byte	0
 1278 0129 00       		.byte	0
 1279 012a 14       		.uleb128 0x14
 1280 012b 01       		.uleb128 0x1
 1281 012c 01       		.byte	0x1
 1282 012d 49       		.uleb128 0x49
 1283 012e 13       		.uleb128 0x13
 1284 012f 01       		.uleb128 0x1
 1285 0130 13       		.uleb128 0x13
 1286 0131 00       		.byte	0
 1287 0132 00       		.byte	0
 1288 0133 15       		.uleb128 0x15
 1289 0134 21       		.uleb128 0x21
 1290 0135 00       		.byte	0
 1291 0136 49       		.uleb128 0x49
 1292 0137 13       		.uleb128 0x13
 1293 0138 2F       		.uleb128 0x2f
 1294 0139 0B       		.uleb128 0xb
 1295 013a 00       		.byte	0
 1296 013b 00       		.byte	0
 1297 013c 00       		.byte	0
 1298              		.section	.debug_aranges,"",%progbits
 1299 0000 3C000000 		.4byte	0x3c
 1300 0004 0200     		.2byte	0x2
 1301 0006 00000000 		.4byte	.Ldebug_info0
 1302 000a 04       		.byte	0x4
 1303 000b 00       		.byte	0
 1304 000c 0000     		.2byte	0
 1305 000e 0000     		.2byte	0
 1306 0010 00000000 		.4byte	.LFB64
 1307 0014 4C000000 		.4byte	.LFE64-.LFB64
 1308 0018 00000000 		.4byte	.LFB65
 1309 001c 38000000 		.4byte	.LFE65-.LFB65
 1310 0020 00000000 		.4byte	.LFB66
 1311 0024 3E000000 		.4byte	.LFE66-.LFB66
 1312 0028 00000000 		.4byte	.LFB67
 1313 002c 26000000 		.4byte	.LFE67-.LFB67
 1314 0030 00000000 		.4byte	.LFB68
ARM GAS  C:\Users\rsef899\AppData\Local\Temp\cc8w9RAA.s 			page 27


 1315 0034 C8000000 		.4byte	.LFE68-.LFB68
 1316 0038 00000000 		.4byte	0
 1317 003c 00000000 		.4byte	0
 1318              		.section	.debug_ranges,"",%progbits
 1319              	.Ldebug_ranges0:
 1320 0000 00000000 		.4byte	.LFB64
 1321 0004 4C000000 		.4byte	.LFE64
 1322 0008 00000000 		.4byte	.LFB65
 1323 000c 38000000 		.4byte	.LFE65
 1324 0010 00000000 		.4byte	.LFB66
 1325 0014 3E000000 		.4byte	.LFE66
 1326 0018 00000000 		.4byte	.LFB67
 1327 001c 26000000 		.4byte	.LFE67
 1328 0020 00000000 		.4byte	.LFB68
 1329 0024 C8000000 		.4byte	.LFE68
 1330 0028 00000000 		.4byte	0
 1331 002c 00000000 		.4byte	0
 1332              		.section	.debug_line,"",%progbits
 1333              	.Ldebug_line0:
 1334 0000 FB010000 		.section	.debug_str,"MS",%progbits,1
 1334      02005601 
 1334      00000201 
 1334      FB0E0D00 
 1334      01010101 
 1335              	.LASF42:
 1336 0000 75736250 		.ascii	"usbPutChar\000"
 1336      75744368 
 1336      617200
 1337              	.LASF46:
 1338 000b 74735F65 		.ascii	"ts_enc\000"
 1338      6E6300
 1339              	.LASF21:
 1340 0012 646F7562 		.ascii	"double\000"
 1340      6C6500
 1341              	.LASF55:
 1342 0019 666C6167 		.ascii	"flag_packet\000"
 1342      5F706163 
 1342      6B657400 
 1343              	.LASF52:
 1344 0025 666C6167 		.ascii	"flag_ts_speed\000"
 1344      5F74735F 
 1344      73706565 
 1344      6400
 1345              	.LASF35:
 1346 0033 67325F78 		.ascii	"g2_xpos\000"
 1346      706F7300 
 1347              	.LASF2:
 1348 003b 73686F72 		.ascii	"short int\000"
 1348      7420696E 
 1348      7400
 1349              	.LASF63:
 1350 0045 73797374 		.ascii	"system_state\000"
 1350      656D5F73 
 1350      74617465 
 1350      00
 1351              	.LASF12:
 1352 0052 73697A65 		.ascii	"sizetype\000"
ARM GAS  C:\Users\rsef899\AppData\Local\Temp\cc8w9RAA.s 			page 28


 1352      74797065 
 1352      00
 1353              	.LASF62:
 1354 005b 75736242 		.ascii	"usbBuffer\000"
 1354      75666665 
 1354      7200
 1355              	.LASF64:
 1356 0065 474E5520 		.ascii	"GNU C11 5.4.1 20160609 (release) [ARM/embedded-5-br"
 1356      43313120 
 1356      352E342E 
 1356      31203230 
 1356      31363036 
 1357 0098 616E6368 		.ascii	"anch revision 237715] -mcpu=cortex-m3 -mthumb -g -O"
 1357      20726576 
 1357      6973696F 
 1357      6E203233 
 1357      37373135 
 1358 00cb 30202D66 		.ascii	"0 -ffunction-sections -ffat-lto-objects\000"
 1358      66756E63 
 1358      74696F6E 
 1358      2D736563 
 1358      74696F6E 
 1359              	.LASF68:
 1360 00f3 6D61696E 		.ascii	"main\000"
 1360      00
 1361              	.LASF66:
 1362 00f8 433A5C55 		.ascii	"C:\\Users\\rsef899\\OneDrive - The University of Au"
 1362      73657273 
 1362      5C727365 
 1362      66383939 
 1362      5C4F6E65 
 1363 0128 636B6C61 		.ascii	"ckland\\301\\student_pack\\psoc student pack\\lab e"
 1363      6E645C33 
 1363      30315C73 
 1363      74756465 
 1363      6E745F70 
 1364 0157 78657263 		.ascii	"xercise\\psoc_intro\\CS301_Class.cydsn\000"
 1364      6973655C 
 1364      70736F63 
 1364      5F696E74 
 1364      726F5C43 
 1365              	.LASF17:
 1366 017c 75696E74 		.ascii	"uint16\000"
 1366      313600
 1367              	.LASF23:
 1368 0183 696E6465 		.ascii	"index\000"
 1368      7800
 1369              	.LASF19:
 1370 0189 696E7431 		.ascii	"int16\000"
 1370      3600
 1371              	.LASF16:
 1372 018f 75696E74 		.ascii	"uint8\000"
 1372      3800
 1373              	.LASF34:
 1374 0195 67315F64 		.ascii	"g1_direction\000"
 1374      69726563 
 1374      74696F6E 
ARM GAS  C:\Users\rsef899\AppData\Local\Temp\cc8w9RAA.s 			page 29


 1374      00
 1375              	.LASF60:
 1376 01a2 6C696E65 		.ascii	"line\000"
 1376      00
 1377              	.LASF0:
 1378 01a7 7369676E 		.ascii	"signed char\000"
 1378      65642063 
 1378      68617200 
 1379              	.LASF20:
 1380 01b3 666C6F61 		.ascii	"float\000"
 1380      7400
 1381              	.LASF8:
 1382 01b9 6C6F6E67 		.ascii	"long long int\000"
 1382      206C6F6E 
 1382      6720696E 
 1382      7400
 1383              	.LASF40:
 1384 01c7 75736250 		.ascii	"usbPutString\000"
 1384      75745374 
 1384      72696E67 
 1384      00
 1385              	.LASF18:
 1386 01d4 696E7438 		.ascii	"int8\000"
 1386      00
 1387              	.LASF51:
 1388 01d9 666C6167 		.ascii	"flag_ts_update\000"
 1388      5F74735F 
 1388      75706461 
 1388      746500
 1389              	.LASF36:
 1390 01e8 67325F79 		.ascii	"g2_ypos\000"
 1390      706F7300 
 1391              	.LASF30:
 1392 01f0 67305F64 		.ascii	"g0_direction\000"
 1392      69726563 
 1392      74696F6E 
 1392      00
 1393              	.LASF27:
 1394 01fd 67305F78 		.ascii	"g0_xpos\000"
 1394      706F7300 
 1395              	.LASF6:
 1396 0205 6C6F6E67 		.ascii	"long int\000"
 1396      20696E74 
 1396      00
 1397              	.LASF4:
 1398 020e 5F5F7569 		.ascii	"__uint8_t\000"
 1398      6E74385F 
 1398      7400
 1399              	.LASF53:
 1400 0218 666C6167 		.ascii	"flag_ts_display\000"
 1400      5F74735F 
 1400      64697370 
 1400      6C617900 
 1401              	.LASF54:
 1402 0228 666C6167 		.ascii	"flag_rx\000"
 1402      5F727800 
 1403              	.LASF61:
ARM GAS  C:\Users\rsef899\AppData\Local\Temp\cc8w9RAA.s 			page 30


 1404 0230 656E7472 		.ascii	"entry\000"
 1404      7900
 1405              	.LASF11:
 1406 0236 6C6F6E67 		.ascii	"long double\000"
 1406      20646F75 
 1406      626C6500 
 1407              	.LASF1:
 1408 0242 756E7369 		.ascii	"unsigned char\000"
 1408      676E6564 
 1408      20636861 
 1408      7200
 1409              	.LASF29:
 1410 0250 67305F73 		.ascii	"g0_speed\000"
 1410      70656564 
 1410      00
 1411              	.LASF57:
 1412 0259 64617461 		.ascii	"dataready_flag\000"
 1412      72656164 
 1412      795F666C 
 1412      616700
 1413              	.LASF39:
 1414 0268 6368616E 		.ascii	"changeDutyCycle\000"
 1414      67654475 
 1414      74794379 
 1414      636C6500 
 1415              	.LASF9:
 1416 0278 6C6F6E67 		.ascii	"long long unsigned int\000"
 1416      206C6F6E 
 1416      6720756E 
 1416      7369676E 
 1416      65642069 
 1417              	.LASF10:
 1418 028f 756E7369 		.ascii	"unsigned int\000"
 1418      676E6564 
 1418      20696E74 
 1418      00
 1419              	.LASF56:
 1420 029c 666C6167 		.ascii	"flag_KB_string\000"
 1420      5F4B425F 
 1420      73747269 
 1420      6E6700
 1421              	.LASF44:
 1422 02ab 75736242 		.ascii	"usbBufCount\000"
 1422      7566436F 
 1422      756E7400 
 1423              	.LASF37:
 1424 02b7 67325F73 		.ascii	"g2_speed\000"
 1424      70656564 
 1424      00
 1425              	.LASF31:
 1426 02c0 67315F78 		.ascii	"g1_xpos\000"
 1426      706F7300 
 1427              	.LASF3:
 1428 02c8 73686F72 		.ascii	"short unsigned int\000"
 1428      7420756E 
 1428      7369676E 
 1428      65642069 
ARM GAS  C:\Users\rsef899\AppData\Local\Temp\cc8w9RAA.s 			page 31


 1428      6E7400
 1429              	.LASF67:
 1430 02db 64617461 		.ascii	"data_main\000"
 1430      5F6D6169 
 1430      6E00
 1431              	.LASF13:
 1432 02e5 63686172 		.ascii	"char\000"
 1432      00
 1433              	.LASF24:
 1434 02ea 726F626F 		.ascii	"robot_xpos\000"
 1434      745F7870 
 1434      6F7300
 1435              	.LASF15:
 1436 02f5 696E7433 		.ascii	"int32_t\000"
 1436      325F7400 
 1437              	.LASF32:
 1438 02fd 67315F79 		.ascii	"g1_ypos\000"
 1438      706F7300 
 1439              	.LASF38:
 1440 0305 67325F64 		.ascii	"g2_direction\000"
 1440      69726563 
 1440      74696F6E 
 1440      00
 1441              	.LASF33:
 1442 0312 67315F73 		.ascii	"g1_speed\000"
 1442      70656564 
 1442      00
 1443              	.LASF59:
 1444 031b 64697370 		.ascii	"displaystring\000"
 1444      6C617973 
 1444      7472696E 
 1444      6700
 1445              	.LASF65:
 1446 0329 6D61696E 		.ascii	"main.c\000"
 1446      2E6300
 1447              	.LASF7:
 1448 0330 6C6F6E67 		.ascii	"long unsigned int\000"
 1448      20756E73 
 1448      69676E65 
 1448      6420696E 
 1448      7400
 1449              	.LASF43:
 1450 0342 75736253 		.ascii	"usbStarted\000"
 1450      74617274 
 1450      656400
 1451              	.LASF48:
 1452 034d 74735F73 		.ascii	"ts_speed\000"
 1452      70656564 
 1452      00
 1453              	.LASF50:
 1454 0356 666C6167 		.ascii	"flag_ts_enc\000"
 1454      5F74735F 
 1454      656E6300 
 1455              	.LASF5:
 1456 0362 5F5F696E 		.ascii	"__int32_t\000"
 1456      7433325F 
 1456      7400
ARM GAS  C:\Users\rsef899\AppData\Local\Temp\cc8w9RAA.s 			page 32


 1457              	.LASF14:
 1458 036c 75696E74 		.ascii	"uint8_t\000"
 1458      385F7400 
 1459              	.LASF28:
 1460 0374 67305F79 		.ascii	"g0_ypos\000"
 1460      706F7300 
 1461              	.LASF49:
 1462 037c 74735F64 		.ascii	"ts_display\000"
 1462      6973706C 
 1462      617900
 1463              	.LASF47:
 1464 0387 74735F75 		.ascii	"ts_update\000"
 1464      70646174 
 1464      6500
 1465              	.LASF69:
 1466 0391 68616E64 		.ascii	"handle_usb\000"
 1466      6C655F75 
 1466      736200
 1467              	.LASF58:
 1468 039c 666C6167 		.ascii	"flag_rf_transmission_active\000"
 1468      5F72665F 
 1468      7472616E 
 1468      736D6973 
 1468      73696F6E 
 1469              	.LASF25:
 1470 03b8 726F626F 		.ascii	"robot_ypos\000"
 1470      745F7970 
 1470      6F7300
 1471              	.LASF45:
 1472 03c3 49544D5F 		.ascii	"ITM_RxBuffer\000"
 1472      52784275 
 1472      66666572 
 1472      00
 1473              	.LASF41:
 1474 03d0 64757479 		.ascii	"dutyValue\000"
 1474      56616C75 
 1474      6500
 1475              	.LASF22:
 1476 03da 72737369 		.ascii	"rssi\000"
 1476      00
 1477              	.LASF26:
 1478 03df 726F626F 		.ascii	"robot_orientation\000"
 1478      745F6F72 
 1478      69656E74 
 1478      6174696F 
 1478      6E00
 1479              		.ident	"GCC: (GNU Tools for ARM Embedded Processors) 5.4.1 20160609 (release) [ARM/embedded-5-bran
